["INFO" - 6:03:17 PM] Existing installation id found, no need to create a new one.
"4ba01e22-c615-4b10-98cd-dd6127b9e9bf"
["DEBUG" - 6:03:18 PM] Error fetching feature flags
{}
["DEBUG" - 6:03:18 PM] Initializing db
"/home/mochi-002/.config/Code/User/workspaceStorage/dbf4591efc63c66265dd3afe5ff5117a/Codium.codium"
["DEBUG" - 6:03:18 PM] Registered uninstall hook.
["DEBUG" - 6:03:18 PM] FileSystem - Registered URI scheme: qodoMcpEditdiff
["DEBUG" - 6:03:18 PM] FileSystem - Registered URI scheme: qodoToolsDiff
["DEBUG" - 6:03:23 PM] Terminal - Creating new TerminalManager instance
["DEBUG" - 6:03:23 PM] 🚀 ~ init ~ featureFlags:
{
  "items": [
    {
      "feature_id": "code_completion",
      "enabled": true,
      "masked": false
    },
    {
      "feature_id": "extend_test_suite",
      "enabled": false,
      "masked": false
    },
    {
      "feature_id": "pre_pr",
      "enabled": true,
      "masked": false
    }
  ]
}
["DEBUG" - 6:03:23 PM] Registering Codium provider
"2025-07-25T15:03:23.678Z"
["DEBUG" - 6:03:23 PM] Initializing Git commit tracker
["DEBUG" - 6:03:23 PM] Git commit tracking is disabled by feature flag.
["INFO" - 6:03:24 PM] Terminal - Initializing Terminal server
["DEBUG" - 6:03:24 PM] Terminal - Listing Terminal server tools
["DEBUG" - 6:03:24 PM] request (b316020e-e6f4-4cc4-855a-ba43de57dec7) for endpoint tags_health failed with error AxiosError: Request failed with status code 503
["DEBUG" - 6:13:48 PM] Deactivating Codium provider
"2025-07-25T15:13:48.022Z"
["DEBUG" - 6:13:48 PM] Git commit tracker is not active. Nothing to dispose.
