2025-07-26 00:27:02.214 [info] [main] Log level: Info
2025-07-26 00:27:02.214 [info] [main] Validating found git in: "git"
2025-07-26 00:27:02.214 [info] [main] Using git "2.50.1" from "git"
2025-07-26 00:27:02.214 [info] [Model][doInitialScan] Initial repository scan started
2025-07-26 00:27:02.214 [info] > git rev-parse --show-toplevel [5ms]
2025-07-26 00:27:02.214 [info] fatal: not a git repository (or any of the parent directories): .git
2025-07-26 00:27:02.214 [info] > git rev-parse --show-toplevel [2ms]
2025-07-26 00:27:02.214 [info] fatal: not a git repository (or any of the parent directories): .git
2025-07-26 00:27:02.214 [info] > git rev-parse --show-toplevel [1ms]
2025-07-26 00:27:02.214 [info] fatal: not a git repository (or any of the parent directories): .git
2025-07-26 00:27:02.214 [info] > git rev-parse --show-toplevel [1ms]
2025-07-26 00:27:02.214 [info] fatal: not a git repository (or any of the parent directories): .git
2025-07-26 00:27:02.214 [info] > git rev-parse --show-toplevel [1ms]
2025-07-26 00:27:02.214 [info] fatal: not a git repository (or any of the parent directories): .git
2025-07-26 00:27:02.214 [info] > git rev-parse --show-toplevel [1ms]
2025-07-26 00:27:02.214 [info] fatal: not a git repository (or any of the parent directories): .git
2025-07-26 00:27:02.214 [info] > git rev-parse --show-toplevel [1ms]
2025-07-26 00:27:02.214 [info] fatal: not a git repository (or any of the parent directories): .git
2025-07-26 00:27:02.214 [info] [Model][doInitialScan] Initial repository scan completed - repositories (0), closed repositories (0), parent repositories (0), unsafe repositories (0)
2025-07-26 00:27:03.148 [info] > git rev-parse --show-toplevel [40ms]
2025-07-26 00:27:03.148 [info] fatal: not a git repository (or any of the parent directories): .git
2025-07-26 00:27:03.790 [info] > git rev-parse --show-toplevel [13ms]
2025-07-26 00:27:03.790 [info] fatal: not a git repository (or any of the parent directories): .git
2025-07-26 00:27:03.880 [info] > git rev-parse --show-toplevel [37ms]
2025-07-26 00:27:03.880 [info] fatal: not a git repository (or any of the parent directories): .git
2025-07-26 00:27:03.922 [info] > git rev-parse --show-toplevel [2ms]
2025-07-26 00:27:03.922 [info] fatal: not a git repository (or any of the parent directories): .git
2025-07-26 00:27:04.005 [info] > git rev-parse --show-toplevel [2ms]
2025-07-26 00:27:04.005 [info] fatal: not a git repository (or any of the parent directories): .git
2025-07-26 00:27:06.973 [info] > git rev-parse --show-toplevel [18ms]
2025-07-26 00:27:06.973 [info] fatal: not a git repository (or any of the parent directories): .git
2025-07-26 00:27:14.765 [info] > git rev-parse --show-toplevel [6ms]
2025-07-26 00:27:14.765 [info] fatal: not a git repository (or any of the parent directories): .git
