["INFO" - 1:50:21 PM] Existing installation id found, no need to create a new one.
"4ba01e22-c615-4b10-98cd-dd6127b9e9bf"
["DEBUG" - 1:50:21 PM] Error fetching feature flags
{}
["DEBUG" - 1:50:21 PM] Initializing db
"/home/mochi-002/.config/Code/User/workspaceStorage/dbf4591efc63c66265dd3afe5ff5117a/Codium.codium"
["DEBUG" - 1:50:21 PM] Registered uninstall hook.
["DEBUG" - 1:50:21 PM] FileSystem - Registered URI scheme: qodoMcpEditdiff
["DEBUG" - 1:50:21 PM] FileSystem - Registered URI scheme: qodoToolsDiff
["DEBUG" - 1:50:32 PM] Terminal - Creating new TerminalManager instance
["INFO" - 1:50:32 PM] Terminal - Initializing Terminal server
["DEBUG" - 1:50:32 PM] Terminal - Listing Terminal server tools
["DEBUG" - 1:50:33 PM] 🚀 ~ init ~ featureFlags:
{
  "items": [
    {
      "feature_id": "code_completion",
      "enabled": true,
      "masked": false
    },
    {
      "feature_id": "extend_test_suite",
      "enabled": false,
      "masked": false
    },
    {
      "feature_id": "pre_pr",
      "enabled": true,
      "masked": false
    }
  ]
}
["DEBUG" - 1:50:33 PM] Registering Codium provider
"2025-07-26T10:50:33.115Z"
["DEBUG" - 1:50:33 PM] Initializing Git commit tracker
["DEBUG" - 1:50:33 PM] Git commit tracking is disabled by feature flag.
["DEBUG" - 1:50:35 PM] request (46474a30-7ec2-46db-99fe-d2d3b656e2df) for endpoint tags_health failed with error AxiosError: Request failed with status code 503
