2025-07-26 13:50:18.311 [info] Extension host with pid 2701 started
2025-07-26 13:50:18.311 [info] Skipping acquiring lock for /home/mochi-002/.config/Code/User/workspaceStorage/dbf4591efc63c66265dd3afe5ff5117a.
2025-07-26 13:50:18.534 [info] ExtensionService#_doActivateExtension vscode.github-authentication, startup: false, activationEvent: 'onAuthenticationRequest:github'
2025-07-26 13:50:18.573 [info] ExtensionService#_doActivateExtension DivyanshuAgrawal.competitive-programming-helper, startup: false, activationEvent: 'onView:cph.judgeView'
2025-07-26 13:50:18.710 [info] ExtensionService#_doActivateExtension vscode.git-base, startup: true, activationEvent: '*', root cause: vscode.git
2025-07-26 13:50:18.714 [info] ExtensionService#_doActivateExtension dooez.alt-catppuccin-vsc, startup: true, activationEvent: '*'
2025-07-26 13:50:18.720 [info] ExtensionService#_doActivateExtension kruemelkatze.vscode-dashboard, startup: true, activationEvent: '*'
2025-07-26 13:50:18.737 [info] ExtensionService#_doActivateExtension oderwat.indent-rainbow, startup: true, activationEvent: '*'
2025-07-26 13:50:18.741 [info] ExtensionService#_doActivateExtension ms-python.python, startup: true, activationEvent: 'workspaceContains:.venv'
2025-07-26 13:50:19.317 [info] ExtensionService#_doActivateExtension vscode.git, startup: true, activationEvent: '*'
2025-07-26 13:50:19.391 [info] ExtensionService#_doActivateExtension vscode.github, startup: true, activationEvent: '*'
2025-07-26 13:50:19.730 [info] Eager extensions activated
2025-07-26 13:50:19.763 [info] ExtensionService#_doActivateExtension vscode.debug-auto-launch, startup: false, activationEvent: 'onStartupFinished'
2025-07-26 13:50:19.769 [info] ExtensionService#_doActivateExtension vscode.merge-conflict, startup: false, activationEvent: 'onStartupFinished'
2025-07-26 13:50:19.792 [info] ExtensionService#_doActivateExtension aaron-bond.better-comments, startup: false, activationEvent: 'onStartupFinished'
2025-07-26 13:50:19.802 [info] ExtensionService#_doActivateExtension alefragnani.Bookmarks, startup: false, activationEvent: 'onStartupFinished'
2025-07-26 13:50:19.833 [info] ExtensionService#_doActivateExtension alefragnani.project-manager, startup: false, activationEvent: 'onStartupFinished'
2025-07-26 13:50:19.866 [info] ExtensionService#_doActivateExtension Codium.codium, startup: false, activationEvent: 'onStartupFinished'
2025-07-26 13:50:20.579 [info] ExtensionService#_doActivateExtension dbaeumer.vscode-eslint, startup: false, activationEvent: 'onStartupFinished'
2025-07-26 13:50:20.622 [info] ExtensionService#_doActivateExtension eamodio.gitlens, startup: false, activationEvent: 'onStartupFinished'
2025-07-26 13:50:20.816 [info] ExtensionService#_doActivateExtension esbenp.prettier-vscode, startup: false, activationEvent: 'onStartupFinished'
2025-07-26 13:50:20.906 [info] ExtensionService#_doActivateExtension PKief.material-icon-theme, startup: false, activationEvent: 'onStartupFinished'
2025-07-26 13:50:20.921 [info] ExtensionService#_doActivateExtension ritwickdey.LiveServer, startup: false, activationEvent: 'onStartupFinished'
2025-07-26 13:50:20.927 [info] ExtensionService#_doActivateExtension rvest.vs-code-prettier-eslint, startup: false, activationEvent: 'onStartupFinished'
2025-07-26 13:50:20.934 [info] ExtensionService#_doActivateExtension tonybaloney.vscode-pets, startup: false, activationEvent: 'onStartupFinished'
2025-07-26 13:50:20.974 [info] ExtensionService#_doActivateExtension usernamehw.errorlens, startup: false, activationEvent: 'onStartupFinished'
2025-07-26 13:50:21.385 [info] ExtensionService#_doActivateExtension ms-python.vscode-pylance, startup: false, activationEvent: 'api', root cause: ms-python.python
2025-07-26 13:50:22.054 [info] ExtensionService#_doActivateExtension ms-python.vscode-python-envs, startup: false, activationEvent: 'api', root cause: ms-python.vscode-pylance
2025-07-26 13:50:24.636 [error] FetchError: request to https://configs.gitkraken.dev/gitlens/product.json failed, reason: 
	at ClientRequest.<anonymous> (/home/mochi-002/.vscode/extensions/eamodio.gitlens-17.3.2/dist/gitlens.js:1995:18274)
	at ClientRequest.emit (node:events:530:35)
	at emitErrorEvent (node:_http_client:104:11)
	at TLSSocket.socketErrorListener (node:_http_client:518:5)
	at TLSSocket.emit (node:events:518:28)
	at emitErrorNT (node:internal/streams/destroy:170:8)
	at emitErrorCloseNT (node:internal/streams/destroy:129:3)
	at process.processTicksAndRejections (node:internal/process/task_queues:90:21)
