2025-07-27 21:13:22.285 [info] [main] Log level: Info
2025-07-27 21:13:22.285 [info] [main] Validating found git in: "git"
2025-07-27 21:13:22.285 [info] [main] Using git "2.50.1" from "git"
2025-07-27 21:13:22.285 [info] [Model][doInitialScan] Initial repository scan started
2025-07-27 21:13:22.285 [info] > git rev-parse --show-toplevel [437ms]
2025-07-27 21:13:22.285 [info] > git rev-parse --git-dir --git-common-dir [2ms]
2025-07-27 21:13:22.285 [info] [Model][openRepository] Opened repository (path): /home/mochi-002/dotfiles
2025-07-27 21:13:22.285 [info] [Model][openRepository] Opened repository (real path): /home/mochi-002/dotfiles
2025-07-27 21:13:22.290 [info] > git rev-parse --show-toplevel [8ms]
2025-07-27 21:13:22.291 [info] > git config --get commit.template [16ms]
2025-07-27 21:13:22.308 [info] > git rev-parse --show-toplevel [9ms]
2025-07-27 21:13:22.316 [info] > git for-each-ref --format=%(refname)%00%(upstream:short)%00%(objectname)%00%(upstream:track)%00%(upstream:remotename)%00%(upstream:remoteref) refs/heads/main refs/remotes/main [9ms]
2025-07-27 21:13:22.316 [info] > git rev-parse --show-toplevel [1ms]
2025-07-27 21:13:22.318 [info] [Model][doInitialScan] Initial repository scan completed - repositories (1), closed repositories (0), parent repositories (0), unsafe repositories (0)
2025-07-27 21:13:22.336 [info] > git status -z -uall [10ms]
2025-07-27 21:13:22.336 [info] > git for-each-ref --sort -committerdate --format %(refname)%00%(objectname)%00%(*objectname) [2ms]
2025-07-27 21:13:22.360 [info] > git for-each-ref --format=%(refname)%00%(upstream:short)%00%(objectname)%00%(upstream:track)%00%(upstream:remotename)%00%(upstream:remoteref) refs/heads/main refs/remotes/main [12ms]
2025-07-27 21:13:22.374 [info] > git config --get --local branch.main.vscode-merge-base [3ms]
2025-07-27 21:13:22.375 [warning] [Git][config] git config failed: Failed to execute git
2025-07-27 21:13:22.385 [info] > git config --get commit.template [24ms]
2025-07-27 21:13:22.394 [info] > git reflog main --grep-reflog=branch: Created from *. [10ms]
2025-07-27 21:13:22.407 [info] > git for-each-ref --format=%(refname)%00%(upstream:short)%00%(objectname)%00%(upstream:track)%00%(upstream:remotename)%00%(upstream:remoteref) refs/heads/main refs/remotes/main [14ms]
2025-07-27 21:13:22.408 [info] > git symbolic-ref --short refs/remotes/origin/HEAD [4ms]
2025-07-27 21:13:22.408 [info] fatal: ref refs/remotes/origin/HEAD is not a symbolic ref
2025-07-27 21:13:22.408 [warning] [Repository][getDefaultBranch] Failed to get default branch details: Failed to execute git.
2025-07-27 21:13:22.417 [info] > git merge-base refs/heads/main refs/remotes/origin/main [1ms]
2025-07-27 21:13:22.441 [info] > git diff --name-status -z --diff-filter=ADMR 0d29421bc3a6bebd251fabb1fd80526da93f9ef6...refs/remotes/origin/main [16ms]
2025-07-27 21:13:22.442 [info] > git for-each-ref --sort -committerdate --format %(refname)%00%(objectname)%00%(*objectname) [2ms]
2025-07-27 21:13:22.443 [info] > git status -z -uall [11ms]
2025-07-27 21:13:23.110 [info] > git check-ignore -v -z --stdin [3ms]
2025-07-27 21:13:24.203 [info] > git check-ignore -v -z --stdin [3ms]
2025-07-27 21:13:28.567 [info] > git config --get commit.template [20ms]
2025-07-27 21:13:28.569 [info] > git for-each-ref --format=%(refname)%00%(upstream:short)%00%(objectname)%00%(upstream:track)%00%(upstream:remotename)%00%(upstream:remoteref) refs/heads/main refs/remotes/main [3ms]
2025-07-27 21:13:28.598 [info] > git for-each-ref --sort -committerdate --format %(refname)%00%(objectname)%00%(*objectname) [1ms]
2025-07-27 21:13:28.599 [info] > git status -z -uall [14ms]
2025-07-27 21:13:39.859 [info] > git show --textconv :Builder/install.py [90ms]
2025-07-27 21:13:39.912 [info] > git ls-files --stage -- Builder/install.py [131ms]
2025-07-27 21:13:39.947 [info] > git cat-file -s f5b988cef5bc9d2e1321fb2a61af5e282ca0e68d [26ms]
2025-07-27 21:13:42.054 [info] > git blame --root --incremental 0d29421bc3a6bebd251fabb1fd80526da93f9ef6 -- Builder/install.py [1ms]
2025-07-27 21:13:54.495 [info] > git show --textconv :Builder/install.py [14ms]
2025-07-27 21:13:54.496 [info] > git ls-files --stage -- Builder/install.py [2ms]
2025-07-27 21:13:54.510 [info] > git cat-file -s f5b988cef5bc9d2e1321fb2a61af5e282ca0e68d [1ms]
2025-07-27 21:14:02.111 [info] > git show --textconv :Builder/question.py [12ms]
2025-07-27 21:14:02.112 [info] > git ls-files --stage -- Builder/question.py [1ms]
2025-07-27 21:14:02.122 [info] > git cat-file -s e857c6aa2caab64f803ac98251f91f40d5019a47 [1ms]
2025-07-27 21:14:54.212 [info] > git show --textconv :Builder/install.py [11ms]
2025-07-27 21:14:54.213 [info] > git ls-files --stage -- Builder/install.py [2ms]
2025-07-27 21:14:54.227 [info] > git cat-file -s f5b988cef5bc9d2e1321fb2a61af5e282ca0e68d [3ms]
2025-07-27 21:17:06.476 [info] > git check-ignore -v -z --stdin [3ms]
2025-07-27 21:17:10.600 [info] > git show --textconv :Builder/managers/filesystem_manager.py [10ms]
2025-07-27 21:17:10.601 [info] > git ls-files --stage -- Builder/managers/filesystem_manager.py [1ms]
2025-07-27 21:17:10.611 [info] > git cat-file -s e484187e354475a0e3f08f08eaa86325e95ccdda [1ms]
2025-07-27 21:17:13.222 [info] > git show --textconv :Builder/managers/filesystem_manager.py [14ms]
2025-07-27 21:17:13.224 [info] > git ls-files --stage -- Builder/managers/filesystem_manager.py [1ms]
2025-07-27 21:17:13.237 [info] > git cat-file -s e484187e354475a0e3f08f08eaa86325e95ccdda [2ms]
2025-07-27 21:17:13.803 [info] > git blame --root --incremental 0d29421bc3a6bebd251fabb1fd80526da93f9ef6 -- Builder/managers/filesystem_manager.py [2ms]
2025-07-27 21:17:35.754 [info] > git show --textconv :Builder/install.py [12ms]
2025-07-27 21:17:35.755 [info] > git ls-files --stage -- Builder/install.py [1ms]
2025-07-27 21:17:35.767 [info] > git cat-file -s f5b988cef5bc9d2e1321fb2a61af5e282ca0e68d [2ms]
2025-07-27 21:17:48.019 [info] > git show --textconv :Builder/managers/filesystem_manager.py [15ms]
2025-07-27 21:17:48.020 [info] > git ls-files --stage -- Builder/managers/filesystem_manager.py [2ms]
2025-07-27 21:17:48.034 [info] > git cat-file -s e484187e354475a0e3f08f08eaa86325e95ccdda [2ms]
2025-07-27 21:20:06.192 [info] > git show --textconv :Builder/install.py [11ms]
2025-07-27 21:20:06.194 [info] > git ls-files --stage -- Builder/install.py [2ms]
2025-07-27 21:20:06.205 [info] > git cat-file -s f5b988cef5bc9d2e1321fb2a61af5e282ca0e68d [2ms]
2025-07-27 21:20:30.637 [info] > git show --textconv :Builder/question.py [9ms]
2025-07-27 21:20:30.637 [info] > git ls-files --stage -- Builder/question.py [1ms]
2025-07-27 21:20:30.647 [info] > git cat-file -s e857c6aa2caab64f803ac98251f91f40d5019a47 [1ms]
2025-07-27 21:21:27.638 [info] > git show --textconv :Builder/managers/filesystem_manager.py [13ms]
2025-07-27 21:21:27.639 [info] > git ls-files --stage -- Builder/managers/filesystem_manager.py [2ms]
2025-07-27 21:21:27.650 [info] > git cat-file -s e484187e354475a0e3f08f08eaa86325e95ccdda [0ms]
2025-07-27 21:21:30.791 [info] > git show --textconv :Builder/question.py [8ms]
2025-07-27 21:21:30.792 [info] > git ls-files --stage -- Builder/question.py [1ms]
2025-07-27 21:21:30.800 [info] > git cat-file -s e857c6aa2caab64f803ac98251f91f40d5019a47 [1ms]
2025-07-27 21:21:32.979 [info] > git show --textconv :Builder/install.py [10ms]
2025-07-27 21:21:32.979 [info] > git ls-files --stage -- Builder/install.py [1ms]
2025-07-27 21:21:32.990 [info] > git cat-file -s f5b988cef5bc9d2e1321fb2a61af5e282ca0e68d [1ms]
2025-07-27 21:21:34.341 [info] > git show --textconv :Builder/question.py [10ms]
2025-07-27 21:21:34.342 [info] > git ls-files --stage -- Builder/question.py [2ms]
2025-07-27 21:21:34.354 [info] > git cat-file -s e857c6aa2caab64f803ac98251f91f40d5019a47 [1ms]
2025-07-27 21:21:37.045 [info] > git show --textconv :Builder/install.py [10ms]
2025-07-27 21:21:37.046 [info] > git ls-files --stage -- Builder/install.py [2ms]
2025-07-27 21:21:37.056 [info] > git cat-file -s f5b988cef5bc9d2e1321fb2a61af5e282ca0e68d [1ms]
2025-07-27 21:21:42.603 [info] > git show --textconv :Builder/managers/filesystem_manager.py [11ms]
2025-07-27 21:21:42.604 [info] > git ls-files --stage -- Builder/managers/filesystem_manager.py [2ms]
2025-07-27 21:21:42.614 [info] > git cat-file -s e484187e354475a0e3f08f08eaa86325e95ccdda [1ms]
2025-07-27 21:21:45.256 [info] > git show --textconv :Builder/managers/filesystem_manager.py [8ms]
2025-07-27 21:21:45.257 [info] > git ls-files --stage -- Builder/managers/filesystem_manager.py [1ms]
2025-07-27 21:21:45.266 [info] > git cat-file -s e484187e354475a0e3f08f08eaa86325e95ccdda [1ms]
2025-07-27 21:22:25.376 [info] > git show --textconv :Builder/managers/package_manager.py [18ms]
2025-07-27 21:22:25.377 [info] > git ls-files --stage -- Builder/managers/package_manager.py [3ms]
2025-07-27 21:22:25.387 [info] > git cat-file -s f1d262f145f88daaa6e585338c5d81d6764d1c00 [1ms]
2025-07-27 21:22:27.240 [info] > git show --textconv :Builder/managers/package_manager.py [7ms]
2025-07-27 21:22:27.241 [info] > git ls-files --stage -- Builder/managers/package_manager.py [1ms]
2025-07-27 21:22:27.250 [info] > git cat-file -s f1d262f145f88daaa6e585338c5d81d6764d1c00 [1ms]
2025-07-27 21:23:06.067 [info] > git show --textconv :Builder/managers/drivers_manager.py [19ms]
2025-07-27 21:23:06.068 [info] > git ls-files --stage -- Builder/managers/drivers_manager.py [4ms]
2025-07-27 21:23:06.099 [info] > git cat-file -s 98c509c9824fc0170e6dcd460e464a770215e72d [16ms]
2025-07-27 21:23:07.743 [info] > git show --textconv :Builder/managers/drivers_manager.py [8ms]
2025-07-27 21:23:07.744 [info] > git ls-files --stage -- Builder/managers/drivers_manager.py [2ms]
2025-07-27 21:23:07.753 [info] > git cat-file -s 98c509c9824fc0170e6dcd460e464a770215e72d [1ms]
2025-07-27 21:23:08.365 [info] > git blame --root --incremental 0d29421bc3a6bebd251fabb1fd80526da93f9ef6 -- Builder/managers/drivers_manager.py [3ms]
2025-07-27 21:23:17.630 [info] > git show --textconv :Builder/managers/apps_manager.py [14ms]
2025-07-27 21:23:17.631 [info] > git ls-files --stage -- Builder/managers/apps_manager.py [1ms]
2025-07-27 21:23:17.640 [info] > git cat-file -s dbb97978b8e6ddc53e5c1d069b02d96cd7c47f29 [0ms]
2025-07-27 21:23:36.644 [info] > git show --textconv :Builder/install.py [11ms]
2025-07-27 21:23:36.644 [info] > git ls-files --stage -- Builder/install.py [1ms]
2025-07-27 21:23:36.654 [info] > git cat-file -s f5b988cef5bc9d2e1321fb2a61af5e282ca0e68d [1ms]
2025-07-27 21:23:42.157 [info] > git blame --root --incremental 0d29421bc3a6bebd251fabb1fd80526da93f9ef6 -- Builder/managers/apps_manager.py [1ms]
2025-07-27 21:24:25.265 [info] > git show --textconv :Builder/managers/post_install_manager.py [13ms]
2025-07-27 21:24:25.266 [info] > git ls-files --stage -- Builder/managers/post_install_manager.py [2ms]
2025-07-27 21:24:25.279 [info] > git cat-file -s 7d4f2babf079da5c211e90be51a11fff15dc6399 [2ms]
2025-07-27 21:24:26.890 [info] > git show --textconv :Builder/install.py [9ms]
2025-07-27 21:24:26.891 [info] > git ls-files --stage -- Builder/install.py [2ms]
2025-07-27 21:24:26.902 [info] > git cat-file -s f5b988cef5bc9d2e1321fb2a61af5e282ca0e68d [1ms]
2025-07-27 21:25:20.714 [info] > git check-ignore -v -z --stdin [2ms]
2025-07-27 21:26:35.907 [info] > git config --get commit.template [9ms]
2025-07-27 21:26:35.908 [info] > git for-each-ref --format=%(refname)%00%(upstream:short)%00%(objectname)%00%(upstream:track)%00%(upstream:remotename)%00%(upstream:remoteref) refs/heads/main refs/remotes/main [1ms]
2025-07-27 21:26:35.926 [info] > git status -z -uall [9ms]
2025-07-27 21:26:35.926 [info] > git for-each-ref --sort -committerdate --format %(refname)%00%(objectname)%00%(*objectname) [1ms]
2025-07-27 21:26:50.192 [info] > git show --textconv :Builder/question.py [9ms]
2025-07-27 21:26:50.193 [info] > git ls-files --stage -- Builder/question.py [1ms]
2025-07-27 21:26:50.204 [info] > git cat-file -s e857c6aa2caab64f803ac98251f91f40d5019a47 [2ms]
2025-07-27 21:27:00.474 [info] > git blame --root --incremental 0d29421bc3a6bebd251fabb1fd80526da93f9ef6 -- Builder/question.py [3ms]
2025-07-27 21:27:15.957 [info] > git config --get commit.template [10ms]
2025-07-27 21:27:15.958 [info] > git for-each-ref --format=%(refname)%00%(upstream:short)%00%(objectname)%00%(upstream:track)%00%(upstream:remotename)%00%(upstream:remoteref) refs/heads/main refs/remotes/main [2ms]
2025-07-27 21:27:15.979 [info] > git status -z -uall [11ms]
2025-07-27 21:27:15.979 [info] > git for-each-ref --sort -committerdate --format %(refname)%00%(objectname)%00%(*objectname) [2ms]
2025-07-27 21:27:40.901 [info] > git show --textconv :Builder/question.py [10ms]
2025-07-27 21:27:40.902 [info] > git ls-files --stage -- Builder/question.py [2ms]
2025-07-27 21:27:40.910 [info] > git cat-file -s e857c6aa2caab64f803ac98251f91f40d5019a47 [1ms]
2025-07-27 21:27:42.268 [info] > git show --textconv :Builder/managers/filesystem_manager.py [10ms]
2025-07-27 21:27:42.269 [info] > git ls-files --stage -- Builder/managers/filesystem_manager.py [1ms]
2025-07-27 21:27:42.279 [info] > git cat-file -s e484187e354475a0e3f08f08eaa86325e95ccdda [1ms]
2025-07-27 21:28:13.193 [info] > git show --textconv :README.md [20ms]
2025-07-27 21:28:13.208 [info] > git ls-files --stage -- README.md [22ms]
2025-07-27 21:28:13.224 [info] > git cat-file -s 9b65dddd2da9334041556ae5ea394be581ee9522 [7ms]
2025-07-27 21:28:19.012 [info] > git blame --root --incremental 0d29421bc3a6bebd251fabb1fd80526da93f9ef6 -- README.md [2ms]
2025-07-27 21:28:28.059 [info] > git check-ignore -v -z --stdin [1ms]
2025-07-27 21:28:32.456 [info] > git show --textconv :README.md [11ms]
2025-07-27 21:28:32.457 [info] > git ls-files --stage -- README.md [2ms]
2025-07-27 21:28:32.467 [info] > git cat-file -s 9b65dddd2da9334041556ae5ea394be581ee9522 [1ms]
2025-07-27 21:28:33.542 [info] > git show --textconv :Builder/managers/filesystem_manager.py [10ms]
2025-07-27 21:28:33.543 [info] > git ls-files --stage -- Builder/managers/filesystem_manager.py [1ms]
2025-07-27 21:28:33.553 [info] > git cat-file -s e484187e354475a0e3f08f08eaa86325e95ccdda [1ms]
2025-07-27 21:28:34.861 [info] > git show --textconv :Builder/question.py [8ms]
2025-07-27 21:28:34.861 [info] > git ls-files --stage -- Builder/question.py [1ms]
2025-07-27 21:28:34.870 [info] > git cat-file -s e857c6aa2caab64f803ac98251f91f40d5019a47 [1ms]
2025-07-27 21:28:36.474 [info] > git show --textconv :Builder/managers/filesystem_manager.py [10ms]
2025-07-27 21:28:36.475 [info] > git ls-files --stage -- Builder/managers/filesystem_manager.py [1ms]
2025-07-27 21:28:36.485 [info] > git cat-file -s e484187e354475a0e3f08f08eaa86325e95ccdda [1ms]
2025-07-27 21:28:36.918 [info] > git show --textconv :README.md [9ms]
2025-07-27 21:28:36.918 [info] > git ls-files --stage -- README.md [1ms]
2025-07-27 21:28:36.927 [info] > git cat-file -s 9b65dddd2da9334041556ae5ea394be581ee9522 [1ms]
2025-07-27 21:28:37.936 [info] > git show --textconv :Builder/question.py [11ms]
2025-07-27 21:28:37.937 [info] > git ls-files --stage -- Builder/question.py [2ms]
2025-07-27 21:28:37.949 [info] > git cat-file -s e857c6aa2caab64f803ac98251f91f40d5019a47 [4ms]
2025-07-27 21:28:38.154 [info] > git show --textconv :Builder/install.py [9ms]
2025-07-27 21:28:38.155 [info] > git ls-files --stage -- Builder/install.py [1ms]
2025-07-27 21:28:38.165 [info] > git cat-file -s f5b988cef5bc9d2e1321fb2a61af5e282ca0e68d [1ms]
2025-07-27 21:28:38.445 [info] > git show --textconv :Builder/managers/post_install_manager.py [12ms]
2025-07-27 21:28:38.446 [info] > git ls-files --stage -- Builder/managers/post_install_manager.py [2ms]
2025-07-27 21:28:38.457 [info] > git cat-file -s 7d4f2babf079da5c211e90be51a11fff15dc6399 [1ms]
2025-07-27 21:28:38.930 [info] > git show --textconv :Builder/managers/apps_manager.py [11ms]
2025-07-27 21:28:38.931 [info] > git ls-files --stage -- Builder/managers/apps_manager.py [1ms]
2025-07-27 21:28:38.940 [info] > git cat-file -s dbb97978b8e6ddc53e5c1d069b02d96cd7c47f29 [1ms]
2025-07-27 21:28:42.222 [info] > git show --textconv :Builder/managers/filesystem_manager.py [8ms]
2025-07-27 21:28:42.224 [info] > git ls-files --stage -- Builder/managers/filesystem_manager.py [2ms]
2025-07-27 21:28:42.233 [info] > git cat-file -s e484187e354475a0e3f08f08eaa86325e95ccdda [2ms]
2025-07-27 21:36:44.618 [info] > git config --get commit.template [8ms]
2025-07-27 21:36:44.619 [info] > git for-each-ref --format=%(refname)%00%(upstream:short)%00%(objectname)%00%(upstream:track)%00%(upstream:remotename)%00%(upstream:remoteref) refs/heads/main refs/remotes/main [2ms]
2025-07-27 21:36:44.641 [info] > git for-each-ref --sort -committerdate --format %(refname)%00%(objectname)%00%(*objectname) [2ms]
2025-07-27 21:36:44.642 [info] > git status -z -uall [13ms]
2025-07-27 21:36:49.664 [info] > git config --get commit.template [1ms]
2025-07-27 21:36:49.678 [info] > git for-each-ref --format=%(refname)%00%(upstream:short)%00%(objectname)%00%(upstream:track)%00%(upstream:remotename)%00%(upstream:remoteref) refs/heads/main refs/remotes/main [1ms]
2025-07-27 21:36:49.712 [info] > git status -z -uall [18ms]
2025-07-27 21:36:49.712 [info] > git for-each-ref --sort -committerdate --format %(refname)%00%(objectname)%00%(*objectname) [4ms]
2025-07-27 21:36:54.740 [info] > git config --get commit.template [12ms]
2025-07-27 21:36:54.741 [info] > git for-each-ref --format=%(refname)%00%(upstream:short)%00%(objectname)%00%(upstream:track)%00%(upstream:remotename)%00%(upstream:remoteref) refs/heads/main refs/remotes/main [2ms]
2025-07-27 21:36:54.765 [info] > git for-each-ref --sort -committerdate --format %(refname)%00%(objectname)%00%(*objectname) [2ms]
2025-07-27 21:36:54.766 [info] > git status -z -uall [13ms]
2025-07-27 21:37:22.986 [info] > git show --textconv :Builder/managers/post_install_manager.py [15ms]
2025-07-27 21:37:22.987 [info] > git ls-files --stage -- Builder/managers/post_install_manager.py [2ms]
2025-07-27 21:37:23.002 [info] > git cat-file -s 7d4f2babf079da5c211e90be51a11fff15dc6399 [2ms]
2025-07-27 21:37:42.520 [info] > git show --textconv :Builder/install.py [16ms]
2025-07-27 21:37:42.521 [info] > git ls-files --stage -- Builder/install.py [2ms]
2025-07-27 21:37:42.536 [info] > git cat-file -s f5b988cef5bc9d2e1321fb2a61af5e282ca0e68d [2ms]
2025-07-27 21:40:53.645 [info] > git show --textconv :Builder/managers/filesystem_manager.py [10ms]
2025-07-27 21:40:53.646 [info] > git ls-files --stage -- Builder/managers/filesystem_manager.py [1ms]
2025-07-27 21:40:53.654 [info] > git cat-file -s e484187e354475a0e3f08f08eaa86325e95ccdda [1ms]
2025-07-27 21:41:19.570 [info] > git show --textconv :Builder/install.py [9ms]
2025-07-27 21:41:19.571 [info] > git ls-files --stage -- Builder/install.py [1ms]
2025-07-27 21:41:19.581 [info] > git cat-file -s f5b988cef5bc9d2e1321fb2a61af5e282ca0e68d [1ms]
2025-07-27 21:41:43.785 [info] > git config --get commit.template [1ms]
2025-07-27 21:41:43.795 [info] > git for-each-ref --format=%(refname)%00%(upstream:short)%00%(objectname)%00%(upstream:track)%00%(upstream:remotename)%00%(upstream:remoteref) refs/heads/main refs/remotes/main [1ms]
2025-07-27 21:41:43.813 [info] > git status -z -uall [9ms]
2025-07-27 21:41:43.814 [info] > git for-each-ref --sort -committerdate --format %(refname)%00%(objectname)%00%(*objectname) [1ms]
2025-07-27 21:42:58.943 [info] > git config --get commit.template [1ms]
2025-07-27 21:42:58.955 [info] > git for-each-ref --format=%(refname)%00%(upstream:short)%00%(objectname)%00%(upstream:track)%00%(upstream:remotename)%00%(upstream:remoteref) refs/heads/main refs/remotes/main [1ms]
2025-07-27 21:42:58.995 [info] > git status -z -uall [26ms]
2025-07-27 21:42:58.996 [info] > git for-each-ref --sort -committerdate --format %(refname)%00%(objectname)%00%(*objectname) [14ms]
2025-07-27 21:42:59.025 [info] > git blame --root --incremental f2c833994ea1fc551d5887ad5320209012f1f9c3 -- Builder/install.py [14ms]
2025-07-27 21:42:59.025 [info] > git ls-files --stage -- Builder/install.py [30ms]
2025-07-27 21:42:59.038 [info] > git cat-file -s b4b1563325dcb9c5e64bb0d14d303dfda32c33f2 [1ms]
2025-07-27 21:42:59.038 [info] > git merge-base refs/heads/main refs/remotes/origin/main [14ms]
2025-07-27 21:42:59.061 [info] > git diff --name-status -z --diff-filter=ADMR f2c833994ea1fc551d5887ad5320209012f1f9c3...refs/remotes/origin/main [11ms]
2025-07-27 21:42:59.063 [info] > git show --textconv :Builder/install.py [2ms]
2025-07-27 21:43:04.037 [info] > git config --get commit.template [1ms]
2025-07-27 21:43:04.047 [info] > git for-each-ref --format=%(refname)%00%(upstream:short)%00%(objectname)%00%(upstream:track)%00%(upstream:remotename)%00%(upstream:remoteref) refs/heads/main refs/remotes/main [1ms]
2025-07-27 21:43:04.068 [info] > git status -z -uall [9ms]
2025-07-27 21:43:04.068 [info] > git for-each-ref --sort -committerdate --format %(refname)%00%(objectname)%00%(*objectname) [1ms]
