2025-07-27 23:54:35.070 [info] [main] Log level: Info
2025-07-27 23:54:35.070 [info] [main] Validating found git in: "git"
2025-07-27 23:54:35.070 [info] [main] Using git "2.50.1" from "git"
2025-07-27 23:54:35.070 [info] [Model][doInitialScan] Initial repository scan started
2025-07-27 23:54:35.070 [info] > git rev-parse --show-toplevel [11ms]
2025-07-27 23:54:35.070 [info] > git rev-parse --git-dir --git-common-dir [64ms]
2025-07-27 23:54:35.070 [info] [Model][openRepository] Opened repository (path): /home/mochi-002/dotfiles
2025-07-27 23:54:35.070 [info] [Model][openRepository] Opened repository (real path): /home/mochi-002/dotfiles
2025-07-27 23:54:35.071 [info] > git rev-parse --show-toplevel [2ms]
2025-07-27 23:54:35.072 [info] > git config --get commit.template [11ms]
2025-07-27 23:54:35.094 [info] > git rev-parse --show-toplevel [13ms]
2025-07-27 23:54:35.817 [info] > git for-each-ref --format=%(refname)%00%(upstream:short)%00%(objectname)%00%(upstream:track)%00%(upstream:remotename)%00%(upstream:remoteref) refs/heads/main refs/remotes/main [724ms]
2025-07-27 23:54:35.999 [info] > git rev-parse --show-toplevel [183ms]
2025-07-27 23:54:36.036 [info] > git rev-parse --show-toplevel [3ms]
2025-07-27 23:54:36.038 [info] [Model][doInitialScan] Initial repository scan completed - repositories (1), closed repositories (0), parent repositories (0), unsafe repositories (0)
2025-07-27 23:54:36.073 [info] > git status -z -uall [24ms]
2025-07-27 23:54:36.074 [info] > git for-each-ref --sort -committerdate --format %(refname)%00%(objectname)%00%(*objectname) [14ms]
2025-07-27 23:54:36.111 [info] > git for-each-ref --format=%(refname)%00%(upstream:short)%00%(objectname)%00%(upstream:track)%00%(upstream:remotename)%00%(upstream:remoteref) refs/heads/main refs/remotes/main [19ms]
2025-07-27 23:54:36.136 [info] > git config --get --local branch.main.vscode-merge-base [11ms]
2025-07-27 23:54:36.136 [warning] [Git][config] git config failed: Failed to execute git
2025-07-27 23:54:36.149 [info] > git config --get commit.template [41ms]
2025-07-27 23:54:36.189 [info] > git for-each-ref --format=%(refname)%00%(upstream:short)%00%(objectname)%00%(upstream:track)%00%(upstream:remotename)%00%(upstream:remoteref) refs/heads/main refs/remotes/main [24ms]
2025-07-27 23:54:36.189 [info] > git reflog main --grep-reflog=branch: Created from *. [41ms]
2025-07-27 23:54:36.200 [info] > git symbolic-ref --short refs/remotes/origin/HEAD [2ms]
2025-07-27 23:54:36.200 [info] fatal: ref refs/remotes/origin/HEAD is not a symbolic ref
2025-07-27 23:54:36.200 [warning] [Repository][getDefaultBranch] Failed to get default branch details: Failed to execute git.
2025-07-27 23:54:36.224 [info] > git merge-base refs/heads/main refs/remotes/origin/main [8ms]
2025-07-27 23:54:36.272 [info] > git status -z -uall [14ms]
2025-07-27 23:54:36.272 [info] > git diff --name-status -z --diff-filter=ADMR 17c08e7125c92917617b521395ea0581d9739dac...refs/remotes/origin/main [30ms]
2025-07-27 23:54:36.277 [info] > git for-each-ref --sort -committerdate --format %(refname)%00%(objectname)%00%(*objectname) [8ms]
2025-07-27 23:54:36.332 [info] > git check-ignore -v -z --stdin [1ms]
2025-07-27 23:54:38.945 [info] > git check-ignore -v -z --stdin [4ms]
2025-07-27 23:54:57.492 [info] > git show --textconv :Complete.sh [19ms]
2025-07-27 23:54:57.511 [info] > git hash-object -t tree /dev/null [2ms]
2025-07-27 23:54:57.511 [warning] [GitFileSystemProvider][readFile] File not found - git:/home/mochi-002/dotfiles/Complete.sh.git?%7B%22path%22%3A%22%2Fhome%2Fmochi-002%2Fdotfiles%2FComplete.sh%22%2C%22ref%22%3A%22%22%7D
2025-07-27 23:54:57.512 [info] > git ls-files --stage -- Complete.sh [21ms]
2025-07-27 23:54:57.512 [warning] [GitFileSystemProvider][stat] File not found - git:/home/mochi-002/dotfiles/Complete.sh.git?%7B%22path%22%3A%22%2Fhome%2Fmochi-002%2Fdotfiles%2FComplete.sh%22%2C%22ref%22%3A%22%22%7D
2025-07-27 23:54:57.757 [info] > git check-ignore -v -z --stdin [2ms]
2025-07-27 23:54:58.327 [info] > git config --get commit.template [17ms]
2025-07-27 23:54:58.327 [info] > git for-each-ref --format=%(refname)%00%(upstream:short)%00%(objectname)%00%(upstream:track)%00%(upstream:remotename)%00%(upstream:remoteref) refs/heads/main refs/remotes/main [1ms]
2025-07-27 23:54:58.358 [info] > git status -z -uall [17ms]
2025-07-27 23:54:58.360 [info] > git for-each-ref --sort -committerdate --format %(refname)%00%(objectname)%00%(*objectname) [3ms]
2025-07-27 23:54:59.166 [info] > git show --textconv :README.md.save [21ms]
2025-07-27 23:54:59.168 [info] > git ls-files --stage -- README.md.save [3ms]
2025-07-27 23:54:59.188 [info] > git cat-file -s 4b519f498d720570f59e40f1b0c274e50d212f8d [3ms]
2025-07-27 23:55:11.542 [info] > git show --textconv :README.md [14ms]
2025-07-27 23:55:11.543 [info] > git ls-files --stage -- README.md [2ms]
2025-07-27 23:55:11.559 [info] > git cat-file -s b9edcf86b541867f08c609ff408ee81fa637c98e [2ms]
2025-07-27 23:55:11.610 [info] > git blame --root --incremental 17c08e7125c92917617b521395ea0581d9739dac -- README.md [3ms]
2025-07-27 23:55:37.932 [info] > git config --get commit.template [3ms]
2025-07-27 23:55:37.955 [info] > git for-each-ref --format=%(refname)%00%(upstream:short)%00%(objectname)%00%(upstream:track)%00%(upstream:remotename)%00%(upstream:remoteref) refs/heads/main refs/remotes/main [3ms]
2025-07-27 23:55:37.997 [info] > git status -z -uall [21ms]
2025-07-27 23:55:37.998 [info] > git for-each-ref --sort -committerdate --format %(refname)%00%(objectname)%00%(*objectname) [3ms]
2025-07-27 23:56:53.834 [info] > git config --get commit.template [22ms]
2025-07-27 23:56:53.836 [info] > git for-each-ref --format=%(refname)%00%(upstream:short)%00%(objectname)%00%(upstream:track)%00%(upstream:remotename)%00%(upstream:remoteref) refs/heads/main refs/remotes/main [3ms]
2025-07-27 23:56:53.866 [info] > git status -z -uall [15ms]
2025-07-27 23:56:53.867 [info] > git for-each-ref --sort -committerdate --format %(refname)%00%(objectname)%00%(*objectname) [2ms]
2025-07-27 23:56:58.904 [info] > git config --get commit.template [14ms]
2025-07-27 23:56:58.905 [info] > git for-each-ref --format=%(refname)%00%(upstream:short)%00%(objectname)%00%(upstream:track)%00%(upstream:remotename)%00%(upstream:remoteref) refs/heads/main refs/remotes/main [2ms]
2025-07-27 23:56:58.936 [info] > git status -z -uall [16ms]
2025-07-27 23:56:58.937 [info] > git for-each-ref --sort -committerdate --format %(refname)%00%(objectname)%00%(*objectname) [2ms]
2025-07-27 23:57:20.053 [info] > git config --get commit.template [19ms]
2025-07-27 23:57:20.054 [info] > git for-each-ref --format=%(refname)%00%(upstream:short)%00%(objectname)%00%(upstream:track)%00%(upstream:remotename)%00%(upstream:remoteref) refs/heads/main refs/remotes/main [2ms]
2025-07-27 23:57:20.098 [info] > git status -z -uall [23ms]
2025-07-27 23:57:20.100 [info] > git for-each-ref --sort -committerdate --format %(refname)%00%(objectname)%00%(*objectname) [2ms]
2025-07-27 23:57:25.142 [info] > git config --get commit.template [18ms]
2025-07-27 23:57:25.143 [info] > git for-each-ref --format=%(refname)%00%(upstream:short)%00%(objectname)%00%(upstream:track)%00%(upstream:remotename)%00%(upstream:remoteref) refs/heads/main refs/remotes/main [2ms]
2025-07-27 23:57:25.182 [info] > git status -z -uall [21ms]
2025-07-27 23:57:25.184 [info] > git for-each-ref --sort -committerdate --format %(refname)%00%(objectname)%00%(*objectname) [3ms]
2025-07-27 23:57:30.226 [info] > git config --get commit.template [17ms]
2025-07-27 23:57:30.227 [info] > git for-each-ref --format=%(refname)%00%(upstream:short)%00%(objectname)%00%(upstream:track)%00%(upstream:remotename)%00%(upstream:remoteref) refs/heads/main refs/remotes/main [2ms]
2025-07-27 23:57:30.267 [info] > git status -z -uall [20ms]
2025-07-27 23:57:30.268 [info] > git for-each-ref --sort -committerdate --format %(refname)%00%(objectname)%00%(*objectname) [3ms]
2025-07-27 23:57:38.595 [info] > git config --get commit.template [20ms]
2025-07-27 23:57:38.596 [info] > git for-each-ref --format=%(refname)%00%(upstream:short)%00%(objectname)%00%(upstream:track)%00%(upstream:remotename)%00%(upstream:remoteref) refs/heads/main refs/remotes/main [3ms]
2025-07-27 23:57:38.634 [info] > git status -z -uall [19ms]
2025-07-27 23:57:38.635 [info] > git for-each-ref --sort -committerdate --format %(refname)%00%(objectname)%00%(*objectname) [3ms]
2025-07-27 23:57:46.532 [info] > git config --get commit.template [2ms]
2025-07-27 23:57:46.550 [info] > git for-each-ref --format=%(refname)%00%(upstream:short)%00%(objectname)%00%(upstream:track)%00%(upstream:remotename)%00%(upstream:remoteref) refs/heads/main refs/remotes/main [2ms]
2025-07-27 23:57:46.583 [info] > git status -z -uall [15ms]
2025-07-27 23:57:46.583 [info] > git for-each-ref --sort -committerdate --format %(refname)%00%(objectname)%00%(*objectname) [2ms]
2025-07-28 00:01:13.173 [info] > git config --get commit.template [26ms]
2025-07-28 00:01:13.174 [info] > git for-each-ref --format=%(refname)%00%(upstream:short)%00%(objectname)%00%(upstream:track)%00%(upstream:remotename)%00%(upstream:remoteref) refs/heads/main refs/remotes/main [3ms]
2025-07-28 00:01:13.202 [info] > git status -z -uall [13ms]
2025-07-28 00:01:13.202 [info] > git for-each-ref --sort -committerdate --format %(refname)%00%(objectname)%00%(*objectname) [1ms]
2025-07-28 00:01:26.426 [info] > git config --get commit.template [11ms]
2025-07-28 00:01:26.426 [info] > git for-each-ref --format=%(refname)%00%(upstream:short)%00%(objectname)%00%(upstream:track)%00%(upstream:remotename)%00%(upstream:remoteref) refs/heads/main refs/remotes/main [2ms]
2025-07-28 00:01:26.467 [info] > git status -z -uall [20ms]
2025-07-28 00:01:26.470 [info] > git for-each-ref --sort -committerdate --format %(refname)%00%(objectname)%00%(*objectname) [4ms]
2025-07-28 00:04:22.735 [info] > git show --textconv :README.md [21ms]
2025-07-28 00:04:22.736 [info] > git ls-files --stage -- README.md [2ms]
2025-07-28 00:04:22.756 [info] > git cat-file -s b9edcf86b541867f08c609ff408ee81fa637c98e [4ms]
2025-07-28 00:04:50.921 [info] > git config --get commit.template [26ms]
2025-07-28 00:04:50.923 [info] > git for-each-ref --format=%(refname)%00%(upstream:short)%00%(objectname)%00%(upstream:track)%00%(upstream:remotename)%00%(upstream:remoteref) refs/heads/main refs/remotes/main [3ms]
2025-07-28 00:04:50.957 [info] > git status -z -uall [16ms]
2025-07-28 00:04:50.958 [info] > git for-each-ref --sort -committerdate --format %(refname)%00%(objectname)%00%(*objectname) [2ms]
2025-07-28 00:04:55.980 [info] > git config --get commit.template [9ms]
2025-07-28 00:04:55.981 [info] > git for-each-ref --format=%(refname)%00%(upstream:short)%00%(objectname)%00%(upstream:track)%00%(upstream:remotename)%00%(upstream:remoteref) refs/heads/main refs/remotes/main [1ms]
2025-07-28 00:04:56.001 [info] > git status -z -uall [11ms]
2025-07-28 00:04:56.002 [info] > git for-each-ref --sort -committerdate --format %(refname)%00%(objectname)%00%(*objectname) [2ms]
2025-07-28 00:05:05.438 [info] > git config --get commit.template [18ms]
2025-07-28 00:05:05.439 [info] > git for-each-ref --format=%(refname)%00%(upstream:short)%00%(objectname)%00%(upstream:track)%00%(upstream:remotename)%00%(upstream:remoteref) refs/heads/main refs/remotes/main [2ms]
2025-07-28 00:05:05.473 [info] > git status -z -uall [15ms]
2025-07-28 00:05:05.474 [info] > git for-each-ref --sort -committerdate --format %(refname)%00%(objectname)%00%(*objectname) [2ms]
2025-07-28 00:06:06.168 [info] > git config --get commit.template [19ms]
2025-07-28 00:06:06.169 [info] > git for-each-ref --format=%(refname)%00%(upstream:short)%00%(objectname)%00%(upstream:track)%00%(upstream:remotename)%00%(upstream:remoteref) refs/heads/main refs/remotes/main [1ms]
2025-07-28 00:06:06.194 [info] > git status -z -uall [11ms]
2025-07-28 00:06:06.196 [info] > git for-each-ref --sort -committerdate --format %(refname)%00%(objectname)%00%(*objectname) [2ms]
2025-07-28 00:06:11.223 [info] > git config --get commit.template [3ms]
2025-07-28 00:06:11.244 [info] > git for-each-ref --format=%(refname)%00%(upstream:short)%00%(objectname)%00%(upstream:track)%00%(upstream:remotename)%00%(upstream:remoteref) refs/heads/main refs/remotes/main [2ms]
2025-07-28 00:06:11.289 [info] > git status -z -uall [23ms]
2025-07-28 00:06:11.291 [info] > git for-each-ref --sort -committerdate --format %(refname)%00%(objectname)%00%(*objectname) [3ms]
2025-07-28 00:06:16.342 [info] > git config --get commit.template [25ms]
2025-07-28 00:06:16.345 [info] > git for-each-ref --format=%(refname)%00%(upstream:short)%00%(objectname)%00%(upstream:track)%00%(upstream:remotename)%00%(upstream:remoteref) refs/heads/main refs/remotes/main [4ms]
2025-07-28 00:06:16.383 [info] > git status -z -uall [19ms]
2025-07-28 00:06:16.385 [info] > git for-each-ref --sort -committerdate --format %(refname)%00%(objectname)%00%(*objectname) [2ms]
2025-07-28 00:07:50.428 [info] > git config --get commit.template [12ms]
2025-07-28 00:07:50.429 [info] > git for-each-ref --format=%(refname)%00%(upstream:short)%00%(objectname)%00%(upstream:track)%00%(upstream:remotename)%00%(upstream:remoteref) refs/heads/main refs/remotes/main [1ms]
2025-07-28 00:07:50.450 [info] > git status -z -uall [10ms]
2025-07-28 00:07:50.450 [info] > git for-each-ref --sort -committerdate --format %(refname)%00%(objectname)%00%(*objectname) [0ms]
2025-07-28 00:07:56.416 [info] > git config --get commit.template [25ms]
2025-07-28 00:07:56.417 [info] > git for-each-ref --format=%(refname)%00%(upstream:short)%00%(objectname)%00%(upstream:track)%00%(upstream:remotename)%00%(upstream:remoteref) refs/heads/main refs/remotes/main [3ms]
2025-07-28 00:07:56.459 [info] > git status -z -uall [21ms]
2025-07-28 00:07:56.460 [info] > git for-each-ref --sort -committerdate --format %(refname)%00%(objectname)%00%(*objectname) [2ms]
2025-07-28 00:08:02.615 [info] > git config --get commit.template [22ms]
2025-07-28 00:08:02.616 [info] > git for-each-ref --format=%(refname)%00%(upstream:short)%00%(objectname)%00%(upstream:track)%00%(upstream:remotename)%00%(upstream:remoteref) refs/heads/main refs/remotes/main [2ms]
2025-07-28 00:08:02.653 [info] > git status -z -uall [18ms]
2025-07-28 00:08:02.655 [info] > git for-each-ref --sort -committerdate --format %(refname)%00%(objectname)%00%(*objectname) [4ms]
2025-07-28 00:08:07.683 [info] > git config --get commit.template [3ms]
2025-07-28 00:08:07.704 [info] > git for-each-ref --format=%(refname)%00%(upstream:short)%00%(objectname)%00%(upstream:track)%00%(upstream:remotename)%00%(upstream:remoteref) refs/heads/main refs/remotes/main [3ms]
2025-07-28 00:08:07.745 [info] > git status -z -uall [20ms]
2025-07-28 00:08:07.747 [info] > git for-each-ref --sort -committerdate --format %(refname)%00%(objectname)%00%(*objectname) [3ms]
2025-07-28 00:08:56.792 [info] > git config --get commit.template [1ms]
2025-07-28 00:08:56.813 [info] > git for-each-ref --format=%(refname)%00%(upstream:short)%00%(objectname)%00%(upstream:track)%00%(upstream:remotename)%00%(upstream:remoteref) refs/heads/main refs/remotes/main [3ms]
2025-07-28 00:08:56.849 [info] > git status -z -uall [18ms]
2025-07-28 00:08:56.851 [info] > git for-each-ref --sort -committerdate --format %(refname)%00%(objectname)%00%(*objectname) [3ms]
