2025-07-27 23:40:46.418 [error] #6: https://marketplace.visualstudio.com/_apis/public/gallery/vscode/adpyke/codesnap/latest - error GET Failed to fetch
2025-07-27 23:40:46.427 [error] #5: https://marketplace.visualstudio.com/_apis/public/gallery/vscode/aaron-bond/better-comments/latest - error GET Failed to fetch
2025-07-27 23:40:46.428 [error] #7: https://marketplace.visualstudio.com/_apis/public/gallery/vscode/alefragnani/bookmarks/latest - error GET Failed to fetch
2025-07-27 23:40:46.429 [error] #8: https://marketplace.visualstudio.com/_apis/public/gallery/vscode/alefragnani/project-manager/latest - error GET Failed to fetch
2025-07-27 23:40:46.430 [error] #10: https://marketplace.visualstudio.com/_apis/public/gallery/vscode/battleoverflow/animeface/latest - error GET Failed to fetch
2025-07-27 23:40:46.431 [error] #9: https://marketplace.visualstudio.com/_apis/public/gallery/vscode/batisteo/vscode-django/latest - error GET Failed to fetch
2025-07-27 23:40:46.432 [error] #11: https://marketplace.visualstudio.com/_apis/public/gallery/vscode/codezombiech/gitignore/latest - error GET Failed to fetch
2025-07-27 23:40:46.445 [error] #12: https://marketplace.visualstudio.com/_apis/public/gallery/vscode/codium/codium/latest - error GET Failed to fetch
2025-07-27 23:40:46.446 [error] #13: https://marketplace.visualstudio.com/_apis/public/gallery/vscode/dbaeumer/vscode-eslint/latest - error GET Failed to fetch
2025-07-27 23:40:46.448 [error] #14: https://marketplace.visualstudio.com/_apis/public/gallery/vscode/divyanshuagrawal/competitive-programming-helper/latest - error GET Failed to fetch
2025-07-27 23:40:46.449 [error] #15: https://marketplace.visualstudio.com/_apis/public/gallery/vscode/donjayamanne/git-extension-pack/latest - error GET Failed to fetch
2025-07-27 23:40:46.450 [error] #16: https://marketplace.visualstudio.com/_apis/public/gallery/vscode/donjayamanne/githistory/latest - error GET Failed to fetch
2025-07-27 23:40:46.451 [error] #17: https://marketplace.visualstudio.com/_apis/public/gallery/vscode/donjayamanne/python-environment-manager/latest - error GET Failed to fetch
2025-07-27 23:40:46.461 [error] #65: https://www.vscode-unpkg.net/_gallery/codezombiech/gitignore/latest - error GET Failed to fetch
2025-07-27 23:40:46.462 [error] #64: https://www.vscode-unpkg.net/_gallery/batisteo/vscode-django/latest - error GET Failed to fetch
2025-07-27 23:40:46.463 [error] #63: https://www.vscode-unpkg.net/_gallery/battleoverflow/animeface/latest - error GET Failed to fetch
2025-07-27 23:40:46.464 [error] #62: https://www.vscode-unpkg.net/_gallery/alefragnani/project-manager/latest - error GET Failed to fetch
2025-07-27 23:40:46.464 [error] #61: https://www.vscode-unpkg.net/_gallery/alefragnani/bookmarks/latest - error GET Failed to fetch
2025-07-27 23:40:46.464 [error] #60: https://www.vscode-unpkg.net/_gallery/aaron-bond/better-comments/latest - error GET Failed to fetch
2025-07-27 23:40:46.464 [error] #18: https://marketplace.visualstudio.com/_apis/public/gallery/vscode/donjayamanne/python-extension-pack/latest - error GET Failed to fetch
2025-07-27 23:40:46.464 [error] #19: https://marketplace.visualstudio.com/_apis/public/gallery/vscode/dooez/alt-catppuccin-vsc/latest - error GET Failed to fetch
2025-07-27 23:40:46.465 [error] #20: https://marketplace.visualstudio.com/_apis/public/gallery/vscode/eamodio/gitlens/latest - error GET Failed to fetch
2025-07-27 23:40:46.467 [error] #21: https://marketplace.visualstudio.com/_apis/public/gallery/vscode/enkia/tokyo-night/latest - error GET Failed to fetch
2025-07-27 23:40:46.467 [error] #22: https://marketplace.visualstudio.com/_apis/public/gallery/vscode/esbenp/prettier-vscode/latest - error GET Failed to fetch
2025-07-27 23:40:46.468 [error] #23: https://marketplace.visualstudio.com/_apis/public/gallery/vscode/hediet/vscode-drawio/latest - error GET Failed to fetch
2025-07-27 23:40:46.476 [error] #59: https://www.vscode-unpkg.net/_gallery/adpyke/codesnap/latest - error GET Failed to fetch
2025-07-27 23:40:46.477 [error] #66: https://www.vscode-unpkg.net/_gallery/codium/codium/latest - error GET Failed to fetch
2025-07-27 23:40:46.478 [error] #67: https://www.vscode-unpkg.net/_gallery/dbaeumer/vscode-eslint/latest - error GET Failed to fetch
2025-07-27 23:40:46.479 [error] #68: https://www.vscode-unpkg.net/_gallery/divyanshuagrawal/competitive-programming-helper/latest - error GET Failed to fetch
2025-07-27 23:40:46.479 [error] #69: https://www.vscode-unpkg.net/_gallery/donjayamanne/git-extension-pack/latest - error GET Failed to fetch
2025-07-27 23:40:46.479 [error] #70: https://www.vscode-unpkg.net/_gallery/donjayamanne/githistory/latest - error GET Failed to fetch
2025-07-27 23:40:46.480 [error] #24: https://marketplace.visualstudio.com/_apis/public/gallery/vscode/jeff-hykin/better-cpp-syntax/latest - error GET Failed to fetch
2025-07-27 23:40:46.482 [error] #25: https://marketplace.visualstudio.com/_apis/public/gallery/vscode/jeff-hykin/better-csv-syntax/latest - error GET Failed to fetch
2025-07-27 23:40:46.483 [error] #26: https://marketplace.visualstudio.com/_apis/public/gallery/vscode/kevinrose/vsc-python-indent/latest - error GET Failed to fetch
2025-07-27 23:40:46.484 [error] #27: https://marketplace.visualstudio.com/_apis/public/gallery/vscode/kruemelkatze/vscode-dashboard/latest - error GET Failed to fetch
2025-07-27 23:40:46.485 [error] #28: https://marketplace.visualstudio.com/_apis/public/gallery/vscode/mechatroner/rainbow-csv/latest - error GET Failed to fetch
2025-07-27 23:40:46.486 [error] #29: https://marketplace.visualstudio.com/_apis/public/gallery/vscode/ms-python/debugpy/latest - error GET Failed to fetch
2025-07-27 23:40:46.626 [error] #71: https://www.vscode-unpkg.net/_gallery/donjayamanne/python-environment-manager/latest - error GET Failed to fetch
2025-07-27 23:40:46.628 [error] #72: https://www.vscode-unpkg.net/_gallery/donjayamanne/python-extension-pack/latest - error GET Failed to fetch
2025-07-27 23:40:46.628 [error] #73: https://www.vscode-unpkg.net/_gallery/dooez/alt-catppuccin-vsc/latest - error GET Failed to fetch
2025-07-27 23:40:46.628 [error] #74: https://www.vscode-unpkg.net/_gallery/eamodio/gitlens/latest - error GET Failed to fetch
2025-07-27 23:40:46.629 [error] #75: https://www.vscode-unpkg.net/_gallery/enkia/tokyo-night/latest - error GET Failed to fetch
2025-07-27 23:40:46.631 [error] #76: https://www.vscode-unpkg.net/_gallery/esbenp/prettier-vscode/latest - error GET Failed to fetch
2025-07-27 23:40:46.631 [error] #30: https://marketplace.visualstudio.com/_apis/public/gallery/vscode/ms-python/python/latest - error GET Failed to fetch
2025-07-27 23:40:46.633 [error] #31: https://marketplace.visualstudio.com/_apis/public/gallery/vscode/ms-python/vscode-pylance/latest - error GET Failed to fetch
2025-07-27 23:40:46.634 [error] #32: https://marketplace.visualstudio.com/_apis/public/gallery/vscode/ms-python/vscode-python-envs/latest - error GET Failed to fetch
2025-07-27 23:40:46.636 [error] #33: https://marketplace.visualstudio.com/_apis/public/gallery/vscode/ms-vscode/cmake-tools/latest - error GET Failed to fetch
2025-07-27 23:40:46.638 [error] #34: https://marketplace.visualstudio.com/_apis/public/gallery/vscode/ms-vscode/cpptools/latest - error GET Failed to fetch
2025-07-27 23:40:46.639 [error] #35: https://marketplace.visualstudio.com/_apis/public/gallery/vscode/ms-vscode/cpptools-extension-pack/latest - error GET Failed to fetch
2025-07-27 23:40:46.643 [error] #77: https://www.vscode-unpkg.net/_gallery/hediet/vscode-drawio/latest - error GET Failed to fetch
2025-07-27 23:40:46.644 [error] #78: https://www.vscode-unpkg.net/_gallery/jeff-hykin/better-cpp-syntax/latest - error GET Failed to fetch
2025-07-27 23:40:46.644 [error] #79: https://www.vscode-unpkg.net/_gallery/jeff-hykin/better-csv-syntax/latest - error GET Failed to fetch
2025-07-27 23:40:46.644 [error] #80: https://www.vscode-unpkg.net/_gallery/kevinrose/vsc-python-indent/latest - error GET Failed to fetch
2025-07-27 23:40:46.645 [error] #81: https://www.vscode-unpkg.net/_gallery/kruemelkatze/vscode-dashboard/latest - error GET Failed to fetch
2025-07-27 23:40:46.645 [error] #82: https://www.vscode-unpkg.net/_gallery/mechatroner/rainbow-csv/latest - error GET Failed to fetch
2025-07-27 23:40:46.650 [error] #36: https://marketplace.visualstudio.com/_apis/public/gallery/vscode/ms-vscode/cpptools-themes/latest - error GET Failed to fetch
2025-07-27 23:40:46.651 [error] #37: https://marketplace.visualstudio.com/_apis/public/gallery/vscode/ms-vscode/makefile-tools/latest - error GET Failed to fetch
2025-07-27 23:40:46.652 [error] #38: https://marketplace.visualstudio.com/_apis/public/gallery/vscode/njpwerner/autodocstring/latest - error GET Failed to fetch
2025-07-27 23:40:46.653 [error] #39: https://marketplace.visualstudio.com/_apis/public/gallery/vscode/oderwat/indent-rainbow/latest - error GET Failed to fetch
2025-07-27 23:40:46.654 [error] #40: https://marketplace.visualstudio.com/_apis/public/gallery/vscode/pkief/material-icon-theme/latest - error GET Failed to fetch
2025-07-27 23:40:46.655 [error] #41: https://marketplace.visualstudio.com/_apis/public/gallery/vscode/platformio/platformio-ide/latest - error GET Failed to fetch
2025-07-27 23:40:46.661 [error] #83: https://www.vscode-unpkg.net/_gallery/ms-python/debugpy/latest - error GET Failed to fetch
2025-07-27 23:40:46.663 [error] #84: https://www.vscode-unpkg.net/_gallery/ms-python/python/latest - error GET Failed to fetch
2025-07-27 23:40:46.663 [error] #85: https://www.vscode-unpkg.net/_gallery/ms-python/vscode-pylance/latest - error GET Failed to fetch
2025-07-27 23:40:46.664 [error] #86: https://www.vscode-unpkg.net/_gallery/ms-python/vscode-python-envs/latest - error GET Failed to fetch
2025-07-27 23:40:46.665 [error] #87: https://www.vscode-unpkg.net/_gallery/ms-vscode/cmake-tools/latest - error GET Failed to fetch
2025-07-27 23:40:46.666 [error] #88: https://www.vscode-unpkg.net/_gallery/ms-vscode/cpptools/latest - error GET Failed to fetch
2025-07-27 23:40:46.679 [error] #42: https://marketplace.visualstudio.com/_apis/public/gallery/vscode/redhat/java/latest - error GET Failed to fetch
2025-07-27 23:40:46.681 [error] #43: https://marketplace.visualstudio.com/_apis/public/gallery/vscode/ritwickdey/liveserver/latest - error GET Failed to fetch
2025-07-27 23:40:46.684 [error] #44: https://marketplace.visualstudio.com/_apis/public/gallery/vscode/rvest/vs-code-prettier-eslint/latest - error GET Failed to fetch
2025-07-27 23:40:46.685 [error] #45: https://marketplace.visualstudio.com/_apis/public/gallery/vscode/shd101wyy/markdown-preview-enhanced/latest - error GET Failed to fetch
2025-07-27 23:40:46.687 [error] #46: https://marketplace.visualstudio.com/_apis/public/gallery/vscode/tonybaloney/vscode-pets/latest - error GET Failed to fetch
2025-07-27 23:40:46.688 [error] #47: https://marketplace.visualstudio.com/_apis/public/gallery/vscode/usernamehw/errorlens/latest - error GET Failed to fetch
2025-07-27 23:40:46.690 [error] #89: https://www.vscode-unpkg.net/_gallery/ms-vscode/cpptools-extension-pack/latest - error GET Failed to fetch
2025-07-27 23:40:46.691 [error] #90: https://www.vscode-unpkg.net/_gallery/ms-vscode/cpptools-themes/latest - error GET Failed to fetch
2025-07-27 23:40:46.692 [error] #91: https://www.vscode-unpkg.net/_gallery/ms-vscode/makefile-tools/latest - error GET Failed to fetch
2025-07-27 23:40:46.693 [error] #92: https://www.vscode-unpkg.net/_gallery/njpwerner/autodocstring/latest - error GET Failed to fetch
2025-07-27 23:40:46.693 [error] #93: https://www.vscode-unpkg.net/_gallery/oderwat/indent-rainbow/latest - error GET Failed to fetch
2025-07-27 23:40:46.693 [error] #94: https://www.vscode-unpkg.net/_gallery/pkief/material-icon-theme/latest - error GET Failed to fetch
2025-07-27 23:40:46.697 [error] #48: https://marketplace.visualstudio.com/_apis/public/gallery/vscode/visualstudioexptteam/intellicode-api-usage-examples/latest - error GET Failed to fetch
2025-07-27 23:40:46.700 [error] #49: https://marketplace.visualstudio.com/_apis/public/gallery/vscode/visualstudioexptteam/vscodeintellicode/latest - error GET Failed to fetch
2025-07-27 23:40:46.701 [error] #50: https://marketplace.visualstudio.com/_apis/public/gallery/vscode/vscjava/vscode-gradle/latest - error GET Failed to fetch
2025-07-27 23:40:46.702 [error] #51: https://marketplace.visualstudio.com/_apis/public/gallery/vscode/vscjava/vscode-java-debug/latest - error GET Failed to fetch
2025-07-27 23:40:46.703 [error] #52: https://marketplace.visualstudio.com/_apis/public/gallery/vscode/vscjava/vscode-java-dependency/latest - error GET Failed to fetch
2025-07-27 23:40:46.704 [error] #53: https://marketplace.visualstudio.com/_apis/public/gallery/vscode/vscjava/vscode-java-pack/latest - error GET Failed to fetch
2025-07-27 23:40:46.704 [error] #95: https://www.vscode-unpkg.net/_gallery/platformio/platformio-ide/latest - error GET Failed to fetch
2025-07-27 23:40:46.705 [error] #96: https://www.vscode-unpkg.net/_gallery/redhat/java/latest - error GET Failed to fetch
2025-07-27 23:40:46.705 [error] #97: https://www.vscode-unpkg.net/_gallery/ritwickdey/liveserver/latest - error GET Failed to fetch
2025-07-27 23:40:46.705 [error] #98: https://www.vscode-unpkg.net/_gallery/rvest/vs-code-prettier-eslint/latest - error GET Failed to fetch
2025-07-27 23:40:46.706 [error] #99: https://www.vscode-unpkg.net/_gallery/shd101wyy/markdown-preview-enhanced/latest - error GET Failed to fetch
2025-07-27 23:40:46.706 [error] #100: https://www.vscode-unpkg.net/_gallery/tonybaloney/vscode-pets/latest - error GET Failed to fetch
2025-07-27 23:40:46.718 [error] #54: https://marketplace.visualstudio.com/_apis/public/gallery/vscode/vscjava/vscode-java-test/latest - error GET Failed to fetch
2025-07-27 23:40:46.719 [error] #55: https://marketplace.visualstudio.com/_apis/public/gallery/vscode/vscjava/vscode-maven/latest - error GET Failed to fetch
2025-07-27 23:40:46.719 [error] #56: https://marketplace.visualstudio.com/_apis/public/gallery/vscode/wholroyd/jinja/latest - error GET Failed to fetch
2025-07-27 23:40:46.720 [error] #57: https://marketplace.visualstudio.com/_apis/public/gallery/vscode/yzhang/markdown-all-in-one/latest - error GET Failed to fetch
2025-07-27 23:40:46.720 [error] #58: https://marketplace.visualstudio.com/_apis/public/gallery/vscode/ziyasal/vscode-open-in-github/latest - error GET Failed to fetch
2025-07-27 23:40:46.721 [error] #101: https://www.vscode-unpkg.net/_gallery/usernamehw/errorlens/latest - error GET Failed to fetch
2025-07-27 23:40:46.721 [error] #102: https://www.vscode-unpkg.net/_gallery/visualstudioexptteam/intellicode-api-usage-examples/latest - error GET Failed to fetch
2025-07-27 23:40:46.722 [error] #103: https://www.vscode-unpkg.net/_gallery/visualstudioexptteam/vscodeintellicode/latest - error GET Failed to fetch
2025-07-27 23:40:46.722 [error] #104: https://www.vscode-unpkg.net/_gallery/vscjava/vscode-gradle/latest - error GET Failed to fetch
2025-07-27 23:40:46.723 [error] #105: https://www.vscode-unpkg.net/_gallery/vscjava/vscode-java-debug/latest - error GET Failed to fetch
2025-07-27 23:40:46.723 [error] #106: https://www.vscode-unpkg.net/_gallery/vscjava/vscode-java-dependency/latest - error GET Failed to fetch
2025-07-27 23:40:46.731 [error] #107: https://www.vscode-unpkg.net/_gallery/vscjava/vscode-java-pack/latest - error GET Failed to fetch
2025-07-27 23:40:46.732 [error] #108: https://www.vscode-unpkg.net/_gallery/vscjava/vscode-java-test/latest - error GET Failed to fetch
2025-07-27 23:40:46.732 [error] #109: https://www.vscode-unpkg.net/_gallery/vscjava/vscode-maven/latest - error GET Failed to fetch
2025-07-27 23:40:46.732 [error] #110: https://www.vscode-unpkg.net/_gallery/wholroyd/jinja/latest - error GET Failed to fetch
2025-07-27 23:40:46.733 [error] #111: https://www.vscode-unpkg.net/_gallery/yzhang/markdown-all-in-one/latest - error GET Failed to fetch
2025-07-27 23:40:46.734 [error] #112: https://www.vscode-unpkg.net/_gallery/ziyasal/vscode-open-in-github/latest - error GET Failed to fetch
2025-07-27 23:40:46.904 [error] #113: https://marketplace.visualstudio.com/_apis/public/gallery/extensionquery - error POST Failed to fetch
2025-07-27 23:40:50.920 [error] #1: https://api.github.com/copilot_internal/user - error GET Failed to fetch
2025-07-27 23:40:50.927 [error] #2: https://api.github.com/copilot_internal/user - error GET Failed to fetch
2025-07-27 23:40:50.928 [error] #3: https://api.github.com/copilot_internal/v2/token - error GET Failed to fetch
