2025-07-27 23:40:33.953 [warning] Via 'product.json#extensionEnabledApiProposals' extension 'ms-vsliveshare.vsliveshare' wants API proposal 'notebookCellExecutionState' but that proposal DOES NOT EXIST. Likely, the proposal has been finalized (check 'vscode.d.ts') or was abandoned.
2025-07-27 23:40:33.966 [warning] Via 'product.json#extensionEnabledApiProposals' extension 'ms-python.gather' wants API proposal 'notebookCellExecutionState' but that proposal DOES NOT EXIST. Likely, the proposal has been finalized (check 'vscode.d.ts') or was abandoned.
2025-07-27 23:40:33.967 [warning] Via 'product.json#extensionEnabledApiProposals' extension 'ms-python.vscode-pylance' wants API proposal 'mcpConfigurationProvider' but that proposal DOES NOT EXIST. Likely, the proposal has been finalized (check 'vscode.d.ts') or was abandoned.
2025-07-27 23:40:34.353 [info] Started local extension host with pid 33115.
2025-07-27 23:40:35.628 [error] [Extension Host] (node:33115) [DEP0040] DeprecationWarning: The `punycode` module is deprecated. Please use a userland alternative instead.
(Use `exe --trace-deprecation ...` to show where the warning was created)
2025-07-27 23:40:36.177 [info] Settings Sync: Account status changed from uninitialized to unavailable
2025-07-27 23:40:38.116 [error] [Extension Host] Error fetching remote message TypeError: fetch failed
	at node:internal/deps/undici/undici:13510:13
	at process.processTicksAndRejections (node:internal/process/task_queues:105:5)
	at async globalThis.fetch (file:///opt/visual-studio-code/resources/app/out/vs/workbench/api/node/extensionHostProcess.js:166:24322)
	at async /home/mochi-002/.vscode/extensions/divyanshuagrawal.competitive-programming-helper-2025.7.1752155836/dist/extension.js:1:182293
2025-07-27 23:40:46.418 [error] Error while getting the latest version for the extension adpyke.codesnap from https://marketplace.visualstudio.com/_apis/public/gallery/vscode/{publisher}/{name}/latest. Trying the fallback https://www.vscode-unpkg.net/_gallery/{publisher}/{name}/latest Failed to fetch
2025-07-27 23:40:46.427 [error] Error while getting the latest version for the extension aaron-bond.better-comments from https://marketplace.visualstudio.com/_apis/public/gallery/vscode/{publisher}/{name}/latest. Trying the fallback https://www.vscode-unpkg.net/_gallery/{publisher}/{name}/latest Failed to fetch
2025-07-27 23:40:46.428 [error] Error while getting the latest version for the extension alefragnani.bookmarks from https://marketplace.visualstudio.com/_apis/public/gallery/vscode/{publisher}/{name}/latest. Trying the fallback https://www.vscode-unpkg.net/_gallery/{publisher}/{name}/latest Failed to fetch
2025-07-27 23:40:46.429 [error] Error while getting the latest version for the extension alefragnani.project-manager from https://marketplace.visualstudio.com/_apis/public/gallery/vscode/{publisher}/{name}/latest. Trying the fallback https://www.vscode-unpkg.net/_gallery/{publisher}/{name}/latest Failed to fetch
2025-07-27 23:40:46.430 [error] Error while getting the latest version for the extension battleoverflow.animeface from https://marketplace.visualstudio.com/_apis/public/gallery/vscode/{publisher}/{name}/latest. Trying the fallback https://www.vscode-unpkg.net/_gallery/{publisher}/{name}/latest Failed to fetch
2025-07-27 23:40:46.431 [error] Error while getting the latest version for the extension batisteo.vscode-django from https://marketplace.visualstudio.com/_apis/public/gallery/vscode/{publisher}/{name}/latest. Trying the fallback https://www.vscode-unpkg.net/_gallery/{publisher}/{name}/latest Failed to fetch
2025-07-27 23:40:46.432 [error] Error while getting the latest version for the extension codezombiech.gitignore from https://marketplace.visualstudio.com/_apis/public/gallery/vscode/{publisher}/{name}/latest. Trying the fallback https://www.vscode-unpkg.net/_gallery/{publisher}/{name}/latest Failed to fetch
2025-07-27 23:40:46.445 [error] Error while getting the latest version for the extension codium.codium from https://marketplace.visualstudio.com/_apis/public/gallery/vscode/{publisher}/{name}/latest. Trying the fallback https://www.vscode-unpkg.net/_gallery/{publisher}/{name}/latest Failed to fetch
2025-07-27 23:40:46.447 [error] Error while getting the latest version for the extension dbaeumer.vscode-eslint from https://marketplace.visualstudio.com/_apis/public/gallery/vscode/{publisher}/{name}/latest. Trying the fallback https://www.vscode-unpkg.net/_gallery/{publisher}/{name}/latest Failed to fetch
2025-07-27 23:40:46.448 [error] Error while getting the latest version for the extension divyanshuagrawal.competitive-programming-helper from https://marketplace.visualstudio.com/_apis/public/gallery/vscode/{publisher}/{name}/latest. Trying the fallback https://www.vscode-unpkg.net/_gallery/{publisher}/{name}/latest Failed to fetch
2025-07-27 23:40:46.450 [error] Error while getting the latest version for the extension donjayamanne.git-extension-pack from https://marketplace.visualstudio.com/_apis/public/gallery/vscode/{publisher}/{name}/latest. Trying the fallback https://www.vscode-unpkg.net/_gallery/{publisher}/{name}/latest Failed to fetch
2025-07-27 23:40:46.451 [error] Error while getting the latest version for the extension donjayamanne.githistory from https://marketplace.visualstudio.com/_apis/public/gallery/vscode/{publisher}/{name}/latest. Trying the fallback https://www.vscode-unpkg.net/_gallery/{publisher}/{name}/latest Failed to fetch
2025-07-27 23:40:46.451 [error] Error while getting the latest version for the extension donjayamanne.python-environment-manager from https://marketplace.visualstudio.com/_apis/public/gallery/vscode/{publisher}/{name}/latest. Trying the fallback https://www.vscode-unpkg.net/_gallery/{publisher}/{name}/latest Failed to fetch
2025-07-27 23:40:46.461 [error] Error while getting the latest version for the extension codezombiech.gitignore. Failed to fetch
2025-07-27 23:40:46.463 [error] Error while getting the latest version for the extension batisteo.vscode-django. Failed to fetch
2025-07-27 23:40:46.463 [error] Error while getting the latest version for the extension battleoverflow.animeface. Failed to fetch
2025-07-27 23:40:46.464 [error] Error while getting the latest version for the extension alefragnani.project-manager. Failed to fetch
2025-07-27 23:40:46.464 [error] Error while getting the latest version for the extension alefragnani.bookmarks. Failed to fetch
2025-07-27 23:40:46.464 [error] Error while getting the latest version for the extension aaron-bond.better-comments. Failed to fetch
2025-07-27 23:40:46.464 [error] Error while getting the latest version for the extension donjayamanne.python-extension-pack from https://marketplace.visualstudio.com/_apis/public/gallery/vscode/{publisher}/{name}/latest. Trying the fallback https://www.vscode-unpkg.net/_gallery/{publisher}/{name}/latest Failed to fetch
2025-07-27 23:40:46.465 [error] Error while getting the latest version for the extension dooez.alt-catppuccin-vsc from https://marketplace.visualstudio.com/_apis/public/gallery/vscode/{publisher}/{name}/latest. Trying the fallback https://www.vscode-unpkg.net/_gallery/{publisher}/{name}/latest Failed to fetch
2025-07-27 23:40:46.466 [error] Error while getting the latest version for the extension eamodio.gitlens from https://marketplace.visualstudio.com/_apis/public/gallery/vscode/{publisher}/{name}/latest. Trying the fallback https://www.vscode-unpkg.net/_gallery/{publisher}/{name}/latest Failed to fetch
2025-07-27 23:40:46.467 [error] Error while getting the latest version for the extension enkia.tokyo-night from https://marketplace.visualstudio.com/_apis/public/gallery/vscode/{publisher}/{name}/latest. Trying the fallback https://www.vscode-unpkg.net/_gallery/{publisher}/{name}/latest Failed to fetch
2025-07-27 23:40:46.468 [error] Error while getting the latest version for the extension esbenp.prettier-vscode from https://marketplace.visualstudio.com/_apis/public/gallery/vscode/{publisher}/{name}/latest. Trying the fallback https://www.vscode-unpkg.net/_gallery/{publisher}/{name}/latest Failed to fetch
2025-07-27 23:40:46.468 [error] Error while getting the latest version for the extension hediet.vscode-drawio from https://marketplace.visualstudio.com/_apis/public/gallery/vscode/{publisher}/{name}/latest. Trying the fallback https://www.vscode-unpkg.net/_gallery/{publisher}/{name}/latest Failed to fetch
2025-07-27 23:40:46.477 [error] Error while getting the latest version for the extension adpyke.codesnap. Failed to fetch
2025-07-27 23:40:46.478 [error] Error while getting the latest version for the extension codium.codium. Failed to fetch
2025-07-27 23:40:46.478 [error] Error while getting the latest version for the extension dbaeumer.vscode-eslint. Failed to fetch
2025-07-27 23:40:46.479 [error] Error while getting the latest version for the extension divyanshuagrawal.competitive-programming-helper. Failed to fetch
2025-07-27 23:40:46.479 [error] Error while getting the latest version for the extension donjayamanne.git-extension-pack. Failed to fetch
2025-07-27 23:40:46.479 [error] Error while getting the latest version for the extension donjayamanne.githistory. Failed to fetch
2025-07-27 23:40:46.481 [error] Error while getting the latest version for the extension jeff-hykin.better-cpp-syntax from https://marketplace.visualstudio.com/_apis/public/gallery/vscode/{publisher}/{name}/latest. Trying the fallback https://www.vscode-unpkg.net/_gallery/{publisher}/{name}/latest Failed to fetch
2025-07-27 23:40:46.482 [error] Error while getting the latest version for the extension jeff-hykin.better-csv-syntax from https://marketplace.visualstudio.com/_apis/public/gallery/vscode/{publisher}/{name}/latest. Trying the fallback https://www.vscode-unpkg.net/_gallery/{publisher}/{name}/latest Failed to fetch
2025-07-27 23:40:46.483 [error] Error while getting the latest version for the extension kevinrose.vsc-python-indent from https://marketplace.visualstudio.com/_apis/public/gallery/vscode/{publisher}/{name}/latest. Trying the fallback https://www.vscode-unpkg.net/_gallery/{publisher}/{name}/latest Failed to fetch
2025-07-27 23:40:46.485 [error] Error while getting the latest version for the extension kruemelkatze.vscode-dashboard from https://marketplace.visualstudio.com/_apis/public/gallery/vscode/{publisher}/{name}/latest. Trying the fallback https://www.vscode-unpkg.net/_gallery/{publisher}/{name}/latest Failed to fetch
2025-07-27 23:40:46.486 [error] Error while getting the latest version for the extension mechatroner.rainbow-csv from https://marketplace.visualstudio.com/_apis/public/gallery/vscode/{publisher}/{name}/latest. Trying the fallback https://www.vscode-unpkg.net/_gallery/{publisher}/{name}/latest Failed to fetch
2025-07-27 23:40:46.487 [error] Error while getting the latest version for the extension ms-python.debugpy from https://marketplace.visualstudio.com/_apis/public/gallery/vscode/{publisher}/{name}/latest. Trying the fallback https://www.vscode-unpkg.net/_gallery/{publisher}/{name}/latest Failed to fetch
2025-07-27 23:40:46.627 [error] Error while getting the latest version for the extension donjayamanne.python-environment-manager. Failed to fetch
2025-07-27 23:40:46.628 [error] Error while getting the latest version for the extension donjayamanne.python-extension-pack. Failed to fetch
2025-07-27 23:40:46.628 [error] Error while getting the latest version for the extension dooez.alt-catppuccin-vsc. Failed to fetch
2025-07-27 23:40:46.628 [error] Error while getting the latest version for the extension eamodio.gitlens. Failed to fetch
2025-07-27 23:40:46.629 [error] Error while getting the latest version for the extension enkia.tokyo-night. Failed to fetch
2025-07-27 23:40:46.631 [error] Error while getting the latest version for the extension esbenp.prettier-vscode. Failed to fetch
2025-07-27 23:40:46.632 [error] Error while getting the latest version for the extension ms-python.python from https://marketplace.visualstudio.com/_apis/public/gallery/vscode/{publisher}/{name}/latest. Trying the fallback https://www.vscode-unpkg.net/_gallery/{publisher}/{name}/latest Failed to fetch
2025-07-27 23:40:46.634 [error] Error while getting the latest version for the extension ms-python.vscode-pylance from https://marketplace.visualstudio.com/_apis/public/gallery/vscode/{publisher}/{name}/latest. Trying the fallback https://www.vscode-unpkg.net/_gallery/{publisher}/{name}/latest Failed to fetch
2025-07-27 23:40:46.635 [error] Error while getting the latest version for the extension ms-python.vscode-python-envs from https://marketplace.visualstudio.com/_apis/public/gallery/vscode/{publisher}/{name}/latest. Trying the fallback https://www.vscode-unpkg.net/_gallery/{publisher}/{name}/latest Failed to fetch
2025-07-27 23:40:46.637 [error] Error while getting the latest version for the extension ms-vscode.cmake-tools from https://marketplace.visualstudio.com/_apis/public/gallery/vscode/{publisher}/{name}/latest. Trying the fallback https://www.vscode-unpkg.net/_gallery/{publisher}/{name}/latest Failed to fetch
2025-07-27 23:40:46.638 [error] Error while getting the latest version for the extension ms-vscode.cpptools from https://marketplace.visualstudio.com/_apis/public/gallery/vscode/{publisher}/{name}/latest. Trying the fallback https://www.vscode-unpkg.net/_gallery/{publisher}/{name}/latest Failed to fetch
2025-07-27 23:40:46.639 [error] Error while getting the latest version for the extension ms-vscode.cpptools-extension-pack from https://marketplace.visualstudio.com/_apis/public/gallery/vscode/{publisher}/{name}/latest. Trying the fallback https://www.vscode-unpkg.net/_gallery/{publisher}/{name}/latest Failed to fetch
2025-07-27 23:40:46.644 [error] Error while getting the latest version for the extension hediet.vscode-drawio. Failed to fetch
2025-07-27 23:40:46.644 [error] Error while getting the latest version for the extension jeff-hykin.better-cpp-syntax. Failed to fetch
2025-07-27 23:40:46.644 [error] Error while getting the latest version for the extension jeff-hykin.better-csv-syntax. Failed to fetch
2025-07-27 23:40:46.644 [error] Error while getting the latest version for the extension kevinrose.vsc-python-indent. Failed to fetch
2025-07-27 23:40:46.645 [error] Error while getting the latest version for the extension kruemelkatze.vscode-dashboard. Failed to fetch
2025-07-27 23:40:46.645 [error] Error while getting the latest version for the extension mechatroner.rainbow-csv. Failed to fetch
2025-07-27 23:40:46.650 [error] Error while getting the latest version for the extension ms-vscode.cpptools-themes from https://marketplace.visualstudio.com/_apis/public/gallery/vscode/{publisher}/{name}/latest. Trying the fallback https://www.vscode-unpkg.net/_gallery/{publisher}/{name}/latest Failed to fetch
2025-07-27 23:40:46.652 [error] Error while getting the latest version for the extension ms-vscode.makefile-tools from https://marketplace.visualstudio.com/_apis/public/gallery/vscode/{publisher}/{name}/latest. Trying the fallback https://www.vscode-unpkg.net/_gallery/{publisher}/{name}/latest Failed to fetch
2025-07-27 23:40:46.652 [error] Error while getting the latest version for the extension njpwerner.autodocstring from https://marketplace.visualstudio.com/_apis/public/gallery/vscode/{publisher}/{name}/latest. Trying the fallback https://www.vscode-unpkg.net/_gallery/{publisher}/{name}/latest Failed to fetch
2025-07-27 23:40:46.654 [error] Error while getting the latest version for the extension oderwat.indent-rainbow from https://marketplace.visualstudio.com/_apis/public/gallery/vscode/{publisher}/{name}/latest. Trying the fallback https://www.vscode-unpkg.net/_gallery/{publisher}/{name}/latest Failed to fetch
2025-07-27 23:40:46.655 [error] Error while getting the latest version for the extension pkief.material-icon-theme from https://marketplace.visualstudio.com/_apis/public/gallery/vscode/{publisher}/{name}/latest. Trying the fallback https://www.vscode-unpkg.net/_gallery/{publisher}/{name}/latest Failed to fetch
2025-07-27 23:40:46.656 [error] Error while getting the latest version for the extension platformio.platformio-ide from https://marketplace.visualstudio.com/_apis/public/gallery/vscode/{publisher}/{name}/latest. Trying the fallback https://www.vscode-unpkg.net/_gallery/{publisher}/{name}/latest Failed to fetch
2025-07-27 23:40:46.662 [error] Error while getting the latest version for the extension ms-python.debugpy. Failed to fetch
2025-07-27 23:40:46.663 [error] Error while getting the latest version for the extension ms-python.python. Failed to fetch
2025-07-27 23:40:46.664 [error] Error while getting the latest version for the extension ms-python.vscode-pylance. Failed to fetch
2025-07-27 23:40:46.665 [error] Error while getting the latest version for the extension ms-python.vscode-python-envs. Failed to fetch
2025-07-27 23:40:46.665 [error] Error while getting the latest version for the extension ms-vscode.cmake-tools. Failed to fetch
2025-07-27 23:40:46.666 [error] Error while getting the latest version for the extension ms-vscode.cpptools. Failed to fetch
2025-07-27 23:40:46.679 [error] Error while getting the latest version for the extension redhat.java from https://marketplace.visualstudio.com/_apis/public/gallery/vscode/{publisher}/{name}/latest. Trying the fallback https://www.vscode-unpkg.net/_gallery/{publisher}/{name}/latest Failed to fetch
2025-07-27 23:40:46.682 [error] Error while getting the latest version for the extension ritwickdey.liveserver from https://marketplace.visualstudio.com/_apis/public/gallery/vscode/{publisher}/{name}/latest. Trying the fallback https://www.vscode-unpkg.net/_gallery/{publisher}/{name}/latest Failed to fetch
2025-07-27 23:40:46.684 [error] Error while getting the latest version for the extension rvest.vs-code-prettier-eslint from https://marketplace.visualstudio.com/_apis/public/gallery/vscode/{publisher}/{name}/latest. Trying the fallback https://www.vscode-unpkg.net/_gallery/{publisher}/{name}/latest Failed to fetch
2025-07-27 23:40:46.686 [error] Error while getting the latest version for the extension shd101wyy.markdown-preview-enhanced from https://marketplace.visualstudio.com/_apis/public/gallery/vscode/{publisher}/{name}/latest. Trying the fallback https://www.vscode-unpkg.net/_gallery/{publisher}/{name}/latest Failed to fetch
2025-07-27 23:40:46.687 [error] Error while getting the latest version for the extension tonybaloney.vscode-pets from https://marketplace.visualstudio.com/_apis/public/gallery/vscode/{publisher}/{name}/latest. Trying the fallback https://www.vscode-unpkg.net/_gallery/{publisher}/{name}/latest Failed to fetch
2025-07-27 23:40:46.688 [error] Error while getting the latest version for the extension usernamehw.errorlens from https://marketplace.visualstudio.com/_apis/public/gallery/vscode/{publisher}/{name}/latest. Trying the fallback https://www.vscode-unpkg.net/_gallery/{publisher}/{name}/latest Failed to fetch
2025-07-27 23:40:46.690 [error] Error while getting the latest version for the extension ms-vscode.cpptools-extension-pack. Failed to fetch
2025-07-27 23:40:46.691 [error] Error while getting the latest version for the extension ms-vscode.cpptools-themes. Failed to fetch
2025-07-27 23:40:46.692 [error] Error while getting the latest version for the extension ms-vscode.makefile-tools. Failed to fetch
2025-07-27 23:40:46.693 [error] Error while getting the latest version for the extension njpwerner.autodocstring. Failed to fetch
2025-07-27 23:40:46.693 [error] Error while getting the latest version for the extension oderwat.indent-rainbow. Failed to fetch
2025-07-27 23:40:46.693 [error] Error while getting the latest version for the extension pkief.material-icon-theme. Failed to fetch
2025-07-27 23:40:46.698 [error] Error while getting the latest version for the extension visualstudioexptteam.intellicode-api-usage-examples from https://marketplace.visualstudio.com/_apis/public/gallery/vscode/{publisher}/{name}/latest. Trying the fallback https://www.vscode-unpkg.net/_gallery/{publisher}/{name}/latest Failed to fetch
2025-07-27 23:40:46.701 [error] Error while getting the latest version for the extension visualstudioexptteam.vscodeintellicode from https://marketplace.visualstudio.com/_apis/public/gallery/vscode/{publisher}/{name}/latest. Trying the fallback https://www.vscode-unpkg.net/_gallery/{publisher}/{name}/latest Failed to fetch
2025-07-27 23:40:46.702 [error] Error while getting the latest version for the extension vscjava.vscode-gradle from https://marketplace.visualstudio.com/_apis/public/gallery/vscode/{publisher}/{name}/latest. Trying the fallback https://www.vscode-unpkg.net/_gallery/{publisher}/{name}/latest Failed to fetch
2025-07-27 23:40:46.702 [error] Error while getting the latest version for the extension vscjava.vscode-java-debug from https://marketplace.visualstudio.com/_apis/public/gallery/vscode/{publisher}/{name}/latest. Trying the fallback https://www.vscode-unpkg.net/_gallery/{publisher}/{name}/latest Failed to fetch
2025-07-27 23:40:46.703 [error] Error while getting the latest version for the extension vscjava.vscode-java-dependency from https://marketplace.visualstudio.com/_apis/public/gallery/vscode/{publisher}/{name}/latest. Trying the fallback https://www.vscode-unpkg.net/_gallery/{publisher}/{name}/latest Failed to fetch
2025-07-27 23:40:46.704 [error] Error while getting the latest version for the extension vscjava.vscode-java-pack from https://marketplace.visualstudio.com/_apis/public/gallery/vscode/{publisher}/{name}/latest. Trying the fallback https://www.vscode-unpkg.net/_gallery/{publisher}/{name}/latest Failed to fetch
2025-07-27 23:40:46.705 [error] Error while getting the latest version for the extension platformio.platformio-ide. Failed to fetch
2025-07-27 23:40:46.705 [error] Error while getting the latest version for the extension redhat.java. Failed to fetch
2025-07-27 23:40:46.705 [error] Error while getting the latest version for the extension ritwickdey.liveserver. Failed to fetch
2025-07-27 23:40:46.706 [error] Error while getting the latest version for the extension rvest.vs-code-prettier-eslint. Failed to fetch
2025-07-27 23:40:46.706 [error] Error while getting the latest version for the extension shd101wyy.markdown-preview-enhanced. Failed to fetch
2025-07-27 23:40:46.706 [error] Error while getting the latest version for the extension tonybaloney.vscode-pets. Failed to fetch
2025-07-27 23:40:46.718 [error] Error while getting the latest version for the extension vscjava.vscode-java-test from https://marketplace.visualstudio.com/_apis/public/gallery/vscode/{publisher}/{name}/latest. Trying the fallback https://www.vscode-unpkg.net/_gallery/{publisher}/{name}/latest Failed to fetch
2025-07-27 23:40:46.719 [error] Error while getting the latest version for the extension vscjava.vscode-maven from https://marketplace.visualstudio.com/_apis/public/gallery/vscode/{publisher}/{name}/latest. Trying the fallback https://www.vscode-unpkg.net/_gallery/{publisher}/{name}/latest Failed to fetch
2025-07-27 23:40:46.719 [error] Error while getting the latest version for the extension wholroyd.jinja from https://marketplace.visualstudio.com/_apis/public/gallery/vscode/{publisher}/{name}/latest. Trying the fallback https://www.vscode-unpkg.net/_gallery/{publisher}/{name}/latest Failed to fetch
2025-07-27 23:40:46.720 [error] Error while getting the latest version for the extension yzhang.markdown-all-in-one from https://marketplace.visualstudio.com/_apis/public/gallery/vscode/{publisher}/{name}/latest. Trying the fallback https://www.vscode-unpkg.net/_gallery/{publisher}/{name}/latest Failed to fetch
2025-07-27 23:40:46.720 [error] Error while getting the latest version for the extension ziyasal.vscode-open-in-github from https://marketplace.visualstudio.com/_apis/public/gallery/vscode/{publisher}/{name}/latest. Trying the fallback https://www.vscode-unpkg.net/_gallery/{publisher}/{name}/latest Failed to fetch
2025-07-27 23:40:46.721 [error] Error while getting the latest version for the extension usernamehw.errorlens. Failed to fetch
2025-07-27 23:40:46.722 [error] Error while getting the latest version for the extension visualstudioexptteam.intellicode-api-usage-examples. Failed to fetch
2025-07-27 23:40:46.722 [error] Error while getting the latest version for the extension visualstudioexptteam.vscodeintellicode. Failed to fetch
2025-07-27 23:40:46.722 [error] Error while getting the latest version for the extension vscjava.vscode-gradle. Failed to fetch
2025-07-27 23:40:46.723 [error] Error while getting the latest version for the extension vscjava.vscode-java-debug. Failed to fetch
2025-07-27 23:40:46.723 [error] Error while getting the latest version for the extension vscjava.vscode-java-dependency. Failed to fetch
2025-07-27 23:40:46.731 [error] Error while getting the latest version for the extension vscjava.vscode-java-pack. Failed to fetch
2025-07-27 23:40:46.732 [error] Error while getting the latest version for the extension vscjava.vscode-java-test. Failed to fetch
2025-07-27 23:40:46.732 [error] Error while getting the latest version for the extension vscjava.vscode-maven. Failed to fetch
2025-07-27 23:40:46.733 [error] Error while getting the latest version for the extension wholroyd.jinja. Failed to fetch
2025-07-27 23:40:46.733 [error] Error while getting the latest version for the extension yzhang.markdown-all-in-one. Failed to fetch
2025-07-27 23:40:46.734 [error] Error while getting the latest version for the extension ziyasal.vscode-open-in-github. Failed to fetch
2025-07-27 23:40:47.193 [info] [perf] Render performance baseline is 31ms
2025-07-27 23:40:47.750 [error] [Extension Host] ["ERROR" - 11:40:47 PM] Failed getting refresh token, trying again.
2025-07-27 23:40:47.750 [error] [Extension Host] ["ERROR" - 11:40:47 PM] getaddrinfo EAI_AGAIN securetoken.googleapis.com
2025-07-27 23:40:47.751 [error] [Extension Host] Error: getaddrinfo EAI_AGAIN securetoken.googleapis.com
	at pA.from (/home/mochi-002/.vscode/extensions/codium.codium-1.5.12/dist/extension.js:2:8754244)
	at w.<anonymous> (/home/mochi-002/.vscode/extensions/codium.codium-1.5.12/dist/extension.js:2:8777380)
	at w.emit (node:events:518:28)
	at p.forEach.B.<computed> (/home/mochi-002/.vscode/extensions/codium.codium-1.5.12/dist/extension.js:2:4164534)
	at ClientRequest.emit (node:events:530:35)
	at emitErrorEvent (node:_http_client:104:11)
	at TLSSocket.socketErrorListener (node:_http_client:518:5)
	at TLSSocket.emit (node:events:518:28)
	at emitErrorNT (node:internal/streams/destroy:170:8)
	at emitErrorCloseNT (node:internal/streams/destroy:129:3)
	at process.processTicksAndRejections (node:internal/process/task_queues:90:21)
Error: Axios Better Stacktrace
	at n.forEach.A.<computed> [as post] (/home/mochi-002/.vscode/extensions/codium.codium-1.5.12/dist/extension.js:2:8515053)
	at t (/home/mochi-002/.vscode/extensions/codium.codium-1.5.12/dist/extension.js:2:4225116)
	at e.CodiumGAuthAPI.getNewIdToken (/home/mochi-002/.vscode/extensions/codium.codium-1.5.12/dist/extension.js:2:4225161)
	at Q.getAccessToken (/home/mochi-002/.vscode/extensions/codium.codium-1.5.12/dist/extension.js:2:8831619)
	at Q.attemptAutoLogin (/home/mochi-002/.vscode/extensions/codium.codium-1.5.12/dist/extension.js:2:8829511)
	at g.login (/home/mochi-002/.vscode/extensions/codium.codium-1.5.12/dist/extension.js:2:8887203)
	at ct.request (/home/mochi-002/.vscode/extensions/codium.codium-1.5.12/dist/extension.js:2:8789455)
	at process.processTicksAndRejections (node:internal/process/task_queues:105:5)
	at async e.CodiumGAuthAPI.getNewIdToken (/home/mochi-002/.vscode/extensions/codium.codium-1.5.12/dist/extension.js:2:4225155)
	at async Q.getAccessToken (/home/mochi-002/.vscode/extensions/codium.codium-1.5.12/dist/extension.js:2:8831600)
	at async Q.attemptAutoLogin (/home/mochi-002/.vscode/extensions/codium.codium-1.5.12/dist/extension.js:2:8829500)
	at async g.login (/home/mochi-002/.vscode/extensions/codium.codium-1.5.12/dist/extension.js:2:8887179)
2025-07-27 23:40:48.375 [error] request to https://configs.gitkraken.dev/gitlens/product.json failed, reason: getaddrinfo EAI_AGAIN configs.gitkraken.dev
2025-07-27 23:40:49.783 [error] [Extension Host] ["ERROR" - 11:40:49 PM] Failed getting refresh token the second time.
2025-07-27 23:40:49.783 [error] [Extension Host] ["ERROR" - 11:40:49 PM] getaddrinfo EAI_AGAIN securetoken.googleapis.com
2025-07-27 23:40:49.784 [error] [Extension Host] Error: getaddrinfo EAI_AGAIN securetoken.googleapis.com
	at pA.from (/home/mochi-002/.vscode/extensions/codium.codium-1.5.12/dist/extension.js:2:8754244)
	at w.<anonymous> (/home/mochi-002/.vscode/extensions/codium.codium-1.5.12/dist/extension.js:2:8777380)
	at w.emit (node:events:518:28)
	at p.forEach.B.<computed> (/home/mochi-002/.vscode/extensions/codium.codium-1.5.12/dist/extension.js:2:4164534)
	at ClientRequest.emit (node:events:530:35)
	at emitErrorEvent (node:_http_client:104:11)
	at TLSSocket.socketErrorListener (node:_http_client:518:5)
	at TLSSocket.emit (node:events:518:28)
	at emitErrorNT (node:internal/streams/destroy:170:8)
	at emitErrorCloseNT (node:internal/streams/destroy:129:3)
	at process.processTicksAndRejections (node:internal/process/task_queues:90:21)
Error: Axios Better Stacktrace
	at n.forEach.A.<computed> [as post] (/home/mochi-002/.vscode/extensions/codium.codium-1.5.12/dist/extension.js:2:8515053)
	at t (/home/mochi-002/.vscode/extensions/codium.codium-1.5.12/dist/extension.js:2:4225116)
	at e.CodiumGAuthAPI.getNewIdToken (/home/mochi-002/.vscode/extensions/codium.codium-1.5.12/dist/extension.js:2:4225309)
	at async Q.getAccessToken (/home/mochi-002/.vscode/extensions/codium.codium-1.5.12/dist/extension.js:2:8831600)
	at async Q.attemptAutoLogin (/home/mochi-002/.vscode/extensions/codium.codium-1.5.12/dist/extension.js:2:8829500)
	at async g.login (/home/mochi-002/.vscode/extensions/codium.codium-1.5.12/dist/extension.js:2:8887179)
	at ct.request (/home/mochi-002/.vscode/extensions/codium.codium-1.5.12/dist/extension.js:2:8789455)
	at process.processTicksAndRejections (node:internal/process/task_queues:105:5)
	at async e.CodiumGAuthAPI.getNewIdToken (/home/mochi-002/.vscode/extensions/codium.codium-1.5.12/dist/extension.js:2:4225303)
	at async Q.getAccessToken (/home/mochi-002/.vscode/extensions/codium.codium-1.5.12/dist/extension.js:2:8831600)
	at async Q.attemptAutoLogin (/home/mochi-002/.vscode/extensions/codium.codium-1.5.12/dist/extension.js:2:8829500)
	at async g.login (/home/mochi-002/.vscode/extensions/codium.codium-1.5.12/dist/extension.js:2:8887179)
2025-07-27 23:40:49.785 [error] [Extension Host] ["ERROR" - 11:40:49 PM] auth_service.ts:login error
2025-07-27 23:40:49.785 [error] [Extension Host] {
  "message": "Please try to login again.",
  "name": "Error",
  "stack": "Error: Please try to login again.\n\tat e.CodiumGAuthAPI.getNewIdToken (/home/mochi-002/.vscode/extensions/codium.codium-1.5.12/dist/extension.js:2:4225553)\n\tat process.processTicksAndRejections (node:internal/process/task_queues:105:5)\n\tat async Q.getAccessToken (/home/mochi-002/.vscode/extensions/codium.codium-1.5.12/dist/extension.js:2:8831600)\n\tat async Q.attemptAutoLogin (/home/mochi-002/.vscode/extensions/codium.codium-1.5.12/dist/extension.js:2:8829500)"
}
2025-07-27 23:40:50.794 [error] An unknown error occurred. Please consult the log for more details.
2025-07-27 23:40:50.920 [error] [chat entitlement] request: error TypeError: Failed to fetch
2025-07-27 23:40:50.927 [error] Failed to fetch entitlements Failed to fetch
2025-07-27 23:40:50.928 [error] Failed to fetch token entitlements Failed to fetch
