["INFO" - 12:27:02 AM] Existing installation id found, no need to create a new one.
"4ba01e22-c615-4b10-98cd-dd6127b9e9bf"
["DEBUG" - 12:27:03 AM] Error fetching feature flags
{}
["DEBUG" - 12:27:03 AM] Initializing db
"/home/mochi-002/.config/Code/User/workspaceStorage/dbf4591efc63c66265dd3afe5ff5117a/Codium.codium"
["DEBUG" - 12:27:03 AM] Registered uninstall hook.
["DEBUG" - 12:27:03 AM] FileSystem - Registered URI scheme: qodoMcpEditdiff
["DEBUG" - 12:27:03 AM] FileSystem - Registered URI scheme: qodoToolsDiff
["DEBUG" - 12:27:06 AM] Terminal - Creating new TerminalManager instance
["DEBUG" - 12:27:06 AM] 🚀 ~ init ~ featureFlags:
{
  "items": [
    {
      "feature_id": "code_completion",
      "enabled": true,
      "masked": false
    },
    {
      "feature_id": "extend_test_suite",
      "enabled": false,
      "masked": false
    },
    {
      "feature_id": "pre_pr",
      "enabled": true,
      "masked": false
    }
  ]
}
["DEBUG" - 12:27:06 AM] Registering Codium provider
"2025-07-25T21:27:06.930Z"
["DEBUG" - 12:27:06 AM] Initializing Git commit tracker
["DEBUG" - 12:27:06 AM] Git commit tracking is disabled by feature flag.
["INFO" - 12:27:07 AM] Terminal - Initializing Terminal server
["DEBUG" - 12:27:07 AM] Terminal - Listing Terminal server tools
["DEBUG" - 12:27:07 AM] request (62714c08-1cfe-4568-966d-72c4cbc284e8) for endpoint tags_health failed with error AxiosError: Request failed with status code 503
["DEBUG" - 12:28:24 AM] Deactivating Codium provider
"2025-07-25T21:28:24.961Z"
["DEBUG" - 12:28:24 AM] Git commit tracker is not active. Nothing to dispose.
