2025-07-27 22:37:19.106 [info] GitLens v17.3.2 activating in Visual Studio Code (1.102.2) on the desktop; language='en', logLevel='warn', defaultDateLocale='null' (8edc335bf18d20a7ed57efb6d9abdfb564cb065daf7ad2fa2cacedcd27623cca|bfacda7f-226f-4c98-95e3-1f6409c745e21753645036391)
To enable debug logging, set `"gitlens.outputLevel": "debug"` or run "GitLens: Enable Debug Logging" from the Command Palette

2025-07-27 22:37:22.122 [info] [2025-07-27 19:37:21.724] Warning(/usr/bin/git -c core.quotepath=false -c color.ui=false log --format=%x1E%H%x1D --summary -n1 0d29421bc3a6bebd251fabb1fd80526da93f9ef6^ -- README.md): fatal: bad revision '0d29421bc3a6bebd251fabb1fd80526da93f9ef6^'


2025-07-27 22:37:24.122 [info] [2025-07-27 19:37:23.724] [GIT   *2068ms] [/home/mochi-002/dotfiles] git log --format=%x1E%H%x1D%aN%x1D%aE%x1D%at%x1D%cN%x1D%cE%x1D%ct%x1D%P%x1D%D%x1D%B%x1D --numstat --summary -M --use-mailmap -m --no-min-parents -n1 0d29421bc3a6bebd251fabb1fd80526da93f9ef6 -- [*2068ms] (slow)

2025-07-27 22:47:35.321 [info] [2025-07-27 19:47:34.821] Warning(/usr/bin/git -c core.quotepath=false -c color.ui=false log --format=%x1E%H%x1D --summary -n1 0d29421bc3a6bebd251fabb1fd80526da93f9ef6^ -- README.md): fatal: bad revision '0d29421bc3a6bebd251fabb1fd80526da93f9ef6^'


2025-07-27 22:47:37.323 [info] [2025-07-27 19:47:36.843] [GIT   *2046ms] [/home/mochi-002/dotfiles] git log --format=%x1E%H%x1D%aN%x1D%aE%x1D%at%x1D%cN%x1D%cE%x1D%ct%x1D%P%x1D%D%x1D%B%x1D --numstat --summary -M --use-mailmap -m --no-min-parents -n1 0d29421bc3a6bebd251fabb1fd80526da93f9ef6 -- [*2046ms] (slow)

2025-07-27 22:47:39.822 [info] [2025-07-27 19:47:39.550] Warning(/usr/bin/git -c core.quotepath=false -c color.ui=false log --format=%x1E%H%x1D --summary -n1 0d29421bc3a6bebd251fabb1fd80526da93f9ef6^ -- README.md): fatal: bad revision '0d29421bc3a6bebd251fabb1fd80526da93f9ef6^'


2025-07-27 22:47:41.823 [info] [2025-07-27 19:47:41.569] [GIT   *2042ms] [/home/mochi-002/dotfiles] git log --format=%x1E%H%x1D%aN%x1D%aE%x1D%at%x1D%cN%x1D%cE%x1D%ct%x1D%P%x1D%D%x1D%B%x1D --numstat --summary -M --use-mailmap -m --no-min-parents -n1 0d29421bc3a6bebd251fabb1fd80526da93f9ef6 -- [*2042ms] (slow)

2025-07-27 22:48:23.656 [info] [2025-07-27 19:48:23.155] Warning(/usr/bin/git -c core.quotepath=false -c color.ui=false log --format=%x1E%H%x1D --summary -n1 0d29421bc3a6bebd251fabb1fd80526da93f9ef6^ -- README.md): fatal: bad revision '0d29421bc3a6bebd251fabb1fd80526da93f9ef6^'


2025-07-27 22:48:25.657 [info] [2025-07-27 19:48:25.191] [GIT   *2063ms] [/home/mochi-002/dotfiles] git log --format=%x1E%H%x1D%aN%x1D%aE%x1D%at%x1D%cN%x1D%cE%x1D%ct%x1D%P%x1D%D%x1D%B%x1D --numstat --summary -M --use-mailmap -m --no-min-parents -n1 0d29421bc3a6bebd251fabb1fd80526da93f9ef6 -- [*2063ms] (slow)

2025-07-27 22:50:28.630 [info] [2025-07-27 19:50:28.130] Warning(/usr/bin/git -c core.quotepath=false -c color.ui=false log --format=%x1E%H%x1D --summary -n1 0d29421bc3a6bebd251fabb1fd80526da93f9ef6^ -- README.md): fatal: bad revision '0d29421bc3a6bebd251fabb1fd80526da93f9ef6^'


2025-07-27 22:50:30.630 [info] [2025-07-27 19:50:30.154] [GIT   *2060ms] [/home/mochi-002/dotfiles] git log --format=%x1E%H%x1D%aN%x1D%aE%x1D%at%x1D%cN%x1D%cE%x1D%ct%x1D%P%x1D%D%x1D%B%x1D --numstat --summary -M --use-mailmap -m --no-min-parents -n1 0d29421bc3a6bebd251fabb1fd80526da93f9ef6 -- [*2060ms] (slow)

2025-07-27 22:50:37.660 [info] [2025-07-27 19:50:37.160] Warning(/usr/bin/git -c core.quotepath=false -c color.ui=false log --format=%x1E%H%x1D --summary -n1 0d29421bc3a6bebd251fabb1fd80526da93f9ef6^ -- README.md): fatal: bad revision '0d29421bc3a6bebd251fabb1fd80526da93f9ef6^'


2025-07-27 22:50:39.662 [info] [2025-07-27 19:50:39.204] [GIT   *2073ms] [/home/mochi-002/dotfiles] git log --format=%x1E%H%x1D%aN%x1D%aE%x1D%at%x1D%cN%x1D%cE%x1D%ct%x1D%P%x1D%D%x1D%B%x1D --numstat --summary -M --use-mailmap -m --no-min-parents -n1 0d29421bc3a6bebd251fabb1fd80526da93f9ef6 -- [*2073ms] (slow)

2025-07-27 22:50:42.665 [info] [2025-07-27 19:50:42.490] Warning(/usr/bin/git -c core.quotepath=false -c color.ui=false log --format=%x1E%H%x1D --summary -n1 0d29421bc3a6bebd251fabb1fd80526da93f9ef6^ -- README.md): fatal: bad revision '0d29421bc3a6bebd251fabb1fd80526da93f9ef6^'


2025-07-27 22:50:44.667 [info] [2025-07-27 19:50:44.508] [GIT   *2045ms] [/home/mochi-002/dotfiles] git log --format=%x1E%H%x1D%aN%x1D%aE%x1D%at%x1D%cN%x1D%cE%x1D%ct%x1D%P%x1D%D%x1D%B%x1D --numstat --summary -M --use-mailmap -m --no-min-parents -n1 0d29421bc3a6bebd251fabb1fd80526da93f9ef6 -- [*2045ms] (slow)

2025-07-27 22:50:45.667 [info] [2025-07-27 19:50:45.650] Warning(/usr/bin/git -c core.quotepath=false -c color.ui=false log --format=%x1E%H%x1D --summary -n1 0d29421bc3a6bebd251fabb1fd80526da93f9ef6^ -- README.md): fatal: bad revision '0d29421bc3a6bebd251fabb1fd80526da93f9ef6^'


2025-07-27 22:50:48.168 [info] [2025-07-27 19:50:47.675] [GIT   *2056ms] [/home/mochi-002/dotfiles] git log --format=%x1E%H%x1D%aN%x1D%aE%x1D%at%x1D%cN%x1D%cE%x1D%ct%x1D%P%x1D%D%x1D%B%x1D --numstat --summary -M --use-mailmap -m --no-min-parents -n1 0d29421bc3a6bebd251fabb1fd80526da93f9ef6 -- [*2056ms] (slow)

2025-07-27 22:50:49.169 [info] [2025-07-27 19:50:49.143] Warning(/usr/bin/git -c core.quotepath=false -c color.ui=false log --format=%x1E%H%x1D --summary -n1 0d29421bc3a6bebd251fabb1fd80526da93f9ef6^ -- README.md): fatal: bad revision '0d29421bc3a6bebd251fabb1fd80526da93f9ef6^'


2025-07-27 22:50:51.670 [info] [2025-07-27 19:50:51.189] [GIT   *2076ms] [/home/mochi-002/dotfiles] git log --format=%x1E%H%x1D%aN%x1D%aE%x1D%at%x1D%cN%x1D%cE%x1D%ct%x1D%P%x1D%D%x1D%B%x1D --numstat --summary -M --use-mailmap -m --no-min-parents -n1 0d29421bc3a6bebd251fabb1fd80526da93f9ef6 -- [*2076ms] (slow)

2025-07-27 22:51:21.354 [info] [2025-07-27 19:51:20.854] Warning(/usr/bin/git -c core.quotepath=false -c color.ui=false log --format=%x1E%H%x1D --summary -n1 0d29421bc3a6bebd251fabb1fd80526da93f9ef6^ -- README.md): fatal: bad revision '0d29421bc3a6bebd251fabb1fd80526da93f9ef6^'


2025-07-27 22:51:23.354 [info] [2025-07-27 19:51:22.874] [GIT   *2052ms] [/home/mochi-002/dotfiles] git log --format=%x1E%H%x1D%aN%x1D%aE%x1D%at%x1D%cN%x1D%cE%x1D%ct%x1D%P%x1D%D%x1D%B%x1D --numstat --summary -M --use-mailmap -m --no-min-parents -n1 0d29421bc3a6bebd251fabb1fd80526da93f9ef6 -- [*2052ms] (slow)

2025-07-27 22:51:25.856 [info] [2025-07-27 19:51:25.644] Warning(/usr/bin/git -c core.quotepath=false -c color.ui=false log --format=%x1E%H%x1D --summary -n1 0d29421bc3a6bebd251fabb1fd80526da93f9ef6^ -- README.md): fatal: bad revision '0d29421bc3a6bebd251fabb1fd80526da93f9ef6^'


2025-07-27 22:51:27.859 [info] [2025-07-27 19:51:27.661] [GIT   *2045ms] [/home/mochi-002/dotfiles] git log --format=%x1E%H%x1D%aN%x1D%aE%x1D%at%x1D%cN%x1D%cE%x1D%ct%x1D%P%x1D%D%x1D%B%x1D --numstat --summary -M --use-mailmap -m --no-min-parents -n1 0d29421bc3a6bebd251fabb1fd80526da93f9ef6 -- [*2045ms] (slow)

2025-07-27 22:52:00.570 [info] [2025-07-27 19:52:00.070] Warning(/usr/bin/git -c core.quotepath=false -c color.ui=false log --format=%x1E%H%x1D --summary -n1 0d29421bc3a6bebd251fabb1fd80526da93f9ef6^ -- README.md): fatal: bad revision '0d29421bc3a6bebd251fabb1fd80526da93f9ef6^'


2025-07-27 22:52:02.570 [info] [2025-07-27 19:52:02.087] [GIT   *2038ms] [/home/mochi-002/dotfiles] git log --format=%x1E%H%x1D%aN%x1D%aE%x1D%at%x1D%cN%x1D%cE%x1D%ct%x1D%P%x1D%D%x1D%B%x1D --numstat --summary -M --use-mailmap -m --no-min-parents -n1 0d29421bc3a6bebd251fabb1fd80526da93f9ef6 -- [*2038ms] (slow)

2025-07-27 22:52:10.536 [info] [2025-07-27 19:52:10.027] Warning(/usr/bin/git -c core.quotepath=false -c color.ui=false log --format=%x1E%H%x1D --summary -n1 0d29421bc3a6bebd251fabb1fd80526da93f9ef6^ -- README.md): fatal: bad revision '0d29421bc3a6bebd251fabb1fd80526da93f9ef6^'


2025-07-27 22:52:12.536 [info] [2025-07-27 19:52:12.054] [GIT   *2055ms] [/home/mochi-002/dotfiles] git log --format=%x1E%H%x1D%aN%x1D%aE%x1D%at%x1D%cN%x1D%cE%x1D%ct%x1D%P%x1D%D%x1D%B%x1D --numstat --summary -M --use-mailmap -m --no-min-parents -n1 0d29421bc3a6bebd251fabb1fd80526da93f9ef6 -- [*2055ms] (slow)

2025-07-27 22:52:19.842 [info] [2025-07-27 19:52:19.342] Warning(/usr/bin/git -c core.quotepath=false -c color.ui=false log --format=%x1E%H%x1D --summary -n1 0d29421bc3a6bebd251fabb1fd80526da93f9ef6^ -- README.md): fatal: bad revision '0d29421bc3a6bebd251fabb1fd80526da93f9ef6^'


2025-07-27 22:52:21.843 [info] [2025-07-27 19:52:21.361] [GIT   *2047ms] [/home/mochi-002/dotfiles] git log --format=%x1E%H%x1D%aN%x1D%aE%x1D%at%x1D%cN%x1D%cE%x1D%ct%x1D%P%x1D%D%x1D%B%x1D --numstat --summary -M --use-mailmap -m --no-min-parents -n1 0d29421bc3a6bebd251fabb1fd80526da93f9ef6 -- [*2047ms] (slow)

2025-07-27 22:52:47.765 [info] [2025-07-27 19:52:47.265] Warning(/usr/bin/git -c core.quotepath=false -c color.ui=false log --format=%x1E%H%x1D --summary -n1 0d29421bc3a6bebd251fabb1fd80526da93f9ef6^ -- README.md): fatal: bad revision '0d29421bc3a6bebd251fabb1fd80526da93f9ef6^'


2025-07-27 22:52:49.765 [info] [2025-07-27 19:52:49.285] [GIT   *2049ms] [/home/mochi-002/dotfiles] git log --format=%x1E%H%x1D%aN%x1D%aE%x1D%at%x1D%cN%x1D%cE%x1D%ct%x1D%P%x1D%D%x1D%B%x1D --numstat --summary -M --use-mailmap -m --no-min-parents -n1 0d29421bc3a6bebd251fabb1fd80526da93f9ef6 -- [*2049ms] (slow)

2025-07-27 22:52:56.564 [info] [2025-07-27 19:52:56.064] Warning(/usr/bin/git -c core.quotepath=false -c color.ui=false log --format=%x1E%H%x1D --summary -n1 0d29421bc3a6bebd251fabb1fd80526da93f9ef6^ -- README.md): fatal: bad revision '0d29421bc3a6bebd251fabb1fd80526da93f9ef6^'


2025-07-27 22:52:58.565 [info] [2025-07-27 19:52:58.099] [GIT   *2075ms] [/home/mochi-002/dotfiles] git log --format=%x1E%H%x1D%aN%x1D%aE%x1D%at%x1D%cN%x1D%cE%x1D%ct%x1D%P%x1D%D%x1D%B%x1D --numstat --summary -M --use-mailmap -m --no-min-parents -n1 0d29421bc3a6bebd251fabb1fd80526da93f9ef6 -- [*2075ms] (slow)

2025-07-27 22:56:00.000 [info] [2025-07-27 19:55:59.500] Warning(/usr/bin/git -c core.quotepath=false -c color.ui=false log --format=%x1E%H%x1D --summary -n1 0d29421bc3a6bebd251fabb1fd80526da93f9ef6^ -- README.md): fatal: bad revision '0d29421bc3a6bebd251fabb1fd80526da93f9ef6^'


2025-07-27 22:56:02.002 [info] [2025-07-27 19:56:01.532] [GIT   *2070ms] [/home/mochi-002/dotfiles] git log --format=%x1E%H%x1D%aN%x1D%aE%x1D%at%x1D%cN%x1D%cE%x1D%ct%x1D%P%x1D%D%x1D%B%x1D --numstat --summary -M --use-mailmap -m --no-min-parents -n1 0d29421bc3a6bebd251fabb1fd80526da93f9ef6 -- [*2070ms] (slow)

2025-07-27 22:58:01.354 [info] [2025-07-27 19:58:00.854] Warning(/usr/bin/git -c core.quotepath=false -c color.ui=false log --format=%x1E%H%x1D --summary -n1 0d29421bc3a6bebd251fabb1fd80526da93f9ef6^ -- README.md): fatal: bad revision '0d29421bc3a6bebd251fabb1fd80526da93f9ef6^'


2025-07-27 22:58:03.354 [info] [2025-07-27 19:58:02.870] [GIT   *2044ms] [/home/mochi-002/dotfiles] git log --format=%x1E%H%x1D%aN%x1D%aE%x1D%at%x1D%cN%x1D%cE%x1D%ct%x1D%P%x1D%D%x1D%B%x1D --numstat --summary -M --use-mailmap -m --no-min-parents -n1 0d29421bc3a6bebd251fabb1fd80526da93f9ef6 -- [*2044ms] (slow)

2025-07-27 22:58:23.300 [info] [2025-07-27 19:58:22.800] Warning(/usr/bin/git -c core.quotepath=false -c color.ui=false log --format=%x1E%H%x1D --summary -n1 0d29421bc3a6bebd251fabb1fd80526da93f9ef6^ -- README.md): fatal: bad revision '0d29421bc3a6bebd251fabb1fd80526da93f9ef6^'


2025-07-27 22:58:25.300 [info] [2025-07-27 19:58:24.823] [GIT   *2048ms] [/home/mochi-002/dotfiles] git log --format=%x1E%H%x1D%aN%x1D%aE%x1D%at%x1D%cN%x1D%cE%x1D%ct%x1D%P%x1D%D%x1D%B%x1D --numstat --summary -M --use-mailmap -m --no-min-parents -n1 0d29421bc3a6bebd251fabb1fd80526da93f9ef6 -- [*2048ms] (slow)

2025-07-27 22:58:55.040 [info] [2025-07-27 19:58:54.540] Warning(/usr/bin/git -c core.quotepath=false -c color.ui=false log --format=%x1E%H%x1D --summary -n1 0d29421bc3a6bebd251fabb1fd80526da93f9ef6^ -- README.md): fatal: bad revision '0d29421bc3a6bebd251fabb1fd80526da93f9ef6^'


2025-07-27 22:58:57.043 [info] [2025-07-27 19:58:56.571] [GIT   *2056ms] [/home/mochi-002/dotfiles] git log --format=%x1E%H%x1D%aN%x1D%aE%x1D%at%x1D%cN%x1D%cE%x1D%ct%x1D%P%x1D%D%x1D%B%x1D --numstat --summary -M --use-mailmap -m --no-min-parents -n1 0d29421bc3a6bebd251fabb1fd80526da93f9ef6 -- [*2056ms] (slow)

2025-07-27 22:59:30.612 [info] [2025-07-27 19:59:30.111] Warning(/usr/bin/git -c core.quotepath=false -c color.ui=false log --format=%x1E%H%x1D --summary -n1 0d29421bc3a6bebd251fabb1fd80526da93f9ef6^ -- README.md): fatal: bad revision '0d29421bc3a6bebd251fabb1fd80526da93f9ef6^'


2025-07-27 22:59:32.612 [info] [2025-07-27 19:59:32.160] [GIT   *2080ms] [/home/mochi-002/dotfiles] git log --format=%x1E%H%x1D%aN%x1D%aE%x1D%at%x1D%cN%x1D%cE%x1D%ct%x1D%P%x1D%D%x1D%B%x1D --numstat --summary -M --use-mailmap -m --no-min-parents -n1 0d29421bc3a6bebd251fabb1fd80526da93f9ef6 -- [*2080ms] (slow)

2025-07-27 22:59:40.789 [info] [2025-07-27 19:59:40.271] Warning(/usr/bin/git -c core.quotepath=false -c color.ui=false log --format=%x1E%H%x1D --summary -n1 0d29421bc3a6bebd251fabb1fd80526da93f9ef6^ -- README.md): fatal: bad revision '0d29421bc3a6bebd251fabb1fd80526da93f9ef6^'


2025-07-27 22:59:42.789 [info] [2025-07-27 19:59:42.293] [GIT   *2055ms] [/home/mochi-002/dotfiles] git log --format=%x1E%H%x1D%aN%x1D%aE%x1D%at%x1D%cN%x1D%cE%x1D%ct%x1D%P%x1D%D%x1D%B%x1D --numstat --summary -M --use-mailmap -m --no-min-parents -n1 0d29421bc3a6bebd251fabb1fd80526da93f9ef6 -- [*2055ms] (slow)

2025-07-27 23:01:24.370 [info] [2025-07-27 20:01:23.869] Warning(/usr/bin/git -c core.quotepath=false -c color.ui=false log --format=%x1E%H%x1D --summary -n1 0d29421bc3a6bebd251fabb1fd80526da93f9ef6^ -- README.md): fatal: bad revision '0d29421bc3a6bebd251fabb1fd80526da93f9ef6^'


2025-07-27 23:01:26.371 [info] [2025-07-27 20:01:25.910] [GIT   *2075ms] [/home/mochi-002/dotfiles] git log --format=%x1E%H%x1D%aN%x1D%aE%x1D%at%x1D%cN%x1D%cE%x1D%ct%x1D%P%x1D%D%x1D%B%x1D --numstat --summary -M --use-mailmap -m --no-min-parents -n1 0d29421bc3a6bebd251fabb1fd80526da93f9ef6 -- [*2075ms] (slow)

2025-07-27 23:01:26.871 [info] [2025-07-27 20:01:26.446] Warning(/usr/bin/git -c core.quotepath=false -c color.ui=false log --format=%x1E%H%x1D --summary -n1 0d29421bc3a6bebd251fabb1fd80526da93f9ef6^ -- README.md): fatal: bad revision '0d29421bc3a6bebd251fabb1fd80526da93f9ef6^'


2025-07-27 23:01:28.872 [info] [2025-07-27 20:01:28.463] [GIT   *2041ms] [/home/mochi-002/dotfiles] git log --format=%x1E%H%x1D%aN%x1D%aE%x1D%at%x1D%cN%x1D%cE%x1D%ct%x1D%P%x1D%D%x1D%B%x1D --numstat --summary -M --use-mailmap -m --no-min-parents -n1 0d29421bc3a6bebd251fabb1fd80526da93f9ef6 -- [*2041ms] (slow)

2025-07-27 23:02:21.292 [info] [2025-07-27 20:02:20.792] Warning(/usr/bin/git -c core.quotepath=false -c color.ui=false log --format=%x1E%H%x1D --summary -n1 0d29421bc3a6bebd251fabb1fd80526da93f9ef6^ -- README.md): fatal: bad revision '0d29421bc3a6bebd251fabb1fd80526da93f9ef6^'


2025-07-27 23:02:23.292 [info] [2025-07-27 20:02:22.825] [GIT   *2070ms] [/home/mochi-002/dotfiles] git log --format=%x1E%H%x1D%aN%x1D%aE%x1D%at%x1D%cN%x1D%cE%x1D%ct%x1D%P%x1D%D%x1D%B%x1D --numstat --summary -M --use-mailmap -m --no-min-parents -n1 0d29421bc3a6bebd251fabb1fd80526da93f9ef6 -- [*2070ms] (slow)

2025-07-27 23:04:07.134 [info] [2025-07-27 20:04:06.633] Warning(/usr/bin/git -c core.quotepath=false -c color.ui=false log --format=%x1E%H%x1D --summary -n1 0d29421bc3a6bebd251fabb1fd80526da93f9ef6^ -- README.md): fatal: bad revision '0d29421bc3a6bebd251fabb1fd80526da93f9ef6^'


2025-07-27 23:04:08.135 [info] [2025-07-27 20:04:08.128] Warning(/usr/bin/git -c core.quotepath=false -c color.ui=false log --format=%x1E%H%x1D --summary -n1 0d29421bc3a6bebd251fabb1fd80526da93f9ef6^ -- README.md): fatal: bad revision '0d29421bc3a6bebd251fabb1fd80526da93f9ef6^'


2025-07-27 23:04:09.136 [info] [2025-07-27 20:04:08.668] [GIT   *2057ms] [/home/mochi-002/dotfiles] git log --format=%x1E%H%x1D%aN%x1D%aE%x1D%at%x1D%cN%x1D%cE%x1D%ct%x1D%P%x1D%D%x1D%B%x1D --numstat --summary -M --use-mailmap -m --no-min-parents -n1 0d29421bc3a6bebd251fabb1fd80526da93f9ef6 -- [*2057ms] (slow)
[2025-07-27 20:04:08.668] [GIT    *550ms] [/home/mochi-002/dotfiles] git log --format=%x1E%H%x1D%aN%x1D%aE%x1D%at%x1D%cN%x1D%cE%x1D%ct%x1D%P%x1D%D%x1D%B%x1D --numstat --summary -M --use-mailmap -m --no-min-parents -n1 0d29421bc3a6bebd251fabb1fd80526da93f9ef6 -- [*550ms] (slow, waiting)

2025-07-27 23:04:41.653 [info] [2025-07-27 20:04:41.153] Warning(/usr/bin/git -c core.quotepath=false -c color.ui=false log --format=%x1E%H%x1D --summary -n1 0d29421bc3a6bebd251fabb1fd80526da93f9ef6^ -- README.md): fatal: bad revision '0d29421bc3a6bebd251fabb1fd80526da93f9ef6^'


2025-07-27 23:04:43.655 [info] [2025-07-27 20:04:43.174] [GIT   *2059ms] [/home/mochi-002/dotfiles] git log --format=%x1E%H%x1D%aN%x1D%aE%x1D%at%x1D%cN%x1D%cE%x1D%ct%x1D%P%x1D%D%x1D%B%x1D --numstat --summary -M --use-mailmap -m --no-min-parents -n1 0d29421bc3a6bebd251fabb1fd80526da93f9ef6 -- [*2059ms] (slow)

2025-07-27 23:17:40.576 [info] [2025-07-27 20:17:40.076] Warning(/usr/bin/git -c core.quotepath=false -c color.ui=false log --format=%x1E%H%x1D --summary -n1 0d29421bc3a6bebd251fabb1fd80526da93f9ef6^ -- README.md): fatal: bad revision '0d29421bc3a6bebd251fabb1fd80526da93f9ef6^'


2025-07-27 23:17:42.577 [info] [2025-07-27 20:17:42.093] [GIT   *2043ms] [/home/mochi-002/dotfiles] git log --format=%x1E%H%x1D%aN%x1D%aE%x1D%at%x1D%cN%x1D%cE%x1D%ct%x1D%P%x1D%D%x1D%B%x1D --numstat --summary -M --use-mailmap -m --no-min-parents -n1 0d29421bc3a6bebd251fabb1fd80526da93f9ef6 -- [*2043ms] (slow)

2025-07-27 23:18:01.655 [info] [2025-07-27 20:18:01.155] Warning(/usr/bin/git -c core.quotepath=false -c color.ui=false log --format=%x1E%H%x1D --summary -n1 0d29421bc3a6bebd251fabb1fd80526da93f9ef6^ -- README.md): fatal: bad revision '0d29421bc3a6bebd251fabb1fd80526da93f9ef6^'


2025-07-27 23:18:03.655 [info] [2025-07-27 20:18:03.175] [GIT   *2055ms] [/home/mochi-002/dotfiles] git log --format=%x1E%H%x1D%aN%x1D%aE%x1D%at%x1D%cN%x1D%cE%x1D%ct%x1D%P%x1D%D%x1D%B%x1D --numstat --summary -M --use-mailmap -m --no-min-parents -n1 0d29421bc3a6bebd251fabb1fd80526da93f9ef6 -- [*2055ms] (slow)

2025-07-27 23:18:04.155 [info] [2025-07-27 20:18:04.047] Warning(/usr/bin/git -c core.quotepath=false -c color.ui=false log --format=%x1E%H%x1D --summary -n1 0d29421bc3a6bebd251fabb1fd80526da93f9ef6^ -- README.md): fatal: bad revision '0d29421bc3a6bebd251fabb1fd80526da93f9ef6^'


2025-07-27 23:18:06.155 [info] [2025-07-27 20:18:06.062] [GIT   *2042ms] [/home/mochi-002/dotfiles] git log --format=%x1E%H%x1D%aN%x1D%aE%x1D%at%x1D%cN%x1D%cE%x1D%ct%x1D%P%x1D%D%x1D%B%x1D --numstat --summary -M --use-mailmap -m --no-min-parents -n1 0d29421bc3a6bebd251fabb1fd80526da93f9ef6 -- [*2042ms] (slow)

2025-07-27 23:19:23.068 [info] [2025-07-27 20:19:22.568] Warning(/usr/bin/git -c core.quotepath=false -c color.ui=false log --format=%x1E%H%x1D --summary -n1 0d29421bc3a6bebd251fabb1fd80526da93f9ef6^ -- README.md): fatal: bad revision '0d29421bc3a6bebd251fabb1fd80526da93f9ef6^'


2025-07-27 23:19:25.070 [info] [2025-07-27 20:19:24.581] [GIT   *2046ms] [/home/mochi-002/dotfiles] git log --format=%x1E%H%x1D%aN%x1D%aE%x1D%at%x1D%cN%x1D%cE%x1D%ct%x1D%P%x1D%D%x1D%B%x1D --numstat --summary -M --use-mailmap -m --no-min-parents -n1 0d29421bc3a6bebd251fabb1fd80526da93f9ef6 -- [*2046ms] (slow)

2025-07-27 23:19:43.796 [info] [2025-07-27 20:19:43.296] Warning(/usr/bin/git -c core.quotepath=false -c color.ui=false log --format=%x1E%H%x1D --summary -n1 0d29421bc3a6bebd251fabb1fd80526da93f9ef6^ -- README.md): fatal: bad revision '0d29421bc3a6bebd251fabb1fd80526da93f9ef6^'


2025-07-27 23:19:45.797 [info] [2025-07-27 20:19:45.313] [GIT   *2049ms] [/home/mochi-002/dotfiles] git log --format=%x1E%H%x1D%aN%x1D%aE%x1D%at%x1D%cN%x1D%cE%x1D%ct%x1D%P%x1D%D%x1D%B%x1D --numstat --summary -M --use-mailmap -m --no-min-parents -n1 0d29421bc3a6bebd251fabb1fd80526da93f9ef6 -- [*2049ms] (slow)

2025-07-27 23:21:16.530 [info] [2025-07-27 20:21:16.030] Warning(/usr/bin/git -c core.quotepath=false -c color.ui=false log --format=%x1E%H%x1D --summary -n1 0d29421bc3a6bebd251fabb1fd80526da93f9ef6^ -- README.md): fatal: bad revision '0d29421bc3a6bebd251fabb1fd80526da93f9ef6^'


2025-07-27 23:21:18.531 [info] [2025-07-27 20:21:18.052] [GIT   *2053ms] [/home/mochi-002/dotfiles] git log --format=%x1E%H%x1D%aN%x1D%aE%x1D%at%x1D%cN%x1D%cE%x1D%ct%x1D%P%x1D%D%x1D%B%x1D --numstat --summary -M --use-mailmap -m --no-min-parents -n1 0d29421bc3a6bebd251fabb1fd80526da93f9ef6 -- [*2053ms] (slow)

2025-07-27 23:21:21.534 [info] [2025-07-27 20:21:21.340] Warning(/usr/bin/git -c core.quotepath=false -c color.ui=false log --format=%x1E%H%x1D --summary -n1 0d29421bc3a6bebd251fabb1fd80526da93f9ef6^ -- README.md): fatal: bad revision '0d29421bc3a6bebd251fabb1fd80526da93f9ef6^'


2025-07-27 23:21:23.535 [info] [2025-07-27 20:21:23.354] [GIT   *2050ms] [/home/mochi-002/dotfiles] git log --format=%x1E%H%x1D%aN%x1D%aE%x1D%at%x1D%cN%x1D%cE%x1D%ct%x1D%P%x1D%D%x1D%B%x1D --numstat --summary -M --use-mailmap -m --no-min-parents -n1 0d29421bc3a6bebd251fabb1fd80526da93f9ef6 -- [*2050ms] (slow)

2025-07-27 23:21:42.205 [info] [2025-07-27 20:21:41.705] Warning(/usr/bin/git -c core.quotepath=false -c color.ui=false log --format=%x1E%H%x1D --summary -n1 0d29421bc3a6bebd251fabb1fd80526da93f9ef6^ -- README.md): fatal: bad revision '0d29421bc3a6bebd251fabb1fd80526da93f9ef6^'


2025-07-27 23:21:44.207 [info] [2025-07-27 20:21:43.725] [GIT   *2050ms] [/home/mochi-002/dotfiles] git log --format=%x1E%H%x1D%aN%x1D%aE%x1D%at%x1D%cN%x1D%cE%x1D%ct%x1D%P%x1D%D%x1D%B%x1D --numstat --summary -M --use-mailmap -m --no-min-parents -n1 0d29421bc3a6bebd251fabb1fd80526da93f9ef6 -- [*2050ms] (slow)

2025-07-27 23:21:45.709 [info] [2025-07-27 20:21:45.571] Warning(/usr/bin/git -c core.quotepath=false -c color.ui=false log --format=%x1E%H%x1D --summary -n1 0d29421bc3a6bebd251fabb1fd80526da93f9ef6^ -- README.md): fatal: bad revision '0d29421bc3a6bebd251fabb1fd80526da93f9ef6^'


2025-07-27 23:21:47.715 [info] [2025-07-27 20:21:47.590] [GIT   *2054ms] [/home/mochi-002/dotfiles] git log --format=%x1E%H%x1D%aN%x1D%aE%x1D%at%x1D%cN%x1D%cE%x1D%ct%x1D%P%x1D%D%x1D%B%x1D --numstat --summary -M --use-mailmap -m --no-min-parents -n1 0d29421bc3a6bebd251fabb1fd80526da93f9ef6 -- [*2054ms] (slow)

2025-07-27 23:21:48.715 [info] [2025-07-27 20:21:48.262] Warning(/usr/bin/git -c core.quotepath=false -c color.ui=false log --format=%x1E%H%x1D --summary -n1 0d29421bc3a6bebd251fabb1fd80526da93f9ef6^ -- README.md): fatal: bad revision '0d29421bc3a6bebd251fabb1fd80526da93f9ef6^'


2025-07-27 23:21:50.715 [info] [2025-07-27 20:21:50.276] [GIT   *2042ms] [/home/mochi-002/dotfiles] git log --format=%x1E%H%x1D%aN%x1D%aE%x1D%at%x1D%cN%x1D%cE%x1D%ct%x1D%P%x1D%D%x1D%B%x1D --numstat --summary -M --use-mailmap -m --no-min-parents -n1 0d29421bc3a6bebd251fabb1fd80526da93f9ef6 -- [*2042ms] (slow)

2025-07-27 23:22:36.108 [info] [2025-07-27 20:22:35.608] Warning(/usr/bin/git -c core.quotepath=false -c color.ui=false log --format=%x1E%H%x1D --summary -n1 0d29421bc3a6bebd251fabb1fd80526da93f9ef6^ -- README.md): fatal: bad revision '0d29421bc3a6bebd251fabb1fd80526da93f9ef6^'


2025-07-27 23:22:38.108 [info] [2025-07-27 20:22:37.641] [GIT   *2064ms] [/home/mochi-002/dotfiles] git log --format=%x1E%H%x1D%aN%x1D%aE%x1D%at%x1D%cN%x1D%cE%x1D%ct%x1D%P%x1D%D%x1D%B%x1D --numstat --summary -M --use-mailmap -m --no-min-parents -n1 0d29421bc3a6bebd251fabb1fd80526da93f9ef6 -- [*2064ms] (slow)

2025-07-27 23:23:37.239 [info] [2025-07-27 20:23:36.739] Warning(/usr/bin/git -c core.quotepath=false -c color.ui=false log --format=%x1E%H%x1D --summary -n1 0d29421bc3a6bebd251fabb1fd80526da93f9ef6^ -- README.md): fatal: bad revision '0d29421bc3a6bebd251fabb1fd80526da93f9ef6^'


2025-07-27 23:23:39.239 [info] [2025-07-27 20:23:38.757] [GIT   *2050ms] [/home/mochi-002/dotfiles] git log --format=%x1E%H%x1D%aN%x1D%aE%x1D%at%x1D%cN%x1D%cE%x1D%ct%x1D%P%x1D%D%x1D%B%x1D --numstat --summary -M --use-mailmap -m --no-min-parents -n1 0d29421bc3a6bebd251fabb1fd80526da93f9ef6 -- [*2050ms] (slow)

2025-07-27 23:24:17.953 [info] [2025-07-27 20:24:17.453] Warning(/usr/bin/git -c core.quotepath=false -c color.ui=false log --format=%x1E%H%x1D --summary -n1 0d29421bc3a6bebd251fabb1fd80526da93f9ef6^ -- README.md): fatal: bad revision '0d29421bc3a6bebd251fabb1fd80526da93f9ef6^'


2025-07-27 23:24:19.953 [info] [2025-07-27 20:24:19.490] [GIT   *2075ms] [/home/mochi-002/dotfiles] git log --format=%x1E%H%x1D%aN%x1D%aE%x1D%at%x1D%cN%x1D%cE%x1D%ct%x1D%P%x1D%D%x1D%B%x1D --numstat --summary -M --use-mailmap -m --no-min-parents -n1 0d29421bc3a6bebd251fabb1fd80526da93f9ef6 -- [*2075ms] (slow)

2025-07-27 23:24:45.203 [info] [2025-07-27 20:24:44.703] Warning(/usr/bin/git -c core.quotepath=false -c color.ui=false log --format=%x1E%H%x1D --summary -n1 0d29421bc3a6bebd251fabb1fd80526da93f9ef6^ -- README.md): fatal: bad revision '0d29421bc3a6bebd251fabb1fd80526da93f9ef6^'


2025-07-27 23:24:47.203 [info] [2025-07-27 20:24:46.721] [GIT   *2048ms] [/home/mochi-002/dotfiles] git log --format=%x1E%H%x1D%aN%x1D%aE%x1D%at%x1D%cN%x1D%cE%x1D%ct%x1D%P%x1D%D%x1D%B%x1D --numstat --summary -M --use-mailmap -m --no-min-parents -n1 0d29421bc3a6bebd251fabb1fd80526da93f9ef6 -- [*2048ms] (slow)

2025-07-27 23:25:10.592 [info] [2025-07-27 20:25:10.092] Warning(/usr/bin/git -c core.quotepath=false -c color.ui=false log --format=%x1E%H%x1D --summary -n1 0d29421bc3a6bebd251fabb1fd80526da93f9ef6^ -- README.md): fatal: bad revision '0d29421bc3a6bebd251fabb1fd80526da93f9ef6^'


2025-07-27 23:25:12.594 [info] [2025-07-27 20:25:12.128] [GIT   *2059ms] [/home/mochi-002/dotfiles] git log --format=%x1E%H%x1D%aN%x1D%aE%x1D%at%x1D%cN%x1D%cE%x1D%ct%x1D%P%x1D%D%x1D%B%x1D --numstat --summary -M --use-mailmap -m --no-min-parents -n1 0d29421bc3a6bebd251fabb1fd80526da93f9ef6 -- [*2059ms] (slow)

2025-07-27 23:25:18.641 [info] [2025-07-27 20:25:18.141] Warning(/usr/bin/git -c core.quotepath=false -c color.ui=false log --format=%x1E%H%x1D --summary -n1 0d29421bc3a6bebd251fabb1fd80526da93f9ef6^ -- README.md): fatal: bad revision '0d29421bc3a6bebd251fabb1fd80526da93f9ef6^'


2025-07-27 23:25:20.642 [info] [2025-07-27 20:25:20.165] [GIT   *2049ms] [/home/mochi-002/dotfiles] git log --format=%x1E%H%x1D%aN%x1D%aE%x1D%at%x1D%cN%x1D%cE%x1D%ct%x1D%P%x1D%D%x1D%B%x1D --numstat --summary -M --use-mailmap -m --no-min-parents -n1 0d29421bc3a6bebd251fabb1fd80526da93f9ef6 -- [*2049ms] (slow)

2025-07-27 23:26:10.517 [info] [2025-07-27 20:26:10.017] Warning(/usr/bin/git -c core.quotepath=false -c color.ui=false log --format=%x1E%H%x1D --summary -n1 0d29421bc3a6bebd251fabb1fd80526da93f9ef6^ -- README.md): fatal: bad revision '0d29421bc3a6bebd251fabb1fd80526da93f9ef6^'


2025-07-27 23:26:12.519 [info] [2025-07-27 20:26:12.045] [GIT   *2058ms] [/home/mochi-002/dotfiles] git log --format=%x1E%H%x1D%aN%x1D%aE%x1D%at%x1D%cN%x1D%cE%x1D%ct%x1D%P%x1D%D%x1D%B%x1D --numstat --summary -M --use-mailmap -m --no-min-parents -n1 0d29421bc3a6bebd251fabb1fd80526da93f9ef6 -- [*2058ms] (slow)

2025-07-27 23:26:13.019 [info] [2025-07-27 20:26:13.006] Warning(/usr/bin/git -c core.quotepath=false -c color.ui=false log --format=%x1E%H%x1D --summary -n1 0d29421bc3a6bebd251fabb1fd80526da93f9ef6^ -- README.md): fatal: bad revision '0d29421bc3a6bebd251fabb1fd80526da93f9ef6^'


2025-07-27 23:26:15.532 [info] [2025-07-27 20:26:15.047] [GIT   *2070ms] [/home/mochi-002/dotfiles] git log --format=%x1E%H%x1D%aN%x1D%aE%x1D%at%x1D%cN%x1D%cE%x1D%ct%x1D%P%x1D%D%x1D%B%x1D --numstat --summary -M --use-mailmap -m --no-min-parents -n1 0d29421bc3a6bebd251fabb1fd80526da93f9ef6 -- [*2070ms] (slow)

2025-07-27 23:27:27.108 [info] [2025-07-27 20:27:26.608] Warning(/usr/bin/git -c core.quotepath=false -c color.ui=false log --format=%x1E%H%x1D --summary -n1 0d29421bc3a6bebd251fabb1fd80526da93f9ef6^ -- README.md): fatal: bad revision '0d29421bc3a6bebd251fabb1fd80526da93f9ef6^'


2025-07-27 23:27:29.109 [info] [2025-07-27 20:27:28.635] [GIT   *2072ms] [/home/mochi-002/dotfiles] git log --format=%x1E%H%x1D%aN%x1D%aE%x1D%at%x1D%cN%x1D%cE%x1D%ct%x1D%P%x1D%D%x1D%B%x1D --numstat --summary -M --use-mailmap -m --no-min-parents -n1 0d29421bc3a6bebd251fabb1fd80526da93f9ef6 -- [*2072ms] (slow)

2025-07-27 23:27:47.106 [info] [2025-07-27 20:27:46.598] Warning(/usr/bin/git -c core.quotepath=false -c color.ui=false log --format=%x1E%H%x1D --summary -n1 0d29421bc3a6bebd251fabb1fd80526da93f9ef6^ -- README.md): fatal: bad revision '0d29421bc3a6bebd251fabb1fd80526da93f9ef6^'


2025-07-27 23:27:49.108 [info] [2025-07-27 20:27:48.630] [GIT   *2069ms] [/home/mochi-002/dotfiles] git log --format=%x1E%H%x1D%aN%x1D%aE%x1D%at%x1D%cN%x1D%cE%x1D%ct%x1D%P%x1D%D%x1D%B%x1D --numstat --summary -M --use-mailmap -m --no-min-parents -n1 0d29421bc3a6bebd251fabb1fd80526da93f9ef6 -- [*2069ms] (slow)

2025-07-27 23:28:18.252 [info] [2025-07-27 20:28:17.752] Warning(/usr/bin/git -c core.quotepath=false -c color.ui=false log --format=%x1E%H%x1D --summary -n1 0d29421bc3a6bebd251fabb1fd80526da93f9ef6^ -- README.md): fatal: bad revision '0d29421bc3a6bebd251fabb1fd80526da93f9ef6^'


2025-07-27 23:28:20.253 [info] [2025-07-27 20:28:19.788] [GIT   *2073ms] [/home/mochi-002/dotfiles] git log --format=%x1E%H%x1D%aN%x1D%aE%x1D%at%x1D%cN%x1D%cE%x1D%ct%x1D%P%x1D%D%x1D%B%x1D --numstat --summary -M --use-mailmap -m --no-min-parents -n1 0d29421bc3a6bebd251fabb1fd80526da93f9ef6 -- [*2073ms] (slow)

2025-07-27 23:28:39.658 [info] [2025-07-27 20:28:39.158] Warning(/usr/bin/git -c core.quotepath=false -c color.ui=false log --format=%x1E%H%x1D --summary -n1 0d29421bc3a6bebd251fabb1fd80526da93f9ef6^ -- README.md): fatal: bad revision '0d29421bc3a6bebd251fabb1fd80526da93f9ef6^'


2025-07-27 23:28:41.658 [info] [2025-07-27 20:28:41.192] [GIT   *2073ms] [/home/mochi-002/dotfiles] git log --format=%x1E%H%x1D%aN%x1D%aE%x1D%at%x1D%cN%x1D%cE%x1D%ct%x1D%P%x1D%D%x1D%B%x1D --numstat --summary -M --use-mailmap -m --no-min-parents -n1 0d29421bc3a6bebd251fabb1fd80526da93f9ef6 -- [*2073ms] (slow)

2025-07-27 23:28:42.158 [info] [2025-07-27 20:28:41.777] Warning(/usr/bin/git -c core.quotepath=false -c color.ui=false log --format=%x1E%H%x1D --summary -n1 0d29421bc3a6bebd251fabb1fd80526da93f9ef6^ -- README.md): fatal: bad revision '0d29421bc3a6bebd251fabb1fd80526da93f9ef6^'


2025-07-27 23:28:44.159 [info] [2025-07-27 20:28:43.810] [GIT   *2078ms] [/home/mochi-002/dotfiles] git log --format=%x1E%H%x1D%aN%x1D%aE%x1D%at%x1D%cN%x1D%cE%x1D%ct%x1D%P%x1D%D%x1D%B%x1D --numstat --summary -M --use-mailmap -m --no-min-parents -n1 0d29421bc3a6bebd251fabb1fd80526da93f9ef6 -- [*2078ms] (slow)

2025-07-27 23:28:47.659 [info] [2025-07-27 20:28:47.402] Warning(/usr/bin/git -c core.quotepath=false -c color.ui=false log --format=%x1E%H%x1D --summary -n1 0d29421bc3a6bebd251fabb1fd80526da93f9ef6^ -- README.md): fatal: bad revision '0d29421bc3a6bebd251fabb1fd80526da93f9ef6^'


2025-07-27 23:28:49.659 [info] [2025-07-27 20:28:49.425] [GIT   *2057ms] [/home/mochi-002/dotfiles] git log --format=%x1E%H%x1D%aN%x1D%aE%x1D%at%x1D%cN%x1D%cE%x1D%ct%x1D%P%x1D%D%x1D%B%x1D --numstat --summary -M --use-mailmap -m --no-min-parents -n1 0d29421bc3a6bebd251fabb1fd80526da93f9ef6 -- [*2057ms] (slow)

2025-07-27 23:29:38.023 [info] [2025-07-27 20:29:37.522] [          2db] GitCodeLensProvider.provideCodeLenses(TextDocument(properties, dirty=false, file:///home/mochi-002/dotfiles/configs/hypr/UserConfigs/UserKeybinds.conf)) Warning(/usr/bin/git -c core.quotepath=false -c color.ui=false log --format=%x1E%H%x1D --summary -n1 0d29421bc3a6bebd251fabb1fd80526da93f9ef6^ -- configs/hypr/UserConfigs/UserKeybinds.conf): fatal: bad revision '0d29421bc3a6bebd251fabb1fd80526da93f9ef6^'


2025-07-27 23:29:40.024 [info] [2025-07-27 20:29:39.562] [GIT   *2080ms] [/home/mochi-002/dotfiles] git log --format=%x1E%H%x1D%aN%x1D%aE%x1D%at%x1D%cN%x1D%cE%x1D%ct%x1D%P%x1D%D%x1D%B%x1D --numstat --summary -M --use-mailmap -m --no-min-parents -n1 0d29421bc3a6bebd251fabb1fd80526da93f9ef6 -- [*2080ms] (slow)

2025-07-27 23:29:53.090 [info] [2025-07-27 20:29:52.590] Warning(/usr/bin/git -c core.quotepath=false -c color.ui=false log --format=%x1E%H%x1D --summary -n1 0d29421bc3a6bebd251fabb1fd80526da93f9ef6^ -- README.md): fatal: bad revision '0d29421bc3a6bebd251fabb1fd80526da93f9ef6^'


2025-07-27 23:29:55.090 [info] [2025-07-27 20:29:54.617] [GIT   *2070ms] [/home/mochi-002/dotfiles] git log --format=%x1E%H%x1D%aN%x1D%aE%x1D%at%x1D%cN%x1D%cE%x1D%ct%x1D%P%x1D%D%x1D%B%x1D --numstat --summary -M --use-mailmap -m --no-min-parents -n1 0d29421bc3a6bebd251fabb1fd80526da93f9ef6 -- [*2070ms] (slow)

2025-07-27 23:30:02.190 [info] [2025-07-27 20:30:01.689] Warning(/usr/bin/git -c core.quotepath=false -c color.ui=false log --format=%x1E%H%x1D --summary -n1 0d29421bc3a6bebd251fabb1fd80526da93f9ef6^ -- README.md): fatal: bad revision '0d29421bc3a6bebd251fabb1fd80526da93f9ef6^'


2025-07-27 23:30:04.192 [info] [2025-07-27 20:30:03.732] [GIT   *2079ms] [/home/mochi-002/dotfiles] git log --format=%x1E%H%x1D%aN%x1D%aE%x1D%at%x1D%cN%x1D%cE%x1D%ct%x1D%P%x1D%D%x1D%B%x1D --numstat --summary -M --use-mailmap -m --no-min-parents -n1 0d29421bc3a6bebd251fabb1fd80526da93f9ef6 -- [*2079ms] (slow)

2025-07-27 23:31:45.533 [info] [2025-07-27 20:31:45.033] Warning(/usr/bin/git -c core.quotepath=false -c color.ui=false log --format=%x1E%H%x1D --summary -n1 0d29421bc3a6bebd251fabb1fd80526da93f9ef6^ -- README.md): fatal: bad revision '0d29421bc3a6bebd251fabb1fd80526da93f9ef6^'


2025-07-27 23:31:47.533 [info] [2025-07-27 20:31:47.057] [GIT   *2046ms] [/home/mochi-002/dotfiles] git log --format=%x1E%H%x1D%aN%x1D%aE%x1D%at%x1D%cN%x1D%cE%x1D%ct%x1D%P%x1D%D%x1D%B%x1D --numstat --summary -M --use-mailmap -m --no-min-parents -n1 0d29421bc3a6bebd251fabb1fd80526da93f9ef6 -- [*2046ms] (slow)

2025-07-27 23:32:58.719 [info] [2025-07-27 20:32:58.219] Warning(/usr/bin/git -c core.quotepath=false -c color.ui=false log --format=%x1E%H%x1D --summary -n1 0d29421bc3a6bebd251fabb1fd80526da93f9ef6^ -- README.md): fatal: bad revision '0d29421bc3a6bebd251fabb1fd80526da93f9ef6^'


2025-07-27 23:33:00.721 [info] [2025-07-27 20:33:00.242] [GIT   *2056ms] [/home/mochi-002/dotfiles] git log --format=%x1E%H%x1D%aN%x1D%aE%x1D%at%x1D%cN%x1D%cE%x1D%ct%x1D%P%x1D%D%x1D%B%x1D --numstat --summary -M --use-mailmap -m --no-min-parents -n1 0d29421bc3a6bebd251fabb1fd80526da93f9ef6 -- [*2056ms] (slow)

2025-07-27 23:33:55.298 [info] [2025-07-27 20:33:54.797] Warning(/usr/bin/git -c core.quotepath=false -c color.ui=false log --format=%x1E%H%x1D --summary -n1 0d29421bc3a6bebd251fabb1fd80526da93f9ef6^ -- README.md): fatal: bad revision '0d29421bc3a6bebd251fabb1fd80526da93f9ef6^'


2025-07-27 23:33:57.299 [info] [2025-07-27 20:33:56.854] [GIT   *2100ms] [/home/mochi-002/dotfiles] git log --format=%x1E%H%x1D%aN%x1D%aE%x1D%at%x1D%cN%x1D%cE%x1D%ct%x1D%P%x1D%D%x1D%B%x1D --numstat --summary -M --use-mailmap -m --no-min-parents -n1 0d29421bc3a6bebd251fabb1fd80526da93f9ef6 -- [*2100ms] (slow)
[2025-07-27 20:33:56.878] Warning(/usr/bin/git -c core.quotepath=false -c color.ui=false log --format=%x1E%H%x1D --summary -n1 0d29421bc3a6bebd251fabb1fd80526da93f9ef6^ -- README.md): fatal: bad revision '0d29421bc3a6bebd251fabb1fd80526da93f9ef6^'


2025-07-27 23:33:59.299 [info] [2025-07-27 20:33:58.903] [GIT   *2044ms] [/home/mochi-002/dotfiles] git log --format=%x1E%H%x1D%aN%x1D%aE%x1D%at%x1D%cN%x1D%cE%x1D%ct%x1D%P%x1D%D%x1D%B%x1D --numstat --summary -M --use-mailmap -m --no-min-parents -n1 0d29421bc3a6bebd251fabb1fd80526da93f9ef6 -- [*2044ms] (slow)

2025-07-27 23:34:48.507 [info] [2025-07-27 20:34:48.006] Warning(/usr/bin/git -c core.quotepath=false -c color.ui=false log --format=%x1E%H%x1D --summary -n1 0d29421bc3a6bebd251fabb1fd80526da93f9ef6^ -- README.md): fatal: bad revision '0d29421bc3a6bebd251fabb1fd80526da93f9ef6^'


2025-07-27 23:34:50.508 [info] [2025-07-27 20:34:50.034] [GIT   *2068ms] [/home/mochi-002/dotfiles] git log --format=%x1E%H%x1D%aN%x1D%aE%x1D%at%x1D%cN%x1D%cE%x1D%ct%x1D%P%x1D%D%x1D%B%x1D --numstat --summary -M --use-mailmap -m --no-min-parents -n1 0d29421bc3a6bebd251fabb1fd80526da93f9ef6 -- [*2068ms] (slow)

2025-07-27 23:35:20.646 [info] [2025-07-27 20:35:20.146] Warning(/usr/bin/git -c core.quotepath=false -c color.ui=false log --format=%x1E%H%x1D --summary -n1 0d29421bc3a6bebd251fabb1fd80526da93f9ef6^ -- README.md): fatal: bad revision '0d29421bc3a6bebd251fabb1fd80526da93f9ef6^'


2025-07-27 23:35:22.647 [info] [2025-07-27 20:35:22.178] [GIT   *2063ms] [/home/mochi-002/dotfiles] git log --format=%x1E%H%x1D%aN%x1D%aE%x1D%at%x1D%cN%x1D%cE%x1D%ct%x1D%P%x1D%D%x1D%B%x1D --numstat --summary -M --use-mailmap -m --no-min-parents -n1 0d29421bc3a6bebd251fabb1fd80526da93f9ef6 -- [*2063ms] (slow)

2025-07-27 23:35:34.755 [info] [2025-07-27 20:35:34.254] Warning(/usr/bin/git -c core.quotepath=false -c color.ui=false log --format=%x1E%H%x1D --summary -n1 0d29421bc3a6bebd251fabb1fd80526da93f9ef6^ -- README.md): fatal: bad revision '0d29421bc3a6bebd251fabb1fd80526da93f9ef6^'


2025-07-27 23:35:36.755 [info] [2025-07-27 20:35:36.337] [GIT   *2133ms] [/home/mochi-002/dotfiles] git log --format=%x1E%H%x1D%aN%x1D%aE%x1D%at%x1D%cN%x1D%cE%x1D%ct%x1D%P%x1D%D%x1D%B%x1D --numstat --summary -M --use-mailmap -m --no-min-parents -n1 0d29421bc3a6bebd251fabb1fd80526da93f9ef6 -- [*2133ms] (slow)

2025-07-27 23:37:31.271 [info] [2025-07-27 20:37:30.770] Warning(/usr/bin/git -c core.quotepath=false -c color.ui=false log --format=%x1E%H%x1D --summary -n1 0d29421bc3a6bebd251fabb1fd80526da93f9ef6^ -- README.md): fatal: bad revision '0d29421bc3a6bebd251fabb1fd80526da93f9ef6^'


2025-07-27 23:37:33.272 [info] [2025-07-27 20:37:32.804] [GIT   *2070ms] [/home/mochi-002/dotfiles] git log --format=%x1E%H%x1D%aN%x1D%aE%x1D%at%x1D%cN%x1D%cE%x1D%ct%x1D%P%x1D%D%x1D%B%x1D --numstat --summary -M --use-mailmap -m --no-min-parents -n1 0d29421bc3a6bebd251fabb1fd80526da93f9ef6 -- [*2070ms] (slow)

2025-07-27 23:37:43.499 [info] [2025-07-27 20:37:42.990] Warning(/usr/bin/git -c core.quotepath=false -c color.ui=false log --format=%x1E%H%x1D --summary -n1 0d29421bc3a6bebd251fabb1fd80526da93f9ef6^ -- README.md): fatal: bad revision '0d29421bc3a6bebd251fabb1fd80526da93f9ef6^'


2025-07-27 23:37:45.500 [info] [2025-07-27 20:37:45.018] [GIT   *2070ms] [/home/mochi-002/dotfiles] git log --format=%x1E%H%x1D%aN%x1D%aE%x1D%at%x1D%cN%x1D%cE%x1D%ct%x1D%P%x1D%D%x1D%B%x1D --numstat --summary -M --use-mailmap -m --no-min-parents -n1 0d29421bc3a6bebd251fabb1fd80526da93f9ef6 -- [*2070ms] (slow)

