2025-07-25 18:03:17.941 [info] Starting Python Locator /home/mochi-002/.vscode/extensions/ms-python.python-2025.10.1-linux-x64/python-env-tools/bin/pet server
2025-07-25 18:03:18.261 [info] Discovered manager: (Pyenv) /usr/bin/pyenv
2025-07-25 18:03:18.262 [info] Discovered env: /home/mochi-002/Documents/DB - Programmong/competitive/.venv/bin/python
2025-07-25 18:03:18.276 [info] Discovered env: /bin/python
2025-07-25 18:03:18.277 [info] Discovered env: /usr/bin/python
2025-07-25 18:03:18.278 [info] Env ("/usr/sbin/python") in Path resolved as ResolvedPythonEnv { executable: "/usr/sbin/python", prefix: "/usr", version: "3.13.5.final.0", is64_bit: true, symlinks: Some(["/usr/sbin/python"]) } and reported as Some(GlobalPaths)
2025-07-25 18:03:18.278 [info] Discovered env: /usr/sbin/python
2025-07-25 18:03:18.280 [info] Env ("/sbin/python") in Path resolved as ResolvedPythonEnv { executable: "/sbin/python", prefix: "/usr", version: "3.13.5.final.0", is64_bit: true, symlinks: Some(["/sbin/python"]) } and reported as Some(GlobalPaths)
2025-07-25 18:03:18.280 [info] Discovered env: /sbin/python
2025-07-25 18:03:18.281 [info] Resolved Python Environment /home/mochi-002/Documents/DB - Programmong/competitive/.venv/bin/python
2025-07-25 18:03:18.292 [info] Env ("/usr/sbin/python3") in Path resolved as ResolvedPythonEnv { executable: "/usr/sbin/python3", prefix: "/usr", version: "3.13.5.final.0", is64_bit: true, symlinks: Some(["/usr/sbin/python3"]) } and reported as Some(GlobalPaths)
2025-07-25 18:03:18.293 [info] Discovered env: /usr/sbin/python3
2025-07-25 18:03:18.293 [info] Env ("/sbin/python3") in Path resolved as ResolvedPythonEnv { executable: "/sbin/python3", prefix: "/usr", version: "3.13.5.final.0", is64_bit: true, symlinks: Some(["/sbin/python3"]) } and reported as Some(GlobalPaths)
2025-07-25 18:03:18.294 [info] Discovered env: /sbin/python3
2025-07-25 18:03:18.294 [info] Env ("/usr/sbin/python3.13") in Path resolved as ResolvedPythonEnv { executable: "/usr/sbin/python3.13", prefix: "/usr", version: "3.13.5.final.0", is64_bit: true, symlinks: Some(["/usr/sbin/python3.13"]) } and reported as Some(GlobalPaths)
2025-07-25 18:03:18.294 [info] Discovered env: /usr/sbin/python3.13
2025-07-25 18:03:18.295 [info] Env ("/sbin/python3.13") in Path resolved as ResolvedPythonEnv { executable: "/sbin/python3.13", prefix: "/usr", version: "3.13.5.final.0", is64_bit: true, symlinks: Some(["/sbin/python3.13"]) } and reported as Some(GlobalPaths)
2025-07-25 18:03:18.295 [info] Discovered env: /sbin/python3.13
2025-07-25 18:03:18.295 [info] Locator Conda took 174.059975ms
2025-07-25 18:03:18.296 [info] Locator Homebrew took 278.127µs
2025-07-25 18:03:18.296 [info] Locator LinuxGlobal took 195.27428ms
2025-07-25 18:03:18.296 [info] Locator PipEnv took 241.12µs
2025-07-25 18:03:18.296 [info] Locator Pixi took 144.011µs
2025-07-25 18:03:18.296 [info] Locator Poetry took 1.127427ms
2025-07-25 18:03:18.296 [info] Locator PyEnv took 3.824702ms
2025-07-25 18:03:18.296 [info] Locator Venv took 115.687µs
2025-07-25 18:03:18.297 [info] Locator VirtualEnv took 372.713µs
2025-07-25 18:03:18.297 [info] Locator VirtualEnvWrapper took 113.101µs
2025-07-25 18:03:18.297 [info] Locator GlobalVirtualEnvs took 249.095µs
2025-07-25 18:03:18.297 [info] Locator Locators took 196.854299ms
2025-07-25 18:03:18.297 [info] Locator Path took 301.213184ms
2025-07-25 18:03:18.297 [info] Locator Workspaces took 38.029822ms
2025-07-25 18:03:18.297 [info] Refresh completed in 301ms
2025-07-25 18:03:49.189 [info] Resolved Python Environment /home/mochi-002/Documents/DB - Programmong/competitive/.venv/bin/python
2025-07-25 18:04:45.481 [info] Resolved Python Environment /home/mochi-002/Documents/DB - Programmong/competitive/.venv/bin/python
2025-07-25 18:06:35.476 [info] Resolved Python Environment /home/mochi-002/Documents/DB - Programmong/competitive/.venv/bin/python
2025-07-25 18:08:22.325 [info] Resolved Python Environment /home/mochi-002/Documents/DB - Programmong/competitive/.venv/bin/python
