2025-07-26 11:03:13.112 [info] Starting Python Locator /home/mochi-002/.vscode/extensions/ms-python.python-2025.10.1-linux-x64/python-env-tools/bin/pet server
2025-07-26 11:03:14.179 [info] Discovered manager: (Pyenv) /usr/bin/pyenv
2025-07-26 11:03:14.180 [info] Discovered env: /home/mochi-002/Documents/DB - Programmong/competitive/.venv/bin/python
2025-07-26 11:03:14.183 [info] Resolved Python Environment /home/mochi-002/Documents/DB - Programmong/competitive/.venv/bin/python
2025-07-26 11:03:14.577 [info] Discovered env: /bin/python
2025-07-26 11:03:14.731 [info] Discovered env: /usr/bin/python
2025-07-26 11:03:14.732 [info] Env ("/usr/sbin/python") in Path resolved as ResolvedPythonEnv { executable: "/usr/sbin/python", prefix: "/usr", version: "3.13.5.final.0", is64_bit: true, symlinks: Some(["/usr/sbin/python"]) } and reported as Some(GlobalPaths)
2025-07-26 11:03:14.733 [info] Discovered env: /usr/sbin/python
2025-07-26 11:03:14.737 [info] Env ("/sbin/python") in Path resolved as ResolvedPythonEnv { executable: "/sbin/python", prefix: "/usr", version: "3.13.5.final.0", is64_bit: true, symlinks: Some(["/sbin/python"]) } and reported as Some(GlobalPaths)
2025-07-26 11:03:14.737 [info] Discovered env: /sbin/python
2025-07-26 11:03:14.737 [info] Env ("/usr/sbin/python3") in Path resolved as ResolvedPythonEnv { executable: "/usr/sbin/python3", prefix: "/usr", version: "3.13.5.final.0", is64_bit: true, symlinks: Some(["/usr/sbin/python3"]) } and reported as Some(GlobalPaths)
2025-07-26 11:03:14.738 [info] Discovered env: /usr/sbin/python3
2025-07-26 11:03:14.739 [info] Env ("/sbin/python3") in Path resolved as ResolvedPythonEnv { executable: "/sbin/python3", prefix: "/usr", version: "3.13.5.final.0", is64_bit: true, symlinks: Some(["/sbin/python3"]) } and reported as Some(GlobalPaths)
2025-07-26 11:03:14.739 [info] Discovered env: /sbin/python3
2025-07-26 11:03:14.740 [info] Env ("/sbin/python3.13") in Path resolved as ResolvedPythonEnv { executable: "/sbin/python3.13", prefix: "/usr", version: "3.13.5.final.0", is64_bit: true, symlinks: Some(["/sbin/python3.13"]) } and reported as Some(GlobalPaths)
2025-07-26 11:03:14.740 [info] Discovered env: /sbin/python3.13
2025-07-26 11:03:14.741 [info] Env ("/usr/sbin/python3.13") in Path resolved as ResolvedPythonEnv { executable: "/usr/sbin/python3.13", prefix: "/usr", version: "3.13.5.final.0", is64_bit: true, symlinks: Some(["/usr/sbin/python3.13"]) } and reported as Some(GlobalPaths)
2025-07-26 11:03:14.741 [info] Discovered env: /usr/sbin/python3.13
2025-07-26 11:03:14.741 [info] Locator Conda took 174.248699ms
2025-07-26 11:03:14.741 [info] Locator Homebrew took 273.621µs
2025-07-26 11:03:14.741 [info] Locator LinuxGlobal took 196.515937ms
2025-07-26 11:03:14.741 [info] Locator PipEnv took 18.76µs
2025-07-26 11:03:14.741 [info] Locator Pixi took 28.687µs
2025-07-26 11:03:14.741 [info] Locator Poetry took 626.259µs
2025-07-26 11:03:14.741 [info] Locator PyEnv took 3.970348ms
2025-07-26 11:03:14.742 [info] Locator Venv took 35.227µs
2025-07-26 11:03:14.742 [info] Locator VirtualEnv took 17.779µs
2025-07-26 11:03:14.742 [info] Locator VirtualEnvWrapper took 18.233µs
2025-07-26 11:03:14.742 [info] Locator GlobalVirtualEnvs took 206.227µs
2025-07-26 11:03:14.742 [info] Locator Locators took 197.643884ms
2025-07-26 11:03:14.742 [info] Locator Path took 298.041821ms
2025-07-26 11:03:14.742 [info] Locator Workspaces took 81.690419ms
2025-07-26 11:03:14.742 [info] Refresh completed in 298ms
2025-07-26 11:03:42.936 [info] Resolved Python Environment /home/mochi-002/Documents/DB - Programmong/competitive/.venv/bin/python
