["INFO" - 9:13:22 PM] Existing installation id found, no need to create a new one.
"4ba01e22-c615-4b10-98cd-dd6127b9e9bf"
["DEBUG" - 9:13:22 PM] Error fetching feature flags
{}
["DEBUG" - 9:13:22 PM] Initializing db
"/home/mochi-002/.config/Code/User/workspaceStorage/f05d9f8bf3ab0367f8cae74ebe9dcbe4/Codium.codium"
["DEBUG" - 9:13:22 PM] Registered uninstall hook.
["DEBUG" - 9:13:22 PM] FileSystem - Registered URI scheme: qodoMcpEditdiff
["DEBUG" - 9:13:22 PM] FileSystem - Registered URI scheme: qodoToolsDiff
["DEBUG" - 9:13:25 PM] Terminal - Creating new TerminalManager instance
["DEBUG" - 9:13:25 PM] 🚀 ~ init ~ featureFlags:
{
  "items": [
    {
      "feature_id": "code_completion",
      "enabled": true,
      "masked": false
    },
    {
      "feature_id": "extend_test_suite",
      "enabled": false,
      "masked": false
    },
    {
      "feature_id": "pre_pr",
      "enabled": true,
      "masked": false
    }
  ]
}
["DEBUG" - 9:13:25 PM] Registering Codium provider
"2025-07-27T18:13:25.683Z"
["DEBUG" - 9:13:25 PM] Initializing Git commit tracker
["DEBUG" - 9:13:25 PM] Git commit tracking is disabled by feature flag.
["INFO" - 9:13:26 PM] Terminal - Initializing Terminal server
["DEBUG" - 9:13:26 PM] Terminal - Listing Terminal server tools
["DEBUG" - 9:13:26 PM] request (315cfc74-1e19-4578-9a9e-47fe1d5f0ba1) for endpoint tags_health failed with error AxiosError: Request failed with status code 503
