2025-07-27 17:42:52.995 [warning] Via 'product.json#extensionEnabledApiProposals' extension 'ms-vsliveshare.vsliveshare' wants API proposal 'notebookCellExecutionState' but that proposal DOES NOT EXIST. Likely, the proposal has been finalized (check 'vscode.d.ts') or was abandoned.
2025-07-27 17:42:53.007 [warning] Via 'product.json#extensionEnabledApiProposals' extension 'ms-python.gather' wants API proposal 'notebookCellExecutionState' but that proposal DOES NOT EXIST. Likely, the proposal has been finalized (check 'vscode.d.ts') or was abandoned.
2025-07-27 17:42:53.007 [warning] Via 'product.json#extensionEnabledApiProposals' extension 'ms-python.vscode-pylance' wants API proposal 'mcpConfigurationProvider' but that proposal DOES NOT EXIST. Likely, the proposal has been finalized (check 'vscode.d.ts') or was abandoned.
2025-07-27 17:42:53.324 [info] Started local extension host with pid 29607.
2025-07-27 17:42:54.218 [info] Settings Sync: Account status changed from uninitialized to unavailable
2025-07-27 17:42:55.045 [error] [Extension Host] (node:29607) [DEP0040] DeprecationWarning: The `punycode` module is deprecated. Please use a userland alternative instead.
(Use `exe --trace-deprecation ...` to show where the warning was created)
2025-07-27 17:42:56.336 [info] [perf] Render performance baseline is 24ms
2025-07-27 17:42:56.596 [error] [UriError]: Scheme contains illegal characters.: Error: [UriError]: Scheme contains illegal characters.
    at C7 (file:///opt/visual-studio-code/resources/app/out/main.js:30:63994)
    at new id (file:///opt/visual-studio-code/resources/app/out/main.js:30:67374)
    at new jr (file:///opt/visual-studio-code/resources/app/out/main.js:30:68812)
    at id.revive (file:///opt/visual-studio-code/resources/app/out/main.js:30:68589)
    at V5.call (file:///opt/visual-studio-code/resources/app/out/main.js:85:103918)
    at Df.s (file:///opt/visual-studio-code/resources/app/out/main.js:31:14859)
    at Df.q (file:///opt/visual-studio-code/resources/app/out/main.js:31:14382)
    at Yo.value (file:///opt/visual-studio-code/resources/app/out/main.js:31:13784)
    at D.C (file:///opt/visual-studio-code/resources/app/out/main.js:30:2373)
    at D (file:///opt/visual-studio-code/resources/app/out/main.js:30:2443)
    at D.fire (file:///opt/visual-studio-code/resources/app/out/main.js:30:2660)
    at Yo.value (file:///opt/visual-studio-code/resources/app/out/main.js:28:4827)
    at D.C (file:///opt/visual-studio-code/resources/app/out/main.js:30:2373)
    at D.fire (file:///opt/visual-studio-code/resources/app/out/main.js:30:2591)
    at Yo.value (file:///opt/visual-studio-code/resources/app/out/main.js:28:5015)
    at D.C (file:///opt/visual-studio-code/resources/app/out/main.js:30:2373)
    at D.fire (file:///opt/visual-studio-code/resources/app/out/main.js:30:2591)
    at z (file:///opt/visual-studio-code/resources/app/out/main.js:28:7309)
    at IpcMainImpl.i (file:///opt/visual-studio-code/resources/app/out/main.js:33:21024)
    at IpcMainImpl.emit (node:events:518:28)
    at WebContents.<anonymous> (node:electron/js2c/browser_init:2:88892)
    at WebContents.emit (node:events:518:28)
2025-07-27 17:43:02.566 [error] [Extension Host] Failed to fetch tags_health, continuing: AxiosError: Request failed with status code 503
	at Ae (/home/mochi-002/.vscode/extensions/codium.codium-1.5.12/dist/extension.js:2:8765052)
	at IncomingMessage.<anonymous> (/home/mochi-002/.vscode/extensions/codium.codium-1.5.12/dist/extension.js:2:8777224)
	at IncomingMessage.emit (node:events:530:35)
	at endReadableNT (node:internal/streams/readable:1698:12)
	at process.processTicksAndRejections (node:internal/process/task_queues:90:21)
	at ct.request (/home/mochi-002/.vscode/extensions/codium.codium-1.5.12/dist/extension.js:2:8789455)
	at process.processTicksAndRejections (node:internal/process/task_queues:105:5)
	at async m.sendHttpRequest (/home/mochi-002/.vscode/extensions/codium.codium-1.5.12/dist/extension.js:2:418347)
	at async m.httpRequest (/home/mochi-002/.vscode/extensions/codium.codium-1.5.12/dist/extension.js:2:417304)
	at async E.safeHttpRequest (/home/mochi-002/.vscode/extensions/codium.codium-1.5.12/dist/extension.js:2:8390247)
	at async E.updateMetadataServiceAvailability (/home/mochi-002/.vscode/extensions/codium.codium-1.5.12/dist/extension.js:2:8389874)
	at async E.initRemoteRagSettingsFromServer (/home/mochi-002/.vscode/extensions/codium.codium-1.5.12/dist/extension.js:2:8389705)
2025-07-27 17:43:50.651 [error] Request failed with status code 503: AxiosError: Request failed with status code 503
	at Ae (/home/mochi-002/.vscode/extensions/codium.codium-1.5.12/dist/extension.js:2:8765052)
	at IncomingMessage.<anonymous> (/home/mochi-002/.vscode/extensions/codium.codium-1.5.12/dist/extension.js:2:8777224)
	at IncomingMessage.emit (node:events:530:35)
	at endReadableNT (node:internal/streams/readable:1698:12)
	at process.processTicksAndRejections (node:internal/process/task_queues:90:21)
	at ct.request (/home/mochi-002/.vscode/extensions/codium.codium-1.5.12/dist/extension.js:2:8789455)
	at process.processTicksAndRejections (node:internal/process/task_queues:105:5)
	at async m.sendHttpRequest (/home/mochi-002/.vscode/extensions/codium.codium-1.5.12/dist/extension.js:2:418347)
	at async m.httpRequest (/home/mochi-002/.vscode/extensions/codium.codium-1.5.12/dist/extension.js:2:417304)
	at async E.fetchTags (/home/mochi-002/.vscode/extensions/codium.codium-1.5.12/dist/extension.js:2:8391762)
	at async e.SyncRequestsHandler.handleRequest (/home/mochi-002/.vscode/extensions/codium.codium-1.5.12/dist/extension.js:2:8407885)
2025-07-27 17:43:56.724 [error] [Extension Host] (node:29607) [DEP0066] DeprecationWarning: OutgoingMessage.prototype._headers is deprecated
2025-07-27 17:44:08.776 [error] Illegal value for lineNumber: Error: Illegal value for lineNumber
    at wf.getLineLength (vscode-file://vscode-app/opt/visual-studio-code/resources/app/out/vs/workbench/workbench.desktop.main.js:266:4369)
    at roe.reportIfInvalid (vscode-file://vscode-app/opt/visual-studio-code/resources/app/out/vs/workbench/workbench.desktop.main.js:485:13507)
    at CRe.reportIfInvalid (vscode-file://vscode-app/opt/visual-studio-code/resources/app/out/vs/workbench/workbench.desktop.main.js:485:10855)
    at NTi.set (vscode-file://vscode-app/opt/visual-studio-code/resources/app/out/vs/workbench/workbench.desktop.main.js:263:14282)
    at Zle.setSemanticTokens (vscode-file://vscode-app/opt/visual-studio-code/resources/app/out/vs/workbench/workbench.desktop.main.js:263:25075)
    at NVe.u (vscode-file://vscode-app/opt/visual-studio-code/resources/app/out/vs/workbench/workbench.desktop.main.js:485:26548)
    at vscode-file://vscode-app/opt/visual-studio-code/resources/app/out/vs/workbench/workbench.desktop.main.js:485:25011
2025-07-27 17:44:39.453 [error] [Extension Host] Compilation failed
2025-07-27 17:44:39.509 [error] [Extension Host] Could not compile /home/mochi-002/Documents/DB - Programmong/competitive/A_Recycling_Center.cpp
2025-07-27 17:44:48.053 [error] [Extension Host] Compilation failed
2025-07-27 17:44:48.072 [error] [Extension Host] Failed to compile {"name":"A. Recycling Center","group":"Codeforces - Codeforces Round 1039 (Div. 2)","url":"https://codeforces.com/contest/2128/problem/0","interactive":false,"memoryLimit":256,"timeLimit":1000,"tests":[{"id":1753627440666,"input":"4\n5 10\n10 4 15 1 8\n3 42\n1000000000 1000000000 1000000000\n10 30\n29 25 2 12 15 42 14 6 16 9\n10 1000000\n1 1 1 1 1 1 1 1 1 864026633\n","output":"2\n3\n6\n1\n"}],"testType":"single","input":{"type":"stdin"},"output":{"type":"stdout"},"languages":{"java":{"mainClass":"Main","taskClass":"ARecyclingCenter"}},"batch":{"id":"4890e1a3-12e8-405e-b615-dd05d2fd8916","size":1},"srcPath":"/home/mochi-002/Documents/DB - Programmong/competitive/A_Recycling_Center.cpp"} 1753627440666
2025-07-27 17:45:10.066 [error] lock() request could not be registered.: InvalidStateError: lock() request could not be registered.
2025-07-27 17:46:03.540 [error] [Extension Host] Compilation failed
2025-07-27 17:46:03.561 [error] [Extension Host] Could not compile /home/mochi-002/Documents/DB - Programmong/competitive/A_Recycling_Center.cpp
2025-07-27 17:46:33.019 [error] [Extension Host] Compilation failed
2025-07-27 17:46:33.036 [error] [Extension Host] Failed to compile {"name":"A. Recycling Center","group":"Codeforces - Codeforces Round 1039 (Div. 2)","url":"https://codeforces.com/contest/2128/problem/0","interactive":false,"memoryLimit":256,"timeLimit":1000,"tests":[{"id":1753627440666,"input":"4\n5 10\n10 4 15 1 8\n3 42\n1000000000 1000000000 1000000000\n10 30\n29 25 2 12 15 42 14 6 16 9\n10 1000000\n1 1 1 1 1 1 1 1 1 864026633\n","output":"2\n3\n6\n1\n"}],"testType":"single","input":{"type":"stdin"},"output":{"type":"stdout"},"languages":{"java":{"mainClass":"Main","taskClass":"ARecyclingCenter"}},"batch":{"id":"4890e1a3-12e8-405e-b615-dd05d2fd8916","size":1},"srcPath":"/home/mochi-002/Documents/DB - Programmong/competitive/A_Recycling_Center.cpp"} 1753627440666
2025-07-27 17:48:17.289 [error] Illegal value for lineNumber: Error: Illegal value for lineNumber
    at wf.getLineLength (vscode-file://vscode-app/opt/visual-studio-code/resources/app/out/vs/workbench/workbench.desktop.main.js:266:4369)
    at roe.reportIfInvalid (vscode-file://vscode-app/opt/visual-studio-code/resources/app/out/vs/workbench/workbench.desktop.main.js:485:13507)
    at CRe.reportIfInvalid (vscode-file://vscode-app/opt/visual-studio-code/resources/app/out/vs/workbench/workbench.desktop.main.js:485:10855)
    at NTi.set (vscode-file://vscode-app/opt/visual-studio-code/resources/app/out/vs/workbench/workbench.desktop.main.js:263:14282)
    at Zle.setSemanticTokens (vscode-file://vscode-app/opt/visual-studio-code/resources/app/out/vs/workbench/workbench.desktop.main.js:263:25075)
    at NVe.u (vscode-file://vscode-app/opt/visual-studio-code/resources/app/out/vs/workbench/workbench.desktop.main.js:485:26548)
    at vscode-file://vscode-app/opt/visual-studio-code/resources/app/out/vs/workbench/workbench.desktop.main.js:485:25011
2025-07-27 18:08:11.826 [error] Illegal value for lineNumber: Error: Illegal value for lineNumber
    at wf.getLineLength (vscode-file://vscode-app/opt/visual-studio-code/resources/app/out/vs/workbench/workbench.desktop.main.js:266:4369)
    at roe.reportIfInvalid (vscode-file://vscode-app/opt/visual-studio-code/resources/app/out/vs/workbench/workbench.desktop.main.js:485:13507)
    at CRe.reportIfInvalid (vscode-file://vscode-app/opt/visual-studio-code/resources/app/out/vs/workbench/workbench.desktop.main.js:485:10855)
    at NTi.set (vscode-file://vscode-app/opt/visual-studio-code/resources/app/out/vs/workbench/workbench.desktop.main.js:263:14282)
    at Zle.setSemanticTokens (vscode-file://vscode-app/opt/visual-studio-code/resources/app/out/vs/workbench/workbench.desktop.main.js:263:25075)
    at NVe.u (vscode-file://vscode-app/opt/visual-studio-code/resources/app/out/vs/workbench/workbench.desktop.main.js:485:26548)
    at vscode-file://vscode-app/opt/visual-studio-code/resources/app/out/vs/workbench/workbench.desktop.main.js:485:25011
2025-07-27 18:16:48.496 [error] Illegal value for lineNumber: Error: Illegal value for lineNumber
    at wf.getLineLength (vscode-file://vscode-app/opt/visual-studio-code/resources/app/out/vs/workbench/workbench.desktop.main.js:266:4369)
    at roe.reportIfInvalid (vscode-file://vscode-app/opt/visual-studio-code/resources/app/out/vs/workbench/workbench.desktop.main.js:485:13507)
    at CRe.reportIfInvalid (vscode-file://vscode-app/opt/visual-studio-code/resources/app/out/vs/workbench/workbench.desktop.main.js:485:10855)
    at NTi.set (vscode-file://vscode-app/opt/visual-studio-code/resources/app/out/vs/workbench/workbench.desktop.main.js:263:14282)
    at Zle.setSemanticTokens (vscode-file://vscode-app/opt/visual-studio-code/resources/app/out/vs/workbench/workbench.desktop.main.js:263:25075)
    at NVe.u (vscode-file://vscode-app/opt/visual-studio-code/resources/app/out/vs/workbench/workbench.desktop.main.js:485:26548)
    at vscode-file://vscode-app/opt/visual-studio-code/resources/app/out/vs/workbench/workbench.desktop.main.js:485:25011
2025-07-27 18:24:37.588 [error] lock() request could not be registered.: InvalidStateError: lock() request could not be registered.
2025-07-27 18:25:26.402 [error] Illegal value for lineNumber: Error: Illegal value for lineNumber
    at wf.getLineLength (vscode-file://vscode-app/opt/visual-studio-code/resources/app/out/vs/workbench/workbench.desktop.main.js:266:4369)
    at roe.reportIfInvalid (vscode-file://vscode-app/opt/visual-studio-code/resources/app/out/vs/workbench/workbench.desktop.main.js:485:13507)
    at CRe.reportIfInvalid (vscode-file://vscode-app/opt/visual-studio-code/resources/app/out/vs/workbench/workbench.desktop.main.js:485:10855)
    at NTi.set (vscode-file://vscode-app/opt/visual-studio-code/resources/app/out/vs/workbench/workbench.desktop.main.js:263:14282)
    at Zle.setSemanticTokens (vscode-file://vscode-app/opt/visual-studio-code/resources/app/out/vs/workbench/workbench.desktop.main.js:263:25075)
    at NVe.u (vscode-file://vscode-app/opt/visual-studio-code/resources/app/out/vs/workbench/workbench.desktop.main.js:485:26548)
    at vscode-file://vscode-app/opt/visual-studio-code/resources/app/out/vs/workbench/workbench.desktop.main.js:485:25011
2025-07-27 18:26:16.872 [error] Illegal value for lineNumber: Error: Illegal value for lineNumber
    at wf.getLineLength (vscode-file://vscode-app/opt/visual-studio-code/resources/app/out/vs/workbench/workbench.desktop.main.js:266:4369)
    at roe.reportIfInvalid (vscode-file://vscode-app/opt/visual-studio-code/resources/app/out/vs/workbench/workbench.desktop.main.js:485:13507)
    at CRe.reportIfInvalid (vscode-file://vscode-app/opt/visual-studio-code/resources/app/out/vs/workbench/workbench.desktop.main.js:485:10855)
    at NTi.set (vscode-file://vscode-app/opt/visual-studio-code/resources/app/out/vs/workbench/workbench.desktop.main.js:263:14282)
    at Zle.setSemanticTokens (vscode-file://vscode-app/opt/visual-studio-code/resources/app/out/vs/workbench/workbench.desktop.main.js:263:25075)
    at NVe.u (vscode-file://vscode-app/opt/visual-studio-code/resources/app/out/vs/workbench/workbench.desktop.main.js:485:26548)
    at vscode-file://vscode-app/opt/visual-studio-code/resources/app/out/vs/workbench/workbench.desktop.main.js:485:25011
2025-07-27 18:47:27.615 [error] Illegal value for lineNumber: Error: Illegal value for lineNumber
    at wf.getLineLength (vscode-file://vscode-app/opt/visual-studio-code/resources/app/out/vs/workbench/workbench.desktop.main.js:266:4369)
    at roe.reportIfInvalid (vscode-file://vscode-app/opt/visual-studio-code/resources/app/out/vs/workbench/workbench.desktop.main.js:485:13507)
    at CRe.reportIfInvalid (vscode-file://vscode-app/opt/visual-studio-code/resources/app/out/vs/workbench/workbench.desktop.main.js:485:10855)
    at NTi.set (vscode-file://vscode-app/opt/visual-studio-code/resources/app/out/vs/workbench/workbench.desktop.main.js:263:14282)
    at Zle.setSemanticTokens (vscode-file://vscode-app/opt/visual-studio-code/resources/app/out/vs/workbench/workbench.desktop.main.js:263:25075)
    at NVe.u (vscode-file://vscode-app/opt/visual-studio-code/resources/app/out/vs/workbench/workbench.desktop.main.js:485:26548)
    at vscode-file://vscode-app/opt/visual-studio-code/resources/app/out/vs/workbench/workbench.desktop.main.js:485:25011
2025-07-27 18:48:05.426 [error] Illegal value for lineNumber: Error: Illegal value for lineNumber
    at wf.getLineLength (vscode-file://vscode-app/opt/visual-studio-code/resources/app/out/vs/workbench/workbench.desktop.main.js:266:4369)
    at roe.reportIfInvalid (vscode-file://vscode-app/opt/visual-studio-code/resources/app/out/vs/workbench/workbench.desktop.main.js:485:13507)
    at CRe.reportIfInvalid (vscode-file://vscode-app/opt/visual-studio-code/resources/app/out/vs/workbench/workbench.desktop.main.js:485:10855)
    at NTi.set (vscode-file://vscode-app/opt/visual-studio-code/resources/app/out/vs/workbench/workbench.desktop.main.js:263:14282)
    at Zle.setSemanticTokens (vscode-file://vscode-app/opt/visual-studio-code/resources/app/out/vs/workbench/workbench.desktop.main.js:263:25075)
    at NVe.u (vscode-file://vscode-app/opt/visual-studio-code/resources/app/out/vs/workbench/workbench.desktop.main.js:485:26548)
    at vscode-file://vscode-app/opt/visual-studio-code/resources/app/out/vs/workbench/workbench.desktop.main.js:485:25011
