2025-07-26 13:50:19.744 [info] [main] Log level: Info
2025-07-26 13:50:19.744 [info] [main] Validating found git in: "git"
2025-07-26 13:50:19.744 [info] [main] Using git "2.50.1" from "git"
2025-07-26 13:50:19.744 [info] [Model][doInitialScan] Initial repository scan started
2025-07-26 13:50:19.744 [info] > git rev-parse --show-toplevel [7ms]
2025-07-26 13:50:19.744 [info] fatal: not a git repository (or any of the parent directories): .git
2025-07-26 13:50:19.744 [info] > git rev-parse --show-toplevel [4ms]
2025-07-26 13:50:19.744 [info] fatal: not a git repository (or any of the parent directories): .git
2025-07-26 13:50:19.744 [info] > git rev-parse --show-toplevel [40ms]
2025-07-26 13:50:19.744 [info] fatal: not a git repository (or any of the parent directories): .git
2025-07-26 13:50:19.745 [info] > git rev-parse --show-toplevel [2ms]
2025-07-26 13:50:19.745 [info] fatal: not a git repository (or any of the parent directories): .git
2025-07-26 13:50:19.754 [info] > git rev-parse --show-toplevel [4ms]
2025-07-26 13:50:19.754 [info] fatal: not a git repository (or any of the parent directories): .git
2025-07-26 13:50:19.767 [info] > git rev-parse --show-toplevel [4ms]
2025-07-26 13:50:19.767 [info] fatal: not a git repository (or any of the parent directories): .git
2025-07-26 13:50:19.768 [info] [Model][doInitialScan] Initial repository scan completed - repositories (0), closed repositories (0), parent repositories (0), unsafe repositories (0)
2025-07-26 13:50:21.340 [info] > git rev-parse --show-toplevel [129ms]
2025-07-26 13:50:21.340 [info] fatal: not a git repository (or any of the parent directories): .git
2025-07-26 13:50:21.360 [info] > git rev-parse --show-toplevel [4ms]
2025-07-26 13:50:21.360 [info] fatal: not a git repository (or any of the parent directories): .git
2025-07-26 13:50:21.969 [info] > git rev-parse --show-toplevel [23ms]
2025-07-26 13:50:21.969 [info] fatal: not a git repository (or any of the parent directories): .git
2025-07-26 13:50:22.213 [info] > git rev-parse --show-toplevel [86ms]
2025-07-26 13:50:22.213 [info] fatal: not a git repository (or any of the parent directories): .git
2025-07-26 13:50:22.249 [info] > git rev-parse --show-toplevel [25ms]
2025-07-26 13:50:22.249 [info] fatal: not a git repository (or any of the parent directories): .git
2025-07-26 13:50:24.505 [info] > git rev-parse --show-toplevel [11ms]
2025-07-26 13:50:24.505 [info] fatal: not a git repository (or any of the parent directories): .git
2025-07-26 13:50:24.525 [info] > git rev-parse --show-toplevel [3ms]
2025-07-26 13:50:24.525 [info] fatal: not a git repository (or any of the parent directories): .git
2025-07-26 13:50:24.544 [info] > git rev-parse --show-toplevel [3ms]
2025-07-26 13:50:24.544 [info] fatal: not a git repository (or any of the parent directories): .git
2025-07-26 13:50:25.751 [info] > git rev-parse --show-toplevel [1ms]
2025-07-26 13:50:25.751 [info] fatal: not a git repository (or any of the parent directories): .git
2025-07-26 13:50:33.184 [info] > git rev-parse --show-toplevel [6ms]
2025-07-26 13:50:33.184 [info] fatal: not a git repository (or any of the parent directories): .git
