2025-07-27 21:12:38.044 [info] Extension host with pid 74532 started
2025-07-27 21:12:38.045 [info] Skipping acquiring lock for /home/mochi-002/.config/Code/User/workspaceStorage/f05d9f8bf3ab0367f8cae74ebe9dcbe4.
2025-07-27 21:12:38.110 [info] ExtensionService#_doActivateExtension vscode.github-authentication, startup: false, activationEvent: 'onAuthenticationRequest:github'
2025-07-27 21:12:38.131 [info] ExtensionService#_doActivateExtension vscode.emmet, startup: false, activationEvent: 'onLanguage'
2025-07-27 21:12:38.182 [info] ExtensionService#_doActivateExtension vscode.git-base, startup: true, activationEvent: '*'
2025-07-27 21:12:38.184 [info] ExtensionService#_doActivateExtension dooez.alt-catppuccin-vsc, startup: true, activationEvent: '*'
2025-07-27 21:12:38.188 [info] ExtensionService#_doActivateExtension kruemelkatze.vscode-dashboard, startup: true, activationEvent: '*'
2025-07-27 21:12:38.327 [info] ExtensionService#_doActivateExtension vscode.github, startup: true, activationEvent: '*'
2025-07-27 21:12:38.386 [info] Eager extensions activated
2025-07-27 21:12:38.409 [info] ExtensionService#_doActivateExtension vscode.debug-auto-launch, startup: false, activationEvent: 'onStartupFinished'
2025-07-27 21:12:38.411 [info] ExtensionService#_doActivateExtension vscode.merge-conflict, startup: false, activationEvent: 'onStartupFinished'
2025-07-27 21:12:38.424 [info] ExtensionService#_doActivateExtension alefragnani.Bookmarks, startup: false, activationEvent: 'onStartupFinished'
2025-07-27 21:12:38.433 [info] ExtensionService#_doActivateExtension alefragnani.project-manager, startup: false, activationEvent: 'onStartupFinished'
2025-07-27 21:12:38.444 [info] ExtensionService#_doActivateExtension eamodio.gitlens, startup: false, activationEvent: 'onStartupFinished'
2025-07-27 21:12:38.558 [info] ExtensionService#_doActivateExtension esbenp.prettier-vscode, startup: false, activationEvent: 'onStartupFinished'
2025-07-27 21:12:38.615 [info] ExtensionService#_doActivateExtension PKief.material-icon-theme, startup: false, activationEvent: 'onStartupFinished'
2025-07-27 21:13:21.423 [info] ExtensionService#_doActivateExtension vscode.git, startup: false, activationEvent: 'api', root cause: vscode.github
2025-07-27 21:13:21.576 [info] ExtensionService#_doActivateExtension aaron-bond.better-comments, startup: false, activationEvent: 'onStartupFinished'
2025-07-27 21:13:21.586 [info] ExtensionService#_doActivateExtension dbaeumer.vscode-eslint, startup: false, activationEvent: 'onStartupFinished'
2025-07-27 21:13:21.615 [info] ExtensionService#_doActivateExtension DivyanshuAgrawal.competitive-programming-helper, startup: false, activationEvent: '*'
2025-07-27 21:13:21.632 [info] ExtensionService#_doActivateExtension mechatroner.rainbow-csv, startup: false, activationEvent: 'onLanguage:plaintext'
2025-07-27 21:13:21.635 [info] ExtensionService#_doActivateExtension oderwat.indent-rainbow, startup: false, activationEvent: '*'
2025-07-27 21:13:21.636 [info] ExtensionService#_doActivateExtension ritwickdey.LiveServer, startup: false, activationEvent: 'onStartupFinished'
2025-07-27 21:13:21.640 [info] ExtensionService#_doActivateExtension rvest.vs-code-prettier-eslint, startup: false, activationEvent: 'onStartupFinished'
2025-07-27 21:13:21.644 [info] ExtensionService#_doActivateExtension tonybaloney.vscode-pets, startup: false, activationEvent: 'onStartupFinished'
2025-07-27 21:13:21.654 [info] ExtensionService#_doActivateExtension usernamehw.errorlens, startup: false, activationEvent: 'onStartupFinished'
2025-07-27 21:13:21.685 [info] ExtensionService#_doActivateExtension yzhang.markdown-all-in-one, startup: false, activationEvent: 'workspaceContains:README.md'
2025-07-27 21:13:21.805 [info] ExtensionService#_doActivateExtension Codium.codium, startup: false, activationEvent: 'onStartupFinished'
2025-07-27 21:13:22.204 [info] ExtensionService#_doActivateExtension vscode.markdown-math, startup: false, activationEvent: 'api', root cause: yzhang.markdown-all-in-one
2025-07-27 21:13:38.944 [info] ExtensionService#_doActivateExtension batisteo.vscode-django, startup: false, activationEvent: 'onLanguage:python'
2025-07-27 21:13:38.951 [info] ExtensionService#_doActivateExtension KevinRose.vsc-python-indent, startup: false, activationEvent: 'onLanguage:python'
2025-07-27 21:13:38.957 [info] ExtensionService#_doActivateExtension ms-python.python, startup: false, activationEvent: 'onLanguage:python', root cause: ms-python.debugpy
2025-07-27 21:13:39.094 [info] ExtensionService#_doActivateExtension ms-python.vscode-pylance, startup: false, activationEvent: 'onLanguage:python'
2025-07-27 21:13:39.444 [info] ExtensionService#_doActivateExtension ms-python.vscode-python-envs, startup: false, activationEvent: 'onLanguage:python'
2025-07-27 21:13:39.478 [info] ExtensionService#_doActivateExtension njpwerner.autodocstring, startup: false, activationEvent: 'onLanguage:python'
2025-07-27 21:13:39.487 [info] ExtensionService#_doActivateExtension VisualStudioExptTeam.intellicode-api-usage-examples, startup: false, activationEvent: 'onLanguage:python'
2025-07-27 21:13:39.584 [info] ExtensionService#_doActivateExtension VisualStudioExptTeam.vscodeintellicode, startup: false, activationEvent: 'onLanguage:python'
2025-07-27 21:13:39.864 [info] ExtensionService#_doActivateExtension ms-python.debugpy, startup: false, activationEvent: 'onLanguage:python'
2025-07-27 21:13:50.222 [error] ExtensionError: Error in extension rvest.vs-code-prettier-eslint: FAILED to handle event
	at Gh.value (file:///opt/visual-studio-code/resources/app/out/vs/workbench/api/node/extensionHostProcess.js:164:103730)
	at $.C (file:///opt/visual-studio-code/resources/app/out/vs/workbench/api/node/extensionHostProcess.js:27:2375)
	at $.D (file:///opt/visual-studio-code/resources/app/out/vs/workbench/api/node/extensionHostProcess.js:27:2445)
	at $.fire (file:///opt/visual-studio-code/resources/app/out/vs/workbench/api/node/extensionHostProcess.js:27:2662)
	at Gh.value (file:///opt/visual-studio-code/resources/app/out/vs/workbench/api/node/extensionHostProcess.js:164:70638)
	at $.C (file:///opt/visual-studio-code/resources/app/out/vs/workbench/api/node/extensionHostProcess.js:27:2375)
	at $.fire (file:///opt/visual-studio-code/resources/app/out/vs/workbench/api/node/extensionHostProcess.js:27:2593)
	at fy.acceptDocumentsAndEditorsDelta (file:///opt/visual-studio-code/resources/app/out/vs/workbench/api/node/extensionHostProcess.js:121:11787)
	at fy.$acceptDocumentsAndEditorsDelta (file:///opt/visual-studio-code/resources/app/out/vs/workbench/api/node/extensionHostProcess.js:121:10246)
	at a4.S (file:///opt/visual-studio-code/resources/app/out/vs/workbench/api/node/extensionHostProcess.js:29:117864)
	at a4.Q (file:///opt/visual-studio-code/resources/app/out/vs/workbench/api/node/extensionHostProcess.js:29:117644)
	at a4.M (file:///opt/visual-studio-code/resources/app/out/vs/workbench/api/node/extensionHostProcess.js:29:116733)
	at a4.L (file:///opt/visual-studio-code/resources/app/out/vs/workbench/api/node/extensionHostProcess.js:29:115838)
	at Gh.value (file:///opt/visual-studio-code/resources/app/out/vs/workbench/api/node/extensionHostProcess.js:29:114635)
	at $.C (file:///opt/visual-studio-code/resources/app/out/vs/workbench/api/node/extensionHostProcess.js:27:2375)
	at $.fire (file:///opt/visual-studio-code/resources/app/out/vs/workbench/api/node/extensionHostProcess.js:27:2593)
	at ao.fire (file:///opt/visual-studio-code/resources/app/out/vs/workbench/api/node/extensionHostProcess.js:29:9459)
	at Gh.value (file:///opt/visual-studio-code/resources/app/out/vs/workbench/api/node/extensionHostProcess.js:356:8152)
	at $.C (file:///opt/visual-studio-code/resources/app/out/vs/workbench/api/node/extensionHostProcess.js:27:2375)
	at $.fire (file:///opt/visual-studio-code/resources/app/out/vs/workbench/api/node/extensionHostProcess.js:27:2593)
	at ao.fire (file:///opt/visual-studio-code/resources/app/out/vs/workbench/api/node/extensionHostProcess.js:29:9459)
	at MessagePortMain.<anonymous> (file:///opt/visual-studio-code/resources/app/out/vs/workbench/api/node/extensionHostProcess.js:356:6444)
	at MessagePortMain.emit (node:events:518:28)
	at MessagePortMain._internalPort.emit (node:electron/js2c/utility_init:2:3073)
2025-07-27 21:13:50.223 [warning] TextEditor is closed/disposed
2025-07-27 21:14:01.857 [error] ExtensionError: Error in extension rvest.vs-code-prettier-eslint: FAILED to handle event
	at Gh.value (file:///opt/visual-studio-code/resources/app/out/vs/workbench/api/node/extensionHostProcess.js:164:103730)
	at $.C (file:///opt/visual-studio-code/resources/app/out/vs/workbench/api/node/extensionHostProcess.js:27:2375)
	at $.D (file:///opt/visual-studio-code/resources/app/out/vs/workbench/api/node/extensionHostProcess.js:27:2445)
	at $.fire (file:///opt/visual-studio-code/resources/app/out/vs/workbench/api/node/extensionHostProcess.js:27:2662)
	at Gh.value (file:///opt/visual-studio-code/resources/app/out/vs/workbench/api/node/extensionHostProcess.js:164:70638)
	at $.C (file:///opt/visual-studio-code/resources/app/out/vs/workbench/api/node/extensionHostProcess.js:27:2375)
	at $.fire (file:///opt/visual-studio-code/resources/app/out/vs/workbench/api/node/extensionHostProcess.js:27:2593)
	at fy.acceptDocumentsAndEditorsDelta (file:///opt/visual-studio-code/resources/app/out/vs/workbench/api/node/extensionHostProcess.js:121:11787)
	at fy.$acceptDocumentsAndEditorsDelta (file:///opt/visual-studio-code/resources/app/out/vs/workbench/api/node/extensionHostProcess.js:121:10246)
	at a4.S (file:///opt/visual-studio-code/resources/app/out/vs/workbench/api/node/extensionHostProcess.js:29:117864)
	at a4.Q (file:///opt/visual-studio-code/resources/app/out/vs/workbench/api/node/extensionHostProcess.js:29:117644)
	at a4.M (file:///opt/visual-studio-code/resources/app/out/vs/workbench/api/node/extensionHostProcess.js:29:116733)
	at a4.L (file:///opt/visual-studio-code/resources/app/out/vs/workbench/api/node/extensionHostProcess.js:29:115838)
	at Gh.value (file:///opt/visual-studio-code/resources/app/out/vs/workbench/api/node/extensionHostProcess.js:29:114635)
	at $.C (file:///opt/visual-studio-code/resources/app/out/vs/workbench/api/node/extensionHostProcess.js:27:2375)
	at $.fire (file:///opt/visual-studio-code/resources/app/out/vs/workbench/api/node/extensionHostProcess.js:27:2593)
	at ao.fire (file:///opt/visual-studio-code/resources/app/out/vs/workbench/api/node/extensionHostProcess.js:29:9459)
	at Gh.value (file:///opt/visual-studio-code/resources/app/out/vs/workbench/api/node/extensionHostProcess.js:356:8152)
	at $.C (file:///opt/visual-studio-code/resources/app/out/vs/workbench/api/node/extensionHostProcess.js:27:2375)
	at $.fire (file:///opt/visual-studio-code/resources/app/out/vs/workbench/api/node/extensionHostProcess.js:27:2593)
	at ao.fire (file:///opt/visual-studio-code/resources/app/out/vs/workbench/api/node/extensionHostProcess.js:29:9459)
	at MessagePortMain.<anonymous> (file:///opt/visual-studio-code/resources/app/out/vs/workbench/api/node/extensionHostProcess.js:356:6444)
	at MessagePortMain.emit (node:events:518:28)
	at MessagePortMain._internalPort.emit (node:electron/js2c/utility_init:2:3073)
2025-07-27 21:14:01.858 [warning] TextEditor is closed/disposed
2025-07-27 21:14:53.930 [error] ExtensionError: Error in extension rvest.vs-code-prettier-eslint: FAILED to handle event
	at Gh.value (file:///opt/visual-studio-code/resources/app/out/vs/workbench/api/node/extensionHostProcess.js:164:103730)
	at $.C (file:///opt/visual-studio-code/resources/app/out/vs/workbench/api/node/extensionHostProcess.js:27:2375)
	at $.D (file:///opt/visual-studio-code/resources/app/out/vs/workbench/api/node/extensionHostProcess.js:27:2445)
	at $.fire (file:///opt/visual-studio-code/resources/app/out/vs/workbench/api/node/extensionHostProcess.js:27:2662)
	at Gh.value (file:///opt/visual-studio-code/resources/app/out/vs/workbench/api/node/extensionHostProcess.js:164:70638)
	at $.C (file:///opt/visual-studio-code/resources/app/out/vs/workbench/api/node/extensionHostProcess.js:27:2375)
	at $.fire (file:///opt/visual-studio-code/resources/app/out/vs/workbench/api/node/extensionHostProcess.js:27:2593)
	at fy.acceptDocumentsAndEditorsDelta (file:///opt/visual-studio-code/resources/app/out/vs/workbench/api/node/extensionHostProcess.js:121:11787)
	at fy.$acceptDocumentsAndEditorsDelta (file:///opt/visual-studio-code/resources/app/out/vs/workbench/api/node/extensionHostProcess.js:121:10246)
	at a4.S (file:///opt/visual-studio-code/resources/app/out/vs/workbench/api/node/extensionHostProcess.js:29:117864)
	at a4.Q (file:///opt/visual-studio-code/resources/app/out/vs/workbench/api/node/extensionHostProcess.js:29:117644)
	at a4.M (file:///opt/visual-studio-code/resources/app/out/vs/workbench/api/node/extensionHostProcess.js:29:116733)
	at a4.L (file:///opt/visual-studio-code/resources/app/out/vs/workbench/api/node/extensionHostProcess.js:29:115838)
	at Gh.value (file:///opt/visual-studio-code/resources/app/out/vs/workbench/api/node/extensionHostProcess.js:29:114635)
	at $.C (file:///opt/visual-studio-code/resources/app/out/vs/workbench/api/node/extensionHostProcess.js:27:2375)
	at $.fire (file:///opt/visual-studio-code/resources/app/out/vs/workbench/api/node/extensionHostProcess.js:27:2593)
	at ao.fire (file:///opt/visual-studio-code/resources/app/out/vs/workbench/api/node/extensionHostProcess.js:29:9459)
	at Gh.value (file:///opt/visual-studio-code/resources/app/out/vs/workbench/api/node/extensionHostProcess.js:356:8152)
	at $.C (file:///opt/visual-studio-code/resources/app/out/vs/workbench/api/node/extensionHostProcess.js:27:2375)
	at $.fire (file:///opt/visual-studio-code/resources/app/out/vs/workbench/api/node/extensionHostProcess.js:27:2593)
	at ao.fire (file:///opt/visual-studio-code/resources/app/out/vs/workbench/api/node/extensionHostProcess.js:29:9459)
	at MessagePortMain.<anonymous> (file:///opt/visual-studio-code/resources/app/out/vs/workbench/api/node/extensionHostProcess.js:356:6444)
	at MessagePortMain.emit (node:events:518:28)
	at MessagePortMain._internalPort.emit (node:electron/js2c/utility_init:2:3073)
2025-07-27 21:14:53.931 [warning] TextEditor is closed/disposed
2025-07-27 21:17:10.314 [error] ExtensionError: Error in extension rvest.vs-code-prettier-eslint: FAILED to handle event
	at Gh.value (file:///opt/visual-studio-code/resources/app/out/vs/workbench/api/node/extensionHostProcess.js:164:103730)
	at $.C (file:///opt/visual-studio-code/resources/app/out/vs/workbench/api/node/extensionHostProcess.js:27:2375)
	at $.D (file:///opt/visual-studio-code/resources/app/out/vs/workbench/api/node/extensionHostProcess.js:27:2445)
	at $.fire (file:///opt/visual-studio-code/resources/app/out/vs/workbench/api/node/extensionHostProcess.js:27:2662)
	at Gh.value (file:///opt/visual-studio-code/resources/app/out/vs/workbench/api/node/extensionHostProcess.js:164:70638)
	at $.C (file:///opt/visual-studio-code/resources/app/out/vs/workbench/api/node/extensionHostProcess.js:27:2375)
	at $.fire (file:///opt/visual-studio-code/resources/app/out/vs/workbench/api/node/extensionHostProcess.js:27:2593)
	at fy.acceptDocumentsAndEditorsDelta (file:///opt/visual-studio-code/resources/app/out/vs/workbench/api/node/extensionHostProcess.js:121:11787)
	at fy.$acceptDocumentsAndEditorsDelta (file:///opt/visual-studio-code/resources/app/out/vs/workbench/api/node/extensionHostProcess.js:121:10246)
	at a4.S (file:///opt/visual-studio-code/resources/app/out/vs/workbench/api/node/extensionHostProcess.js:29:117864)
	at a4.Q (file:///opt/visual-studio-code/resources/app/out/vs/workbench/api/node/extensionHostProcess.js:29:117644)
	at a4.M (file:///opt/visual-studio-code/resources/app/out/vs/workbench/api/node/extensionHostProcess.js:29:116733)
	at a4.L (file:///opt/visual-studio-code/resources/app/out/vs/workbench/api/node/extensionHostProcess.js:29:115838)
	at Gh.value (file:///opt/visual-studio-code/resources/app/out/vs/workbench/api/node/extensionHostProcess.js:29:114635)
	at $.C (file:///opt/visual-studio-code/resources/app/out/vs/workbench/api/node/extensionHostProcess.js:27:2375)
	at $.fire (file:///opt/visual-studio-code/resources/app/out/vs/workbench/api/node/extensionHostProcess.js:27:2593)
	at ao.fire (file:///opt/visual-studio-code/resources/app/out/vs/workbench/api/node/extensionHostProcess.js:29:9459)
	at Gh.value (file:///opt/visual-studio-code/resources/app/out/vs/workbench/api/node/extensionHostProcess.js:356:8152)
	at $.C (file:///opt/visual-studio-code/resources/app/out/vs/workbench/api/node/extensionHostProcess.js:27:2375)
	at $.fire (file:///opt/visual-studio-code/resources/app/out/vs/workbench/api/node/extensionHostProcess.js:27:2593)
	at ao.fire (file:///opt/visual-studio-code/resources/app/out/vs/workbench/api/node/extensionHostProcess.js:29:9459)
	at MessagePortMain.<anonymous> (file:///opt/visual-studio-code/resources/app/out/vs/workbench/api/node/extensionHostProcess.js:356:6444)
	at MessagePortMain.emit (node:events:518:28)
	at MessagePortMain._internalPort.emit (node:electron/js2c/utility_init:2:3073)
2025-07-27 21:17:12.977 [error] ExtensionError: Error in extension rvest.vs-code-prettier-eslint: FAILED to handle event
	at Gh.value (file:///opt/visual-studio-code/resources/app/out/vs/workbench/api/node/extensionHostProcess.js:164:103730)
	at $.C (file:///opt/visual-studio-code/resources/app/out/vs/workbench/api/node/extensionHostProcess.js:27:2375)
	at $.D (file:///opt/visual-studio-code/resources/app/out/vs/workbench/api/node/extensionHostProcess.js:27:2445)
	at $.fire (file:///opt/visual-studio-code/resources/app/out/vs/workbench/api/node/extensionHostProcess.js:27:2662)
	at Gh.value (file:///opt/visual-studio-code/resources/app/out/vs/workbench/api/node/extensionHostProcess.js:164:70638)
	at $.C (file:///opt/visual-studio-code/resources/app/out/vs/workbench/api/node/extensionHostProcess.js:27:2375)
	at $.fire (file:///opt/visual-studio-code/resources/app/out/vs/workbench/api/node/extensionHostProcess.js:27:2593)
	at fy.acceptDocumentsAndEditorsDelta (file:///opt/visual-studio-code/resources/app/out/vs/workbench/api/node/extensionHostProcess.js:121:11787)
	at fy.$acceptDocumentsAndEditorsDelta (file:///opt/visual-studio-code/resources/app/out/vs/workbench/api/node/extensionHostProcess.js:121:10246)
	at a4.S (file:///opt/visual-studio-code/resources/app/out/vs/workbench/api/node/extensionHostProcess.js:29:117864)
	at a4.Q (file:///opt/visual-studio-code/resources/app/out/vs/workbench/api/node/extensionHostProcess.js:29:117644)
	at a4.M (file:///opt/visual-studio-code/resources/app/out/vs/workbench/api/node/extensionHostProcess.js:29:116733)
	at a4.L (file:///opt/visual-studio-code/resources/app/out/vs/workbench/api/node/extensionHostProcess.js:29:115838)
	at Gh.value (file:///opt/visual-studio-code/resources/app/out/vs/workbench/api/node/extensionHostProcess.js:29:114635)
	at $.C (file:///opt/visual-studio-code/resources/app/out/vs/workbench/api/node/extensionHostProcess.js:27:2375)
	at $.fire (file:///opt/visual-studio-code/resources/app/out/vs/workbench/api/node/extensionHostProcess.js:27:2593)
	at ao.fire (file:///opt/visual-studio-code/resources/app/out/vs/workbench/api/node/extensionHostProcess.js:29:9459)
	at Gh.value (file:///opt/visual-studio-code/resources/app/out/vs/workbench/api/node/extensionHostProcess.js:356:8152)
	at $.C (file:///opt/visual-studio-code/resources/app/out/vs/workbench/api/node/extensionHostProcess.js:27:2375)
	at $.fire (file:///opt/visual-studio-code/resources/app/out/vs/workbench/api/node/extensionHostProcess.js:27:2593)
	at ao.fire (file:///opt/visual-studio-code/resources/app/out/vs/workbench/api/node/extensionHostProcess.js:29:9459)
	at MessagePortMain.<anonymous> (file:///opt/visual-studio-code/resources/app/out/vs/workbench/api/node/extensionHostProcess.js:356:6444)
	at MessagePortMain.emit (node:events:518:28)
	at MessagePortMain._internalPort.emit (node:electron/js2c/utility_init:2:3073)
2025-07-27 21:17:12.978 [warning] TextEditor is closed/disposed
2025-07-27 21:17:35.511 [error] ExtensionError: Error in extension rvest.vs-code-prettier-eslint: FAILED to handle event
	at Gh.value (file:///opt/visual-studio-code/resources/app/out/vs/workbench/api/node/extensionHostProcess.js:164:103730)
	at $.C (file:///opt/visual-studio-code/resources/app/out/vs/workbench/api/node/extensionHostProcess.js:27:2375)
	at $.D (file:///opt/visual-studio-code/resources/app/out/vs/workbench/api/node/extensionHostProcess.js:27:2445)
	at $.fire (file:///opt/visual-studio-code/resources/app/out/vs/workbench/api/node/extensionHostProcess.js:27:2662)
	at Gh.value (file:///opt/visual-studio-code/resources/app/out/vs/workbench/api/node/extensionHostProcess.js:164:70638)
	at $.C (file:///opt/visual-studio-code/resources/app/out/vs/workbench/api/node/extensionHostProcess.js:27:2375)
	at $.fire (file:///opt/visual-studio-code/resources/app/out/vs/workbench/api/node/extensionHostProcess.js:27:2593)
	at fy.acceptDocumentsAndEditorsDelta (file:///opt/visual-studio-code/resources/app/out/vs/workbench/api/node/extensionHostProcess.js:121:11787)
	at fy.$acceptDocumentsAndEditorsDelta (file:///opt/visual-studio-code/resources/app/out/vs/workbench/api/node/extensionHostProcess.js:121:10246)
	at a4.S (file:///opt/visual-studio-code/resources/app/out/vs/workbench/api/node/extensionHostProcess.js:29:117864)
	at a4.Q (file:///opt/visual-studio-code/resources/app/out/vs/workbench/api/node/extensionHostProcess.js:29:117644)
	at a4.M (file:///opt/visual-studio-code/resources/app/out/vs/workbench/api/node/extensionHostProcess.js:29:116733)
	at a4.L (file:///opt/visual-studio-code/resources/app/out/vs/workbench/api/node/extensionHostProcess.js:29:115838)
	at Gh.value (file:///opt/visual-studio-code/resources/app/out/vs/workbench/api/node/extensionHostProcess.js:29:114635)
	at $.C (file:///opt/visual-studio-code/resources/app/out/vs/workbench/api/node/extensionHostProcess.js:27:2375)
	at $.fire (file:///opt/visual-studio-code/resources/app/out/vs/workbench/api/node/extensionHostProcess.js:27:2593)
	at ao.fire (file:///opt/visual-studio-code/resources/app/out/vs/workbench/api/node/extensionHostProcess.js:29:9459)
	at Gh.value (file:///opt/visual-studio-code/resources/app/out/vs/workbench/api/node/extensionHostProcess.js:356:8152)
	at $.C (file:///opt/visual-studio-code/resources/app/out/vs/workbench/api/node/extensionHostProcess.js:27:2375)
	at $.fire (file:///opt/visual-studio-code/resources/app/out/vs/workbench/api/node/extensionHostProcess.js:27:2593)
	at ao.fire (file:///opt/visual-studio-code/resources/app/out/vs/workbench/api/node/extensionHostProcess.js:29:9459)
	at MessagePortMain.<anonymous> (file:///opt/visual-studio-code/resources/app/out/vs/workbench/api/node/extensionHostProcess.js:356:6444)
	at MessagePortMain.emit (node:events:518:28)
	at MessagePortMain._internalPort.emit (node:electron/js2c/utility_init:2:3073)
2025-07-27 21:17:35.511 [warning] TextEditor is closed/disposed
2025-07-27 21:17:47.770 [error] ExtensionError: Error in extension rvest.vs-code-prettier-eslint: FAILED to handle event
	at Gh.value (file:///opt/visual-studio-code/resources/app/out/vs/workbench/api/node/extensionHostProcess.js:164:103730)
	at $.C (file:///opt/visual-studio-code/resources/app/out/vs/workbench/api/node/extensionHostProcess.js:27:2375)
	at $.D (file:///opt/visual-studio-code/resources/app/out/vs/workbench/api/node/extensionHostProcess.js:27:2445)
	at $.fire (file:///opt/visual-studio-code/resources/app/out/vs/workbench/api/node/extensionHostProcess.js:27:2662)
	at Gh.value (file:///opt/visual-studio-code/resources/app/out/vs/workbench/api/node/extensionHostProcess.js:164:70638)
	at $.C (file:///opt/visual-studio-code/resources/app/out/vs/workbench/api/node/extensionHostProcess.js:27:2375)
	at $.fire (file:///opt/visual-studio-code/resources/app/out/vs/workbench/api/node/extensionHostProcess.js:27:2593)
	at fy.acceptDocumentsAndEditorsDelta (file:///opt/visual-studio-code/resources/app/out/vs/workbench/api/node/extensionHostProcess.js:121:11787)
	at fy.$acceptDocumentsAndEditorsDelta (file:///opt/visual-studio-code/resources/app/out/vs/workbench/api/node/extensionHostProcess.js:121:10246)
	at a4.S (file:///opt/visual-studio-code/resources/app/out/vs/workbench/api/node/extensionHostProcess.js:29:117864)
	at a4.Q (file:///opt/visual-studio-code/resources/app/out/vs/workbench/api/node/extensionHostProcess.js:29:117644)
	at a4.M (file:///opt/visual-studio-code/resources/app/out/vs/workbench/api/node/extensionHostProcess.js:29:116733)
	at a4.L (file:///opt/visual-studio-code/resources/app/out/vs/workbench/api/node/extensionHostProcess.js:29:115838)
	at Gh.value (file:///opt/visual-studio-code/resources/app/out/vs/workbench/api/node/extensionHostProcess.js:29:114635)
	at $.C (file:///opt/visual-studio-code/resources/app/out/vs/workbench/api/node/extensionHostProcess.js:27:2375)
	at $.fire (file:///opt/visual-studio-code/resources/app/out/vs/workbench/api/node/extensionHostProcess.js:27:2593)
	at ao.fire (file:///opt/visual-studio-code/resources/app/out/vs/workbench/api/node/extensionHostProcess.js:29:9459)
	at Gh.value (file:///opt/visual-studio-code/resources/app/out/vs/workbench/api/node/extensionHostProcess.js:356:8152)
	at $.C (file:///opt/visual-studio-code/resources/app/out/vs/workbench/api/node/extensionHostProcess.js:27:2375)
	at $.fire (file:///opt/visual-studio-code/resources/app/out/vs/workbench/api/node/extensionHostProcess.js:27:2593)
	at ao.fire (file:///opt/visual-studio-code/resources/app/out/vs/workbench/api/node/extensionHostProcess.js:29:9459)
	at MessagePortMain.<anonymous> (file:///opt/visual-studio-code/resources/app/out/vs/workbench/api/node/extensionHostProcess.js:356:6444)
	at MessagePortMain.emit (node:events:518:28)
	at MessagePortMain._internalPort.emit (node:electron/js2c/utility_init:2:3073)
2025-07-27 21:17:47.772 [warning] TextEditor is closed/disposed
2025-07-27 21:20:05.960 [error] ExtensionError: Error in extension rvest.vs-code-prettier-eslint: FAILED to handle event
	at Gh.value (file:///opt/visual-studio-code/resources/app/out/vs/workbench/api/node/extensionHostProcess.js:164:103730)
	at $.C (file:///opt/visual-studio-code/resources/app/out/vs/workbench/api/node/extensionHostProcess.js:27:2375)
	at $.D (file:///opt/visual-studio-code/resources/app/out/vs/workbench/api/node/extensionHostProcess.js:27:2445)
	at $.fire (file:///opt/visual-studio-code/resources/app/out/vs/workbench/api/node/extensionHostProcess.js:27:2662)
	at Gh.value (file:///opt/visual-studio-code/resources/app/out/vs/workbench/api/node/extensionHostProcess.js:164:70638)
	at $.C (file:///opt/visual-studio-code/resources/app/out/vs/workbench/api/node/extensionHostProcess.js:27:2375)
	at $.fire (file:///opt/visual-studio-code/resources/app/out/vs/workbench/api/node/extensionHostProcess.js:27:2593)
	at fy.acceptDocumentsAndEditorsDelta (file:///opt/visual-studio-code/resources/app/out/vs/workbench/api/node/extensionHostProcess.js:121:11787)
	at fy.$acceptDocumentsAndEditorsDelta (file:///opt/visual-studio-code/resources/app/out/vs/workbench/api/node/extensionHostProcess.js:121:10246)
	at a4.S (file:///opt/visual-studio-code/resources/app/out/vs/workbench/api/node/extensionHostProcess.js:29:117864)
	at a4.Q (file:///opt/visual-studio-code/resources/app/out/vs/workbench/api/node/extensionHostProcess.js:29:117644)
	at a4.M (file:///opt/visual-studio-code/resources/app/out/vs/workbench/api/node/extensionHostProcess.js:29:116733)
	at a4.L (file:///opt/visual-studio-code/resources/app/out/vs/workbench/api/node/extensionHostProcess.js:29:115838)
	at Gh.value (file:///opt/visual-studio-code/resources/app/out/vs/workbench/api/node/extensionHostProcess.js:29:114635)
	at $.C (file:///opt/visual-studio-code/resources/app/out/vs/workbench/api/node/extensionHostProcess.js:27:2375)
	at $.fire (file:///opt/visual-studio-code/resources/app/out/vs/workbench/api/node/extensionHostProcess.js:27:2593)
	at ao.fire (file:///opt/visual-studio-code/resources/app/out/vs/workbench/api/node/extensionHostProcess.js:29:9459)
	at Gh.value (file:///opt/visual-studio-code/resources/app/out/vs/workbench/api/node/extensionHostProcess.js:356:8152)
	at $.C (file:///opt/visual-studio-code/resources/app/out/vs/workbench/api/node/extensionHostProcess.js:27:2375)
	at $.fire (file:///opt/visual-studio-code/resources/app/out/vs/workbench/api/node/extensionHostProcess.js:27:2593)
	at ao.fire (file:///opt/visual-studio-code/resources/app/out/vs/workbench/api/node/extensionHostProcess.js:29:9459)
	at MessagePortMain.<anonymous> (file:///opt/visual-studio-code/resources/app/out/vs/workbench/api/node/extensionHostProcess.js:356:6444)
	at MessagePortMain.emit (node:events:518:28)
	at MessagePortMain._internalPort.emit (node:electron/js2c/utility_init:2:3073)
2025-07-27 21:20:30.385 [error] ExtensionError: Error in extension rvest.vs-code-prettier-eslint: FAILED to handle event
	at Gh.value (file:///opt/visual-studio-code/resources/app/out/vs/workbench/api/node/extensionHostProcess.js:164:103730)
	at $.C (file:///opt/visual-studio-code/resources/app/out/vs/workbench/api/node/extensionHostProcess.js:27:2375)
	at $.D (file:///opt/visual-studio-code/resources/app/out/vs/workbench/api/node/extensionHostProcess.js:27:2445)
	at $.fire (file:///opt/visual-studio-code/resources/app/out/vs/workbench/api/node/extensionHostProcess.js:27:2662)
	at Gh.value (file:///opt/visual-studio-code/resources/app/out/vs/workbench/api/node/extensionHostProcess.js:164:70638)
	at $.C (file:///opt/visual-studio-code/resources/app/out/vs/workbench/api/node/extensionHostProcess.js:27:2375)
	at $.fire (file:///opt/visual-studio-code/resources/app/out/vs/workbench/api/node/extensionHostProcess.js:27:2593)
	at fy.acceptDocumentsAndEditorsDelta (file:///opt/visual-studio-code/resources/app/out/vs/workbench/api/node/extensionHostProcess.js:121:11787)
	at fy.$acceptDocumentsAndEditorsDelta (file:///opt/visual-studio-code/resources/app/out/vs/workbench/api/node/extensionHostProcess.js:121:10246)
	at a4.S (file:///opt/visual-studio-code/resources/app/out/vs/workbench/api/node/extensionHostProcess.js:29:117864)
	at a4.Q (file:///opt/visual-studio-code/resources/app/out/vs/workbench/api/node/extensionHostProcess.js:29:117644)
	at a4.M (file:///opt/visual-studio-code/resources/app/out/vs/workbench/api/node/extensionHostProcess.js:29:116733)
	at a4.L (file:///opt/visual-studio-code/resources/app/out/vs/workbench/api/node/extensionHostProcess.js:29:115838)
	at Gh.value (file:///opt/visual-studio-code/resources/app/out/vs/workbench/api/node/extensionHostProcess.js:29:114635)
	at $.C (file:///opt/visual-studio-code/resources/app/out/vs/workbench/api/node/extensionHostProcess.js:27:2375)
	at $.fire (file:///opt/visual-studio-code/resources/app/out/vs/workbench/api/node/extensionHostProcess.js:27:2593)
	at ao.fire (file:///opt/visual-studio-code/resources/app/out/vs/workbench/api/node/extensionHostProcess.js:29:9459)
	at Gh.value (file:///opt/visual-studio-code/resources/app/out/vs/workbench/api/node/extensionHostProcess.js:356:8152)
	at $.C (file:///opt/visual-studio-code/resources/app/out/vs/workbench/api/node/extensionHostProcess.js:27:2375)
	at $.fire (file:///opt/visual-studio-code/resources/app/out/vs/workbench/api/node/extensionHostProcess.js:27:2593)
	at ao.fire (file:///opt/visual-studio-code/resources/app/out/vs/workbench/api/node/extensionHostProcess.js:29:9459)
	at MessagePortMain.<anonymous> (file:///opt/visual-studio-code/resources/app/out/vs/workbench/api/node/extensionHostProcess.js:356:6444)
	at MessagePortMain.emit (node:events:518:28)
	at MessagePortMain._internalPort.emit (node:electron/js2c/utility_init:2:3073)
2025-07-27 21:20:30.385 [warning] TextEditor is closed/disposed
2025-07-27 21:21:27.390 [error] ExtensionError: Error in extension rvest.vs-code-prettier-eslint: FAILED to handle event
	at Gh.value (file:///opt/visual-studio-code/resources/app/out/vs/workbench/api/node/extensionHostProcess.js:164:103730)
	at $.C (file:///opt/visual-studio-code/resources/app/out/vs/workbench/api/node/extensionHostProcess.js:27:2375)
	at $.D (file:///opt/visual-studio-code/resources/app/out/vs/workbench/api/node/extensionHostProcess.js:27:2445)
	at $.fire (file:///opt/visual-studio-code/resources/app/out/vs/workbench/api/node/extensionHostProcess.js:27:2662)
	at Gh.value (file:///opt/visual-studio-code/resources/app/out/vs/workbench/api/node/extensionHostProcess.js:164:70638)
	at $.C (file:///opt/visual-studio-code/resources/app/out/vs/workbench/api/node/extensionHostProcess.js:27:2375)
	at $.fire (file:///opt/visual-studio-code/resources/app/out/vs/workbench/api/node/extensionHostProcess.js:27:2593)
	at fy.acceptDocumentsAndEditorsDelta (file:///opt/visual-studio-code/resources/app/out/vs/workbench/api/node/extensionHostProcess.js:121:11787)
	at fy.$acceptDocumentsAndEditorsDelta (file:///opt/visual-studio-code/resources/app/out/vs/workbench/api/node/extensionHostProcess.js:121:10246)
	at a4.S (file:///opt/visual-studio-code/resources/app/out/vs/workbench/api/node/extensionHostProcess.js:29:117864)
	at a4.Q (file:///opt/visual-studio-code/resources/app/out/vs/workbench/api/node/extensionHostProcess.js:29:117644)
	at a4.M (file:///opt/visual-studio-code/resources/app/out/vs/workbench/api/node/extensionHostProcess.js:29:116733)
	at a4.L (file:///opt/visual-studio-code/resources/app/out/vs/workbench/api/node/extensionHostProcess.js:29:115838)
	at Gh.value (file:///opt/visual-studio-code/resources/app/out/vs/workbench/api/node/extensionHostProcess.js:29:114635)
	at $.C (file:///opt/visual-studio-code/resources/app/out/vs/workbench/api/node/extensionHostProcess.js:27:2375)
	at $.fire (file:///opt/visual-studio-code/resources/app/out/vs/workbench/api/node/extensionHostProcess.js:27:2593)
	at ao.fire (file:///opt/visual-studio-code/resources/app/out/vs/workbench/api/node/extensionHostProcess.js:29:9459)
	at Gh.value (file:///opt/visual-studio-code/resources/app/out/vs/workbench/api/node/extensionHostProcess.js:356:8152)
	at $.C (file:///opt/visual-studio-code/resources/app/out/vs/workbench/api/node/extensionHostProcess.js:27:2375)
	at $.fire (file:///opt/visual-studio-code/resources/app/out/vs/workbench/api/node/extensionHostProcess.js:27:2593)
	at ao.fire (file:///opt/visual-studio-code/resources/app/out/vs/workbench/api/node/extensionHostProcess.js:29:9459)
	at MessagePortMain.<anonymous> (file:///opt/visual-studio-code/resources/app/out/vs/workbench/api/node/extensionHostProcess.js:356:6444)
	at MessagePortMain.emit (node:events:518:28)
	at MessagePortMain._internalPort.emit (node:electron/js2c/utility_init:2:3073)
2025-07-27 21:21:27.391 [warning] TextEditor is closed/disposed
2025-07-27 21:21:30.554 [error] ExtensionError: Error in extension rvest.vs-code-prettier-eslint: FAILED to handle event
	at Gh.value (file:///opt/visual-studio-code/resources/app/out/vs/workbench/api/node/extensionHostProcess.js:164:103730)
	at $.C (file:///opt/visual-studio-code/resources/app/out/vs/workbench/api/node/extensionHostProcess.js:27:2375)
	at $.D (file:///opt/visual-studio-code/resources/app/out/vs/workbench/api/node/extensionHostProcess.js:27:2445)
	at $.fire (file:///opt/visual-studio-code/resources/app/out/vs/workbench/api/node/extensionHostProcess.js:27:2662)
	at Gh.value (file:///opt/visual-studio-code/resources/app/out/vs/workbench/api/node/extensionHostProcess.js:164:70638)
	at $.C (file:///opt/visual-studio-code/resources/app/out/vs/workbench/api/node/extensionHostProcess.js:27:2375)
	at $.fire (file:///opt/visual-studio-code/resources/app/out/vs/workbench/api/node/extensionHostProcess.js:27:2593)
	at fy.acceptDocumentsAndEditorsDelta (file:///opt/visual-studio-code/resources/app/out/vs/workbench/api/node/extensionHostProcess.js:121:11787)
	at fy.$acceptDocumentsAndEditorsDelta (file:///opt/visual-studio-code/resources/app/out/vs/workbench/api/node/extensionHostProcess.js:121:10246)
	at a4.S (file:///opt/visual-studio-code/resources/app/out/vs/workbench/api/node/extensionHostProcess.js:29:117864)
	at a4.Q (file:///opt/visual-studio-code/resources/app/out/vs/workbench/api/node/extensionHostProcess.js:29:117644)
	at a4.M (file:///opt/visual-studio-code/resources/app/out/vs/workbench/api/node/extensionHostProcess.js:29:116733)
	at a4.L (file:///opt/visual-studio-code/resources/app/out/vs/workbench/api/node/extensionHostProcess.js:29:115838)
	at Gh.value (file:///opt/visual-studio-code/resources/app/out/vs/workbench/api/node/extensionHostProcess.js:29:114635)
	at $.C (file:///opt/visual-studio-code/resources/app/out/vs/workbench/api/node/extensionHostProcess.js:27:2375)
	at $.fire (file:///opt/visual-studio-code/resources/app/out/vs/workbench/api/node/extensionHostProcess.js:27:2593)
	at ao.fire (file:///opt/visual-studio-code/resources/app/out/vs/workbench/api/node/extensionHostProcess.js:29:9459)
	at Gh.value (file:///opt/visual-studio-code/resources/app/out/vs/workbench/api/node/extensionHostProcess.js:356:8152)
	at $.C (file:///opt/visual-studio-code/resources/app/out/vs/workbench/api/node/extensionHostProcess.js:27:2375)
	at $.fire (file:///opt/visual-studio-code/resources/app/out/vs/workbench/api/node/extensionHostProcess.js:27:2593)
	at ao.fire (file:///opt/visual-studio-code/resources/app/out/vs/workbench/api/node/extensionHostProcess.js:29:9459)
	at MessagePortMain.<anonymous> (file:///opt/visual-studio-code/resources/app/out/vs/workbench/api/node/extensionHostProcess.js:356:6444)
	at MessagePortMain.emit (node:events:518:28)
	at MessagePortMain._internalPort.emit (node:electron/js2c/utility_init:2:3073)
2025-07-27 21:21:32.724 [error] ExtensionError: Error in extension rvest.vs-code-prettier-eslint: FAILED to handle event
	at Gh.value (file:///opt/visual-studio-code/resources/app/out/vs/workbench/api/node/extensionHostProcess.js:164:103730)
	at $.C (file:///opt/visual-studio-code/resources/app/out/vs/workbench/api/node/extensionHostProcess.js:27:2375)
	at $.D (file:///opt/visual-studio-code/resources/app/out/vs/workbench/api/node/extensionHostProcess.js:27:2445)
	at $.fire (file:///opt/visual-studio-code/resources/app/out/vs/workbench/api/node/extensionHostProcess.js:27:2662)
	at Gh.value (file:///opt/visual-studio-code/resources/app/out/vs/workbench/api/node/extensionHostProcess.js:164:70638)
	at $.C (file:///opt/visual-studio-code/resources/app/out/vs/workbench/api/node/extensionHostProcess.js:27:2375)
	at $.fire (file:///opt/visual-studio-code/resources/app/out/vs/workbench/api/node/extensionHostProcess.js:27:2593)
	at fy.acceptDocumentsAndEditorsDelta (file:///opt/visual-studio-code/resources/app/out/vs/workbench/api/node/extensionHostProcess.js:121:11787)
	at fy.$acceptDocumentsAndEditorsDelta (file:///opt/visual-studio-code/resources/app/out/vs/workbench/api/node/extensionHostProcess.js:121:10246)
	at a4.S (file:///opt/visual-studio-code/resources/app/out/vs/workbench/api/node/extensionHostProcess.js:29:117864)
	at a4.Q (file:///opt/visual-studio-code/resources/app/out/vs/workbench/api/node/extensionHostProcess.js:29:117644)
	at a4.M (file:///opt/visual-studio-code/resources/app/out/vs/workbench/api/node/extensionHostProcess.js:29:116733)
	at a4.L (file:///opt/visual-studio-code/resources/app/out/vs/workbench/api/node/extensionHostProcess.js:29:115838)
	at Gh.value (file:///opt/visual-studio-code/resources/app/out/vs/workbench/api/node/extensionHostProcess.js:29:114635)
	at $.C (file:///opt/visual-studio-code/resources/app/out/vs/workbench/api/node/extensionHostProcess.js:27:2375)
	at $.fire (file:///opt/visual-studio-code/resources/app/out/vs/workbench/api/node/extensionHostProcess.js:27:2593)
	at ao.fire (file:///opt/visual-studio-code/resources/app/out/vs/workbench/api/node/extensionHostProcess.js:29:9459)
	at Gh.value (file:///opt/visual-studio-code/resources/app/out/vs/workbench/api/node/extensionHostProcess.js:356:8152)
	at $.C (file:///opt/visual-studio-code/resources/app/out/vs/workbench/api/node/extensionHostProcess.js:27:2375)
	at $.fire (file:///opt/visual-studio-code/resources/app/out/vs/workbench/api/node/extensionHostProcess.js:27:2593)
	at ao.fire (file:///opt/visual-studio-code/resources/app/out/vs/workbench/api/node/extensionHostProcess.js:29:9459)
	at MessagePortMain.<anonymous> (file:///opt/visual-studio-code/resources/app/out/vs/workbench/api/node/extensionHostProcess.js:356:6444)
	at MessagePortMain.emit (node:events:518:28)
	at MessagePortMain._internalPort.emit (node:electron/js2c/utility_init:2:3073)
2025-07-27 21:21:32.725 [warning] TextEditor is closed/disposed
2025-07-27 21:21:34.101 [error] ExtensionError: Error in extension rvest.vs-code-prettier-eslint: FAILED to handle event
	at Gh.value (file:///opt/visual-studio-code/resources/app/out/vs/workbench/api/node/extensionHostProcess.js:164:103730)
	at $.C (file:///opt/visual-studio-code/resources/app/out/vs/workbench/api/node/extensionHostProcess.js:27:2375)
	at $.D (file:///opt/visual-studio-code/resources/app/out/vs/workbench/api/node/extensionHostProcess.js:27:2445)
	at $.fire (file:///opt/visual-studio-code/resources/app/out/vs/workbench/api/node/extensionHostProcess.js:27:2662)
	at Gh.value (file:///opt/visual-studio-code/resources/app/out/vs/workbench/api/node/extensionHostProcess.js:164:70638)
	at $.C (file:///opt/visual-studio-code/resources/app/out/vs/workbench/api/node/extensionHostProcess.js:27:2375)
	at $.fire (file:///opt/visual-studio-code/resources/app/out/vs/workbench/api/node/extensionHostProcess.js:27:2593)
	at fy.acceptDocumentsAndEditorsDelta (file:///opt/visual-studio-code/resources/app/out/vs/workbench/api/node/extensionHostProcess.js:121:11787)
	at fy.$acceptDocumentsAndEditorsDelta (file:///opt/visual-studio-code/resources/app/out/vs/workbench/api/node/extensionHostProcess.js:121:10246)
	at a4.S (file:///opt/visual-studio-code/resources/app/out/vs/workbench/api/node/extensionHostProcess.js:29:117864)
	at a4.Q (file:///opt/visual-studio-code/resources/app/out/vs/workbench/api/node/extensionHostProcess.js:29:117644)
	at a4.M (file:///opt/visual-studio-code/resources/app/out/vs/workbench/api/node/extensionHostProcess.js:29:116733)
	at a4.L (file:///opt/visual-studio-code/resources/app/out/vs/workbench/api/node/extensionHostProcess.js:29:115838)
	at Gh.value (file:///opt/visual-studio-code/resources/app/out/vs/workbench/api/node/extensionHostProcess.js:29:114635)
	at $.C (file:///opt/visual-studio-code/resources/app/out/vs/workbench/api/node/extensionHostProcess.js:27:2375)
	at $.fire (file:///opt/visual-studio-code/resources/app/out/vs/workbench/api/node/extensionHostProcess.js:27:2593)
	at ao.fire (file:///opt/visual-studio-code/resources/app/out/vs/workbench/api/node/extensionHostProcess.js:29:9459)
	at Gh.value (file:///opt/visual-studio-code/resources/app/out/vs/workbench/api/node/extensionHostProcess.js:356:8152)
	at $.C (file:///opt/visual-studio-code/resources/app/out/vs/workbench/api/node/extensionHostProcess.js:27:2375)
	at $.fire (file:///opt/visual-studio-code/resources/app/out/vs/workbench/api/node/extensionHostProcess.js:27:2593)
	at ao.fire (file:///opt/visual-studio-code/resources/app/out/vs/workbench/api/node/extensionHostProcess.js:29:9459)
	at MessagePortMain.<anonymous> (file:///opt/visual-studio-code/resources/app/out/vs/workbench/api/node/extensionHostProcess.js:356:6444)
	at MessagePortMain.emit (node:events:518:28)
	at MessagePortMain._internalPort.emit (node:electron/js2c/utility_init:2:3073)
2025-07-27 21:21:34.101 [warning] TextEditor is closed/disposed
2025-07-27 21:21:36.811 [error] ExtensionError: Error in extension rvest.vs-code-prettier-eslint: FAILED to handle event
	at Gh.value (file:///opt/visual-studio-code/resources/app/out/vs/workbench/api/node/extensionHostProcess.js:164:103730)
	at $.C (file:///opt/visual-studio-code/resources/app/out/vs/workbench/api/node/extensionHostProcess.js:27:2375)
	at $.D (file:///opt/visual-studio-code/resources/app/out/vs/workbench/api/node/extensionHostProcess.js:27:2445)
	at $.fire (file:///opt/visual-studio-code/resources/app/out/vs/workbench/api/node/extensionHostProcess.js:27:2662)
	at Gh.value (file:///opt/visual-studio-code/resources/app/out/vs/workbench/api/node/extensionHostProcess.js:164:70638)
	at $.C (file:///opt/visual-studio-code/resources/app/out/vs/workbench/api/node/extensionHostProcess.js:27:2375)
	at $.fire (file:///opt/visual-studio-code/resources/app/out/vs/workbench/api/node/extensionHostProcess.js:27:2593)
	at fy.acceptDocumentsAndEditorsDelta (file:///opt/visual-studio-code/resources/app/out/vs/workbench/api/node/extensionHostProcess.js:121:11787)
	at fy.$acceptDocumentsAndEditorsDelta (file:///opt/visual-studio-code/resources/app/out/vs/workbench/api/node/extensionHostProcess.js:121:10246)
	at a4.S (file:///opt/visual-studio-code/resources/app/out/vs/workbench/api/node/extensionHostProcess.js:29:117864)
	at a4.Q (file:///opt/visual-studio-code/resources/app/out/vs/workbench/api/node/extensionHostProcess.js:29:117644)
	at a4.M (file:///opt/visual-studio-code/resources/app/out/vs/workbench/api/node/extensionHostProcess.js:29:116733)
	at a4.L (file:///opt/visual-studio-code/resources/app/out/vs/workbench/api/node/extensionHostProcess.js:29:115838)
	at Gh.value (file:///opt/visual-studio-code/resources/app/out/vs/workbench/api/node/extensionHostProcess.js:29:114635)
	at $.C (file:///opt/visual-studio-code/resources/app/out/vs/workbench/api/node/extensionHostProcess.js:27:2375)
	at $.fire (file:///opt/visual-studio-code/resources/app/out/vs/workbench/api/node/extensionHostProcess.js:27:2593)
	at ao.fire (file:///opt/visual-studio-code/resources/app/out/vs/workbench/api/node/extensionHostProcess.js:29:9459)
	at Gh.value (file:///opt/visual-studio-code/resources/app/out/vs/workbench/api/node/extensionHostProcess.js:356:8152)
	at $.C (file:///opt/visual-studio-code/resources/app/out/vs/workbench/api/node/extensionHostProcess.js:27:2375)
	at $.fire (file:///opt/visual-studio-code/resources/app/out/vs/workbench/api/node/extensionHostProcess.js:27:2593)
	at ao.fire (file:///opt/visual-studio-code/resources/app/out/vs/workbench/api/node/extensionHostProcess.js:29:9459)
	at MessagePortMain.<anonymous> (file:///opt/visual-studio-code/resources/app/out/vs/workbench/api/node/extensionHostProcess.js:356:6444)
	at MessagePortMain.emit (node:events:518:28)
	at MessagePortMain._internalPort.emit (node:electron/js2c/utility_init:2:3073)
2025-07-27 21:21:36.812 [warning] TextEditor is closed/disposed
2025-07-27 21:21:42.342 [error] ExtensionError: Error in extension rvest.vs-code-prettier-eslint: FAILED to handle event
	at Gh.value (file:///opt/visual-studio-code/resources/app/out/vs/workbench/api/node/extensionHostProcess.js:164:103730)
	at $.C (file:///opt/visual-studio-code/resources/app/out/vs/workbench/api/node/extensionHostProcess.js:27:2375)
	at $.D (file:///opt/visual-studio-code/resources/app/out/vs/workbench/api/node/extensionHostProcess.js:27:2445)
	at $.fire (file:///opt/visual-studio-code/resources/app/out/vs/workbench/api/node/extensionHostProcess.js:27:2662)
	at Gh.value (file:///opt/visual-studio-code/resources/app/out/vs/workbench/api/node/extensionHostProcess.js:164:70638)
	at $.C (file:///opt/visual-studio-code/resources/app/out/vs/workbench/api/node/extensionHostProcess.js:27:2375)
	at $.fire (file:///opt/visual-studio-code/resources/app/out/vs/workbench/api/node/extensionHostProcess.js:27:2593)
	at fy.acceptDocumentsAndEditorsDelta (file:///opt/visual-studio-code/resources/app/out/vs/workbench/api/node/extensionHostProcess.js:121:11787)
	at fy.$acceptDocumentsAndEditorsDelta (file:///opt/visual-studio-code/resources/app/out/vs/workbench/api/node/extensionHostProcess.js:121:10246)
	at a4.S (file:///opt/visual-studio-code/resources/app/out/vs/workbench/api/node/extensionHostProcess.js:29:117864)
	at a4.Q (file:///opt/visual-studio-code/resources/app/out/vs/workbench/api/node/extensionHostProcess.js:29:117644)
	at a4.M (file:///opt/visual-studio-code/resources/app/out/vs/workbench/api/node/extensionHostProcess.js:29:116733)
	at a4.L (file:///opt/visual-studio-code/resources/app/out/vs/workbench/api/node/extensionHostProcess.js:29:115838)
	at Gh.value (file:///opt/visual-studio-code/resources/app/out/vs/workbench/api/node/extensionHostProcess.js:29:114635)
	at $.C (file:///opt/visual-studio-code/resources/app/out/vs/workbench/api/node/extensionHostProcess.js:27:2375)
	at $.fire (file:///opt/visual-studio-code/resources/app/out/vs/workbench/api/node/extensionHostProcess.js:27:2593)
	at ao.fire (file:///opt/visual-studio-code/resources/app/out/vs/workbench/api/node/extensionHostProcess.js:29:9459)
	at Gh.value (file:///opt/visual-studio-code/resources/app/out/vs/workbench/api/node/extensionHostProcess.js:356:8152)
	at $.C (file:///opt/visual-studio-code/resources/app/out/vs/workbench/api/node/extensionHostProcess.js:27:2375)
	at $.fire (file:///opt/visual-studio-code/resources/app/out/vs/workbench/api/node/extensionHostProcess.js:27:2593)
	at ao.fire (file:///opt/visual-studio-code/resources/app/out/vs/workbench/api/node/extensionHostProcess.js:29:9459)
	at MessagePortMain.<anonymous> (file:///opt/visual-studio-code/resources/app/out/vs/workbench/api/node/extensionHostProcess.js:356:6444)
	at MessagePortMain.emit (node:events:518:28)
	at MessagePortMain._internalPort.emit (node:electron/js2c/utility_init:2:3073)
2025-07-27 21:21:45.026 [error] ExtensionError: Error in extension rvest.vs-code-prettier-eslint: FAILED to handle event
	at Gh.value (file:///opt/visual-studio-code/resources/app/out/vs/workbench/api/node/extensionHostProcess.js:164:103730)
	at $.C (file:///opt/visual-studio-code/resources/app/out/vs/workbench/api/node/extensionHostProcess.js:27:2375)
	at $.D (file:///opt/visual-studio-code/resources/app/out/vs/workbench/api/node/extensionHostProcess.js:27:2445)
	at $.fire (file:///opt/visual-studio-code/resources/app/out/vs/workbench/api/node/extensionHostProcess.js:27:2662)
	at Gh.value (file:///opt/visual-studio-code/resources/app/out/vs/workbench/api/node/extensionHostProcess.js:164:70638)
	at $.C (file:///opt/visual-studio-code/resources/app/out/vs/workbench/api/node/extensionHostProcess.js:27:2375)
	at $.fire (file:///opt/visual-studio-code/resources/app/out/vs/workbench/api/node/extensionHostProcess.js:27:2593)
	at fy.acceptDocumentsAndEditorsDelta (file:///opt/visual-studio-code/resources/app/out/vs/workbench/api/node/extensionHostProcess.js:121:11787)
	at fy.$acceptDocumentsAndEditorsDelta (file:///opt/visual-studio-code/resources/app/out/vs/workbench/api/node/extensionHostProcess.js:121:10246)
	at a4.S (file:///opt/visual-studio-code/resources/app/out/vs/workbench/api/node/extensionHostProcess.js:29:117864)
	at a4.Q (file:///opt/visual-studio-code/resources/app/out/vs/workbench/api/node/extensionHostProcess.js:29:117644)
	at a4.M (file:///opt/visual-studio-code/resources/app/out/vs/workbench/api/node/extensionHostProcess.js:29:116733)
	at a4.L (file:///opt/visual-studio-code/resources/app/out/vs/workbench/api/node/extensionHostProcess.js:29:115838)
	at Gh.value (file:///opt/visual-studio-code/resources/app/out/vs/workbench/api/node/extensionHostProcess.js:29:114635)
	at $.C (file:///opt/visual-studio-code/resources/app/out/vs/workbench/api/node/extensionHostProcess.js:27:2375)
	at $.fire (file:///opt/visual-studio-code/resources/app/out/vs/workbench/api/node/extensionHostProcess.js:27:2593)
	at ao.fire (file:///opt/visual-studio-code/resources/app/out/vs/workbench/api/node/extensionHostProcess.js:29:9459)
	at Gh.value (file:///opt/visual-studio-code/resources/app/out/vs/workbench/api/node/extensionHostProcess.js:356:8152)
	at $.C (file:///opt/visual-studio-code/resources/app/out/vs/workbench/api/node/extensionHostProcess.js:27:2375)
	at $.fire (file:///opt/visual-studio-code/resources/app/out/vs/workbench/api/node/extensionHostProcess.js:27:2593)
	at ao.fire (file:///opt/visual-studio-code/resources/app/out/vs/workbench/api/node/extensionHostProcess.js:29:9459)
	at MessagePortMain.<anonymous> (file:///opt/visual-studio-code/resources/app/out/vs/workbench/api/node/extensionHostProcess.js:356:6444)
	at MessagePortMain.emit (node:events:518:28)
	at MessagePortMain._internalPort.emit (node:electron/js2c/utility_init:2:3073)
2025-07-27 21:21:45.026 [warning] TextEditor is closed/disposed
2025-07-27 21:22:25.096 [error] ExtensionError: Error in extension rvest.vs-code-prettier-eslint: FAILED to handle event
	at Gh.value (file:///opt/visual-studio-code/resources/app/out/vs/workbench/api/node/extensionHostProcess.js:164:103730)
	at $.C (file:///opt/visual-studio-code/resources/app/out/vs/workbench/api/node/extensionHostProcess.js:27:2375)
	at $.D (file:///opt/visual-studio-code/resources/app/out/vs/workbench/api/node/extensionHostProcess.js:27:2445)
	at $.fire (file:///opt/visual-studio-code/resources/app/out/vs/workbench/api/node/extensionHostProcess.js:27:2662)
	at Gh.value (file:///opt/visual-studio-code/resources/app/out/vs/workbench/api/node/extensionHostProcess.js:164:70638)
	at $.C (file:///opt/visual-studio-code/resources/app/out/vs/workbench/api/node/extensionHostProcess.js:27:2375)
	at $.fire (file:///opt/visual-studio-code/resources/app/out/vs/workbench/api/node/extensionHostProcess.js:27:2593)
	at fy.acceptDocumentsAndEditorsDelta (file:///opt/visual-studio-code/resources/app/out/vs/workbench/api/node/extensionHostProcess.js:121:11787)
	at fy.$acceptDocumentsAndEditorsDelta (file:///opt/visual-studio-code/resources/app/out/vs/workbench/api/node/extensionHostProcess.js:121:10246)
	at a4.S (file:///opt/visual-studio-code/resources/app/out/vs/workbench/api/node/extensionHostProcess.js:29:117864)
	at a4.Q (file:///opt/visual-studio-code/resources/app/out/vs/workbench/api/node/extensionHostProcess.js:29:117644)
	at a4.M (file:///opt/visual-studio-code/resources/app/out/vs/workbench/api/node/extensionHostProcess.js:29:116733)
	at a4.L (file:///opt/visual-studio-code/resources/app/out/vs/workbench/api/node/extensionHostProcess.js:29:115838)
	at Gh.value (file:///opt/visual-studio-code/resources/app/out/vs/workbench/api/node/extensionHostProcess.js:29:114635)
	at $.C (file:///opt/visual-studio-code/resources/app/out/vs/workbench/api/node/extensionHostProcess.js:27:2375)
	at $.fire (file:///opt/visual-studio-code/resources/app/out/vs/workbench/api/node/extensionHostProcess.js:27:2593)
	at ao.fire (file:///opt/visual-studio-code/resources/app/out/vs/workbench/api/node/extensionHostProcess.js:29:9459)
	at Gh.value (file:///opt/visual-studio-code/resources/app/out/vs/workbench/api/node/extensionHostProcess.js:356:8152)
	at $.C (file:///opt/visual-studio-code/resources/app/out/vs/workbench/api/node/extensionHostProcess.js:27:2375)
	at $.fire (file:///opt/visual-studio-code/resources/app/out/vs/workbench/api/node/extensionHostProcess.js:27:2593)
	at ao.fire (file:///opt/visual-studio-code/resources/app/out/vs/workbench/api/node/extensionHostProcess.js:29:9459)
	at MessagePortMain.<anonymous> (file:///opt/visual-studio-code/resources/app/out/vs/workbench/api/node/extensionHostProcess.js:356:6444)
	at MessagePortMain.emit (node:events:518:28)
	at MessagePortMain._internalPort.emit (node:electron/js2c/utility_init:2:3073)
2025-07-27 21:22:27.010 [error] ExtensionError: Error in extension rvest.vs-code-prettier-eslint: FAILED to handle event
	at Gh.value (file:///opt/visual-studio-code/resources/app/out/vs/workbench/api/node/extensionHostProcess.js:164:103730)
	at $.C (file:///opt/visual-studio-code/resources/app/out/vs/workbench/api/node/extensionHostProcess.js:27:2375)
	at $.D (file:///opt/visual-studio-code/resources/app/out/vs/workbench/api/node/extensionHostProcess.js:27:2445)
	at $.fire (file:///opt/visual-studio-code/resources/app/out/vs/workbench/api/node/extensionHostProcess.js:27:2662)
	at Gh.value (file:///opt/visual-studio-code/resources/app/out/vs/workbench/api/node/extensionHostProcess.js:164:70638)
	at $.C (file:///opt/visual-studio-code/resources/app/out/vs/workbench/api/node/extensionHostProcess.js:27:2375)
	at $.fire (file:///opt/visual-studio-code/resources/app/out/vs/workbench/api/node/extensionHostProcess.js:27:2593)
	at fy.acceptDocumentsAndEditorsDelta (file:///opt/visual-studio-code/resources/app/out/vs/workbench/api/node/extensionHostProcess.js:121:11787)
	at fy.$acceptDocumentsAndEditorsDelta (file:///opt/visual-studio-code/resources/app/out/vs/workbench/api/node/extensionHostProcess.js:121:10246)
	at a4.S (file:///opt/visual-studio-code/resources/app/out/vs/workbench/api/node/extensionHostProcess.js:29:117864)
	at a4.Q (file:///opt/visual-studio-code/resources/app/out/vs/workbench/api/node/extensionHostProcess.js:29:117644)
	at a4.M (file:///opt/visual-studio-code/resources/app/out/vs/workbench/api/node/extensionHostProcess.js:29:116733)
	at a4.L (file:///opt/visual-studio-code/resources/app/out/vs/workbench/api/node/extensionHostProcess.js:29:115838)
	at Gh.value (file:///opt/visual-studio-code/resources/app/out/vs/workbench/api/node/extensionHostProcess.js:29:114635)
	at $.C (file:///opt/visual-studio-code/resources/app/out/vs/workbench/api/node/extensionHostProcess.js:27:2375)
	at $.fire (file:///opt/visual-studio-code/resources/app/out/vs/workbench/api/node/extensionHostProcess.js:27:2593)
	at ao.fire (file:///opt/visual-studio-code/resources/app/out/vs/workbench/api/node/extensionHostProcess.js:29:9459)
	at Gh.value (file:///opt/visual-studio-code/resources/app/out/vs/workbench/api/node/extensionHostProcess.js:356:8152)
	at $.C (file:///opt/visual-studio-code/resources/app/out/vs/workbench/api/node/extensionHostProcess.js:27:2375)
	at $.fire (file:///opt/visual-studio-code/resources/app/out/vs/workbench/api/node/extensionHostProcess.js:27:2593)
	at ao.fire (file:///opt/visual-studio-code/resources/app/out/vs/workbench/api/node/extensionHostProcess.js:29:9459)
	at MessagePortMain.<anonymous> (file:///opt/visual-studio-code/resources/app/out/vs/workbench/api/node/extensionHostProcess.js:356:6444)
	at MessagePortMain.emit (node:events:518:28)
	at MessagePortMain._internalPort.emit (node:electron/js2c/utility_init:2:3073)
2025-07-27 21:22:27.011 [warning] TextEditor is closed/disposed
2025-07-27 21:23:05.792 [error] ExtensionError: Error in extension rvest.vs-code-prettier-eslint: FAILED to handle event
	at Gh.value (file:///opt/visual-studio-code/resources/app/out/vs/workbench/api/node/extensionHostProcess.js:164:103730)
	at $.C (file:///opt/visual-studio-code/resources/app/out/vs/workbench/api/node/extensionHostProcess.js:27:2375)
	at $.D (file:///opt/visual-studio-code/resources/app/out/vs/workbench/api/node/extensionHostProcess.js:27:2445)
	at $.fire (file:///opt/visual-studio-code/resources/app/out/vs/workbench/api/node/extensionHostProcess.js:27:2662)
	at Gh.value (file:///opt/visual-studio-code/resources/app/out/vs/workbench/api/node/extensionHostProcess.js:164:70638)
	at $.C (file:///opt/visual-studio-code/resources/app/out/vs/workbench/api/node/extensionHostProcess.js:27:2375)
	at $.fire (file:///opt/visual-studio-code/resources/app/out/vs/workbench/api/node/extensionHostProcess.js:27:2593)
	at fy.acceptDocumentsAndEditorsDelta (file:///opt/visual-studio-code/resources/app/out/vs/workbench/api/node/extensionHostProcess.js:121:11787)
	at fy.$acceptDocumentsAndEditorsDelta (file:///opt/visual-studio-code/resources/app/out/vs/workbench/api/node/extensionHostProcess.js:121:10246)
	at a4.S (file:///opt/visual-studio-code/resources/app/out/vs/workbench/api/node/extensionHostProcess.js:29:117864)
	at a4.Q (file:///opt/visual-studio-code/resources/app/out/vs/workbench/api/node/extensionHostProcess.js:29:117644)
	at a4.M (file:///opt/visual-studio-code/resources/app/out/vs/workbench/api/node/extensionHostProcess.js:29:116733)
	at a4.L (file:///opt/visual-studio-code/resources/app/out/vs/workbench/api/node/extensionHostProcess.js:29:115838)
	at Gh.value (file:///opt/visual-studio-code/resources/app/out/vs/workbench/api/node/extensionHostProcess.js:29:114635)
	at $.C (file:///opt/visual-studio-code/resources/app/out/vs/workbench/api/node/extensionHostProcess.js:27:2375)
	at $.fire (file:///opt/visual-studio-code/resources/app/out/vs/workbench/api/node/extensionHostProcess.js:27:2593)
	at ao.fire (file:///opt/visual-studio-code/resources/app/out/vs/workbench/api/node/extensionHostProcess.js:29:9459)
	at Gh.value (file:///opt/visual-studio-code/resources/app/out/vs/workbench/api/node/extensionHostProcess.js:356:8152)
	at $.C (file:///opt/visual-studio-code/resources/app/out/vs/workbench/api/node/extensionHostProcess.js:27:2375)
	at $.fire (file:///opt/visual-studio-code/resources/app/out/vs/workbench/api/node/extensionHostProcess.js:27:2593)
	at ao.fire (file:///opt/visual-studio-code/resources/app/out/vs/workbench/api/node/extensionHostProcess.js:29:9459)
	at MessagePortMain.<anonymous> (file:///opt/visual-studio-code/resources/app/out/vs/workbench/api/node/extensionHostProcess.js:356:6444)
	at MessagePortMain.emit (node:events:518:28)
	at MessagePortMain._internalPort.emit (node:electron/js2c/utility_init:2:3073)
2025-07-27 21:23:07.517 [error] ExtensionError: Error in extension rvest.vs-code-prettier-eslint: FAILED to handle event
	at Gh.value (file:///opt/visual-studio-code/resources/app/out/vs/workbench/api/node/extensionHostProcess.js:164:103730)
	at $.C (file:///opt/visual-studio-code/resources/app/out/vs/workbench/api/node/extensionHostProcess.js:27:2375)
	at $.D (file:///opt/visual-studio-code/resources/app/out/vs/workbench/api/node/extensionHostProcess.js:27:2445)
	at $.fire (file:///opt/visual-studio-code/resources/app/out/vs/workbench/api/node/extensionHostProcess.js:27:2662)
	at Gh.value (file:///opt/visual-studio-code/resources/app/out/vs/workbench/api/node/extensionHostProcess.js:164:70638)
	at $.C (file:///opt/visual-studio-code/resources/app/out/vs/workbench/api/node/extensionHostProcess.js:27:2375)
	at $.fire (file:///opt/visual-studio-code/resources/app/out/vs/workbench/api/node/extensionHostProcess.js:27:2593)
	at fy.acceptDocumentsAndEditorsDelta (file:///opt/visual-studio-code/resources/app/out/vs/workbench/api/node/extensionHostProcess.js:121:11787)
	at fy.$acceptDocumentsAndEditorsDelta (file:///opt/visual-studio-code/resources/app/out/vs/workbench/api/node/extensionHostProcess.js:121:10246)
	at a4.S (file:///opt/visual-studio-code/resources/app/out/vs/workbench/api/node/extensionHostProcess.js:29:117864)
	at a4.Q (file:///opt/visual-studio-code/resources/app/out/vs/workbench/api/node/extensionHostProcess.js:29:117644)
	at a4.M (file:///opt/visual-studio-code/resources/app/out/vs/workbench/api/node/extensionHostProcess.js:29:116733)
	at a4.L (file:///opt/visual-studio-code/resources/app/out/vs/workbench/api/node/extensionHostProcess.js:29:115838)
	at Gh.value (file:///opt/visual-studio-code/resources/app/out/vs/workbench/api/node/extensionHostProcess.js:29:114635)
	at $.C (file:///opt/visual-studio-code/resources/app/out/vs/workbench/api/node/extensionHostProcess.js:27:2375)
	at $.fire (file:///opt/visual-studio-code/resources/app/out/vs/workbench/api/node/extensionHostProcess.js:27:2593)
	at ao.fire (file:///opt/visual-studio-code/resources/app/out/vs/workbench/api/node/extensionHostProcess.js:29:9459)
	at Gh.value (file:///opt/visual-studio-code/resources/app/out/vs/workbench/api/node/extensionHostProcess.js:356:8152)
	at $.C (file:///opt/visual-studio-code/resources/app/out/vs/workbench/api/node/extensionHostProcess.js:27:2375)
	at $.fire (file:///opt/visual-studio-code/resources/app/out/vs/workbench/api/node/extensionHostProcess.js:27:2593)
	at ao.fire (file:///opt/visual-studio-code/resources/app/out/vs/workbench/api/node/extensionHostProcess.js:29:9459)
	at MessagePortMain.<anonymous> (file:///opt/visual-studio-code/resources/app/out/vs/workbench/api/node/extensionHostProcess.js:356:6444)
	at MessagePortMain.emit (node:events:518:28)
	at MessagePortMain._internalPort.emit (node:electron/js2c/utility_init:2:3073)
2025-07-27 21:23:07.518 [warning] TextEditor is closed/disposed
2025-07-27 21:23:17.376 [error] ExtensionError: Error in extension rvest.vs-code-prettier-eslint: FAILED to handle event
	at Gh.value (file:///opt/visual-studio-code/resources/app/out/vs/workbench/api/node/extensionHostProcess.js:164:103730)
	at $.C (file:///opt/visual-studio-code/resources/app/out/vs/workbench/api/node/extensionHostProcess.js:27:2375)
	at $.D (file:///opt/visual-studio-code/resources/app/out/vs/workbench/api/node/extensionHostProcess.js:27:2445)
	at $.fire (file:///opt/visual-studio-code/resources/app/out/vs/workbench/api/node/extensionHostProcess.js:27:2662)
	at Gh.value (file:///opt/visual-studio-code/resources/app/out/vs/workbench/api/node/extensionHostProcess.js:164:70638)
	at $.C (file:///opt/visual-studio-code/resources/app/out/vs/workbench/api/node/extensionHostProcess.js:27:2375)
	at $.fire (file:///opt/visual-studio-code/resources/app/out/vs/workbench/api/node/extensionHostProcess.js:27:2593)
	at fy.acceptDocumentsAndEditorsDelta (file:///opt/visual-studio-code/resources/app/out/vs/workbench/api/node/extensionHostProcess.js:121:11787)
	at fy.$acceptDocumentsAndEditorsDelta (file:///opt/visual-studio-code/resources/app/out/vs/workbench/api/node/extensionHostProcess.js:121:10246)
	at a4.S (file:///opt/visual-studio-code/resources/app/out/vs/workbench/api/node/extensionHostProcess.js:29:117864)
	at a4.Q (file:///opt/visual-studio-code/resources/app/out/vs/workbench/api/node/extensionHostProcess.js:29:117644)
	at a4.M (file:///opt/visual-studio-code/resources/app/out/vs/workbench/api/node/extensionHostProcess.js:29:116733)
	at a4.L (file:///opt/visual-studio-code/resources/app/out/vs/workbench/api/node/extensionHostProcess.js:29:115838)
	at Gh.value (file:///opt/visual-studio-code/resources/app/out/vs/workbench/api/node/extensionHostProcess.js:29:114635)
	at $.C (file:///opt/visual-studio-code/resources/app/out/vs/workbench/api/node/extensionHostProcess.js:27:2375)
	at $.fire (file:///opt/visual-studio-code/resources/app/out/vs/workbench/api/node/extensionHostProcess.js:27:2593)
	at ao.fire (file:///opt/visual-studio-code/resources/app/out/vs/workbench/api/node/extensionHostProcess.js:29:9459)
	at Gh.value (file:///opt/visual-studio-code/resources/app/out/vs/workbench/api/node/extensionHostProcess.js:356:8152)
	at $.C (file:///opt/visual-studio-code/resources/app/out/vs/workbench/api/node/extensionHostProcess.js:27:2375)
	at $.fire (file:///opt/visual-studio-code/resources/app/out/vs/workbench/api/node/extensionHostProcess.js:27:2593)
	at ao.fire (file:///opt/visual-studio-code/resources/app/out/vs/workbench/api/node/extensionHostProcess.js:29:9459)
	at MessagePortMain.<anonymous> (file:///opt/visual-studio-code/resources/app/out/vs/workbench/api/node/extensionHostProcess.js:356:6444)
	at MessagePortMain.emit (node:events:518:28)
	at MessagePortMain._internalPort.emit (node:electron/js2c/utility_init:2:3073)
2025-07-27 21:23:17.377 [warning] TextEditor is closed/disposed
2025-07-27 21:23:36.336 [error] ExtensionError: Error in extension rvest.vs-code-prettier-eslint: FAILED to handle event
	at Gh.value (file:///opt/visual-studio-code/resources/app/out/vs/workbench/api/node/extensionHostProcess.js:164:103730)
	at $.C (file:///opt/visual-studio-code/resources/app/out/vs/workbench/api/node/extensionHostProcess.js:27:2375)
	at $.D (file:///opt/visual-studio-code/resources/app/out/vs/workbench/api/node/extensionHostProcess.js:27:2445)
	at $.fire (file:///opt/visual-studio-code/resources/app/out/vs/workbench/api/node/extensionHostProcess.js:27:2662)
	at Gh.value (file:///opt/visual-studio-code/resources/app/out/vs/workbench/api/node/extensionHostProcess.js:164:70638)
	at $.C (file:///opt/visual-studio-code/resources/app/out/vs/workbench/api/node/extensionHostProcess.js:27:2375)
	at $.fire (file:///opt/visual-studio-code/resources/app/out/vs/workbench/api/node/extensionHostProcess.js:27:2593)
	at fy.acceptDocumentsAndEditorsDelta (file:///opt/visual-studio-code/resources/app/out/vs/workbench/api/node/extensionHostProcess.js:121:11787)
	at fy.$acceptDocumentsAndEditorsDelta (file:///opt/visual-studio-code/resources/app/out/vs/workbench/api/node/extensionHostProcess.js:121:10246)
	at a4.S (file:///opt/visual-studio-code/resources/app/out/vs/workbench/api/node/extensionHostProcess.js:29:117864)
	at a4.Q (file:///opt/visual-studio-code/resources/app/out/vs/workbench/api/node/extensionHostProcess.js:29:117644)
	at a4.M (file:///opt/visual-studio-code/resources/app/out/vs/workbench/api/node/extensionHostProcess.js:29:116733)
	at a4.L (file:///opt/visual-studio-code/resources/app/out/vs/workbench/api/node/extensionHostProcess.js:29:115838)
	at Gh.value (file:///opt/visual-studio-code/resources/app/out/vs/workbench/api/node/extensionHostProcess.js:29:114635)
	at $.C (file:///opt/visual-studio-code/resources/app/out/vs/workbench/api/node/extensionHostProcess.js:27:2375)
	at $.fire (file:///opt/visual-studio-code/resources/app/out/vs/workbench/api/node/extensionHostProcess.js:27:2593)
	at ao.fire (file:///opt/visual-studio-code/resources/app/out/vs/workbench/api/node/extensionHostProcess.js:29:9459)
	at Gh.value (file:///opt/visual-studio-code/resources/app/out/vs/workbench/api/node/extensionHostProcess.js:356:8152)
	at $.C (file:///opt/visual-studio-code/resources/app/out/vs/workbench/api/node/extensionHostProcess.js:27:2375)
	at $.fire (file:///opt/visual-studio-code/resources/app/out/vs/workbench/api/node/extensionHostProcess.js:27:2593)
	at ao.fire (file:///opt/visual-studio-code/resources/app/out/vs/workbench/api/node/extensionHostProcess.js:29:9459)
	at MessagePortMain.<anonymous> (file:///opt/visual-studio-code/resources/app/out/vs/workbench/api/node/extensionHostProcess.js:356:6444)
	at MessagePortMain.emit (node:events:518:28)
	at MessagePortMain._internalPort.emit (node:electron/js2c/utility_init:2:3073)
2025-07-27 21:24:25.003 [error] ExtensionError: Error in extension rvest.vs-code-prettier-eslint: FAILED to handle event
	at Gh.value (file:///opt/visual-studio-code/resources/app/out/vs/workbench/api/node/extensionHostProcess.js:164:103730)
	at $.C (file:///opt/visual-studio-code/resources/app/out/vs/workbench/api/node/extensionHostProcess.js:27:2375)
	at $.D (file:///opt/visual-studio-code/resources/app/out/vs/workbench/api/node/extensionHostProcess.js:27:2445)
	at $.fire (file:///opt/visual-studio-code/resources/app/out/vs/workbench/api/node/extensionHostProcess.js:27:2662)
	at Gh.value (file:///opt/visual-studio-code/resources/app/out/vs/workbench/api/node/extensionHostProcess.js:164:70638)
	at $.C (file:///opt/visual-studio-code/resources/app/out/vs/workbench/api/node/extensionHostProcess.js:27:2375)
	at $.fire (file:///opt/visual-studio-code/resources/app/out/vs/workbench/api/node/extensionHostProcess.js:27:2593)
	at fy.acceptDocumentsAndEditorsDelta (file:///opt/visual-studio-code/resources/app/out/vs/workbench/api/node/extensionHostProcess.js:121:11787)
	at fy.$acceptDocumentsAndEditorsDelta (file:///opt/visual-studio-code/resources/app/out/vs/workbench/api/node/extensionHostProcess.js:121:10246)
	at a4.S (file:///opt/visual-studio-code/resources/app/out/vs/workbench/api/node/extensionHostProcess.js:29:117864)
	at a4.Q (file:///opt/visual-studio-code/resources/app/out/vs/workbench/api/node/extensionHostProcess.js:29:117644)
	at a4.M (file:///opt/visual-studio-code/resources/app/out/vs/workbench/api/node/extensionHostProcess.js:29:116733)
	at a4.L (file:///opt/visual-studio-code/resources/app/out/vs/workbench/api/node/extensionHostProcess.js:29:115838)
	at Gh.value (file:///opt/visual-studio-code/resources/app/out/vs/workbench/api/node/extensionHostProcess.js:29:114635)
	at $.C (file:///opt/visual-studio-code/resources/app/out/vs/workbench/api/node/extensionHostProcess.js:27:2375)
	at $.fire (file:///opt/visual-studio-code/resources/app/out/vs/workbench/api/node/extensionHostProcess.js:27:2593)
	at ao.fire (file:///opt/visual-studio-code/resources/app/out/vs/workbench/api/node/extensionHostProcess.js:29:9459)
	at Gh.value (file:///opt/visual-studio-code/resources/app/out/vs/workbench/api/node/extensionHostProcess.js:356:8152)
	at $.C (file:///opt/visual-studio-code/resources/app/out/vs/workbench/api/node/extensionHostProcess.js:27:2375)
	at $.fire (file:///opt/visual-studio-code/resources/app/out/vs/workbench/api/node/extensionHostProcess.js:27:2593)
	at ao.fire (file:///opt/visual-studio-code/resources/app/out/vs/workbench/api/node/extensionHostProcess.js:29:9459)
	at MessagePortMain.<anonymous> (file:///opt/visual-studio-code/resources/app/out/vs/workbench/api/node/extensionHostProcess.js:356:6444)
	at MessagePortMain.emit (node:events:518:28)
	at MessagePortMain._internalPort.emit (node:electron/js2c/utility_init:2:3073)
2025-07-27 21:24:26.653 [error] ExtensionError: Error in extension rvest.vs-code-prettier-eslint: FAILED to handle event
	at Gh.value (file:///opt/visual-studio-code/resources/app/out/vs/workbench/api/node/extensionHostProcess.js:164:103730)
	at $.C (file:///opt/visual-studio-code/resources/app/out/vs/workbench/api/node/extensionHostProcess.js:27:2375)
	at $.D (file:///opt/visual-studio-code/resources/app/out/vs/workbench/api/node/extensionHostProcess.js:27:2445)
	at $.fire (file:///opt/visual-studio-code/resources/app/out/vs/workbench/api/node/extensionHostProcess.js:27:2662)
	at Gh.value (file:///opt/visual-studio-code/resources/app/out/vs/workbench/api/node/extensionHostProcess.js:164:70638)
	at $.C (file:///opt/visual-studio-code/resources/app/out/vs/workbench/api/node/extensionHostProcess.js:27:2375)
	at $.fire (file:///opt/visual-studio-code/resources/app/out/vs/workbench/api/node/extensionHostProcess.js:27:2593)
	at fy.acceptDocumentsAndEditorsDelta (file:///opt/visual-studio-code/resources/app/out/vs/workbench/api/node/extensionHostProcess.js:121:11787)
	at fy.$acceptDocumentsAndEditorsDelta (file:///opt/visual-studio-code/resources/app/out/vs/workbench/api/node/extensionHostProcess.js:121:10246)
	at a4.S (file:///opt/visual-studio-code/resources/app/out/vs/workbench/api/node/extensionHostProcess.js:29:117864)
	at a4.Q (file:///opt/visual-studio-code/resources/app/out/vs/workbench/api/node/extensionHostProcess.js:29:117644)
	at a4.M (file:///opt/visual-studio-code/resources/app/out/vs/workbench/api/node/extensionHostProcess.js:29:116733)
	at a4.L (file:///opt/visual-studio-code/resources/app/out/vs/workbench/api/node/extensionHostProcess.js:29:115838)
	at Gh.value (file:///opt/visual-studio-code/resources/app/out/vs/workbench/api/node/extensionHostProcess.js:29:114635)
	at $.C (file:///opt/visual-studio-code/resources/app/out/vs/workbench/api/node/extensionHostProcess.js:27:2375)
	at $.fire (file:///opt/visual-studio-code/resources/app/out/vs/workbench/api/node/extensionHostProcess.js:27:2593)
	at ao.fire (file:///opt/visual-studio-code/resources/app/out/vs/workbench/api/node/extensionHostProcess.js:29:9459)
	at Gh.value (file:///opt/visual-studio-code/resources/app/out/vs/workbench/api/node/extensionHostProcess.js:356:8152)
	at $.C (file:///opt/visual-studio-code/resources/app/out/vs/workbench/api/node/extensionHostProcess.js:27:2375)
	at $.fire (file:///opt/visual-studio-code/resources/app/out/vs/workbench/api/node/extensionHostProcess.js:27:2593)
	at ao.fire (file:///opt/visual-studio-code/resources/app/out/vs/workbench/api/node/extensionHostProcess.js:29:9459)
	at MessagePortMain.<anonymous> (file:///opt/visual-studio-code/resources/app/out/vs/workbench/api/node/extensionHostProcess.js:356:6444)
	at MessagePortMain.emit (node:events:518:28)
	at MessagePortMain._internalPort.emit (node:electron/js2c/utility_init:2:3073)
2025-07-27 21:24:26.654 [warning] TextEditor is closed/disposed
2025-07-27 21:26:20.732 [error] ExtensionError: Error in extension rvest.vs-code-prettier-eslint: FAILED to handle event
	at Gh.value (file:///opt/visual-studio-code/resources/app/out/vs/workbench/api/node/extensionHostProcess.js:164:103730)
	at $.C (file:///opt/visual-studio-code/resources/app/out/vs/workbench/api/node/extensionHostProcess.js:27:2375)
	at $.D (file:///opt/visual-studio-code/resources/app/out/vs/workbench/api/node/extensionHostProcess.js:27:2445)
	at $.fire (file:///opt/visual-studio-code/resources/app/out/vs/workbench/api/node/extensionHostProcess.js:27:2662)
	at Gh.value (file:///opt/visual-studio-code/resources/app/out/vs/workbench/api/node/extensionHostProcess.js:164:70638)
	at $.C (file:///opt/visual-studio-code/resources/app/out/vs/workbench/api/node/extensionHostProcess.js:27:2375)
	at $.fire (file:///opt/visual-studio-code/resources/app/out/vs/workbench/api/node/extensionHostProcess.js:27:2593)
	at fy.acceptDocumentsAndEditorsDelta (file:///opt/visual-studio-code/resources/app/out/vs/workbench/api/node/extensionHostProcess.js:121:11787)
	at fy.$acceptDocumentsAndEditorsDelta (file:///opt/visual-studio-code/resources/app/out/vs/workbench/api/node/extensionHostProcess.js:121:10246)
	at a4.S (file:///opt/visual-studio-code/resources/app/out/vs/workbench/api/node/extensionHostProcess.js:29:117864)
	at a4.Q (file:///opt/visual-studio-code/resources/app/out/vs/workbench/api/node/extensionHostProcess.js:29:117644)
	at a4.M (file:///opt/visual-studio-code/resources/app/out/vs/workbench/api/node/extensionHostProcess.js:29:116733)
	at a4.L (file:///opt/visual-studio-code/resources/app/out/vs/workbench/api/node/extensionHostProcess.js:29:115838)
	at Gh.value (file:///opt/visual-studio-code/resources/app/out/vs/workbench/api/node/extensionHostProcess.js:29:114635)
	at $.C (file:///opt/visual-studio-code/resources/app/out/vs/workbench/api/node/extensionHostProcess.js:27:2375)
	at $.fire (file:///opt/visual-studio-code/resources/app/out/vs/workbench/api/node/extensionHostProcess.js:27:2593)
	at ao.fire (file:///opt/visual-studio-code/resources/app/out/vs/workbench/api/node/extensionHostProcess.js:29:9459)
	at Gh.value (file:///opt/visual-studio-code/resources/app/out/vs/workbench/api/node/extensionHostProcess.js:356:8152)
	at $.C (file:///opt/visual-studio-code/resources/app/out/vs/workbench/api/node/extensionHostProcess.js:27:2375)
	at $.fire (file:///opt/visual-studio-code/resources/app/out/vs/workbench/api/node/extensionHostProcess.js:27:2593)
	at ao.fire (file:///opt/visual-studio-code/resources/app/out/vs/workbench/api/node/extensionHostProcess.js:29:9459)
	at MessagePortMain.<anonymous> (file:///opt/visual-studio-code/resources/app/out/vs/workbench/api/node/extensionHostProcess.js:356:6444)
	at MessagePortMain.emit (node:events:518:28)
	at MessagePortMain._internalPort.emit (node:electron/js2c/utility_init:2:3073)
2025-07-27 21:26:20.732 [warning] TextEditor is closed/disposed
2025-07-27 21:26:49.923 [error] ExtensionError: Error in extension rvest.vs-code-prettier-eslint: FAILED to handle event
	at Gh.value (file:///opt/visual-studio-code/resources/app/out/vs/workbench/api/node/extensionHostProcess.js:164:103730)
	at $.C (file:///opt/visual-studio-code/resources/app/out/vs/workbench/api/node/extensionHostProcess.js:27:2375)
	at $.D (file:///opt/visual-studio-code/resources/app/out/vs/workbench/api/node/extensionHostProcess.js:27:2445)
	at $.fire (file:///opt/visual-studio-code/resources/app/out/vs/workbench/api/node/extensionHostProcess.js:27:2662)
	at Gh.value (file:///opt/visual-studio-code/resources/app/out/vs/workbench/api/node/extensionHostProcess.js:164:70638)
	at $.C (file:///opt/visual-studio-code/resources/app/out/vs/workbench/api/node/extensionHostProcess.js:27:2375)
	at $.fire (file:///opt/visual-studio-code/resources/app/out/vs/workbench/api/node/extensionHostProcess.js:27:2593)
	at fy.acceptDocumentsAndEditorsDelta (file:///opt/visual-studio-code/resources/app/out/vs/workbench/api/node/extensionHostProcess.js:121:11787)
	at fy.$acceptDocumentsAndEditorsDelta (file:///opt/visual-studio-code/resources/app/out/vs/workbench/api/node/extensionHostProcess.js:121:10246)
	at a4.S (file:///opt/visual-studio-code/resources/app/out/vs/workbench/api/node/extensionHostProcess.js:29:117864)
	at a4.Q (file:///opt/visual-studio-code/resources/app/out/vs/workbench/api/node/extensionHostProcess.js:29:117644)
	at a4.M (file:///opt/visual-studio-code/resources/app/out/vs/workbench/api/node/extensionHostProcess.js:29:116733)
	at a4.L (file:///opt/visual-studio-code/resources/app/out/vs/workbench/api/node/extensionHostProcess.js:29:115838)
	at Gh.value (file:///opt/visual-studio-code/resources/app/out/vs/workbench/api/node/extensionHostProcess.js:29:114635)
	at $.C (file:///opt/visual-studio-code/resources/app/out/vs/workbench/api/node/extensionHostProcess.js:27:2375)
	at $.fire (file:///opt/visual-studio-code/resources/app/out/vs/workbench/api/node/extensionHostProcess.js:27:2593)
	at ao.fire (file:///opt/visual-studio-code/resources/app/out/vs/workbench/api/node/extensionHostProcess.js:29:9459)
	at Gh.value (file:///opt/visual-studio-code/resources/app/out/vs/workbench/api/node/extensionHostProcess.js:356:8152)
	at $.C (file:///opt/visual-studio-code/resources/app/out/vs/workbench/api/node/extensionHostProcess.js:27:2375)
	at $.fire (file:///opt/visual-studio-code/resources/app/out/vs/workbench/api/node/extensionHostProcess.js:27:2593)
	at ao.fire (file:///opt/visual-studio-code/resources/app/out/vs/workbench/api/node/extensionHostProcess.js:29:9459)
	at MessagePortMain.<anonymous> (file:///opt/visual-studio-code/resources/app/out/vs/workbench/api/node/extensionHostProcess.js:356:6444)
	at MessagePortMain.emit (node:events:518:28)
	at MessagePortMain._internalPort.emit (node:electron/js2c/utility_init:2:3073)
2025-07-27 21:27:14.903 [info] ExtensionService#_doActivateExtension vscode.npm, startup: false, activationEvent: 'onTerminalQuickFixRequest:ms-vscode.npm-command'
2025-07-27 21:27:40.671 [error] ExtensionError: Error in extension rvest.vs-code-prettier-eslint: FAILED to handle event
	at Gh.value (file:///opt/visual-studio-code/resources/app/out/vs/workbench/api/node/extensionHostProcess.js:164:103730)
	at $.C (file:///opt/visual-studio-code/resources/app/out/vs/workbench/api/node/extensionHostProcess.js:27:2375)
	at $.D (file:///opt/visual-studio-code/resources/app/out/vs/workbench/api/node/extensionHostProcess.js:27:2445)
	at $.fire (file:///opt/visual-studio-code/resources/app/out/vs/workbench/api/node/extensionHostProcess.js:27:2662)
	at Gh.value (file:///opt/visual-studio-code/resources/app/out/vs/workbench/api/node/extensionHostProcess.js:164:70638)
	at $.C (file:///opt/visual-studio-code/resources/app/out/vs/workbench/api/node/extensionHostProcess.js:27:2375)
	at $.fire (file:///opt/visual-studio-code/resources/app/out/vs/workbench/api/node/extensionHostProcess.js:27:2593)
	at fy.acceptDocumentsAndEditorsDelta (file:///opt/visual-studio-code/resources/app/out/vs/workbench/api/node/extensionHostProcess.js:121:11787)
	at fy.$acceptDocumentsAndEditorsDelta (file:///opt/visual-studio-code/resources/app/out/vs/workbench/api/node/extensionHostProcess.js:121:10246)
	at a4.S (file:///opt/visual-studio-code/resources/app/out/vs/workbench/api/node/extensionHostProcess.js:29:117864)
	at a4.Q (file:///opt/visual-studio-code/resources/app/out/vs/workbench/api/node/extensionHostProcess.js:29:117644)
	at a4.M (file:///opt/visual-studio-code/resources/app/out/vs/workbench/api/node/extensionHostProcess.js:29:116733)
	at a4.L (file:///opt/visual-studio-code/resources/app/out/vs/workbench/api/node/extensionHostProcess.js:29:115838)
	at Gh.value (file:///opt/visual-studio-code/resources/app/out/vs/workbench/api/node/extensionHostProcess.js:29:114635)
	at $.C (file:///opt/visual-studio-code/resources/app/out/vs/workbench/api/node/extensionHostProcess.js:27:2375)
	at $.fire (file:///opt/visual-studio-code/resources/app/out/vs/workbench/api/node/extensionHostProcess.js:27:2593)
	at ao.fire (file:///opt/visual-studio-code/resources/app/out/vs/workbench/api/node/extensionHostProcess.js:29:9459)
	at Gh.value (file:///opt/visual-studio-code/resources/app/out/vs/workbench/api/node/extensionHostProcess.js:356:8152)
	at $.C (file:///opt/visual-studio-code/resources/app/out/vs/workbench/api/node/extensionHostProcess.js:27:2375)
	at $.fire (file:///opt/visual-studio-code/resources/app/out/vs/workbench/api/node/extensionHostProcess.js:27:2593)
	at ao.fire (file:///opt/visual-studio-code/resources/app/out/vs/workbench/api/node/extensionHostProcess.js:29:9459)
	at MessagePortMain.<anonymous> (file:///opt/visual-studio-code/resources/app/out/vs/workbench/api/node/extensionHostProcess.js:356:6444)
	at MessagePortMain.emit (node:events:518:28)
	at MessagePortMain._internalPort.emit (node:electron/js2c/utility_init:2:3073)
2025-07-27 21:27:40.672 [warning] TextEditor is closed/disposed
2025-07-27 21:27:42.036 [error] ExtensionError: Error in extension rvest.vs-code-prettier-eslint: FAILED to handle event
	at Gh.value (file:///opt/visual-studio-code/resources/app/out/vs/workbench/api/node/extensionHostProcess.js:164:103730)
	at $.C (file:///opt/visual-studio-code/resources/app/out/vs/workbench/api/node/extensionHostProcess.js:27:2375)
	at $.D (file:///opt/visual-studio-code/resources/app/out/vs/workbench/api/node/extensionHostProcess.js:27:2445)
	at $.fire (file:///opt/visual-studio-code/resources/app/out/vs/workbench/api/node/extensionHostProcess.js:27:2662)
	at Gh.value (file:///opt/visual-studio-code/resources/app/out/vs/workbench/api/node/extensionHostProcess.js:164:70638)
	at $.C (file:///opt/visual-studio-code/resources/app/out/vs/workbench/api/node/extensionHostProcess.js:27:2375)
	at $.fire (file:///opt/visual-studio-code/resources/app/out/vs/workbench/api/node/extensionHostProcess.js:27:2593)
	at fy.acceptDocumentsAndEditorsDelta (file:///opt/visual-studio-code/resources/app/out/vs/workbench/api/node/extensionHostProcess.js:121:11787)
	at fy.$acceptDocumentsAndEditorsDelta (file:///opt/visual-studio-code/resources/app/out/vs/workbench/api/node/extensionHostProcess.js:121:10246)
	at a4.S (file:///opt/visual-studio-code/resources/app/out/vs/workbench/api/node/extensionHostProcess.js:29:117864)
	at a4.Q (file:///opt/visual-studio-code/resources/app/out/vs/workbench/api/node/extensionHostProcess.js:29:117644)
	at a4.M (file:///opt/visual-studio-code/resources/app/out/vs/workbench/api/node/extensionHostProcess.js:29:116733)
	at a4.L (file:///opt/visual-studio-code/resources/app/out/vs/workbench/api/node/extensionHostProcess.js:29:115838)
	at Gh.value (file:///opt/visual-studio-code/resources/app/out/vs/workbench/api/node/extensionHostProcess.js:29:114635)
	at $.C (file:///opt/visual-studio-code/resources/app/out/vs/workbench/api/node/extensionHostProcess.js:27:2375)
	at $.fire (file:///opt/visual-studio-code/resources/app/out/vs/workbench/api/node/extensionHostProcess.js:27:2593)
	at ao.fire (file:///opt/visual-studio-code/resources/app/out/vs/workbench/api/node/extensionHostProcess.js:29:9459)
	at Gh.value (file:///opt/visual-studio-code/resources/app/out/vs/workbench/api/node/extensionHostProcess.js:356:8152)
	at $.C (file:///opt/visual-studio-code/resources/app/out/vs/workbench/api/node/extensionHostProcess.js:27:2375)
	at $.fire (file:///opt/visual-studio-code/resources/app/out/vs/workbench/api/node/extensionHostProcess.js:27:2593)
	at ao.fire (file:///opt/visual-studio-code/resources/app/out/vs/workbench/api/node/extensionHostProcess.js:29:9459)
	at MessagePortMain.<anonymous> (file:///opt/visual-studio-code/resources/app/out/vs/workbench/api/node/extensionHostProcess.js:356:6444)
	at MessagePortMain.emit (node:events:518:28)
	at MessagePortMain._internalPort.emit (node:electron/js2c/utility_init:2:3073)
2025-07-27 21:27:42.037 [warning] TextEditor is closed/disposed
2025-07-27 21:28:12.757 [error] ExtensionError: Error in extension rvest.vs-code-prettier-eslint: FAILED to handle event
	at Gh.value (file:///opt/visual-studio-code/resources/app/out/vs/workbench/api/node/extensionHostProcess.js:164:103730)
	at $.C (file:///opt/visual-studio-code/resources/app/out/vs/workbench/api/node/extensionHostProcess.js:27:2375)
	at $.D (file:///opt/visual-studio-code/resources/app/out/vs/workbench/api/node/extensionHostProcess.js:27:2445)
	at $.fire (file:///opt/visual-studio-code/resources/app/out/vs/workbench/api/node/extensionHostProcess.js:27:2662)
	at Gh.value (file:///opt/visual-studio-code/resources/app/out/vs/workbench/api/node/extensionHostProcess.js:164:70638)
	at $.C (file:///opt/visual-studio-code/resources/app/out/vs/workbench/api/node/extensionHostProcess.js:27:2375)
	at $.fire (file:///opt/visual-studio-code/resources/app/out/vs/workbench/api/node/extensionHostProcess.js:27:2593)
	at fy.acceptDocumentsAndEditorsDelta (file:///opt/visual-studio-code/resources/app/out/vs/workbench/api/node/extensionHostProcess.js:121:11787)
	at fy.$acceptDocumentsAndEditorsDelta (file:///opt/visual-studio-code/resources/app/out/vs/workbench/api/node/extensionHostProcess.js:121:10246)
	at a4.S (file:///opt/visual-studio-code/resources/app/out/vs/workbench/api/node/extensionHostProcess.js:29:117864)
	at a4.Q (file:///opt/visual-studio-code/resources/app/out/vs/workbench/api/node/extensionHostProcess.js:29:117644)
	at a4.M (file:///opt/visual-studio-code/resources/app/out/vs/workbench/api/node/extensionHostProcess.js:29:116733)
	at a4.L (file:///opt/visual-studio-code/resources/app/out/vs/workbench/api/node/extensionHostProcess.js:29:115838)
	at Gh.value (file:///opt/visual-studio-code/resources/app/out/vs/workbench/api/node/extensionHostProcess.js:29:114635)
	at $.C (file:///opt/visual-studio-code/resources/app/out/vs/workbench/api/node/extensionHostProcess.js:27:2375)
	at $.fire (file:///opt/visual-studio-code/resources/app/out/vs/workbench/api/node/extensionHostProcess.js:27:2593)
	at ao.fire (file:///opt/visual-studio-code/resources/app/out/vs/workbench/api/node/extensionHostProcess.js:29:9459)
	at Gh.value (file:///opt/visual-studio-code/resources/app/out/vs/workbench/api/node/extensionHostProcess.js:356:8152)
	at $.C (file:///opt/visual-studio-code/resources/app/out/vs/workbench/api/node/extensionHostProcess.js:27:2375)
	at $.fire (file:///opt/visual-studio-code/resources/app/out/vs/workbench/api/node/extensionHostProcess.js:27:2593)
	at ao.fire (file:///opt/visual-studio-code/resources/app/out/vs/workbench/api/node/extensionHostProcess.js:29:9459)
	at MessagePortMain.<anonymous> (file:///opt/visual-studio-code/resources/app/out/vs/workbench/api/node/extensionHostProcess.js:356:6444)
	at MessagePortMain.emit (node:events:518:28)
	at MessagePortMain._internalPort.emit (node:electron/js2c/utility_init:2:3073)
2025-07-27 21:28:12.823 [info] ExtensionService#_doActivateExtension vscode.extension-editing, startup: false, activationEvent: 'onLanguage:markdown'
2025-07-27 21:28:12.838 [info] ExtensionService#_doActivateExtension vscode.markdown-language-features, startup: false, activationEvent: 'onLanguage:markdown'
2025-07-27 21:28:28.751 [warning] TextEditor is closed/disposed
2025-07-27 21:28:28.772 [info] ExtensionService#_doActivateExtension vscode.media-preview, startup: false, activationEvent: 'onCustomEditor:imagePreview.previewEditor'
2025-07-27 21:28:36.242 [warning] TextEditor is closed/disposed
2025-07-27 21:28:37.496 [warning] TextEditor is closed/disposed
2025-07-27 21:28:38.213 [warning] TextEditor is closed/disposed
2025-07-27 21:28:38.687 [warning] TextEditor is closed/disposed
2025-07-27 21:28:41.992 [warning] TextEditor is closed/disposed
2025-07-27 21:37:22.743 [warning] TextEditor is closed/disposed
2025-07-27 21:37:42.258 [warning] TextEditor is closed/disposed
2025-07-27 21:41:19.332 [warning] TextEditor is closed/disposed
