2025-07-26 11:03:10.134 [warning] Via 'product.json#extensionEnabledApiProposals' extension 'ms-vsliveshare.vsliveshare' wants API proposal 'notebookCellExecutionState' but that proposal DOES NOT EXIST. Likely, the proposal has been finalized (check 'vscode.d.ts') or was abandoned.
2025-07-26 11:03:10.146 [warning] Via 'product.json#extensionEnabledApiProposals' extension 'ms-python.gather' wants API proposal 'notebookCellExecutionState' but that proposal DOES NOT EXIST. Likely, the proposal has been finalized (check 'vscode.d.ts') or was abandoned.
2025-07-26 11:03:10.147 [warning] Via 'product.json#extensionEnabledApiProposals' extension 'ms-python.vscode-pylance' wants API proposal 'mcpConfigurationProvider' but that proposal DOES NOT EXIST. Likely, the proposal has been finalized (check 'vscode.d.ts') or was abandoned.
2025-07-26 11:03:10.513 [info] Started local extension host with pid 3164.
2025-07-26 11:03:11.890 [error] [Extension Host] (node:3164) [DEP0040] DeprecationWarning: The `punycode` module is deprecated. Please use a userland alternative instead.
(Use `exe --trace-deprecation ...` to show where the warning was created)
2025-07-26 11:03:12.038 [info] Settings Sync: Account status changed from uninitialized to unavailable
2025-07-26 11:03:13.185 [info] [perf] Render performance baseline is 19ms
2025-07-26 11:03:15.251 [error] [UriError]: Scheme contains illegal characters.: Error: [UriError]: Scheme contains illegal characters.
    at C7 (file:///opt/visual-studio-code/resources/app/out/main.js:30:63994)
    at new id (file:///opt/visual-studio-code/resources/app/out/main.js:30:67374)
    at new jr (file:///opt/visual-studio-code/resources/app/out/main.js:30:68812)
    at id.revive (file:///opt/visual-studio-code/resources/app/out/main.js:30:68589)
    at V5.call (file:///opt/visual-studio-code/resources/app/out/main.js:85:103918)
    at Df.s (file:///opt/visual-studio-code/resources/app/out/main.js:31:14859)
    at Df.q (file:///opt/visual-studio-code/resources/app/out/main.js:31:14382)
    at Yo.value (file:///opt/visual-studio-code/resources/app/out/main.js:31:13784)
    at D.C (file:///opt/visual-studio-code/resources/app/out/main.js:30:2373)
    at D (file:///opt/visual-studio-code/resources/app/out/main.js:30:2443)
    at D.fire (file:///opt/visual-studio-code/resources/app/out/main.js:30:2660)
    at Yo.value (file:///opt/visual-studio-code/resources/app/out/main.js:28:4827)
    at D.C (file:///opt/visual-studio-code/resources/app/out/main.js:30:2373)
    at D.fire (file:///opt/visual-studio-code/resources/app/out/main.js:30:2591)
    at Yo.value (file:///opt/visual-studio-code/resources/app/out/main.js:28:5015)
    at D.C (file:///opt/visual-studio-code/resources/app/out/main.js:30:2373)
    at D.fire (file:///opt/visual-studio-code/resources/app/out/main.js:30:2591)
    at z (file:///opt/visual-studio-code/resources/app/out/main.js:28:7309)
    at IpcMainImpl.i (file:///opt/visual-studio-code/resources/app/out/main.js:33:21024)
    at IpcMainImpl.emit (node:events:518:28)
    at WebContents.<anonymous> (node:electron/js2c/browser_init:2:88892)
    at WebContents.emit (node:events:518:28)
2025-07-26 11:03:19.428 [error] [Extension Host] Failed to fetch tags_health, continuing: AxiosError: Request failed with status code 503
	at Ae (/home/mochi-002/.vscode/extensions/codium.codium-1.5.12/dist/extension.js:2:8765052)
	at IncomingMessage.<anonymous> (/home/mochi-002/.vscode/extensions/codium.codium-1.5.12/dist/extension.js:2:8777224)
	at IncomingMessage.emit (node:events:530:35)
	at endReadableNT (node:internal/streams/readable:1698:12)
	at process.processTicksAndRejections (node:internal/process/task_queues:90:21)
	at ct.request (/home/mochi-002/.vscode/extensions/codium.codium-1.5.12/dist/extension.js:2:8789455)
	at process.processTicksAndRejections (node:internal/process/task_queues:105:5)
	at async m.sendHttpRequest (/home/mochi-002/.vscode/extensions/codium.codium-1.5.12/dist/extension.js:2:418347)
	at async m.httpRequest (/home/mochi-002/.vscode/extensions/codium.codium-1.5.12/dist/extension.js:2:417304)
	at async E.safeHttpRequest (/home/mochi-002/.vscode/extensions/codium.codium-1.5.12/dist/extension.js:2:8390247)
	at async E.updateMetadataServiceAvailability (/home/mochi-002/.vscode/extensions/codium.codium-1.5.12/dist/extension.js:2:8389874)
	at async E.initRemoteRagSettingsFromServer (/home/mochi-002/.vscode/extensions/codium.codium-1.5.12/dist/extension.js:2:8389705)
2025-07-26 11:04:41.997 [error] lock() request could not be registered.: InvalidStateError: lock() request could not be registered.
