["INFO" - 11:03:13 AM] Existing installation id found, no need to create a new one.
"4ba01e22-c615-4b10-98cd-dd6127b9e9bf"
["DEBUG" - 11:03:14 AM] Error fetching feature flags
{}
["DEBUG" - 11:03:14 AM] Initializing db
"/home/mochi-002/.config/Code/User/workspaceStorage/dbf4591efc63c66265dd3afe5ff5117a/Codium.codium"
["DEBUG" - 11:03:14 AM] Registered uninstall hook.
["DEBUG" - 11:03:14 AM] FileSystem - Registered URI scheme: qodoMcpEditdiff
["DEBUG" - 11:03:14 AM] FileSystem - Registered URI scheme: qodoToolsDiff
["DEBUG" - 11:03:18 AM] 🚀 ~ init ~ featureFlags:
{
  "items": [
    {
      "feature_id": "code_completion",
      "enabled": true,
      "masked": false
    },
    {
      "feature_id": "extend_test_suite",
      "enabled": false,
      "masked": false
    },
    {
      "feature_id": "pre_pr",
      "enabled": true,
      "masked": false
    }
  ]
}
["DEBUG" - 11:03:18 AM] Registering Codium provider
"2025-07-26T08:03:18.868Z"
["DEBUG" - 11:03:18 AM] Initializing Git commit tracker
["DEBUG" - 11:03:18 AM] Terminal - Creating new TerminalManager instance
["DEBUG" - 11:03:18 AM] Git commit tracking is disabled by feature flag.
["INFO" - 11:03:19 AM] Terminal - Initializing Terminal server
["DEBUG" - 11:03:19 AM] Terminal - Listing Terminal server tools
["DEBUG" - 11:03:19 AM] request (140959ce-8b1b-4823-8a22-d63f6b918c2a) for endpoint tags_health failed with error AxiosError: Request failed with status code 503
