2025-07-27 21:12:38.170 [info] Reading sessions from keychain...
2025-07-27 21:12:38.170 [info] Getting sessions for all scopes...
2025-07-27 21:12:38.170 [info] Got stored sessions!
2025-07-27 21:12:38.170 [info] Got 1 verified sessions.
2025-07-27 21:12:38.170 [info] Got 1 sessions for ...
2025-07-27 21:12:38.170 [info] Getting sessions for all scopes...
2025-07-27 21:12:38.170 [info] Got 1 sessions for ...
2025-07-27 21:12:38.170 [info] Getting sessions for all scopes...
2025-07-27 21:12:38.170 [info] Got 1 sessions for ...
2025-07-27 21:12:38.170 [info] Getting sessions for all scopes...
2025-07-27 21:12:38.170 [info] Got 1 sessions for ...
2025-07-27 21:12:38.177 [info] Getting sessions for all scopes...
2025-07-27 21:12:38.177 [info] Got 1 sessions for ...
2025-07-27 21:12:38.177 [info] Getting sessions for all scopes...
2025-07-27 21:12:38.177 [info] Got 1 sessions for ...
2025-07-27 21:12:38.177 [info] Getting sessions for all scopes...
2025-07-27 21:12:38.177 [info] Got 1 sessions for ...
2025-07-27 21:12:38.177 [info] Getting sessions for all scopes...
2025-07-27 21:12:38.177 [info] Got 1 sessions for ...
2025-07-27 21:12:38.177 [info] Getting sessions for all scopes...
2025-07-27 21:12:38.177 [info] Got 1 sessions for ...
2025-07-27 21:12:38.195 [info] Getting sessions for all scopes...
2025-07-27 21:12:38.195 [info] Got 1 sessions for ...
2025-07-27 21:12:38.195 [info] Getting sessions for all scopes...
2025-07-27 21:12:38.195 [info] Got 1 sessions for ...
2025-07-27 21:12:38.195 [info] Getting sessions for all scopes...
2025-07-27 21:12:38.195 [info] Got 1 sessions for ...
2025-07-27 21:12:38.195 [info] Getting sessions for all scopes...
2025-07-27 21:12:38.195 [info] Got 1 sessions for ...
2025-07-27 21:12:38.195 [info] Getting sessions for all scopes...
2025-07-27 21:12:38.195 [info] Got 1 sessions for ...
2025-07-27 21:12:38.195 [info] Getting sessions for all scopes...
2025-07-27 21:12:38.195 [info] Got 1 sessions for ...
2025-07-27 21:12:38.717 [info] Getting sessions for all scopes...
2025-07-27 21:12:38.717 [info] Got 1 sessions for ...
2025-07-27 21:12:38.768 [info] Getting sessions for read:user,repo,user:email...
2025-07-27 21:12:38.768 [info] Got 0 sessions for read:user,repo,user:email...
2025-07-27 21:12:38.835 [info] Getting sessions for all scopes...
2025-07-27 21:12:38.835 [info] Got 1 sessions for ...
2025-07-27 21:12:38.836 [info] Getting sessions for all scopes...
2025-07-27 21:12:38.836 [info] Got 1 sessions for ...
2025-07-27 21:12:38.924 [info] Getting sessions for all scopes...
2025-07-27 21:12:38.924 [info] Got 1 sessions for ...
2025-07-27 21:12:40.006 [info] Getting sessions for all scopes...
2025-07-27 21:12:40.006 [info] Got 1 sessions for ...
2025-07-27 21:12:40.006 [info] Getting sessions for all scopes...
2025-07-27 21:12:40.006 [info] Got 1 sessions for ...
2025-07-27 21:12:40.007 [info] Getting sessions for all scopes...
2025-07-27 21:12:40.007 [info] Got 1 sessions for ...
2025-07-27 21:12:40.063 [info] Getting sessions for all scopes...
2025-07-27 21:12:40.063 [info] Got 1 sessions for ...
2025-07-27 21:13:21.489 [info] Getting sessions for read:user,repo,user:email...
2025-07-27 21:13:21.489 [info] Got 0 sessions for read:user,repo,user:email...
2025-07-27 21:13:21.772 [info] Getting sessions for all scopes...
2025-07-27 21:13:21.772 [info] Got 1 sessions for ...
2025-07-27 21:13:22.373 [info] Getting sessions for read:user,repo,user:email,workflow...
2025-07-27 21:13:22.373 [info] Got 0 sessions for read:user,repo,user:email,workflow...
2025-07-27 21:13:30.362 [info] Getting sessions for all scopes...
2025-07-27 21:13:30.362 [info] Got 1 sessions for ...
2025-07-27 21:13:40.181 [info] Getting sessions for all scopes...
2025-07-27 21:13:40.181 [info] Got 1 sessions for ...
2025-07-27 21:26:34.544 [info] Getting sessions for all scopes...
2025-07-27 21:26:34.544 [info] Got 1 sessions for ...
2025-07-27 21:27:23.735 [info] Getting sessions for all scopes...
2025-07-27 21:27:23.735 [info] Got 1 sessions for ...
2025-07-27 21:42:59.183 [info] Getting sessions for read:user,repo,user:email...
2025-07-27 21:42:59.183 [info] Got 0 sessions for read:user,repo,user:email...
