2025-07-26 00:27:02.214 [info] Starting Python Locator /home/mochi-002/.vscode/extensions/ms-python.python-2025.10.1-linux-x64/python-env-tools/bin/pet server
2025-07-26 00:27:02.214 [info] Discovered manager: (Pyenv) /usr/bin/pyenv
2025-07-26 00:27:02.214 [info] Discovered env: /home/mochi-002/Documents/DB - Programmong/competitive/.venv/bin/python
2025-07-26 00:27:02.215 [info] Resolved Python Environment /home/mochi-002/Documents/DB - Programmong/competitive/.venv/bin/python
2025-07-26 00:27:03.927 [info] Discovered env: /bin/python
2025-07-26 00:27:03.993 [info] Discovered env: /usr/bin/python
2025-07-26 00:27:04.006 [info] Env ("/usr/sbin/python") in Path resolved as ResolvedPythonEnv { executable: "/usr/sbin/python", prefix: "/usr", version: "3.13.5.final.0", is64_bit: true, symlinks: Some(["/usr/sbin/python"]) } and reported as Some(GlobalPaths)
2025-07-26 00:27:04.006 [info] Discovered env: /usr/sbin/python
2025-07-26 00:27:04.007 [info] Env ("/sbin/python") in Path resolved as ResolvedPythonEnv { executable: "/sbin/python", prefix: "/usr", version: "3.13.5.final.0", is64_bit: true, symlinks: Some(["/sbin/python"]) } and reported as Some(GlobalPaths)
2025-07-26 00:27:04.007 [info] Discovered env: /sbin/python
2025-07-26 00:27:04.009 [info] Env ("/usr/sbin/python3") in Path resolved as ResolvedPythonEnv { executable: "/usr/sbin/python3", prefix: "/usr", version: "3.13.5.final.0", is64_bit: true, symlinks: Some(["/usr/sbin/python3"]) } and reported as Some(GlobalPaths)
2025-07-26 00:27:04.009 [info] Discovered env: /usr/sbin/python3
2025-07-26 00:27:04.011 [info] Env ("/sbin/python3") in Path resolved as ResolvedPythonEnv { executable: "/sbin/python3", prefix: "/usr", version: "3.13.5.final.0", is64_bit: true, symlinks: Some(["/sbin/python3"]) } and reported as Some(GlobalPaths)
2025-07-26 00:27:04.011 [info] Discovered env: /sbin/python3
2025-07-26 00:27:04.012 [info] Env ("/usr/sbin/python3.13") in Path resolved as ResolvedPythonEnv { executable: "/usr/sbin/python3.13", prefix: "/usr", version: "3.13.5.final.0", is64_bit: true, symlinks: Some(["/usr/sbin/python3.13"]) } and reported as Some(GlobalPaths)
2025-07-26 00:27:04.012 [info] Discovered env: /usr/sbin/python3.13
2025-07-26 00:27:04.012 [info] Env ("/sbin/python3.13") in Path resolved as ResolvedPythonEnv { executable: "/sbin/python3.13", prefix: "/usr", version: "3.13.5.final.0", is64_bit: true, symlinks: Some(["/sbin/python3.13"]) } and reported as Some(GlobalPaths)
2025-07-26 00:27:04.012 [info] Discovered env: /sbin/python3.13
2025-07-26 00:27:04.013 [info] Locator Conda took 178.02466ms
2025-07-26 00:27:04.013 [info] Locator Homebrew took 294.372µs
2025-07-26 00:27:04.013 [info] Locator LinuxGlobal took 206.74547ms
2025-07-26 00:27:04.013 [info] Locator PipEnv took 22.135µs
2025-07-26 00:27:04.013 [info] Locator Pixi took 55.39µs
2025-07-26 00:27:04.013 [info] Locator Poetry took 810.158µs
2025-07-26 00:27:04.013 [info] Locator PyEnv took 4.246807ms
2025-07-26 00:27:04.013 [info] Locator Venv took 72.905µs
2025-07-26 00:27:04.013 [info] Locator VirtualEnv took 32.281µs
2025-07-26 00:27:04.013 [info] Locator VirtualEnvWrapper took 97.487µs
2025-07-26 00:27:04.014 [info] Locator GlobalVirtualEnvs took 470.83µs
2025-07-26 00:27:04.014 [info] Locator Locators took 208.112551ms
2025-07-26 00:27:04.014 [info] Locator Path took 317.230945ms
2025-07-26 00:27:04.014 [info] Locator Workspaces took 52.227159ms
2025-07-26 00:27:04.014 [info] Refresh completed in 317ms
