2025-07-27 22:37:17.888 [info] [main] Log level: Info
2025-07-27 22:37:17.888 [info] [main] Validating found git in: "git"
2025-07-27 22:37:17.888 [info] [main] Using git "2.50.1" from "git"
2025-07-27 22:37:17.888 [info] [Model][doInitialScan] Initial repository scan started
2025-07-27 22:37:17.888 [info] > git rev-parse --show-toplevel [9ms]
2025-07-27 22:37:17.888 [info] > git rev-parse --git-dir --git-common-dir [1ms]
2025-07-27 22:37:17.888 [info] [Model][openRepository] Opened repository (path): /home/mochi-002/dotfiles
2025-07-27 22:37:17.888 [info] [Model][openRepository] Opened repository (real path): /home/mochi-002/dotfiles
2025-07-27 22:37:17.889 [info] > git config --get commit.template [5ms]
2025-07-27 22:37:17.889 [info] > git rev-parse --show-toplevel [3ms]
2025-07-27 22:37:17.889 [info] > git rev-parse --show-toplevel [20ms]
2025-07-27 22:37:17.889 [info] [Model][doInitialScan] Initial repository scan completed - repositories (1), closed repositories (0), parent repositories (0), unsafe repositories (0)
2025-07-27 22:37:17.889 [info] > git for-each-ref --format=%(refname)%00%(upstream:short)%00%(objectname)%00%(upstream:track)%00%(upstream:remotename)%00%(upstream:remoteref) refs/heads/main refs/remotes/main [27ms]
2025-07-27 22:37:18.701 [info] > git check-ignore -v -z --stdin [150ms]
2025-07-27 22:37:18.753 [info] > git status -z -uall [8ms]
2025-07-27 22:37:18.758 [info] > git for-each-ref --sort -committerdate --format %(refname)%00%(objectname)%00%(*objectname) [6ms]
2025-07-27 22:37:18.782 [info] > git for-each-ref --format=%(refname)%00%(upstream:short)%00%(objectname)%00%(upstream:track)%00%(upstream:remotename)%00%(upstream:remoteref) refs/heads/main refs/remotes/main [10ms]
2025-07-27 22:37:18.798 [info] > git config --get --local branch.main.vscode-merge-base [10ms]
2025-07-27 22:37:18.798 [warning] [Git][config] git config failed: Failed to execute git
2025-07-27 22:37:18.804 [info] > git config --get commit.template [23ms]
2025-07-27 22:37:18.813 [info] > git reflog main --grep-reflog=branch: Created from *. [9ms]
2025-07-27 22:37:18.820 [info] > git for-each-ref --format=%(refname)%00%(upstream:short)%00%(objectname)%00%(upstream:track)%00%(upstream:remotename)%00%(upstream:remoteref) refs/heads/main refs/remotes/main [7ms]
2025-07-27 22:37:18.835 [info] > git symbolic-ref --short refs/remotes/origin/HEAD [16ms]
2025-07-27 22:37:18.835 [info] fatal: ref refs/remotes/origin/HEAD is not a symbolic ref
2025-07-27 22:37:18.835 [warning] [Repository][getDefaultBranch] Failed to get default branch details: Failed to execute git.
2025-07-27 22:37:18.846 [info] > git merge-base refs/heads/main refs/remotes/origin/main [2ms]
2025-07-27 22:37:18.879 [info] > git status -z -uall [7ms]
2025-07-27 22:37:18.879 [info] > git diff --name-status -z --diff-filter=ADMR c4a1ea7969fce1fc7a634d636f797b91221b2084...refs/remotes/origin/main [24ms]
2025-07-27 22:37:18.880 [info] > git for-each-ref --sort -committerdate --format %(refname)%00%(objectname)%00%(*objectname) [1ms]
2025-07-27 22:37:19.204 [info] > git check-ignore -v -z --stdin [2ms]
2025-07-27 22:37:21.370 [info] > git show --textconv :README.md [8ms]
2025-07-27 22:37:21.371 [info] > git ls-files --stage -- README.md [1ms]
2025-07-27 22:37:21.379 [info] > git cat-file -s 9b65dddd2da9334041556ae5ea394be581ee9522 [2ms]
2025-07-27 22:37:21.779 [info] > git blame --root --incremental c4a1ea7969fce1fc7a634d636f797b91221b2084 -- README.md [2ms]
2025-07-27 22:38:25.652 [info] > git check-ignore -v -z --stdin [2ms]
2025-07-27 22:38:26.224 [info] > git config --get commit.template [9ms]
2025-07-27 22:38:26.225 [info] > git for-each-ref --format=%(refname)%00%(upstream:short)%00%(objectname)%00%(upstream:track)%00%(upstream:remotename)%00%(upstream:remoteref) refs/heads/main refs/remotes/main [2ms]
2025-07-27 22:38:26.240 [info] > git status -z -uall [8ms]
2025-07-27 22:38:26.241 [info] > git for-each-ref --sort -committerdate --format %(refname)%00%(objectname)%00%(*objectname) [1ms]
2025-07-27 22:38:27.667 [info] > git check-ignore -v -z --stdin [1ms]
2025-07-27 22:38:36.339 [info] > git for-each-ref --format=%(refname)%00%(upstream:short)%00%(objectname)%00%(upstream:track)%00%(upstream:remotename)%00%(upstream:remoteref) refs/heads/main refs/remotes/main [14ms]
2025-07-27 22:38:36.339 [info] > git config --get commit.template [23ms]
2025-07-27 22:38:36.340 [info] > git check-ignore -v -z --stdin [2ms]
2025-07-27 22:38:36.362 [info] > git status -z -uall [10ms]
2025-07-27 22:38:36.363 [info] > git for-each-ref --sort -committerdate --format %(refname)%00%(objectname)%00%(*objectname) [1ms]
2025-07-27 22:47:10.274 [info] > git check-ignore -v -z --stdin [2ms]
2025-07-27 22:47:10.831 [info] > git config --get commit.template [14ms]
2025-07-27 22:47:10.831 [info] > git for-each-ref --format=%(refname)%00%(upstream:short)%00%(objectname)%00%(upstream:track)%00%(upstream:remotename)%00%(upstream:remoteref) refs/heads/main refs/remotes/main [2ms]
2025-07-27 22:47:10.863 [info] > git status -z -uall [16ms]
2025-07-27 22:47:10.866 [info] > git for-each-ref --sort -committerdate --format %(refname)%00%(objectname)%00%(*objectname) [5ms]
2025-07-27 22:47:14.562 [info] > git show --textconv :README.md [14ms]
2025-07-27 22:47:14.564 [info] > git ls-files --stage -- README.md [3ms]
2025-07-27 22:47:14.579 [info] > git cat-file -s 9b65dddd2da9334041556ae5ea394be581ee9522 [2ms]
2025-07-27 22:47:33.222 [info] > git config --get commit.template [3ms]
2025-07-27 22:47:33.234 [info] > git for-each-ref --format=%(refname)%00%(upstream:short)%00%(objectname)%00%(upstream:track)%00%(upstream:remotename)%00%(upstream:remoteref) refs/heads/main refs/remotes/main [1ms]
2025-07-27 22:47:33.250 [info] > git status -z -uall [8ms]
2025-07-27 22:47:33.250 [info] > git for-each-ref --sort -committerdate --format %(refname)%00%(objectname)%00%(*objectname) [1ms]
2025-07-27 22:47:38.278 [info] > git config --get commit.template [10ms]
2025-07-27 22:47:38.279 [info] > git for-each-ref --format=%(refname)%00%(upstream:short)%00%(objectname)%00%(upstream:track)%00%(upstream:remotename)%00%(upstream:remoteref) refs/heads/main refs/remotes/main [2ms]
2025-07-27 22:47:38.304 [info] > git status -z -uall [13ms]
2025-07-27 22:47:38.304 [info] > git for-each-ref --sort -committerdate --format %(refname)%00%(objectname)%00%(*objectname) [2ms]
2025-07-27 22:47:43.339 [info] > git config --get commit.template [16ms]
2025-07-27 22:47:43.339 [info] > git for-each-ref --format=%(refname)%00%(upstream:short)%00%(objectname)%00%(upstream:track)%00%(upstream:remotename)%00%(upstream:remoteref) refs/heads/main refs/remotes/main [2ms]
2025-07-27 22:47:43.365 [info] > git status -z -uall [13ms]
2025-07-27 22:47:43.366 [info] > git for-each-ref --sort -committerdate --format %(refname)%00%(objectname)%00%(*objectname) [2ms]
2025-07-27 22:47:48.400 [info] > git config --get commit.template [15ms]
2025-07-27 22:47:48.402 [info] > git for-each-ref --format=%(refname)%00%(upstream:short)%00%(objectname)%00%(upstream:track)%00%(upstream:remotename)%00%(upstream:remoteref) refs/heads/main refs/remotes/main [3ms]
2025-07-27 22:47:48.426 [info] > git status -z -uall [11ms]
2025-07-27 22:47:48.427 [info] > git for-each-ref --sort -committerdate --format %(refname)%00%(objectname)%00%(*objectname) [2ms]
2025-07-27 22:47:53.458 [info] > git config --get commit.template [12ms]
2025-07-27 22:47:53.458 [info] > git for-each-ref --format=%(refname)%00%(upstream:short)%00%(objectname)%00%(upstream:track)%00%(upstream:remotename)%00%(upstream:remoteref) refs/heads/main refs/remotes/main [1ms]
2025-07-27 22:47:53.487 [info] > git status -z -uall [14ms]
2025-07-27 22:47:53.488 [info] > git for-each-ref --sort -committerdate --format %(refname)%00%(objectname)%00%(*objectname) [2ms]
2025-07-27 22:47:58.523 [info] > git config --get commit.template [15ms]
2025-07-27 22:47:58.539 [info] > git for-each-ref --format=%(refname)%00%(upstream:short)%00%(objectname)%00%(upstream:track)%00%(upstream:remotename)%00%(upstream:remoteref) refs/heads/main refs/remotes/main [17ms]
2025-07-27 22:47:58.569 [info] > git status -z -uall [12ms]
2025-07-27 22:47:58.570 [info] > git for-each-ref --sort -committerdate --format %(refname)%00%(objectname)%00%(*objectname) [2ms]
2025-07-27 22:48:15.980 [info] > git config --get commit.template [19ms]
2025-07-27 22:48:15.984 [info] > git for-each-ref --format=%(refname)%00%(upstream:short)%00%(objectname)%00%(upstream:track)%00%(upstream:remotename)%00%(upstream:remoteref) refs/heads/main refs/remotes/main [6ms]
2025-07-27 22:48:16.034 [info] > git status -z -uall [27ms]
2025-07-27 22:48:16.036 [info] > git for-each-ref --sort -committerdate --format %(refname)%00%(objectname)%00%(*objectname) [4ms]
2025-07-27 22:48:21.073 [info] > git config --get commit.template [15ms]
2025-07-27 22:48:21.074 [info] > git for-each-ref --format=%(refname)%00%(upstream:short)%00%(objectname)%00%(upstream:track)%00%(upstream:remotename)%00%(upstream:remoteref) refs/heads/main refs/remotes/main [2ms]
2025-07-27 22:48:21.104 [info] > git status -z -uall [16ms]
2025-07-27 22:48:21.107 [info] > git for-each-ref --sort -committerdate --format %(refname)%00%(objectname)%00%(*objectname) [5ms]
2025-07-27 22:49:29.905 [info] > git show --textconv :README.md [11ms]
2025-07-27 22:49:29.906 [info] > git ls-files --stage -- README.md [1ms]
2025-07-27 22:49:29.917 [info] > git cat-file -s 9b65dddd2da9334041556ae5ea394be581ee9522 [1ms]
2025-07-27 22:49:38.877 [info] > git config --get commit.template [16ms]
2025-07-27 22:49:38.878 [info] > git for-each-ref --format=%(refname)%00%(upstream:short)%00%(objectname)%00%(upstream:track)%00%(upstream:remotename)%00%(upstream:remoteref) refs/heads/main refs/remotes/main [2ms]
2025-07-27 22:49:38.911 [info] > git status -z -uall [15ms]
2025-07-27 22:49:38.912 [info] > git for-each-ref --sort -committerdate --format %(refname)%00%(objectname)%00%(*objectname) [2ms]
2025-07-27 22:49:45.151 [info] > git config --get commit.template [10ms]
2025-07-27 22:49:45.152 [info] > git for-each-ref --format=%(refname)%00%(upstream:short)%00%(objectname)%00%(upstream:track)%00%(upstream:remotename)%00%(upstream:remoteref) refs/heads/main refs/remotes/main [1ms]
2025-07-27 22:49:45.172 [info] > git status -z -uall [11ms]
2025-07-27 22:49:45.172 [info] > git for-each-ref --sort -committerdate --format %(refname)%00%(objectname)%00%(*objectname) [2ms]
2025-07-27 22:49:52.263 [info] > git config --get commit.template [14ms]
2025-07-27 22:49:52.264 [info] > git for-each-ref --format=%(refname)%00%(upstream:short)%00%(objectname)%00%(upstream:track)%00%(upstream:remotename)%00%(upstream:remoteref) refs/heads/main refs/remotes/main [2ms]
2025-07-27 22:49:52.290 [info] > git status -z -uall [13ms]
2025-07-27 22:49:52.291 [info] > git for-each-ref --sort -committerdate --format %(refname)%00%(objectname)%00%(*objectname) [2ms]
2025-07-27 22:50:31.779 [info] > git config --get commit.template [13ms]
2025-07-27 22:50:31.781 [info] > git for-each-ref --format=%(refname)%00%(upstream:short)%00%(objectname)%00%(upstream:track)%00%(upstream:remotename)%00%(upstream:remoteref) refs/heads/main refs/remotes/main [2ms]
2025-07-27 22:50:31.813 [info] > git status -z -uall [15ms]
2025-07-27 22:50:31.814 [info] > git for-each-ref --sort -committerdate --format %(refname)%00%(objectname)%00%(*objectname) [1ms]
2025-07-27 22:50:37.445 [info] > git config --get commit.template [7ms]
2025-07-27 22:50:37.446 [info] > git for-each-ref --format=%(refname)%00%(upstream:short)%00%(objectname)%00%(upstream:track)%00%(upstream:remotename)%00%(upstream:remoteref) refs/heads/main refs/remotes/main [1ms]
2025-07-27 22:50:37.461 [info] > git status -z -uall [7ms]
2025-07-27 22:50:37.462 [info] > git for-each-ref --sort -committerdate --format %(refname)%00%(objectname)%00%(*objectname) [1ms]
2025-07-27 22:50:42.511 [info] > git config --get commit.template [9ms]
2025-07-27 22:50:42.511 [info] > git for-each-ref --format=%(refname)%00%(upstream:short)%00%(objectname)%00%(upstream:track)%00%(upstream:remotename)%00%(upstream:remoteref) refs/heads/main refs/remotes/main [1ms]
2025-07-27 22:50:42.528 [info] > git status -z -uall [9ms]
2025-07-27 22:50:42.528 [info] > git for-each-ref --sort -committerdate --format %(refname)%00%(objectname)%00%(*objectname) [2ms]
2025-07-27 22:50:47.541 [info] > git config --get commit.template [3ms]
2025-07-27 22:50:47.553 [info] > git for-each-ref --format=%(refname)%00%(upstream:short)%00%(objectname)%00%(upstream:track)%00%(upstream:remotename)%00%(upstream:remoteref) refs/heads/main refs/remotes/main [1ms]
2025-07-27 22:50:47.573 [info] > git status -z -uall [10ms]
2025-07-27 22:50:47.573 [info] > git for-each-ref --sort -committerdate --format %(refname)%00%(objectname)%00%(*objectname) [1ms]
2025-07-27 22:51:05.409 [info] > git config --get commit.template [19ms]
2025-07-27 22:51:05.409 [info] > git for-each-ref --format=%(refname)%00%(upstream:short)%00%(objectname)%00%(upstream:track)%00%(upstream:remotename)%00%(upstream:remoteref) refs/heads/main refs/remotes/main [1ms]
2025-07-27 22:51:05.437 [info] > git status -z -uall [14ms]
2025-07-27 22:51:05.438 [info] > git for-each-ref --sort -committerdate --format %(refname)%00%(objectname)%00%(*objectname) [1ms]
2025-07-27 22:51:19.748 [info] > git config --get commit.template [1ms]
2025-07-27 22:51:19.763 [info] > git for-each-ref --format=%(refname)%00%(upstream:short)%00%(objectname)%00%(upstream:track)%00%(upstream:remotename)%00%(upstream:remoteref) refs/heads/main refs/remotes/main [2ms]
2025-07-27 22:51:19.793 [info] > git status -z -uall [14ms]
2025-07-27 22:51:19.793 [info] > git for-each-ref --sort -committerdate --format %(refname)%00%(objectname)%00%(*objectname) [1ms]
2025-07-27 22:51:24.825 [info] > git config --get commit.template [14ms]
2025-07-27 22:51:24.827 [info] > git for-each-ref --format=%(refname)%00%(upstream:short)%00%(objectname)%00%(upstream:track)%00%(upstream:remotename)%00%(upstream:remoteref) refs/heads/main refs/remotes/main [2ms]
2025-07-27 22:51:24.854 [info] > git status -z -uall [13ms]
2025-07-27 22:51:24.855 [info] > git for-each-ref --sort -committerdate --format %(refname)%00%(objectname)%00%(*objectname) [2ms]
2025-07-27 22:51:29.878 [info] > git config --get commit.template [2ms]
2025-07-27 22:51:29.897 [info] > git for-each-ref --format=%(refname)%00%(upstream:short)%00%(objectname)%00%(upstream:track)%00%(upstream:remotename)%00%(upstream:remoteref) refs/heads/main refs/remotes/main [3ms]
2025-07-27 22:51:29.928 [info] > git status -z -uall [14ms]
2025-07-27 22:51:29.928 [info] > git for-each-ref --sort -committerdate --format %(refname)%00%(objectname)%00%(*objectname) [3ms]
2025-07-27 22:51:53.789 [info] > git config --get commit.template [14ms]
2025-07-27 22:51:53.790 [info] > git for-each-ref --format=%(refname)%00%(upstream:short)%00%(objectname)%00%(upstream:track)%00%(upstream:remotename)%00%(upstream:remoteref) refs/heads/main refs/remotes/main [1ms]
2025-07-27 22:51:53.818 [info] > git status -z -uall [14ms]
2025-07-27 22:51:53.819 [info] > git for-each-ref --sort -committerdate --format %(refname)%00%(objectname)%00%(*objectname) [2ms]
2025-07-27 22:52:04.292 [info] > git config --get commit.template [13ms]
2025-07-27 22:52:04.294 [info] > git for-each-ref --format=%(refname)%00%(upstream:short)%00%(objectname)%00%(upstream:track)%00%(upstream:remotename)%00%(upstream:remoteref) refs/heads/main refs/remotes/main [2ms]
2025-07-27 22:52:04.325 [info] > git status -z -uall [15ms]
2025-07-27 22:52:04.326 [info] > git for-each-ref --sort -committerdate --format %(refname)%00%(objectname)%00%(*objectname) [2ms]
2025-07-27 22:52:10.522 [info] > git config --get commit.template [7ms]
2025-07-27 22:52:10.523 [info] > git for-each-ref --format=%(refname)%00%(upstream:short)%00%(objectname)%00%(upstream:track)%00%(upstream:remotename)%00%(upstream:remoteref) refs/heads/main refs/remotes/main [1ms]
2025-07-27 22:52:10.536 [info] > git status -z -uall [6ms]
2025-07-27 22:52:10.537 [info] > git for-each-ref --sort -committerdate --format %(refname)%00%(objectname)%00%(*objectname) [1ms]
2025-07-27 22:52:15.589 [info] > git for-each-ref --format=%(refname)%00%(upstream:short)%00%(objectname)%00%(upstream:track)%00%(upstream:remotename)%00%(upstream:remoteref) refs/heads/main refs/remotes/main [5ms]
2025-07-27 22:52:15.590 [info] > git config --get commit.template [29ms]
2025-07-27 22:52:15.635 [info] > git status -z -uall [21ms]
2025-07-27 22:52:15.637 [info] > git for-each-ref --sort -committerdate --format %(refname)%00%(objectname)%00%(*objectname) [3ms]
2025-07-27 22:52:25.023 [info] > git config --get commit.template [8ms]
2025-07-27 22:52:25.023 [info] > git for-each-ref --format=%(refname)%00%(upstream:short)%00%(objectname)%00%(upstream:track)%00%(upstream:remotename)%00%(upstream:remoteref) refs/heads/main refs/remotes/main [1ms]
2025-07-27 22:52:25.045 [info] > git status -z -uall [13ms]
2025-07-27 22:52:25.046 [info] > git for-each-ref --sort -committerdate --format %(refname)%00%(objectname)%00%(*objectname) [2ms]
2025-07-27 22:52:44.493 [info] > git config --get commit.template [21ms]
2025-07-27 22:52:44.494 [info] > git for-each-ref --format=%(refname)%00%(upstream:short)%00%(objectname)%00%(upstream:track)%00%(upstream:remotename)%00%(upstream:remoteref) refs/heads/main refs/remotes/main [2ms]
2025-07-27 22:52:44.535 [info] > git status -z -uall [19ms]
2025-07-27 22:52:44.536 [info] > git for-each-ref --sort -committerdate --format %(refname)%00%(objectname)%00%(*objectname) [2ms]
2025-07-27 22:52:50.394 [info] > git config --get commit.template [13ms]
2025-07-27 22:52:50.396 [info] > git for-each-ref --format=%(refname)%00%(upstream:short)%00%(objectname)%00%(upstream:track)%00%(upstream:remotename)%00%(upstream:remoteref) refs/heads/main refs/remotes/main [1ms]
2025-07-27 22:52:50.425 [info] > git status -z -uall [15ms]
2025-07-27 22:52:50.426 [info] > git for-each-ref --sort -committerdate --format %(refname)%00%(objectname)%00%(*objectname) [2ms]
2025-07-27 22:52:55.449 [info] > git config --get commit.template [4ms]
2025-07-27 22:52:55.472 [info] > git for-each-ref --format=%(refname)%00%(upstream:short)%00%(objectname)%00%(upstream:track)%00%(upstream:remotename)%00%(upstream:remoteref) refs/heads/main refs/remotes/main [5ms]
2025-07-27 22:52:55.501 [info] > git status -z -uall [11ms]
2025-07-27 22:52:55.502 [info] > git for-each-ref --sort -committerdate --format %(refname)%00%(objectname)%00%(*objectname) [2ms]
2025-07-27 22:53:00.545 [info] > git config --get commit.template [20ms]
2025-07-27 22:53:00.546 [info] > git for-each-ref --format=%(refname)%00%(upstream:short)%00%(objectname)%00%(upstream:track)%00%(upstream:remotename)%00%(upstream:remoteref) refs/heads/main refs/remotes/main [3ms]
2025-07-27 22:53:00.588 [info] > git status -z -uall [20ms]
2025-07-27 22:53:00.589 [info] > git for-each-ref --sort -committerdate --format %(refname)%00%(objectname)%00%(*objectname) [2ms]
2025-07-27 22:55:10.447 [info] > git config --get commit.template [18ms]
2025-07-27 22:55:10.448 [info] > git for-each-ref --format=%(refname)%00%(upstream:short)%00%(objectname)%00%(upstream:track)%00%(upstream:remotename)%00%(upstream:remoteref) refs/heads/main refs/remotes/main [2ms]
2025-07-27 22:55:10.481 [info] > git status -z -uall [16ms]
2025-07-27 22:55:10.482 [info] > git for-each-ref --sort -committerdate --format %(refname)%00%(objectname)%00%(*objectname) [2ms]
2025-07-27 22:55:15.622 [info] > git config --get commit.template [14ms]
2025-07-27 22:55:15.623 [info] > git for-each-ref --format=%(refname)%00%(upstream:short)%00%(objectname)%00%(upstream:track)%00%(upstream:remotename)%00%(upstream:remoteref) refs/heads/main refs/remotes/main [2ms]
2025-07-27 22:55:15.649 [info] > git status -z -uall [12ms]
2025-07-27 22:55:15.650 [info] > git for-each-ref --sort -committerdate --format %(refname)%00%(objectname)%00%(*objectname) [2ms]
2025-07-27 22:55:20.688 [info] > git config --get commit.template [16ms]
2025-07-27 22:55:20.689 [info] > git for-each-ref --format=%(refname)%00%(upstream:short)%00%(objectname)%00%(upstream:track)%00%(upstream:remotename)%00%(upstream:remoteref) refs/heads/main refs/remotes/main [2ms]
2025-07-27 22:55:20.720 [info] > git status -z -uall [15ms]
2025-07-27 22:55:20.720 [info] > git for-each-ref --sort -committerdate --format %(refname)%00%(objectname)%00%(*objectname) [1ms]
2025-07-27 22:55:25.741 [info] > git config --get commit.template [1ms]
2025-07-27 22:55:25.751 [info] > git for-each-ref --format=%(refname)%00%(upstream:short)%00%(objectname)%00%(upstream:track)%00%(upstream:remotename)%00%(upstream:remoteref) refs/heads/main refs/remotes/main [1ms]
2025-07-27 22:55:25.777 [info] > git status -z -uall [13ms]
2025-07-27 22:55:25.778 [info] > git for-each-ref --sort -committerdate --format %(refname)%00%(objectname)%00%(*objectname) [1ms]
2025-07-27 22:55:30.812 [info] > git config --get commit.template [15ms]
2025-07-27 22:55:30.813 [info] > git for-each-ref --format=%(refname)%00%(upstream:short)%00%(objectname)%00%(upstream:track)%00%(upstream:remotename)%00%(upstream:remoteref) refs/heads/main refs/remotes/main [2ms]
2025-07-27 22:55:30.842 [info] > git status -z -uall [15ms]
2025-07-27 22:55:30.843 [info] > git for-each-ref --sort -committerdate --format %(refname)%00%(objectname)%00%(*objectname) [2ms]
2025-07-27 22:55:38.423 [info] > git config --get commit.template [4ms]
2025-07-27 22:55:38.444 [info] > git for-each-ref --format=%(refname)%00%(upstream:short)%00%(objectname)%00%(upstream:track)%00%(upstream:remotename)%00%(upstream:remoteref) refs/heads/main refs/remotes/main [3ms]
2025-07-27 22:55:38.477 [info] > git status -z -uall [15ms]
2025-07-27 22:55:38.478 [info] > git for-each-ref --sort -committerdate --format %(refname)%00%(objectname)%00%(*objectname) [3ms]
2025-07-27 22:55:43.512 [info] > git config --get commit.template [13ms]
2025-07-27 22:55:43.513 [info] > git for-each-ref --format=%(refname)%00%(upstream:short)%00%(objectname)%00%(upstream:track)%00%(upstream:remotename)%00%(upstream:remoteref) refs/heads/main refs/remotes/main [1ms]
2025-07-27 22:55:43.539 [info] > git status -z -uall [12ms]
2025-07-27 22:55:43.540 [info] > git for-each-ref --sort -committerdate --format %(refname)%00%(objectname)%00%(*objectname) [1ms]
2025-07-27 22:56:24.973 [info] > git config --get commit.template [2ms]
2025-07-27 22:56:24.994 [info] > git for-each-ref --format=%(refname)%00%(upstream:short)%00%(objectname)%00%(upstream:track)%00%(upstream:remotename)%00%(upstream:remoteref) refs/heads/main refs/remotes/main [2ms]
2025-07-27 22:56:25.025 [info] > git status -z -uall [19ms]
2025-07-27 22:56:25.025 [info] > git for-each-ref --sort -committerdate --format %(refname)%00%(objectname)%00%(*objectname) [3ms]
2025-07-27 22:56:32.833 [info] > git config --get commit.template [18ms]
2025-07-27 22:56:32.834 [info] > git for-each-ref --format=%(refname)%00%(upstream:short)%00%(objectname)%00%(upstream:track)%00%(upstream:remotename)%00%(upstream:remoteref) refs/heads/main refs/remotes/main [2ms]
2025-07-27 22:56:32.870 [info] > git status -z -uall [18ms]
2025-07-27 22:56:32.871 [info] > git for-each-ref --sort -committerdate --format %(refname)%00%(objectname)%00%(*objectname) [3ms]
2025-07-27 22:57:30.959 [info] > git config --get commit.template [3ms]
2025-07-27 22:57:30.975 [info] > git for-each-ref --format=%(refname)%00%(upstream:short)%00%(objectname)%00%(upstream:track)%00%(upstream:remotename)%00%(upstream:remoteref) refs/heads/main refs/remotes/main [2ms]
2025-07-27 22:57:31.007 [info] > git status -z -uall [19ms]
2025-07-27 22:57:31.009 [info] > git for-each-ref --sort -committerdate --format %(refname)%00%(objectname)%00%(*objectname) [3ms]
2025-07-27 22:57:54.760 [info] > git config --get commit.template [21ms]
2025-07-27 22:57:54.761 [info] > git for-each-ref --format=%(refname)%00%(upstream:short)%00%(objectname)%00%(upstream:track)%00%(upstream:remotename)%00%(upstream:remoteref) refs/heads/main refs/remotes/main [2ms]
2025-07-27 22:57:54.794 [info] > git status -z -uall [15ms]
2025-07-27 22:57:54.795 [info] > git for-each-ref --sort -committerdate --format %(refname)%00%(objectname)%00%(*objectname) [2ms]
2025-07-27 22:58:08.997 [info] > git config --get commit.template [14ms]
2025-07-27 22:58:08.998 [info] > git for-each-ref --format=%(refname)%00%(upstream:short)%00%(objectname)%00%(upstream:track)%00%(upstream:remotename)%00%(upstream:remoteref) refs/heads/main refs/remotes/main [1ms]
2025-07-27 22:58:09.029 [info] > git status -z -uall [16ms]
2025-07-27 22:58:09.030 [info] > git for-each-ref --sort -committerdate --format %(refname)%00%(objectname)%00%(*objectname) [1ms]
2025-07-27 22:58:17.643 [info] > git config --get commit.template [19ms]
2025-07-27 22:58:17.644 [info] > git for-each-ref --format=%(refname)%00%(upstream:short)%00%(objectname)%00%(upstream:track)%00%(upstream:remotename)%00%(upstream:remoteref) refs/heads/main refs/remotes/main [2ms]
2025-07-27 22:58:17.680 [info] > git status -z -uall [17ms]
2025-07-27 22:58:17.681 [info] > git for-each-ref --sort -committerdate --format %(refname)%00%(objectname)%00%(*objectname) [2ms]
2025-07-27 22:58:39.804 [info] > git config --get commit.template [11ms]
2025-07-27 22:58:39.805 [info] > git for-each-ref --format=%(refname)%00%(upstream:short)%00%(objectname)%00%(upstream:track)%00%(upstream:remotename)%00%(upstream:remoteref) refs/heads/main refs/remotes/main [1ms]
2025-07-27 22:58:39.832 [info] > git status -z -uall [14ms]
2025-07-27 22:58:39.832 [info] > git for-each-ref --sort -committerdate --format %(refname)%00%(objectname)%00%(*objectname) [2ms]
2025-07-27 22:58:55.048 [info] > git config --get commit.template [8ms]
2025-07-27 22:58:55.049 [info] > git for-each-ref --format=%(refname)%00%(upstream:short)%00%(objectname)%00%(upstream:track)%00%(upstream:remotename)%00%(upstream:remoteref) refs/heads/main refs/remotes/main [1ms]
2025-07-27 22:58:55.065 [info] > git status -z -uall [8ms]
2025-07-27 22:58:55.066 [info] > git for-each-ref --sort -committerdate --format %(refname)%00%(objectname)%00%(*objectname) [1ms]
2025-07-27 22:59:26.211 [info] > git config --get commit.template [15ms]
2025-07-27 22:59:26.212 [info] > git for-each-ref --format=%(refname)%00%(upstream:short)%00%(objectname)%00%(upstream:track)%00%(upstream:remotename)%00%(upstream:remoteref) refs/heads/main refs/remotes/main [2ms]
2025-07-27 22:59:26.239 [info] > git status -z -uall [14ms]
2025-07-27 22:59:26.240 [info] > git for-each-ref --sort -committerdate --format %(refname)%00%(objectname)%00%(*objectname) [2ms]
2025-07-27 22:59:31.260 [info] > git config --get commit.template [8ms]
2025-07-27 22:59:31.261 [info] > git for-each-ref --format=%(refname)%00%(upstream:short)%00%(objectname)%00%(upstream:track)%00%(upstream:remotename)%00%(upstream:remoteref) refs/heads/main refs/remotes/main [1ms]
2025-07-27 22:59:31.279 [info] > git status -z -uall [9ms]
2025-07-27 22:59:31.280 [info] > git for-each-ref --sort -committerdate --format %(refname)%00%(objectname)%00%(*objectname) [2ms]
2025-07-27 22:59:40.769 [info] > git config --get commit.template [9ms]
2025-07-27 22:59:40.770 [info] > git for-each-ref --format=%(refname)%00%(upstream:short)%00%(objectname)%00%(upstream:track)%00%(upstream:remotename)%00%(upstream:remoteref) refs/heads/main refs/remotes/main [1ms]
2025-07-27 22:59:40.790 [info] > git status -z -uall [10ms]
2025-07-27 22:59:40.790 [info] > git for-each-ref --sort -committerdate --format %(refname)%00%(objectname)%00%(*objectname) [1ms]
2025-07-27 22:59:53.026 [info] > git config --get commit.template [17ms]
2025-07-27 22:59:53.026 [info] > git for-each-ref --format=%(refname)%00%(upstream:short)%00%(objectname)%00%(upstream:track)%00%(upstream:remotename)%00%(upstream:remoteref) refs/heads/main refs/remotes/main [1ms]
2025-07-27 22:59:53.063 [info] > git status -z -uall [20ms]
2025-07-27 22:59:53.063 [info] > git for-each-ref --sort -committerdate --format %(refname)%00%(objectname)%00%(*objectname) [3ms]
2025-07-27 23:00:07.989 [info] > git config --get commit.template [15ms]
2025-07-27 23:00:07.990 [info] > git for-each-ref --format=%(refname)%00%(upstream:short)%00%(objectname)%00%(upstream:track)%00%(upstream:remotename)%00%(upstream:remoteref) refs/heads/main refs/remotes/main [2ms]
2025-07-27 23:00:08.019 [info] > git status -z -uall [14ms]
2025-07-27 23:00:08.020 [info] > git for-each-ref --sort -committerdate --format %(refname)%00%(objectname)%00%(*objectname) [2ms]
2025-07-27 23:01:22.620 [info] > git config --get commit.template [20ms]
2025-07-27 23:01:22.621 [info] > git for-each-ref --format=%(refname)%00%(upstream:short)%00%(objectname)%00%(upstream:track)%00%(upstream:remotename)%00%(upstream:remoteref) refs/heads/main refs/remotes/main [2ms]
2025-07-27 23:01:22.645 [info] > git status -z -uall [12ms]
2025-07-27 23:01:22.646 [info] > git for-each-ref --sort -committerdate --format %(refname)%00%(objectname)%00%(*objectname) [1ms]
2025-07-27 23:01:27.660 [info] > git config --get commit.template [1ms]
2025-07-27 23:01:27.669 [info] > git for-each-ref --format=%(refname)%00%(upstream:short)%00%(objectname)%00%(upstream:track)%00%(upstream:remotename)%00%(upstream:remoteref) refs/heads/main refs/remotes/main [1ms]
2025-07-27 23:01:27.686 [info] > git status -z -uall [9ms]
2025-07-27 23:01:27.687 [info] > git for-each-ref --sort -committerdate --format %(refname)%00%(objectname)%00%(*objectname) [1ms]
2025-07-27 23:02:20.103 [info] > git for-each-ref --format=%(refname)%00%(upstream:short)%00%(objectname)%00%(upstream:track)%00%(upstream:remotename)%00%(upstream:remoteref) refs/heads/main refs/remotes/main [4ms]
2025-07-27 23:02:20.103 [info] > git config --get commit.template [20ms]
2025-07-27 23:02:20.135 [info] > git status -z -uall [16ms]
2025-07-27 23:02:20.136 [info] > git for-each-ref --sort -committerdate --format %(refname)%00%(objectname)%00%(*objectname) [2ms]
2025-07-27 23:03:48.499 [info] > git config --get commit.template [13ms]
2025-07-27 23:03:48.500 [info] > git for-each-ref --format=%(refname)%00%(upstream:short)%00%(objectname)%00%(upstream:track)%00%(upstream:remotename)%00%(upstream:remoteref) refs/heads/main refs/remotes/main [2ms]
2025-07-27 23:03:48.527 [info] > git status -z -uall [14ms]
2025-07-27 23:03:48.528 [info] > git for-each-ref --sort -committerdate --format %(refname)%00%(objectname)%00%(*objectname) [2ms]
2025-07-27 23:03:53.559 [info] > git config --get commit.template [12ms]
2025-07-27 23:03:53.560 [info] > git for-each-ref --format=%(refname)%00%(upstream:short)%00%(objectname)%00%(upstream:track)%00%(upstream:remotename)%00%(upstream:remoteref) refs/heads/main refs/remotes/main [2ms]
2025-07-27 23:03:53.587 [info] > git status -z -uall [14ms]
2025-07-27 23:03:53.588 [info] > git for-each-ref --sort -committerdate --format %(refname)%00%(objectname)%00%(*objectname) [2ms]
2025-07-27 23:03:58.626 [info] > git config --get commit.template [19ms]
2025-07-27 23:03:58.627 [info] > git for-each-ref --format=%(refname)%00%(upstream:short)%00%(objectname)%00%(upstream:track)%00%(upstream:remotename)%00%(upstream:remoteref) refs/heads/main refs/remotes/main [3ms]
2025-07-27 23:03:58.658 [info] > git status -z -uall [15ms]
2025-07-27 23:03:58.659 [info] > git for-each-ref --sort -committerdate --format %(refname)%00%(objectname)%00%(*objectname) [1ms]
2025-07-27 23:04:03.692 [info] > git config --get commit.template [16ms]
2025-07-27 23:04:03.693 [info] > git for-each-ref --format=%(refname)%00%(upstream:short)%00%(objectname)%00%(upstream:track)%00%(upstream:remotename)%00%(upstream:remoteref) refs/heads/main refs/remotes/main [3ms]
2025-07-27 23:04:03.724 [info] > git status -z -uall [15ms]
2025-07-27 23:04:03.724 [info] > git for-each-ref --sort -committerdate --format %(refname)%00%(objectname)%00%(*objectname) [2ms]
2025-07-27 23:04:08.764 [info] > git config --get commit.template [19ms]
2025-07-27 23:04:08.765 [info] > git for-each-ref --format=%(refname)%00%(upstream:short)%00%(objectname)%00%(upstream:track)%00%(upstream:remotename)%00%(upstream:remoteref) refs/heads/main refs/remotes/main [2ms]
2025-07-27 23:04:08.805 [info] > git status -z -uall [21ms]
2025-07-27 23:04:08.805 [info] > git for-each-ref --sort -committerdate --format %(refname)%00%(objectname)%00%(*objectname) [4ms]
2025-07-27 23:04:16.879 [info] > git config --get commit.template [2ms]
2025-07-27 23:04:16.897 [info] > git for-each-ref --format=%(refname)%00%(upstream:short)%00%(objectname)%00%(upstream:track)%00%(upstream:remotename)%00%(upstream:remoteref) refs/heads/main refs/remotes/main [2ms]
2025-07-27 23:04:16.926 [info] > git status -z -uall [13ms]
2025-07-27 23:04:16.926 [info] > git for-each-ref --sort -committerdate --format %(refname)%00%(objectname)%00%(*objectname) [1ms]
2025-07-27 23:04:21.961 [info] > git config --get commit.template [16ms]
2025-07-27 23:04:21.962 [info] > git for-each-ref --format=%(refname)%00%(upstream:short)%00%(objectname)%00%(upstream:track)%00%(upstream:remotename)%00%(upstream:remoteref) refs/heads/main refs/remotes/main [2ms]
2025-07-27 23:04:21.992 [info] > git status -z -uall [15ms]
2025-07-27 23:04:21.993 [info] > git for-each-ref --sort -committerdate --format %(refname)%00%(objectname)%00%(*objectname) [2ms]
2025-07-27 23:04:27.118 [info] > git config --get commit.template [22ms]
2025-07-27 23:04:27.120 [info] > git for-each-ref --format=%(refname)%00%(upstream:short)%00%(objectname)%00%(upstream:track)%00%(upstream:remotename)%00%(upstream:remoteref) refs/heads/main refs/remotes/main [3ms]
2025-07-27 23:04:27.158 [info] > git status -z -uall [18ms]
2025-07-27 23:04:27.163 [info] > git for-each-ref --sort -committerdate --format %(refname)%00%(objectname)%00%(*objectname) [7ms]
2025-07-27 23:04:32.200 [info] > git config --get commit.template [16ms]
2025-07-27 23:04:32.201 [info] > git for-each-ref --format=%(refname)%00%(upstream:short)%00%(objectname)%00%(upstream:track)%00%(upstream:remotename)%00%(upstream:remoteref) refs/heads/main refs/remotes/main [2ms]
2025-07-27 23:04:32.233 [info] > git status -z -uall [15ms]
2025-07-27 23:04:32.234 [info] > git for-each-ref --sort -committerdate --format %(refname)%00%(objectname)%00%(*objectname) [2ms]
2025-07-27 23:04:37.266 [info] > git config --get commit.template [13ms]
2025-07-27 23:04:37.267 [info] > git for-each-ref --format=%(refname)%00%(upstream:short)%00%(objectname)%00%(upstream:track)%00%(upstream:remotename)%00%(upstream:remoteref) refs/heads/main refs/remotes/main [2ms]
2025-07-27 23:04:37.292 [info] > git status -z -uall [13ms]
2025-07-27 23:04:37.293 [info] > git for-each-ref --sort -committerdate --format %(refname)%00%(objectname)%00%(*objectname) [2ms]
2025-07-27 23:04:46.030 [info] > git config --get commit.template [2ms]
2025-07-27 23:04:46.040 [info] > git for-each-ref --format=%(refname)%00%(upstream:short)%00%(objectname)%00%(upstream:track)%00%(upstream:remotename)%00%(upstream:remoteref) refs/heads/main refs/remotes/main [1ms]
2025-07-27 23:04:46.063 [info] > git status -z -uall [10ms]
2025-07-27 23:04:46.063 [info] > git for-each-ref --sort -committerdate --format %(refname)%00%(objectname)%00%(*objectname) [1ms]
2025-07-27 23:04:53.400 [info] > git config --get commit.template [16ms]
2025-07-27 23:04:53.401 [info] > git for-each-ref --format=%(refname)%00%(upstream:short)%00%(objectname)%00%(upstream:track)%00%(upstream:remotename)%00%(upstream:remoteref) refs/heads/main refs/remotes/main [2ms]
2025-07-27 23:04:53.431 [info] > git status -z -uall [16ms]
2025-07-27 23:04:53.432 [info] > git for-each-ref --sort -committerdate --format %(refname)%00%(objectname)%00%(*objectname) [2ms]
2025-07-27 23:04:58.452 [info] > git config --get commit.template [1ms]
2025-07-27 23:04:58.472 [info] > git for-each-ref --format=%(refname)%00%(upstream:short)%00%(objectname)%00%(upstream:track)%00%(upstream:remotename)%00%(upstream:remoteref) refs/heads/main refs/remotes/main [5ms]
2025-07-27 23:04:58.497 [info] > git status -z -uall [12ms]
2025-07-27 23:04:58.498 [info] > git for-each-ref --sort -committerdate --format %(refname)%00%(objectname)%00%(*objectname) [1ms]
2025-07-27 23:05:03.805 [info] > git config --get commit.template [16ms]
2025-07-27 23:05:03.806 [info] > git for-each-ref --format=%(refname)%00%(upstream:short)%00%(objectname)%00%(upstream:track)%00%(upstream:remotename)%00%(upstream:remoteref) refs/heads/main refs/remotes/main [2ms]
2025-07-27 23:05:03.834 [info] > git status -z -uall [14ms]
2025-07-27 23:05:03.835 [info] > git for-each-ref --sort -committerdate --format %(refname)%00%(objectname)%00%(*objectname) [2ms]
2025-07-27 23:11:09.101 [info] > git check-ignore -v -z --stdin [2ms]
2025-07-27 23:11:09.668 [info] > git config --get commit.template [16ms]
2025-07-27 23:11:09.669 [info] > git for-each-ref --format=%(refname)%00%(upstream:short)%00%(objectname)%00%(upstream:track)%00%(upstream:remotename)%00%(upstream:remoteref) refs/heads/main refs/remotes/main [2ms]
2025-07-27 23:11:09.701 [info] > git status -z -uall [16ms]
2025-07-27 23:11:09.702 [info] > git for-each-ref --sort -committerdate --format %(refname)%00%(objectname)%00%(*objectname) [2ms]
2025-07-27 23:11:16.111 [info] > git check-ignore -v -z --stdin [1ms]
2025-07-27 23:11:16.646 [info] > git config --get commit.template [11ms]
2025-07-27 23:11:16.648 [info] > git for-each-ref --format=%(refname)%00%(upstream:short)%00%(objectname)%00%(upstream:track)%00%(upstream:remotename)%00%(upstream:remoteref) refs/heads/main refs/remotes/main [2ms]
2025-07-27 23:11:16.675 [info] > git status -z -uall [14ms]
2025-07-27 23:11:16.676 [info] > git for-each-ref --sort -committerdate --format %(refname)%00%(objectname)%00%(*objectname) [2ms]
2025-07-27 23:11:54.258 [info] > git config --get commit.template [2ms]
2025-07-27 23:11:54.274 [info] > git for-each-ref --format=%(refname)%00%(upstream:short)%00%(objectname)%00%(upstream:track)%00%(upstream:remotename)%00%(upstream:remoteref) refs/heads/main refs/remotes/main [2ms]
2025-07-27 23:11:54.307 [info] > git status -z -uall [16ms]
2025-07-27 23:11:54.308 [info] > git for-each-ref --sort -committerdate --format %(refname)%00%(objectname)%00%(*objectname) [1ms]
2025-07-27 23:12:07.483 [info] > git check-ignore -v -z --stdin [1ms]
2025-07-27 23:12:08.028 [info] > git config --get commit.template [2ms]
2025-07-27 23:12:08.046 [info] > git for-each-ref --format=%(refname)%00%(upstream:short)%00%(objectname)%00%(upstream:track)%00%(upstream:remotename)%00%(upstream:remoteref) refs/heads/main refs/remotes/main [1ms]
2025-07-27 23:12:08.081 [info] > git status -z -uall [19ms]
2025-07-27 23:12:08.082 [info] > git for-each-ref --sort -committerdate --format %(refname)%00%(objectname)%00%(*objectname) [2ms]
2025-07-27 23:12:54.044 [info] > git config --get commit.template [16ms]
2025-07-27 23:12:54.046 [info] > git for-each-ref --format=%(refname)%00%(upstream:short)%00%(objectname)%00%(upstream:track)%00%(upstream:remotename)%00%(upstream:remoteref) refs/heads/main refs/remotes/main [2ms]
2025-07-27 23:12:54.078 [info] > git status -z -uall [16ms]
2025-07-27 23:12:54.079 [info] > git for-each-ref --sort -committerdate --format %(refname)%00%(objectname)%00%(*objectname) [2ms]
2025-07-27 23:13:00.259 [info] > git check-ignore -v -z --stdin [1ms]
2025-07-27 23:13:43.339 [info] > git config --get commit.template [12ms]
2025-07-27 23:13:43.340 [info] > git for-each-ref --format=%(refname)%00%(upstream:short)%00%(objectname)%00%(upstream:track)%00%(upstream:remotename)%00%(upstream:remoteref) refs/heads/main refs/remotes/main [2ms]
2025-07-27 23:13:43.368 [info] > git status -z -uall [16ms]
2025-07-27 23:13:43.369 [info] > git for-each-ref --sort -committerdate --format %(refname)%00%(objectname)%00%(*objectname) [2ms]
2025-07-27 23:14:26.277 [info] > git config --get commit.template [17ms]
2025-07-27 23:14:26.278 [info] > git for-each-ref --format=%(refname)%00%(upstream:short)%00%(objectname)%00%(upstream:track)%00%(upstream:remotename)%00%(upstream:remoteref) refs/heads/main refs/remotes/main [2ms]
2025-07-27 23:14:26.315 [info] > git status -z -uall [18ms]
2025-07-27 23:14:26.316 [info] > git for-each-ref --sort -committerdate --format %(refname)%00%(objectname)%00%(*objectname) [2ms]
2025-07-27 23:14:29.693 [info] > git check-ignore -v -z --stdin [2ms]
2025-07-27 23:14:31.358 [info] > git config --get commit.template [17ms]
2025-07-27 23:14:31.359 [info] > git for-each-ref --format=%(refname)%00%(upstream:short)%00%(objectname)%00%(upstream:track)%00%(upstream:remotename)%00%(upstream:remoteref) refs/heads/main refs/remotes/main [2ms]
2025-07-27 23:14:31.387 [info] > git status -z -uall [11ms]
2025-07-27 23:14:31.389 [info] > git for-each-ref --sort -committerdate --format %(refname)%00%(objectname)%00%(*objectname) [2ms]
2025-07-27 23:14:34.552 [info] > git check-ignore -v -z --stdin [2ms]
2025-07-27 23:15:16.022 [info] > git config --get commit.template [13ms]
2025-07-27 23:15:16.022 [info] > git for-each-ref --format=%(refname)%00%(upstream:short)%00%(objectname)%00%(upstream:track)%00%(upstream:remotename)%00%(upstream:remoteref) refs/heads/main refs/remotes/main [1ms]
2025-07-27 23:15:16.045 [info] > git status -z -uall [12ms]
2025-07-27 23:15:16.046 [info] > git for-each-ref --sort -committerdate --format %(refname)%00%(objectname)%00%(*objectname) [1ms]
2025-07-27 23:15:21.089 [info] > git config --get commit.template [17ms]
2025-07-27 23:15:21.089 [info] > git for-each-ref --format=%(refname)%00%(upstream:short)%00%(objectname)%00%(upstream:track)%00%(upstream:remotename)%00%(upstream:remoteref) refs/heads/main refs/remotes/main [1ms]
2025-07-27 23:15:21.123 [info] > git status -z -uall [15ms]
2025-07-27 23:15:21.124 [info] > git for-each-ref --sort -committerdate --format %(refname)%00%(objectname)%00%(*objectname) [3ms]
2025-07-27 23:15:23.242 [info] > git check-ignore -v -z --stdin [0ms]
2025-07-27 23:15:27.396 [info] > git config --get commit.template [1ms]
2025-07-27 23:15:27.415 [info] > git for-each-ref --format=%(refname)%00%(upstream:short)%00%(objectname)%00%(upstream:track)%00%(upstream:remotename)%00%(upstream:remoteref) refs/heads/main refs/remotes/main [3ms]
2025-07-27 23:15:27.452 [info] > git status -z -uall [16ms]
2025-07-27 23:15:27.453 [info] > git for-each-ref --sort -committerdate --format %(refname)%00%(objectname)%00%(*objectname) [1ms]
2025-07-27 23:16:07.989 [info] > git config --get commit.template [15ms]
2025-07-27 23:16:07.990 [info] > git for-each-ref --format=%(refname)%00%(upstream:short)%00%(objectname)%00%(upstream:track)%00%(upstream:remotename)%00%(upstream:remoteref) refs/heads/main refs/remotes/main [2ms]
2025-07-27 23:16:08.027 [info] > git status -z -uall [18ms]
2025-07-27 23:16:08.027 [info] > git for-each-ref --sort -committerdate --format %(refname)%00%(objectname)%00%(*objectname) [1ms]
2025-07-27 23:16:24.487 [info] > git check-ignore -v -z --stdin [2ms]
2025-07-27 23:16:25.027 [info] > git config --get commit.template [19ms]
2025-07-27 23:16:25.028 [info] > git for-each-ref --format=%(refname)%00%(upstream:short)%00%(objectname)%00%(upstream:track)%00%(upstream:remotename)%00%(upstream:remoteref) refs/heads/main refs/remotes/main [2ms]
2025-07-27 23:16:25.067 [info] > git status -z -uall [18ms]
2025-07-27 23:16:25.068 [info] > git for-each-ref --sort -committerdate --format %(refname)%00%(objectname)%00%(*objectname) [2ms]
2025-07-27 23:17:14.296 [info] > git config --get commit.template [18ms]
2025-07-27 23:17:14.296 [info] > git for-each-ref --format=%(refname)%00%(upstream:short)%00%(objectname)%00%(upstream:track)%00%(upstream:remotename)%00%(upstream:remoteref) refs/heads/main refs/remotes/main [1ms]
2025-07-27 23:17:14.333 [info] > git status -z -uall [20ms]
2025-07-27 23:17:14.335 [info] > git for-each-ref --sort -committerdate --format %(refname)%00%(objectname)%00%(*objectname) [3ms]
2025-07-27 23:17:18.864 [info] > git check-ignore -v -z --stdin [2ms]
2025-07-27 23:17:19.414 [info] > git config --get commit.template [19ms]
2025-07-27 23:17:19.414 [info] > git for-each-ref --format=%(refname)%00%(upstream:short)%00%(objectname)%00%(upstream:track)%00%(upstream:remotename)%00%(upstream:remoteref) refs/heads/main refs/remotes/main [1ms]
2025-07-27 23:17:19.454 [info] > git status -z -uall [21ms]
2025-07-27 23:17:19.455 [info] > git for-each-ref --sort -committerdate --format %(refname)%00%(objectname)%00%(*objectname) [2ms]
2025-07-27 23:17:26.480 [info] > git show --textconv :README.md [13ms]
2025-07-27 23:17:26.481 [info] > git ls-files --stage -- README.md [2ms]
2025-07-27 23:17:26.497 [info] > git cat-file -s 9b65dddd2da9334041556ae5ea394be581ee9522 [2ms]
2025-07-27 23:17:47.466 [info] > git config --get commit.template [15ms]
2025-07-27 23:17:47.467 [info] > git for-each-ref --format=%(refname)%00%(upstream:short)%00%(objectname)%00%(upstream:track)%00%(upstream:remotename)%00%(upstream:remoteref) refs/heads/main refs/remotes/main [2ms]
2025-07-27 23:17:47.497 [info] > git status -z -uall [15ms]
2025-07-27 23:17:47.499 [info] > git for-each-ref --sort -committerdate --format %(refname)%00%(objectname)%00%(*objectname) [2ms]
2025-07-27 23:17:52.525 [info] > git config --get commit.template [3ms]
2025-07-27 23:17:52.540 [info] > git for-each-ref --format=%(refname)%00%(upstream:short)%00%(objectname)%00%(upstream:track)%00%(upstream:remotename)%00%(upstream:remoteref) refs/heads/main refs/remotes/main [2ms]
2025-07-27 23:17:52.580 [info] > git status -z -uall [20ms]
2025-07-27 23:17:52.581 [info] > git for-each-ref --sort -committerdate --format %(refname)%00%(objectname)%00%(*objectname) [2ms]
2025-07-27 23:17:57.627 [info] > git config --get commit.template [21ms]
2025-07-27 23:17:57.628 [info] > git for-each-ref --format=%(refname)%00%(upstream:short)%00%(objectname)%00%(upstream:track)%00%(upstream:remotename)%00%(upstream:remoteref) refs/heads/main refs/remotes/main [2ms]
2025-07-27 23:17:57.664 [info] > git status -z -uall [19ms]
2025-07-27 23:17:57.665 [info] > git for-each-ref --sort -committerdate --format %(refname)%00%(objectname)%00%(*objectname) [2ms]
2025-07-27 23:18:02.680 [info] > git config --get commit.template [1ms]
2025-07-27 23:18:02.691 [info] > git for-each-ref --format=%(refname)%00%(upstream:short)%00%(objectname)%00%(upstream:track)%00%(upstream:remotename)%00%(upstream:remoteref) refs/heads/main refs/remotes/main [2ms]
2025-07-27 23:18:02.711 [info] > git status -z -uall [9ms]
2025-07-27 23:18:02.713 [info] > git for-each-ref --sort -committerdate --format %(refname)%00%(objectname)%00%(*objectname) [3ms]
2025-07-27 23:18:07.748 [info] > git config --get commit.template [15ms]
2025-07-27 23:18:07.749 [info] > git for-each-ref --format=%(refname)%00%(upstream:short)%00%(objectname)%00%(upstream:track)%00%(upstream:remotename)%00%(upstream:remoteref) refs/heads/main refs/remotes/main [1ms]
2025-07-27 23:18:07.779 [info] > git status -z -uall [16ms]
2025-07-27 23:18:07.780 [info] > git for-each-ref --sort -committerdate --format %(refname)%00%(objectname)%00%(*objectname) [2ms]
2025-07-27 23:18:12.816 [info] > git config --get commit.template [17ms]
2025-07-27 23:18:12.817 [info] > git for-each-ref --format=%(refname)%00%(upstream:short)%00%(objectname)%00%(upstream:track)%00%(upstream:remotename)%00%(upstream:remoteref) refs/heads/main refs/remotes/main [3ms]
2025-07-27 23:18:12.845 [info] > git status -z -uall [12ms]
2025-07-27 23:18:12.846 [info] > git for-each-ref --sort -committerdate --format %(refname)%00%(objectname)%00%(*objectname) [1ms]
2025-07-27 23:18:17.892 [info] > git config --get commit.template [19ms]
2025-07-27 23:18:17.893 [info] > git for-each-ref --format=%(refname)%00%(upstream:short)%00%(objectname)%00%(upstream:track)%00%(upstream:remotename)%00%(upstream:remoteref) refs/heads/main refs/remotes/main [2ms]
2025-07-27 23:18:17.924 [info] > git status -z -uall [15ms]
2025-07-27 23:18:17.925 [info] > git for-each-ref --sort -committerdate --format %(refname)%00%(objectname)%00%(*objectname) [2ms]
2025-07-27 23:18:22.967 [info] > git config --get commit.template [18ms]
2025-07-27 23:18:22.967 [info] > git for-each-ref --format=%(refname)%00%(upstream:short)%00%(objectname)%00%(upstream:track)%00%(upstream:remotename)%00%(upstream:remoteref) refs/heads/main refs/remotes/main [1ms]
2025-07-27 23:18:23.005 [info] > git status -z -uall [20ms]
2025-07-27 23:18:23.006 [info] > git for-each-ref --sort -committerdate --format %(refname)%00%(objectname)%00%(*objectname) [2ms]
2025-07-27 23:18:30.571 [info] > git config --get commit.template [16ms]
2025-07-27 23:18:30.572 [info] > git for-each-ref --format=%(refname)%00%(upstream:short)%00%(objectname)%00%(upstream:track)%00%(upstream:remotename)%00%(upstream:remoteref) refs/heads/main refs/remotes/main [2ms]
2025-07-27 23:18:30.601 [info] > git status -z -uall [15ms]
2025-07-27 23:18:30.602 [info] > git for-each-ref --sort -committerdate --format %(refname)%00%(objectname)%00%(*objectname) [3ms]
2025-07-27 23:18:31.977 [info] > git check-ignore -v -z --stdin [2ms]
2025-07-27 23:18:33.870 [info] > git show --textconv :README.md [16ms]
2025-07-27 23:18:33.871 [info] > git ls-files --stage -- README.md [2ms]
2025-07-27 23:18:33.893 [info] > git cat-file -s 9b65dddd2da9334041556ae5ea394be581ee9522 [3ms]
2025-07-27 23:18:35.624 [info] > git config --get commit.template [2ms]
2025-07-27 23:18:35.642 [info] > git for-each-ref --format=%(refname)%00%(upstream:short)%00%(objectname)%00%(upstream:track)%00%(upstream:remotename)%00%(upstream:remoteref) refs/heads/main refs/remotes/main [2ms]
2025-07-27 23:18:35.680 [info] > git status -z -uall [19ms]
2025-07-27 23:18:35.681 [info] > git for-each-ref --sort -committerdate --format %(refname)%00%(objectname)%00%(*objectname) [2ms]
2025-07-27 23:18:40.718 [info] > git config --get commit.template [16ms]
2025-07-27 23:18:40.719 [info] > git for-each-ref --format=%(refname)%00%(upstream:short)%00%(objectname)%00%(upstream:track)%00%(upstream:remotename)%00%(upstream:remoteref) refs/heads/main refs/remotes/main [2ms]
2025-07-27 23:18:40.747 [info] > git status -z -uall [14ms]
2025-07-27 23:18:40.748 [info] > git for-each-ref --sort -committerdate --format %(refname)%00%(objectname)%00%(*objectname) [2ms]
2025-07-27 23:18:45.778 [info] > git config --get commit.template [13ms]
2025-07-27 23:18:45.801 [info] > git for-each-ref --format=%(refname)%00%(upstream:short)%00%(objectname)%00%(upstream:track)%00%(upstream:remotename)%00%(upstream:remoteref) refs/heads/main refs/remotes/main [12ms]
2025-07-27 23:18:45.824 [info] > git status -z -uall [12ms]
2025-07-27 23:18:45.825 [info] > git for-each-ref --sort -committerdate --format %(refname)%00%(objectname)%00%(*objectname) [2ms]
2025-07-27 23:18:50.855 [info] > git config --get commit.template [11ms]
2025-07-27 23:18:50.856 [info] > git for-each-ref --format=%(refname)%00%(upstream:short)%00%(objectname)%00%(upstream:track)%00%(upstream:remotename)%00%(upstream:remoteref) refs/heads/main refs/remotes/main [0ms]
2025-07-27 23:18:50.877 [info] > git status -z -uall [11ms]
2025-07-27 23:18:50.878 [info] > git for-each-ref --sort -committerdate --format %(refname)%00%(objectname)%00%(*objectname) [1ms]
2025-07-27 23:19:26.981 [info] > git config --get commit.template [4ms]
2025-07-27 23:19:26.997 [info] > git for-each-ref --format=%(refname)%00%(upstream:short)%00%(objectname)%00%(upstream:track)%00%(upstream:remotename)%00%(upstream:remoteref) refs/heads/main refs/remotes/main [2ms]
2025-07-27 23:19:27.018 [info] > git status -z -uall [10ms]
2025-07-27 23:19:27.021 [info] > git for-each-ref --sort -committerdate --format %(refname)%00%(objectname)%00%(*objectname) [4ms]
2025-07-27 23:19:32.059 [info] > git config --get commit.template [15ms]
2025-07-27 23:19:32.060 [info] > git for-each-ref --format=%(refname)%00%(upstream:short)%00%(objectname)%00%(upstream:track)%00%(upstream:remotename)%00%(upstream:remoteref) refs/heads/main refs/remotes/main [1ms]
2025-07-27 23:19:32.092 [info] > git status -z -uall [16ms]
2025-07-27 23:19:32.094 [info] > git for-each-ref --sort -committerdate --format %(refname)%00%(objectname)%00%(*objectname) [2ms]
2025-07-27 23:19:37.125 [info] > git config --get commit.template [14ms]
2025-07-27 23:19:37.126 [info] > git for-each-ref --format=%(refname)%00%(upstream:short)%00%(objectname)%00%(upstream:track)%00%(upstream:remotename)%00%(upstream:remoteref) refs/heads/main refs/remotes/main [1ms]
2025-07-27 23:19:37.159 [info] > git status -z -uall [18ms]
2025-07-27 23:19:37.160 [info] > git for-each-ref --sort -committerdate --format %(refname)%00%(objectname)%00%(*objectname) [3ms]
2025-07-27 23:19:42.206 [info] > git config --get commit.template [24ms]
2025-07-27 23:19:42.208 [info] > git for-each-ref --format=%(refname)%00%(upstream:short)%00%(objectname)%00%(upstream:track)%00%(upstream:remotename)%00%(upstream:remoteref) refs/heads/main refs/remotes/main [3ms]
2025-07-27 23:19:42.243 [info] > git status -z -uall [18ms]
2025-07-27 23:19:42.244 [info] > git for-each-ref --sort -committerdate --format %(refname)%00%(objectname)%00%(*objectname) [2ms]
2025-07-27 23:20:00.027 [info] > git config --get commit.template [16ms]
2025-07-27 23:20:00.029 [info] > git for-each-ref --format=%(refname)%00%(upstream:short)%00%(objectname)%00%(upstream:track)%00%(upstream:remotename)%00%(upstream:remoteref) refs/heads/main refs/remotes/main [2ms]
2025-07-27 23:20:00.056 [info] > git status -z -uall [11ms]
2025-07-27 23:20:00.057 [info] > git for-each-ref --sort -committerdate --format %(refname)%00%(objectname)%00%(*objectname) [2ms]
2025-07-27 23:20:05.087 [info] > git for-each-ref --format=%(refname)%00%(upstream:short)%00%(objectname)%00%(upstream:track)%00%(upstream:remotename)%00%(upstream:remoteref) refs/heads/main refs/remotes/main [2ms]
2025-07-27 23:20:05.087 [info] > git config --get commit.template [16ms]
2025-07-27 23:20:05.118 [info] > git status -z -uall [15ms]
2025-07-27 23:20:05.119 [info] > git for-each-ref --sort -committerdate --format %(refname)%00%(objectname)%00%(*objectname) [2ms]
2025-07-27 23:20:10.155 [info] > git config --get commit.template [15ms]
2025-07-27 23:20:10.156 [info] > git for-each-ref --format=%(refname)%00%(upstream:short)%00%(objectname)%00%(upstream:track)%00%(upstream:remotename)%00%(upstream:remoteref) refs/heads/main refs/remotes/main [1ms]
2025-07-27 23:20:10.185 [info] > git status -z -uall [14ms]
2025-07-27 23:20:10.186 [info] > git for-each-ref --sort -committerdate --format %(refname)%00%(objectname)%00%(*objectname) [2ms]
2025-07-27 23:20:15.222 [info] > git config --get commit.template [16ms]
2025-07-27 23:20:15.223 [info] > git for-each-ref --format=%(refname)%00%(upstream:short)%00%(objectname)%00%(upstream:track)%00%(upstream:remotename)%00%(upstream:remoteref) refs/heads/main refs/remotes/main [2ms]
2025-07-27 23:20:15.253 [info] > git status -z -uall [15ms]
2025-07-27 23:20:15.253 [info] > git for-each-ref --sort -committerdate --format %(refname)%00%(objectname)%00%(*objectname) [1ms]
2025-07-27 23:20:20.275 [info] > git config --get commit.template [1ms]
2025-07-27 23:20:20.293 [info] > git for-each-ref --format=%(refname)%00%(upstream:short)%00%(objectname)%00%(upstream:track)%00%(upstream:remotename)%00%(upstream:remoteref) refs/heads/main refs/remotes/main [3ms]
2025-07-27 23:20:20.317 [info] > git status -z -uall [8ms]
2025-07-27 23:20:20.318 [info] > git for-each-ref --sort -committerdate --format %(refname)%00%(objectname)%00%(*objectname) [1ms]
2025-07-27 23:20:25.362 [info] > git config --get commit.template [20ms]
2025-07-27 23:20:25.362 [info] > git for-each-ref --format=%(refname)%00%(upstream:short)%00%(objectname)%00%(upstream:track)%00%(upstream:remotename)%00%(upstream:remoteref) refs/heads/main refs/remotes/main [1ms]
2025-07-27 23:20:25.399 [info] > git status -z -uall [18ms]
2025-07-27 23:20:25.400 [info] > git for-each-ref --sort -committerdate --format %(refname)%00%(objectname)%00%(*objectname) [2ms]
2025-07-27 23:20:38.683 [info] > git for-each-ref --format=%(refname)%00%(upstream:short)%00%(objectname)%00%(upstream:track)%00%(upstream:remotename)%00%(upstream:remoteref) refs/heads/main refs/remotes/main [2ms]
2025-07-27 23:20:38.683 [info] > git config --get commit.template [19ms]
2025-07-27 23:20:38.719 [info] > git status -z -uall [14ms]
2025-07-27 23:20:38.720 [info] > git for-each-ref --sort -committerdate --format %(refname)%00%(objectname)%00%(*objectname) [2ms]
2025-07-27 23:20:45.751 [info] > git config --get commit.template [16ms]
2025-07-27 23:20:45.752 [info] > git for-each-ref --format=%(refname)%00%(upstream:short)%00%(objectname)%00%(upstream:track)%00%(upstream:remotename)%00%(upstream:remoteref) refs/heads/main refs/remotes/main [1ms]
2025-07-27 23:20:45.780 [info] > git status -z -uall [14ms]
2025-07-27 23:20:45.782 [info] > git for-each-ref --sort -committerdate --format %(refname)%00%(objectname)%00%(*objectname) [2ms]
2025-07-27 23:21:00.470 [info] > git config --get commit.template [17ms]
2025-07-27 23:21:00.471 [info] > git for-each-ref --format=%(refname)%00%(upstream:short)%00%(objectname)%00%(upstream:track)%00%(upstream:remotename)%00%(upstream:remoteref) refs/heads/main refs/remotes/main [2ms]
2025-07-27 23:21:00.497 [info] > git status -z -uall [11ms]
2025-07-27 23:21:00.498 [info] > git for-each-ref --sort -committerdate --format %(refname)%00%(objectname)%00%(*objectname) [1ms]
2025-07-27 23:21:05.536 [info] > git config --get commit.template [17ms]
2025-07-27 23:21:05.537 [info] > git for-each-ref --format=%(refname)%00%(upstream:short)%00%(objectname)%00%(upstream:track)%00%(upstream:remotename)%00%(upstream:remoteref) refs/heads/main refs/remotes/main [2ms]
2025-07-27 23:21:05.571 [info] > git status -z -uall [16ms]
2025-07-27 23:21:05.572 [info] > git for-each-ref --sort -committerdate --format %(refname)%00%(objectname)%00%(*objectname) [2ms]
2025-07-27 23:21:10.611 [info] > git config --get commit.template [15ms]
2025-07-27 23:21:10.612 [info] > git for-each-ref --format=%(refname)%00%(upstream:short)%00%(objectname)%00%(upstream:track)%00%(upstream:remotename)%00%(upstream:remoteref) refs/heads/main refs/remotes/main [2ms]
2025-07-27 23:21:10.641 [info] > git status -z -uall [14ms]
2025-07-27 23:21:10.643 [info] > git for-each-ref --sort -committerdate --format %(refname)%00%(objectname)%00%(*objectname) [2ms]
2025-07-27 23:21:15.747 [info] > git config --get commit.template [2ms]
2025-07-27 23:21:15.766 [info] > git for-each-ref --format=%(refname)%00%(upstream:short)%00%(objectname)%00%(upstream:track)%00%(upstream:remotename)%00%(upstream:remoteref) refs/heads/main refs/remotes/main [1ms]
2025-07-27 23:21:15.790 [info] > git status -z -uall [12ms]
2025-07-27 23:21:15.792 [info] > git for-each-ref --sort -committerdate --format %(refname)%00%(objectname)%00%(*objectname) [3ms]
2025-07-27 23:21:21.753 [info] > git config --get commit.template [10ms]
2025-07-27 23:21:21.754 [info] > git for-each-ref --format=%(refname)%00%(upstream:short)%00%(objectname)%00%(upstream:track)%00%(upstream:remotename)%00%(upstream:remoteref) refs/heads/main refs/remotes/main [1ms]
2025-07-27 23:21:21.772 [info] > git status -z -uall [9ms]
2025-07-27 23:21:21.773 [info] > git for-each-ref --sort -committerdate --format %(refname)%00%(objectname)%00%(*objectname) [1ms]
2025-07-27 23:21:27.444 [info] > git config --get commit.template [5ms]
2025-07-27 23:21:27.462 [info] > git for-each-ref --format=%(refname)%00%(upstream:short)%00%(objectname)%00%(upstream:track)%00%(upstream:remotename)%00%(upstream:remoteref) refs/heads/main refs/remotes/main [1ms]
2025-07-27 23:21:27.496 [info] > git status -z -uall [19ms]
2025-07-27 23:21:27.497 [info] > git for-each-ref --sort -committerdate --format %(refname)%00%(objectname)%00%(*objectname) [4ms]
2025-07-27 23:21:33.884 [info] > git config --get commit.template [10ms]
2025-07-27 23:21:33.885 [info] > git for-each-ref --format=%(refname)%00%(upstream:short)%00%(objectname)%00%(upstream:track)%00%(upstream:remotename)%00%(upstream:remoteref) refs/heads/main refs/remotes/main [2ms]
2025-07-27 23:21:33.926 [info] > git status -z -uall [22ms]
2025-07-27 23:21:33.927 [info] > git for-each-ref --sort -committerdate --format %(refname)%00%(objectname)%00%(*objectname) [4ms]
2025-07-27 23:21:41.510 [info] > git config --get commit.template [17ms]
2025-07-27 23:21:41.511 [info] > git for-each-ref --format=%(refname)%00%(upstream:short)%00%(objectname)%00%(upstream:track)%00%(upstream:remotename)%00%(upstream:remoteref) refs/heads/main refs/remotes/main [2ms]
2025-07-27 23:21:41.543 [info] > git status -z -uall [16ms]
2025-07-27 23:21:41.545 [info] > git for-each-ref --sort -committerdate --format %(refname)%00%(objectname)%00%(*objectname) [2ms]
2025-07-27 23:21:47.734 [info] > git config --get commit.template [19ms]
2025-07-27 23:21:47.734 [info] > git for-each-ref --format=%(refname)%00%(upstream:short)%00%(objectname)%00%(upstream:track)%00%(upstream:remotename)%00%(upstream:remoteref) refs/heads/main refs/remotes/main [2ms]
2025-07-27 23:21:47.766 [info] > git status -z -uall [16ms]
2025-07-27 23:21:47.767 [info] > git for-each-ref --sort -committerdate --format %(refname)%00%(objectname)%00%(*objectname) [3ms]
2025-07-27 23:21:52.792 [info] > git config --get commit.template [3ms]
2025-07-27 23:21:52.811 [info] > git for-each-ref --format=%(refname)%00%(upstream:short)%00%(objectname)%00%(upstream:track)%00%(upstream:remotename)%00%(upstream:remoteref) refs/heads/main refs/remotes/main [2ms]
2025-07-27 23:21:52.836 [info] > git status -z -uall [11ms]
2025-07-27 23:21:52.837 [info] > git for-each-ref --sort -committerdate --format %(refname)%00%(objectname)%00%(*objectname) [1ms]
2025-07-27 23:22:00.069 [info] > git config --get commit.template [18ms]
2025-07-27 23:22:00.069 [info] > git for-each-ref --format=%(refname)%00%(upstream:short)%00%(objectname)%00%(upstream:track)%00%(upstream:remotename)%00%(upstream:remoteref) refs/heads/main refs/remotes/main [1ms]
2025-07-27 23:22:00.108 [info] > git status -z -uall [20ms]
2025-07-27 23:22:00.110 [info] > git for-each-ref --sort -committerdate --format %(refname)%00%(objectname)%00%(*objectname) [3ms]
2025-07-27 23:23:13.121 [info] > git config --get commit.template [16ms]
2025-07-27 23:23:13.122 [info] > git for-each-ref --format=%(refname)%00%(upstream:short)%00%(objectname)%00%(upstream:track)%00%(upstream:remotename)%00%(upstream:remoteref) refs/heads/main refs/remotes/main [1ms]
2025-07-27 23:23:13.153 [info] > git status -z -uall [15ms]
2025-07-27 23:23:13.155 [info] > git for-each-ref --sort -committerdate --format %(refname)%00%(objectname)%00%(*objectname) [2ms]
2025-07-27 23:23:18.182 [info] > git config --get commit.template [14ms]
2025-07-27 23:23:18.187 [info] > git for-each-ref --format=%(refname)%00%(upstream:short)%00%(objectname)%00%(upstream:track)%00%(upstream:remotename)%00%(upstream:remoteref) refs/heads/main refs/remotes/main [6ms]
2025-07-27 23:23:18.219 [info] > git status -z -uall [18ms]
2025-07-27 23:23:18.220 [info] > git for-each-ref --sort -committerdate --format %(refname)%00%(objectname)%00%(*objectname) [2ms]
2025-07-27 23:23:23.260 [info] > git config --get commit.template [18ms]
2025-07-27 23:23:23.262 [info] > git for-each-ref --format=%(refname)%00%(upstream:short)%00%(objectname)%00%(upstream:track)%00%(upstream:remotename)%00%(upstream:remoteref) refs/heads/main refs/remotes/main [2ms]
2025-07-27 23:23:23.294 [info] > git status -z -uall [17ms]
2025-07-27 23:23:23.295 [info] > git for-each-ref --sort -committerdate --format %(refname)%00%(objectname)%00%(*objectname) [2ms]
2025-07-27 23:23:46.655 [info] > git config --get commit.template [16ms]
2025-07-27 23:23:46.656 [info] > git for-each-ref --format=%(refname)%00%(upstream:short)%00%(objectname)%00%(upstream:track)%00%(upstream:remotename)%00%(upstream:remoteref) refs/heads/main refs/remotes/main [2ms]
2025-07-27 23:23:46.691 [info] > git status -z -uall [17ms]
2025-07-27 23:23:46.692 [info] > git for-each-ref --sort -committerdate --format %(refname)%00%(objectname)%00%(*objectname) [2ms]
2025-07-27 23:24:28.012 [info] > git config --get commit.template [19ms]
2025-07-27 23:24:28.013 [info] > git for-each-ref --format=%(refname)%00%(upstream:short)%00%(objectname)%00%(upstream:track)%00%(upstream:remotename)%00%(upstream:remoteref) refs/heads/main refs/remotes/main [3ms]
2025-07-27 23:24:28.045 [info] > git status -z -uall [16ms]
2025-07-27 23:24:28.047 [info] > git for-each-ref --sort -committerdate --format %(refname)%00%(objectname)%00%(*objectname) [3ms]
2025-07-27 23:24:33.083 [info] > git config --get commit.template [16ms]
2025-07-27 23:24:33.084 [info] > git for-each-ref --format=%(refname)%00%(upstream:short)%00%(objectname)%00%(upstream:track)%00%(upstream:remotename)%00%(upstream:remoteref) refs/heads/main refs/remotes/main [2ms]
2025-07-27 23:24:33.114 [info] > git status -z -uall [15ms]
2025-07-27 23:24:33.115 [info] > git for-each-ref --sort -committerdate --format %(refname)%00%(objectname)%00%(*objectname) [2ms]
2025-07-27 23:24:38.320 [info] > git config --get commit.template [1ms]
2025-07-27 23:24:38.339 [info] > git for-each-ref --format=%(refname)%00%(upstream:short)%00%(objectname)%00%(upstream:track)%00%(upstream:remotename)%00%(upstream:remoteref) refs/heads/main refs/remotes/main [3ms]
2025-07-27 23:24:38.376 [info] > git status -z -uall [18ms]
2025-07-27 23:24:38.377 [info] > git for-each-ref --sort -committerdate --format %(refname)%00%(objectname)%00%(*objectname) [2ms]
2025-07-27 23:24:43.399 [info] > git config --get commit.template [2ms]
2025-07-27 23:24:43.415 [info] > git for-each-ref --format=%(refname)%00%(upstream:short)%00%(objectname)%00%(upstream:track)%00%(upstream:remotename)%00%(upstream:remoteref) refs/heads/main refs/remotes/main [1ms]
2025-07-27 23:24:43.448 [info] > git status -z -uall [16ms]
2025-07-27 23:24:43.449 [info] > git for-each-ref --sort -committerdate --format %(refname)%00%(objectname)%00%(*objectname) [1ms]
2025-07-27 23:24:59.071 [info] > git config --get commit.template [17ms]
2025-07-27 23:24:59.076 [info] > git for-each-ref --format=%(refname)%00%(upstream:short)%00%(objectname)%00%(upstream:track)%00%(upstream:remotename)%00%(upstream:remoteref) refs/heads/main refs/remotes/main [6ms]
2025-07-27 23:24:59.100 [info] > git status -z -uall [11ms]
2025-07-27 23:24:59.101 [info] > git for-each-ref --sort -committerdate --format %(refname)%00%(objectname)%00%(*objectname) [1ms]
2025-07-27 23:25:04.137 [info] > git config --get commit.template [17ms]
2025-07-27 23:25:04.138 [info] > git for-each-ref --format=%(refname)%00%(upstream:short)%00%(objectname)%00%(upstream:track)%00%(upstream:remotename)%00%(upstream:remoteref) refs/heads/main refs/remotes/main [2ms]
2025-07-27 23:25:04.168 [info] > git status -z -uall [14ms]
2025-07-27 23:25:04.169 [info] > git for-each-ref --sort -committerdate --format %(refname)%00%(objectname)%00%(*objectname) [1ms]
2025-07-27 23:25:16.233 [info] > git config --get commit.template [18ms]
2025-07-27 23:25:16.233 [info] > git for-each-ref --format=%(refname)%00%(upstream:short)%00%(objectname)%00%(upstream:track)%00%(upstream:remotename)%00%(upstream:remoteref) refs/heads/main refs/remotes/main [1ms]
2025-07-27 23:25:16.269 [info] > git status -z -uall [18ms]
2025-07-27 23:25:16.270 [info] > git for-each-ref --sort -committerdate --format %(refname)%00%(objectname)%00%(*objectname) [2ms]
2025-07-27 23:25:21.309 [info] > git config --get commit.template [15ms]
2025-07-27 23:25:21.311 [info] > git for-each-ref --format=%(refname)%00%(upstream:short)%00%(objectname)%00%(upstream:track)%00%(upstream:remotename)%00%(upstream:remoteref) refs/heads/main refs/remotes/main [2ms]
2025-07-27 23:25:21.347 [info] > git status -z -uall [17ms]
2025-07-27 23:25:21.348 [info] > git for-each-ref --sort -committerdate --format %(refname)%00%(objectname)%00%(*objectname) [1ms]
2025-07-27 23:25:34.475 [info] > git config --get commit.template [17ms]
2025-07-27 23:25:34.475 [info] > git for-each-ref --format=%(refname)%00%(upstream:short)%00%(objectname)%00%(upstream:track)%00%(upstream:remotename)%00%(upstream:remoteref) refs/heads/main refs/remotes/main [2ms]
2025-07-27 23:25:34.510 [info] > git status -z -uall [18ms]
2025-07-27 23:25:34.511 [info] > git for-each-ref --sort -committerdate --format %(refname)%00%(objectname)%00%(*objectname) [2ms]
2025-07-27 23:26:13.503 [info] > git config --get commit.template [0ms]
2025-07-27 23:26:13.514 [info] > git for-each-ref --format=%(refname)%00%(upstream:short)%00%(objectname)%00%(upstream:track)%00%(upstream:remotename)%00%(upstream:remoteref) refs/heads/main refs/remotes/main [1ms]
2025-07-27 23:26:13.531 [info] > git status -z -uall [9ms]
2025-07-27 23:26:13.532 [info] > git for-each-ref --sort -committerdate --format %(refname)%00%(objectname)%00%(*objectname) [2ms]
2025-07-27 23:26:23.967 [info] > git config --get commit.template [12ms]
2025-07-27 23:26:23.967 [info] > git for-each-ref --format=%(refname)%00%(upstream:short)%00%(objectname)%00%(upstream:track)%00%(upstream:remotename)%00%(upstream:remoteref) refs/heads/main refs/remotes/main [1ms]
2025-07-27 23:26:23.988 [info] > git status -z -uall [11ms]
2025-07-27 23:26:23.988 [info] > git for-each-ref --sort -committerdate --format %(refname)%00%(objectname)%00%(*objectname) [1ms]
2025-07-27 23:27:40.862 [info] > git config --get commit.template [20ms]
2025-07-27 23:27:40.864 [info] > git for-each-ref --format=%(refname)%00%(upstream:short)%00%(objectname)%00%(upstream:track)%00%(upstream:remotename)%00%(upstream:remoteref) refs/heads/main refs/remotes/main [3ms]
2025-07-27 23:27:40.906 [info] > git status -z -uall [21ms]
2025-07-27 23:27:40.907 [info] > git for-each-ref --sort -committerdate --format %(refname)%00%(objectname)%00%(*objectname) [2ms]
2025-07-27 23:27:47.086 [info] > git config --get commit.template [10ms]
2025-07-27 23:27:47.087 [info] > git for-each-ref --format=%(refname)%00%(upstream:short)%00%(objectname)%00%(upstream:track)%00%(upstream:remotename)%00%(upstream:remoteref) refs/heads/main refs/remotes/main [1ms]
2025-07-27 23:27:47.106 [info] > git status -z -uall [10ms]
2025-07-27 23:27:47.107 [info] > git for-each-ref --sort -committerdate --format %(refname)%00%(objectname)%00%(*objectname) [1ms]
2025-07-27 23:28:13.144 [info] > git config --get commit.template [17ms]
2025-07-27 23:28:13.145 [info] > git for-each-ref --format=%(refname)%00%(upstream:short)%00%(objectname)%00%(upstream:track)%00%(upstream:remotename)%00%(upstream:remoteref) refs/heads/main refs/remotes/main [1ms]
2025-07-27 23:28:13.183 [info] > git status -z -uall [19ms]
2025-07-27 23:28:13.184 [info] > git for-each-ref --sort -committerdate --format %(refname)%00%(objectname)%00%(*objectname) [2ms]
2025-07-27 23:28:18.206 [info] > git config --get commit.template [9ms]
2025-07-27 23:28:18.206 [info] > git for-each-ref --format=%(refname)%00%(upstream:short)%00%(objectname)%00%(upstream:track)%00%(upstream:remotename)%00%(upstream:remoteref) refs/heads/main refs/remotes/main [1ms]
2025-07-27 23:28:18.225 [info] > git status -z -uall [10ms]
2025-07-27 23:28:18.226 [info] > git for-each-ref --sort -committerdate --format %(refname)%00%(objectname)%00%(*objectname) [1ms]
2025-07-27 23:28:23.251 [info] > git config --get commit.template [2ms]
2025-07-27 23:28:23.276 [info] > git for-each-ref --format=%(refname)%00%(upstream:short)%00%(objectname)%00%(upstream:track)%00%(upstream:remotename)%00%(upstream:remoteref) refs/heads/main refs/remotes/main [2ms]
2025-07-27 23:28:23.319 [info] > git status -z -uall [23ms]
2025-07-27 23:28:23.320 [info] > git for-each-ref --sort -committerdate --format %(refname)%00%(objectname)%00%(*objectname) [2ms]
2025-07-27 23:28:28.346 [info] > git config --get commit.template [5ms]
2025-07-27 23:28:28.370 [info] > git for-each-ref --format=%(refname)%00%(upstream:short)%00%(objectname)%00%(upstream:track)%00%(upstream:remotename)%00%(upstream:remoteref) refs/heads/main refs/remotes/main [2ms]
2025-07-27 23:28:28.410 [info] > git status -z -uall [19ms]
2025-07-27 23:28:28.412 [info] > git for-each-ref --sort -committerdate --format %(refname)%00%(objectname)%00%(*objectname) [3ms]
2025-07-27 23:28:33.455 [info] > git config --get commit.template [18ms]
2025-07-27 23:28:33.456 [info] > git for-each-ref --format=%(refname)%00%(upstream:short)%00%(objectname)%00%(upstream:track)%00%(upstream:remotename)%00%(upstream:remoteref) refs/heads/main refs/remotes/main [2ms]
2025-07-27 23:28:33.494 [info] > git status -z -uall [20ms]
2025-07-27 23:28:33.494 [info] > git for-each-ref --sort -committerdate --format %(refname)%00%(objectname)%00%(*objectname) [3ms]
2025-07-27 23:28:42.263 [info] > git config --get commit.template [10ms]
2025-07-27 23:28:42.263 [info] > git for-each-ref --format=%(refname)%00%(upstream:short)%00%(objectname)%00%(upstream:track)%00%(upstream:remotename)%00%(upstream:remoteref) refs/heads/main refs/remotes/main [1ms]
2025-07-27 23:28:42.280 [info] > git status -z -uall [8ms]
2025-07-27 23:28:42.281 [info] > git for-each-ref --sort -committerdate --format %(refname)%00%(objectname)%00%(*objectname) [1ms]
2025-07-27 23:28:47.323 [info] > git config --get commit.template [21ms]
2025-07-27 23:28:47.323 [info] > git for-each-ref --format=%(refname)%00%(upstream:short)%00%(objectname)%00%(upstream:track)%00%(upstream:remotename)%00%(upstream:remoteref) refs/heads/main refs/remotes/main [2ms]
2025-07-27 23:28:47.401 [info] > git status -z -uall [55ms]
2025-07-27 23:28:47.402 [info] > git for-each-ref --sort -committerdate --format %(refname)%00%(objectname)%00%(*objectname) [37ms]
2025-07-27 23:28:52.444 [info] > git config --get commit.template [20ms]
2025-07-27 23:28:52.445 [info] > git for-each-ref --format=%(refname)%00%(upstream:short)%00%(objectname)%00%(upstream:track)%00%(upstream:remotename)%00%(upstream:remoteref) refs/heads/main refs/remotes/main [2ms]
2025-07-27 23:28:52.480 [info] > git status -z -uall [18ms]
2025-07-27 23:28:52.481 [info] > git for-each-ref --sort -committerdate --format %(refname)%00%(objectname)%00%(*objectname) [2ms]
2025-07-27 23:28:57.523 [info] > git config --get commit.template [19ms]
2025-07-27 23:28:57.523 [info] > git for-each-ref --format=%(refname)%00%(upstream:short)%00%(objectname)%00%(upstream:track)%00%(upstream:remotename)%00%(upstream:remoteref) refs/heads/main refs/remotes/main [1ms]
2025-07-27 23:28:57.556 [info] > git status -z -uall [17ms]
2025-07-27 23:28:57.557 [info] > git for-each-ref --sort -committerdate --format %(refname)%00%(objectname)%00%(*objectname) [2ms]
2025-07-27 23:29:05.430 [info] > git config --get commit.template [17ms]
2025-07-27 23:29:05.431 [info] > git for-each-ref --format=%(refname)%00%(upstream:short)%00%(objectname)%00%(upstream:track)%00%(upstream:remotename)%00%(upstream:remoteref) refs/heads/main refs/remotes/main [1ms]
2025-07-27 23:29:05.464 [info] > git status -z -uall [16ms]
2025-07-27 23:29:05.465 [info] > git for-each-ref --sort -committerdate --format %(refname)%00%(objectname)%00%(*objectname) [2ms]
2025-07-27 23:29:10.490 [info] > git config --get commit.template [2ms]
2025-07-27 23:29:10.508 [info] > git for-each-ref --format=%(refname)%00%(upstream:short)%00%(objectname)%00%(upstream:track)%00%(upstream:remotename)%00%(upstream:remoteref) refs/heads/main refs/remotes/main [2ms]
2025-07-27 23:29:10.540 [info] > git status -z -uall [17ms]
2025-07-27 23:29:10.541 [info] > git for-each-ref --sort -committerdate --format %(refname)%00%(objectname)%00%(*objectname) [2ms]
2025-07-27 23:29:14.345 [info] > git check-ignore -v -z --stdin [2ms]
2025-07-27 23:29:15.590 [info] > git config --get commit.template [21ms]
2025-07-27 23:29:15.591 [info] > git for-each-ref --format=%(refname)%00%(upstream:short)%00%(objectname)%00%(upstream:track)%00%(upstream:remotename)%00%(upstream:remoteref) refs/heads/main refs/remotes/main [2ms]
2025-07-27 23:29:15.627 [info] > git status -z -uall [18ms]
2025-07-27 23:29:15.628 [info] > git for-each-ref --sort -committerdate --format %(refname)%00%(objectname)%00%(*objectname) [2ms]
2025-07-27 23:29:22.342 [info] > git config --get commit.template [23ms]
2025-07-27 23:29:22.343 [info] > git for-each-ref --format=%(refname)%00%(upstream:short)%00%(objectname)%00%(upstream:track)%00%(upstream:remotename)%00%(upstream:remoteref) refs/heads/main refs/remotes/main [2ms]
2025-07-27 23:29:22.374 [info] > git status -z -uall [12ms]
2025-07-27 23:29:22.375 [info] > git for-each-ref --sort -committerdate --format %(refname)%00%(objectname)%00%(*objectname) [1ms]
2025-07-27 23:29:27.418 [info] > git config --get commit.template [21ms]
2025-07-27 23:29:27.419 [info] > git for-each-ref --format=%(refname)%00%(upstream:short)%00%(objectname)%00%(upstream:track)%00%(upstream:remotename)%00%(upstream:remoteref) refs/heads/main refs/remotes/main [2ms]
2025-07-27 23:29:27.466 [info] > git status -z -uall [23ms]
2025-07-27 23:29:27.469 [info] > git for-each-ref --sort -committerdate --format %(refname)%00%(objectname)%00%(*objectname) [4ms]
2025-07-27 23:29:32.509 [info] > git config --get commit.template [21ms]
2025-07-27 23:29:32.510 [info] > git for-each-ref --format=%(refname)%00%(upstream:short)%00%(objectname)%00%(upstream:track)%00%(upstream:remotename)%00%(upstream:remoteref) refs/heads/main refs/remotes/main [2ms]
2025-07-27 23:29:32.550 [info] > git status -z -uall [21ms]
2025-07-27 23:29:32.551 [info] > git for-each-ref --sort -committerdate --format %(refname)%00%(objectname)%00%(*objectname) [2ms]
2025-07-27 23:29:35.038 [info] > git check-ignore -v -z --stdin [3ms]
2025-07-27 23:29:37.322 [info] > git show --textconv :configs/hypr/UserConfigs/UserKeybinds.conf [17ms]
2025-07-27 23:29:37.323 [info] > git ls-files --stage -- configs/hypr/UserConfigs/UserKeybinds.conf [2ms]
2025-07-27 23:29:37.338 [info] > git cat-file -s 87772935ff3d5b2110aa413df64c609607f328db [1ms]
2025-07-27 23:29:43.041 [info] > git show --textconv :README.md [23ms]
2025-07-27 23:29:43.042 [info] > git ls-files --stage -- README.md [2ms]
2025-07-27 23:29:43.071 [info] > git cat-file -s 9b65dddd2da9334041556ae5ea394be581ee9522 [6ms]
2025-07-27 23:29:47.108 [info] > git config --get commit.template [1ms]
2025-07-27 23:29:47.131 [info] > git for-each-ref --format=%(refname)%00%(upstream:short)%00%(objectname)%00%(upstream:track)%00%(upstream:remotename)%00%(upstream:remoteref) refs/heads/main refs/remotes/main [7ms]
2025-07-27 23:29:47.157 [info] > git status -z -uall [10ms]
2025-07-27 23:29:47.157 [info] > git for-each-ref --sort -committerdate --format %(refname)%00%(objectname)%00%(*objectname) [1ms]
2025-07-27 23:29:52.207 [info] > git config --get commit.template [21ms]
2025-07-27 23:29:52.208 [info] > git for-each-ref --format=%(refname)%00%(upstream:short)%00%(objectname)%00%(upstream:track)%00%(upstream:remotename)%00%(upstream:remoteref) refs/heads/main refs/remotes/main [2ms]
2025-07-27 23:29:52.250 [info] > git status -z -uall [21ms]
2025-07-27 23:29:52.273 [info] > git for-each-ref --sort -committerdate --format %(refname)%00%(objectname)%00%(*objectname) [24ms]
2025-07-27 23:29:57.304 [info] > git config --get commit.template [11ms]
2025-07-27 23:29:57.304 [info] > git for-each-ref --format=%(refname)%00%(upstream:short)%00%(objectname)%00%(upstream:track)%00%(upstream:remotename)%00%(upstream:remoteref) refs/heads/main refs/remotes/main [1ms]
2025-07-27 23:29:57.327 [info] > git status -z -uall [11ms]
2025-07-27 23:29:57.328 [info] > git for-each-ref --sort -committerdate --format %(refname)%00%(objectname)%00%(*objectname) [1ms]
2025-07-27 23:30:02.351 [info] > git config --get commit.template [10ms]
2025-07-27 23:30:02.352 [info] > git for-each-ref --format=%(refname)%00%(upstream:short)%00%(objectname)%00%(upstream:track)%00%(upstream:remotename)%00%(upstream:remoteref) refs/heads/main refs/remotes/main [1ms]
2025-07-27 23:30:02.373 [info] > git status -z -uall [11ms]
2025-07-27 23:30:02.374 [info] > git for-each-ref --sort -committerdate --format %(refname)%00%(objectname)%00%(*objectname) [1ms]
2025-07-27 23:30:10.938 [info] > git config --get commit.template [10ms]
2025-07-27 23:30:10.938 [info] > git for-each-ref --format=%(refname)%00%(upstream:short)%00%(objectname)%00%(upstream:track)%00%(upstream:remotename)%00%(upstream:remoteref) refs/heads/main refs/remotes/main [0ms]
2025-07-27 23:30:10.962 [info] > git status -z -uall [14ms]
2025-07-27 23:30:10.964 [info] > git for-each-ref --sort -committerdate --format %(refname)%00%(objectname)%00%(*objectname) [2ms]
2025-07-27 23:31:49.029 [info] > git config --get commit.template [1ms]
2025-07-27 23:31:49.040 [info] > git for-each-ref --format=%(refname)%00%(upstream:short)%00%(objectname)%00%(upstream:track)%00%(upstream:remotename)%00%(upstream:remoteref) refs/heads/main refs/remotes/main [1ms]
2025-07-27 23:31:49.060 [info] > git status -z -uall [10ms]
2025-07-27 23:31:49.060 [info] > git for-each-ref --sort -committerdate --format %(refname)%00%(objectname)%00%(*objectname) [1ms]
2025-07-27 23:31:55.210 [info] > git config --get commit.template [14ms]
2025-07-27 23:31:55.210 [info] > git for-each-ref --format=%(refname)%00%(upstream:short)%00%(objectname)%00%(upstream:track)%00%(upstream:remotename)%00%(upstream:remoteref) refs/heads/main refs/remotes/main [1ms]
2025-07-27 23:31:55.239 [info] > git status -z -uall [17ms]
2025-07-27 23:31:55.240 [info] > git for-each-ref --sort -committerdate --format %(refname)%00%(objectname)%00%(*objectname) [2ms]
2025-07-27 23:32:00.266 [info] > git config --get commit.template [11ms]
2025-07-27 23:32:00.266 [info] > git for-each-ref --format=%(refname)%00%(upstream:short)%00%(objectname)%00%(upstream:track)%00%(upstream:remotename)%00%(upstream:remoteref) refs/heads/main refs/remotes/main [1ms]
2025-07-27 23:32:00.287 [info] > git status -z -uall [11ms]
2025-07-27 23:32:00.287 [info] > git for-each-ref --sort -committerdate --format %(refname)%00%(objectname)%00%(*objectname) [1ms]
2025-07-27 23:32:09.620 [info] > git config --get commit.template [23ms]
2025-07-27 23:32:09.621 [info] > git for-each-ref --format=%(refname)%00%(upstream:short)%00%(objectname)%00%(upstream:track)%00%(upstream:remotename)%00%(upstream:remoteref) refs/heads/main refs/remotes/main [2ms]
2025-07-27 23:32:09.657 [info] > git status -z -uall [15ms]
2025-07-27 23:32:09.657 [info] > git for-each-ref --sort -committerdate --format %(refname)%00%(objectname)%00%(*objectname) [1ms]
2025-07-27 23:33:02.768 [info] > git for-each-ref --format=%(refname)%00%(upstream:short)%00%(objectname)%00%(upstream:track)%00%(upstream:remotename)%00%(upstream:remoteref) refs/heads/main refs/remotes/main [2ms]
2025-07-27 23:33:02.768 [info] > git config --get commit.template [19ms]
2025-07-27 23:33:02.797 [info] > git status -z -uall [16ms]
2025-07-27 23:33:02.798 [info] > git for-each-ref --sort -committerdate --format %(refname)%00%(objectname)%00%(*objectname) [2ms]
2025-07-27 23:33:27.476 [info] > git config --get commit.template [22ms]
2025-07-27 23:33:27.481 [info] > git for-each-ref --format=%(refname)%00%(upstream:short)%00%(objectname)%00%(upstream:track)%00%(upstream:remotename)%00%(upstream:remoteref) refs/heads/main refs/remotes/main [5ms]
2025-07-27 23:33:27.536 [info] > git status -z -uall [35ms]
2025-07-27 23:33:27.536 [info] > git for-each-ref --sort -committerdate --format %(refname)%00%(objectname)%00%(*objectname) [4ms]
2025-07-27 23:33:32.589 [info] > git config --get commit.template [24ms]
2025-07-27 23:33:32.589 [info] > git for-each-ref --format=%(refname)%00%(upstream:short)%00%(objectname)%00%(upstream:track)%00%(upstream:remotename)%00%(upstream:remoteref) refs/heads/main refs/remotes/main [2ms]
2025-07-27 23:33:32.620 [info] > git status -z -uall [17ms]
2025-07-27 23:33:32.621 [info] > git for-each-ref --sort -committerdate --format %(refname)%00%(objectname)%00%(*objectname) [2ms]
2025-07-27 23:33:37.662 [info] > git config --get commit.template [18ms]
2025-07-27 23:33:37.663 [info] > git for-each-ref --format=%(refname)%00%(upstream:short)%00%(objectname)%00%(upstream:track)%00%(upstream:remotename)%00%(upstream:remoteref) refs/heads/main refs/remotes/main [1ms]
2025-07-27 23:33:37.700 [info] > git status -z -uall [19ms]
2025-07-27 23:33:37.700 [info] > git for-each-ref --sort -committerdate --format %(refname)%00%(objectname)%00%(*objectname) [2ms]
2025-07-27 23:33:42.748 [info] > git config --get commit.template [21ms]
2025-07-27 23:33:42.749 [info] > git for-each-ref --format=%(refname)%00%(upstream:short)%00%(objectname)%00%(upstream:track)%00%(upstream:remotename)%00%(upstream:remoteref) refs/heads/main refs/remotes/main [2ms]
2025-07-27 23:33:42.787 [info] > git status -z -uall [20ms]
2025-07-27 23:33:42.788 [info] > git for-each-ref --sort -committerdate --format %(refname)%00%(objectname)%00%(*objectname) [2ms]
2025-07-27 23:33:47.830 [info] > git config --get commit.template [18ms]
2025-07-27 23:33:47.831 [info] > git for-each-ref --format=%(refname)%00%(upstream:short)%00%(objectname)%00%(upstream:track)%00%(upstream:remotename)%00%(upstream:remoteref) refs/heads/main refs/remotes/main [2ms]
2025-07-27 23:33:47.870 [info] > git status -z -uall [20ms]
2025-07-27 23:33:47.872 [info] > git for-each-ref --sort -committerdate --format %(refname)%00%(objectname)%00%(*objectname) [3ms]
2025-07-27 23:33:57.251 [info] > git config --get commit.template [11ms]
2025-07-27 23:33:57.251 [info] > git for-each-ref --format=%(refname)%00%(upstream:short)%00%(objectname)%00%(upstream:track)%00%(upstream:remotename)%00%(upstream:remoteref) refs/heads/main refs/remotes/main [1ms]
2025-07-27 23:33:57.270 [info] > git status -z -uall [10ms]
2025-07-27 23:33:57.271 [info] > git for-each-ref --sort -committerdate --format %(refname)%00%(objectname)%00%(*objectname) [2ms]
2025-07-27 23:34:02.305 [info] > git config --get commit.template [14ms]
2025-07-27 23:34:02.306 [info] > git for-each-ref --format=%(refname)%00%(upstream:short)%00%(objectname)%00%(upstream:track)%00%(upstream:remotename)%00%(upstream:remoteref) refs/heads/main refs/remotes/main [2ms]
2025-07-27 23:34:02.347 [info] > git status -z -uall [19ms]
2025-07-27 23:34:02.348 [info] > git for-each-ref --sort -committerdate --format %(refname)%00%(objectname)%00%(*objectname) [1ms]
2025-07-27 23:34:07.380 [info] > git config --get commit.template [6ms]
2025-07-27 23:34:07.405 [info] > git for-each-ref --format=%(refname)%00%(upstream:short)%00%(objectname)%00%(upstream:track)%00%(upstream:remotename)%00%(upstream:remoteref) refs/heads/main refs/remotes/main [3ms]
2025-07-27 23:34:07.459 [info] > git status -z -uall [30ms]
2025-07-27 23:34:07.459 [info] > git for-each-ref --sort -committerdate --format %(refname)%00%(objectname)%00%(*objectname) [5ms]
2025-07-27 23:34:36.700 [info] > git config --get commit.template [18ms]
2025-07-27 23:34:36.701 [info] > git for-each-ref --format=%(refname)%00%(upstream:short)%00%(objectname)%00%(upstream:track)%00%(upstream:remotename)%00%(upstream:remoteref) refs/heads/main refs/remotes/main [2ms]
2025-07-27 23:34:36.734 [info] > git status -z -uall [18ms]
2025-07-27 23:34:36.735 [info] > git for-each-ref --sort -committerdate --format %(refname)%00%(objectname)%00%(*objectname) [2ms]
2025-07-27 23:35:13.751 [info] > git config --get commit.template [23ms]
2025-07-27 23:35:13.753 [info] > git for-each-ref --format=%(refname)%00%(upstream:short)%00%(objectname)%00%(upstream:track)%00%(upstream:remotename)%00%(upstream:remoteref) refs/heads/main refs/remotes/main [3ms]
2025-07-27 23:35:13.792 [info] > git status -z -uall [22ms]
2025-07-27 23:35:13.795 [info] > git for-each-ref --sort -committerdate --format %(refname)%00%(objectname)%00%(*objectname) [4ms]
2025-07-27 23:35:25.395 [info] > git config --get commit.template [28ms]
2025-07-27 23:35:25.397 [info] > git for-each-ref --format=%(refname)%00%(upstream:short)%00%(objectname)%00%(upstream:track)%00%(upstream:remotename)%00%(upstream:remoteref) refs/heads/main refs/remotes/main [3ms]
2025-07-27 23:35:25.438 [info] > git status -z -uall [19ms]
2025-07-27 23:35:25.439 [info] > git for-each-ref --sort -committerdate --format %(refname)%00%(objectname)%00%(*objectname) [3ms]
2025-07-27 23:35:33.116 [info] > git config --get commit.template [17ms]
2025-07-27 23:35:33.117 [info] > git for-each-ref --format=%(refname)%00%(upstream:short)%00%(objectname)%00%(upstream:track)%00%(upstream:remotename)%00%(upstream:remoteref) refs/heads/main refs/remotes/main [2ms]
2025-07-27 23:35:33.148 [info] > git status -z -uall [17ms]
2025-07-27 23:35:33.148 [info] > git for-each-ref --sort -committerdate --format %(refname)%00%(objectname)%00%(*objectname) [2ms]
2025-07-27 23:35:48.585 [info] > git config --get commit.template [29ms]
2025-07-27 23:35:48.587 [info] > git for-each-ref --format=%(refname)%00%(upstream:short)%00%(objectname)%00%(upstream:track)%00%(upstream:remotename)%00%(upstream:remoteref) refs/heads/main refs/remotes/main [3ms]
2025-07-27 23:35:48.630 [info] > git status -z -uall [21ms]
2025-07-27 23:35:48.630 [info] > git for-each-ref --sort -committerdate --format %(refname)%00%(objectname)%00%(*objectname) [3ms]
2025-07-27 23:36:10.870 [info] > git config --get commit.template [20ms]
2025-07-27 23:36:10.871 [info] > git for-each-ref --format=%(refname)%00%(upstream:short)%00%(objectname)%00%(upstream:track)%00%(upstream:remotename)%00%(upstream:remoteref) refs/heads/main refs/remotes/main [2ms]
2025-07-27 23:36:10.909 [info] > git status -z -uall [20ms]
2025-07-27 23:36:10.909 [info] > git for-each-ref --sort -committerdate --format %(refname)%00%(objectname)%00%(*objectname) [1ms]
2025-07-27 23:36:15.952 [info] > git config --get commit.template [19ms]
2025-07-27 23:36:15.953 [info] > git for-each-ref --format=%(refname)%00%(upstream:short)%00%(objectname)%00%(upstream:track)%00%(upstream:remotename)%00%(upstream:remoteref) refs/heads/main refs/remotes/main [2ms]
2025-07-27 23:36:15.983 [info] > git status -z -uall [14ms]
2025-07-27 23:36:15.984 [info] > git for-each-ref --sort -committerdate --format %(refname)%00%(objectname)%00%(*objectname) [2ms]
2025-07-27 23:36:21.028 [info] > git config --get commit.template [19ms]
2025-07-27 23:36:21.030 [info] > git for-each-ref --format=%(refname)%00%(upstream:short)%00%(objectname)%00%(upstream:track)%00%(upstream:remotename)%00%(upstream:remoteref) refs/heads/main refs/remotes/main [3ms]
2025-07-27 23:36:21.068 [info] > git status -z -uall [19ms]
2025-07-27 23:36:21.069 [info] > git for-each-ref --sort -committerdate --format %(refname)%00%(objectname)%00%(*objectname) [2ms]
2025-07-27 23:36:47.293 [info] > git config --get commit.template [20ms]
2025-07-27 23:36:47.294 [info] > git for-each-ref --format=%(refname)%00%(upstream:short)%00%(objectname)%00%(upstream:track)%00%(upstream:remotename)%00%(upstream:remoteref) refs/heads/main refs/remotes/main [2ms]
2025-07-27 23:36:47.328 [info] > git status -z -uall [20ms]
2025-07-27 23:36:47.329 [info] > git for-each-ref --sort -committerdate --format %(refname)%00%(objectname)%00%(*objectname) [2ms]
2025-07-27 23:36:52.367 [info] > git config --get commit.template [19ms]
2025-07-27 23:36:52.368 [info] > git for-each-ref --format=%(refname)%00%(upstream:short)%00%(objectname)%00%(upstream:track)%00%(upstream:remotename)%00%(upstream:remoteref) refs/heads/main refs/remotes/main [2ms]
2025-07-27 23:36:52.406 [info] > git status -z -uall [17ms]
2025-07-27 23:36:52.408 [info] > git for-each-ref --sort -committerdate --format %(refname)%00%(objectname)%00%(*objectname) [3ms]
2025-07-27 23:37:05.156 [info] > git config --get commit.template [2ms]
2025-07-27 23:37:05.176 [info] > git for-each-ref --format=%(refname)%00%(upstream:short)%00%(objectname)%00%(upstream:track)%00%(upstream:remotename)%00%(upstream:remoteref) refs/heads/main refs/remotes/main [4ms]
2025-07-27 23:37:05.203 [info] > git status -z -uall [11ms]
2025-07-27 23:37:05.203 [info] > git for-each-ref --sort -committerdate --format %(refname)%00%(objectname)%00%(*objectname) [1ms]
2025-07-27 23:37:14.545 [info] > git config --get commit.template [21ms]
2025-07-27 23:37:14.547 [info] > git for-each-ref --format=%(refname)%00%(upstream:short)%00%(objectname)%00%(upstream:track)%00%(upstream:remotename)%00%(upstream:remoteref) refs/heads/main refs/remotes/main [3ms]
2025-07-27 23:37:14.579 [info] > git status -z -uall [16ms]
2025-07-27 23:37:14.582 [info] > git for-each-ref --sort -committerdate --format %(refname)%00%(objectname)%00%(*objectname) [3ms]
2025-07-27 23:37:19.621 [info] > git config --get commit.template [17ms]
2025-07-27 23:37:19.622 [info] > git for-each-ref --format=%(refname)%00%(upstream:short)%00%(objectname)%00%(upstream:track)%00%(upstream:remotename)%00%(upstream:remoteref) refs/heads/main refs/remotes/main [2ms]
2025-07-27 23:37:19.652 [info] > git status -z -uall [13ms]
2025-07-27 23:37:19.652 [info] > git for-each-ref --sort -committerdate --format %(refname)%00%(objectname)%00%(*objectname) [1ms]
2025-07-27 23:37:43.471 [info] > git config --get commit.template [1ms]
2025-07-27 23:37:43.481 [info] > git for-each-ref --format=%(refname)%00%(upstream:short)%00%(objectname)%00%(upstream:track)%00%(upstream:remotename)%00%(upstream:remoteref) refs/heads/main refs/remotes/main [1ms]
2025-07-27 23:37:43.500 [info] > git status -z -uall [10ms]
2025-07-27 23:37:43.500 [info] > git for-each-ref --sort -committerdate --format %(refname)%00%(objectname)%00%(*objectname) [1ms]
2025-07-27 23:37:48.527 [info] > git config --get commit.template [2ms]
2025-07-27 23:37:48.548 [info] > git for-each-ref --format=%(refname)%00%(upstream:short)%00%(objectname)%00%(upstream:track)%00%(upstream:remotename)%00%(upstream:remoteref) refs/heads/main refs/remotes/main [3ms]
2025-07-27 23:37:48.592 [info] > git status -z -uall [22ms]
2025-07-27 23:37:48.594 [info] > git for-each-ref --sort -committerdate --format %(refname)%00%(objectname)%00%(*objectname) [3ms]
2025-07-27 23:37:57.730 [info] > git config --get commit.template [16ms]
2025-07-27 23:37:57.731 [info] > git for-each-ref --format=%(refname)%00%(upstream:short)%00%(objectname)%00%(upstream:track)%00%(upstream:remotename)%00%(upstream:remoteref) refs/heads/main refs/remotes/main [2ms]
2025-07-27 23:37:57.763 [info] > git status -z -uall [18ms]
2025-07-27 23:37:57.764 [info] > git for-each-ref --sort -committerdate --format %(refname)%00%(objectname)%00%(*objectname) [2ms]
2025-07-27 23:38:02.805 [info] > git config --get commit.template [17ms]
2025-07-27 23:38:02.806 [info] > git for-each-ref --format=%(refname)%00%(upstream:short)%00%(objectname)%00%(upstream:track)%00%(upstream:remotename)%00%(upstream:remoteref) refs/heads/main refs/remotes/main [1ms]
2025-07-27 23:38:02.843 [info] > git status -z -uall [19ms]
2025-07-27 23:38:02.844 [info] > git for-each-ref --sort -committerdate --format %(refname)%00%(objectname)%00%(*objectname) [2ms]
2025-07-27 23:38:07.887 [info] > git config --get commit.template [19ms]
2025-07-27 23:38:07.888 [info] > git for-each-ref --format=%(refname)%00%(upstream:short)%00%(objectname)%00%(upstream:track)%00%(upstream:remotename)%00%(upstream:remoteref) refs/heads/main refs/remotes/main [2ms]
2025-07-27 23:38:07.923 [info] > git status -z -uall [18ms]
2025-07-27 23:38:07.924 [info] > git for-each-ref --sort -committerdate --format %(refname)%00%(objectname)%00%(*objectname) [1ms]
2025-07-27 23:38:12.968 [info] > git config --get commit.template [19ms]
2025-07-27 23:38:12.969 [info] > git for-each-ref --format=%(refname)%00%(upstream:short)%00%(objectname)%00%(upstream:track)%00%(upstream:remotename)%00%(upstream:remoteref) refs/heads/main refs/remotes/main [2ms]
2025-07-27 23:38:13.002 [info] > git status -z -uall [16ms]
2025-07-27 23:38:13.003 [info] > git for-each-ref --sort -committerdate --format %(refname)%00%(objectname)%00%(*objectname) [3ms]
2025-07-27 23:38:18.047 [info] > git config --get commit.template [20ms]
2025-07-27 23:38:18.048 [info] > git for-each-ref --format=%(refname)%00%(upstream:short)%00%(objectname)%00%(upstream:track)%00%(upstream:remotename)%00%(upstream:remoteref) refs/heads/main refs/remotes/main [2ms]
2025-07-27 23:38:18.093 [info] > git status -z -uall [23ms]
2025-07-27 23:38:18.095 [info] > git for-each-ref --sort -committerdate --format %(refname)%00%(objectname)%00%(*objectname) [2ms]
2025-07-27 23:38:23.661 [info] > git config --get commit.template [17ms]
2025-07-27 23:38:23.661 [info] > git for-each-ref --format=%(refname)%00%(upstream:short)%00%(objectname)%00%(upstream:track)%00%(upstream:remotename)%00%(upstream:remoteref) refs/heads/main refs/remotes/main [1ms]
2025-07-27 23:38:23.697 [info] > git status -z -uall [18ms]
2025-07-27 23:38:23.698 [info] > git for-each-ref --sort -committerdate --format %(refname)%00%(objectname)%00%(*objectname) [3ms]
2025-07-27 23:38:28.745 [info] > git config --get commit.template [20ms]
2025-07-27 23:38:28.747 [info] > git for-each-ref --format=%(refname)%00%(upstream:short)%00%(objectname)%00%(upstream:track)%00%(upstream:remotename)%00%(upstream:remoteref) refs/heads/main refs/remotes/main [2ms]
2025-07-27 23:38:28.794 [info] > git status -z -uall [24ms]
2025-07-27 23:38:28.796 [info] > git for-each-ref --sort -committerdate --format %(refname)%00%(objectname)%00%(*objectname) [3ms]
