2025-07-26 13:50:19.744 [info] Starting Python Locator /home/mochi-002/.vscode/extensions/ms-python.python-2025.10.1-linux-x64/python-env-tools/bin/pet server
2025-07-26 13:50:21.369 [info] Discovered manager: (Pyenv) /usr/bin/pyenv
2025-07-26 13:50:21.370 [info] Discovered env: /home/mochi-002/Documents/DB - Programmong/competitive/.venv/bin/python
2025-07-26 13:50:21.378 [info] Resolved Python Environment /home/mochi-002/Documents/DB - Programmong/competitive/.venv/bin/python
2025-07-26 13:50:21.921 [info] Discovered env: /bin/python
2025-07-26 13:50:21.969 [info] Discovered env: /usr/bin/python
2025-07-26 13:50:22.252 [info] Env ("/sbin/python") in Path resolved as ResolvedPythonEnv { executable: "/sbin/python", prefix: "/usr", version: "3.13.5.final.0", is64_bit: true, symlinks: Some(["/sbin/python"]) } and reported as Some(GlobalPaths)
2025-07-26 13:50:22.252 [info] Discovered env: /sbin/python
2025-07-26 13:50:22.253 [info] Env ("/usr/sbin/python") in Path resolved as ResolvedPythonEnv { executable: "/usr/sbin/python", prefix: "/usr", version: "3.13.5.final.0", is64_bit: true, symlinks: Some(["/usr/sbin/python"]) } and reported as Some(GlobalPaths)
2025-07-26 13:50:22.253 [info] Discovered env: /usr/sbin/python
2025-07-26 13:50:22.254 [info] Env ("/sbin/python3") in Path resolved as ResolvedPythonEnv { executable: "/sbin/python3", prefix: "/usr", version: "3.13.5.final.0", is64_bit: true, symlinks: Some(["/sbin/python3"]) } and reported as Some(GlobalPaths)
2025-07-26 13:50:22.254 [info] Discovered env: /sbin/python3
2025-07-26 13:50:22.254 [info] Env ("/usr/sbin/python3") in Path resolved as ResolvedPythonEnv { executable: "/usr/sbin/python3", prefix: "/usr", version: "3.13.5.final.0", is64_bit: true, symlinks: Some(["/usr/sbin/python3"]) } and reported as Some(GlobalPaths)
2025-07-26 13:50:22.255 [info] Discovered env: /usr/sbin/python3
2025-07-26 13:50:22.255 [info] Env ("/sbin/python3.13") in Path resolved as ResolvedPythonEnv { executable: "/sbin/python3.13", prefix: "/usr", version: "3.13.5.final.0", is64_bit: true, symlinks: Some(["/sbin/python3.13"]) } and reported as Some(GlobalPaths)
2025-07-26 13:50:22.255 [info] Discovered env: /sbin/python3.13
2025-07-26 13:50:22.255 [info] Env ("/usr/sbin/python3.13") in Path resolved as ResolvedPythonEnv { executable: "/usr/sbin/python3.13", prefix: "/usr", version: "3.13.5.final.0", is64_bit: true, symlinks: Some(["/usr/sbin/python3.13"]) } and reported as Some(GlobalPaths)
2025-07-26 13:50:22.255 [info] Discovered env: /usr/sbin/python3.13
2025-07-26 13:50:22.256 [info] Locator Conda took 416.503803ms
2025-07-26 13:50:22.256 [info] Locator Homebrew took 643.942µs
2025-07-26 13:50:22.256 [info] Locator LinuxGlobal took 446.155539ms
2025-07-26 13:50:22.256 [info] Locator PipEnv took 152.081µs
2025-07-26 13:50:22.256 [info] Locator Pixi took 32.395µs
2025-07-26 13:50:22.256 [info] Locator Poetry took 1.426348ms
2025-07-26 13:50:22.256 [info] Locator PyEnv took 8.553602ms
2025-07-26 13:50:22.256 [info] Locator Venv took 207.297µs
2025-07-26 13:50:22.256 [info] Locator VirtualEnv took 120.189µs
2025-07-26 13:50:22.256 [info] Locator VirtualEnvWrapper took 62.298µs
2025-07-26 13:50:22.256 [info] Locator GlobalVirtualEnvs took 1.014206ms
2025-07-26 13:50:22.256 [info] Locator Locators took 449.662993ms
2025-07-26 13:50:22.256 [info] Locator Path took 660.429455ms
2025-07-26 13:50:22.256 [info] Locator Workspaces took 123.09167ms
2025-07-26 13:50:22.256 [info] Refresh completed in 660ms
