2025-07-26 13:50:16.978 [warning] Via 'product.json#extensionEnabledApiProposals' extension 'ms-vsliveshare.vsliveshare' wants API proposal 'notebookCellExecutionState' but that proposal DOES NOT EXIST. Likely, the proposal has been finalized (check 'vscode.d.ts') or was abandoned.
2025-07-26 13:50:17.013 [warning] Via 'product.json#extensionEnabledApiProposals' extension 'ms-python.gather' wants API proposal 'notebookCellExecutionState' but that proposal DOES NOT EXIST. Likely, the proposal has been finalized (check 'vscode.d.ts') or was abandoned.
2025-07-26 13:50:17.013 [warning] Via 'product.json#extensionEnabledApiProposals' extension 'ms-python.vscode-pylance' wants API proposal 'mcpConfigurationProvider' but that proposal DOES NOT EXIST. Likely, the proposal has been finalized (check 'vscode.d.ts') or was abandoned.
2025-07-26 13:50:17.488 [info] Started local extension host with pid 2701.
2025-07-26 13:50:19.171 [info] Settings Sync: Account status changed from uninitialized to unavailable
2025-07-26 13:50:20.583 [error] [Extension Host] (node:2701) [DEP0040] DeprecationWarning: The `punycode` module is deprecated. Please use a userland alternative instead.
(Use `exe --trace-deprecation ...` to show where the warning was created)
2025-07-26 13:50:22.472 [error] [Extension Host] Error fetching remote message TypeError: fetch failed
	at node:internal/deps/undici/undici:13510:13
	at process.processTicksAndRejections (node:internal/process/task_queues:105:5)
	at async globalThis.fetch (file:///opt/visual-studio-code/resources/app/out/vs/workbench/api/node/extensionHostProcess.js:166:24322)
	at async /home/mochi-002/.vscode/extensions/divyanshuagrawal.competitive-programming-helper-2025.7.1752155836/dist/extension.js:1:182293
2025-07-26 13:50:22.725 [error] [UriError]: Scheme contains illegal characters.: Error: [UriError]: Scheme contains illegal characters.
    at C7 (file:///opt/visual-studio-code/resources/app/out/main.js:30:63994)
    at new id (file:///opt/visual-studio-code/resources/app/out/main.js:30:67374)
    at new jr (file:///opt/visual-studio-code/resources/app/out/main.js:30:68812)
    at id.revive (file:///opt/visual-studio-code/resources/app/out/main.js:30:68589)
    at V5.call (file:///opt/visual-studio-code/resources/app/out/main.js:85:103918)
    at Df.s (file:///opt/visual-studio-code/resources/app/out/main.js:31:14859)
    at Df.q (file:///opt/visual-studio-code/resources/app/out/main.js:31:14382)
    at Yo.value (file:///opt/visual-studio-code/resources/app/out/main.js:31:13784)
    at D.C (file:///opt/visual-studio-code/resources/app/out/main.js:30:2373)
    at D (file:///opt/visual-studio-code/resources/app/out/main.js:30:2443)
    at D.fire (file:///opt/visual-studio-code/resources/app/out/main.js:30:2660)
    at Yo.value (file:///opt/visual-studio-code/resources/app/out/main.js:28:4827)
    at D.C (file:///opt/visual-studio-code/resources/app/out/main.js:30:2373)
    at D.fire (file:///opt/visual-studio-code/resources/app/out/main.js:30:2591)
    at Yo.value (file:///opt/visual-studio-code/resources/app/out/main.js:28:5015)
    at D.C (file:///opt/visual-studio-code/resources/app/out/main.js:30:2373)
    at D.fire (file:///opt/visual-studio-code/resources/app/out/main.js:30:2591)
    at z (file:///opt/visual-studio-code/resources/app/out/main.js:28:7309)
    at IpcMainImpl.i (file:///opt/visual-studio-code/resources/app/out/main.js:33:21024)
    at IpcMainImpl.emit (node:events:518:28)
    at WebContents.<anonymous> (node:electron/js2c/browser_init:2:88892)
    at WebContents.emit (node:events:518:28)
2025-07-26 13:50:24.652 [error] request to https://configs.gitkraken.dev/gitlens/product.json failed, reason: 
2025-07-26 13:50:24.680 [info] [perf] Render performance baseline is 23ms
2025-07-26 13:50:35.825 [error] [Extension Host] Failed to fetch tags_health, continuing: AxiosError: Request failed with status code 503
	at Ae (/home/mochi-002/.vscode/extensions/codium.codium-1.5.12/dist/extension.js:2:8765052)
	at IncomingMessage.<anonymous> (/home/mochi-002/.vscode/extensions/codium.codium-1.5.12/dist/extension.js:2:8777224)
	at IncomingMessage.emit (node:events:530:35)
	at endReadableNT (node:internal/streams/readable:1698:12)
	at process.processTicksAndRejections (node:internal/process/task_queues:90:21)
	at ct.request (/home/mochi-002/.vscode/extensions/codium.codium-1.5.12/dist/extension.js:2:8789455)
	at process.processTicksAndRejections (node:internal/process/task_queues:105:5)
	at async m.sendHttpRequest (/home/mochi-002/.vscode/extensions/codium.codium-1.5.12/dist/extension.js:2:418347)
	at async m.httpRequest (/home/mochi-002/.vscode/extensions/codium.codium-1.5.12/dist/extension.js:2:417304)
	at async E.safeHttpRequest (/home/mochi-002/.vscode/extensions/codium.codium-1.5.12/dist/extension.js:2:8390247)
	at async E.updateMetadataServiceAvailability (/home/mochi-002/.vscode/extensions/codium.codium-1.5.12/dist/extension.js:2:8389874)
	at async E.initRemoteRagSettingsFromServer (/home/mochi-002/.vscode/extensions/codium.codium-1.5.12/dist/extension.js:2:8389705)
2025-07-26 13:50:42.577 [error] lock() request could not be registered.: InvalidStateError: lock() request could not be registered.
