2025-07-27 17:42:55.951 [info] GitLens v17.3.2 activating in Visual Studio Code (1.102.2) on the desktop; language='en', logLevel='warn', defaultDateLocale='null' (8edc335bf18d20a7ed57efb6d9abdfb564cb065daf7ad2fa2cacedcd27623cca|12c46fc6-f419-486c-afad-0289caca1de91753627373043)
To enable debug logging, set `"gitlens.outputLevel": "debug"` or run "GitLens: Enable Debug Logging" from the Command Palette
[2025-07-27 14:42:55.507] Warning(/usr/bin/git -c core.quotepath=false -c color.ui=false rev-parse --show-toplevel): fatal: not a git repository (or any of the parent directories): .git

[2025-07-27 14:42:55.508] [GIT          ] [/home/mochi-002/Documents/DB - Programmong/competitive] git rev-parse --show-toplevel • not a git repository (or any of the parent directories): .git [48ms]

2025-07-27 17:44:01.304 [info] [2025-07-27 14:44:00.803] Warning(/usr/bin/git -c core.quotepath=false -c color.ui=false rev-parse --show-toplevel): fatal: not a git repository (or any of the parent directories): .git

[2025-07-27 14:44:00.804] [GIT          ] [/home/mochi-002/Documents/DB - Programmong/competitive] git rev-parse --show-toplevel • not a git repository (or any of the parent directories): .git [104ms]

2025-07-27 17:44:03.806 [info] [2025-07-27 14:44:03.653] Warning(/usr/bin/git -c core.quotepath=false -c color.ui=false rev-parse --show-toplevel): fatal: not a git repository (or any of the parent directories): .git

[2025-07-27 14:44:03.653] [GIT          ] [/home/mochi-002/Documents/DB - Programmong/competitive] git rev-parse --show-toplevel • not a git repository (or any of the parent directories): .git [16ms]

2025-07-27 17:50:53.374 [info] [2025-07-27 14:50:52.874] Warning(/usr/bin/git -c core.quotepath=false -c color.ui=false rev-parse --show-toplevel): fatal: not a git repository (or any of the parent directories): .git

[2025-07-27 14:50:52.874] [GIT          ] [/usr/include/c++/15.1.1] git rev-parse --show-toplevel • not a git repository (or any of the parent directories): .git [12ms]
[2025-07-27 14:50:53.334] Warning(/usr/bin/git -c core.quotepath=false -c color.ui=false rev-parse --show-toplevel): fatal: not a git repository (or any of the parent directories): .git

[2025-07-27 14:50:53.334] [GIT          ] [/usr/include/c++/15.1.1/bits] git rev-parse --show-toplevel • not a git repository (or any of the parent directories): .git [21ms]

2025-07-27 18:07:12.274 [info] [2025-07-27 15:07:11.773] Warning(/usr/bin/git -c core.quotepath=false -c color.ui=false rev-parse --show-toplevel): fatal: not a git repository (or any of the parent directories): .git

[2025-07-27 15:07:11.773] [GIT          ] [/home/mochi-002/Documents/DB - Programmong/competitive] git rev-parse --show-toplevel • not a git repository (or any of the parent directories): .git [18ms]

2025-07-27 18:12:46.628 [info] [2025-07-27 15:12:46.128] Warning(/usr/bin/git -c core.quotepath=false -c color.ui=false rev-parse --show-toplevel): fatal: not a git repository (or any of the parent directories): .git

[2025-07-27 15:12:46.129] [GIT          ] [/usr/include/glib-2.0/glib] git rev-parse --show-toplevel • not a git repository (or any of the parent directories): .git [19ms]

2025-07-27 18:17:35.001 [info] [2025-07-27 15:17:34.500] Warning(/usr/bin/git -c core.quotepath=false -c color.ui=false rev-parse --show-toplevel): fatal: not a git repository (or any of the parent directories): .git

[2025-07-27 15:17:34.501] [GIT          ] [/home/mochi-002/Documents/DB - Programmong/competitive] git rev-parse --show-toplevel • not a git repository (or any of the parent directories): .git [18ms]

2025-07-27 18:32:34.226 [info] [2025-07-27 15:32:33.726] Warning(/usr/bin/git -c core.quotepath=false -c color.ui=false rev-parse --show-toplevel): fatal: not a git repository (or any of the parent directories): .git

[2025-07-27 15:32:33.726] [GIT          ] [/home/mochi-002/Documents/DB - Programmong/competitive] git rev-parse --show-toplevel • not a git repository (or any of the parent directories): .git [15ms]

2025-07-27 18:47:06.673 [info] [2025-07-27 15:47:06.173] Warning(/usr/bin/git -c core.quotepath=false -c color.ui=false rev-parse --show-toplevel): fatal: not a git repository (or any of the parent directories): .git

[2025-07-27 15:47:06.173] [GIT          ] [/home/mochi-002/Documents/DB - Programmong/competitive] git rev-parse --show-toplevel • not a git repository (or any of the parent directories): .git [17ms]

2025-07-27 18:53:30.132 [info] [2025-07-27 15:53:29.632] Warning(/usr/bin/git -c core.quotepath=false -c color.ui=false rev-parse --show-toplevel): fatal: not a git repository (or any of the parent directories): .git

[2025-07-27 15:53:29.632] [GIT          ] [/home/mochi-002/Documents/DB - Programmong/competitive] git rev-parse --show-toplevel • not a git repository (or any of the parent directories): .git [261ms]

2025-07-27 19:06:43.714 [info] [2025-07-27 16:06:43.213] Warning(/usr/bin/git -c core.quotepath=false -c color.ui=false rev-parse --show-toplevel): fatal: not a git repository (or any of the parent directories): .git

[2025-07-27 16:06:43.213] [GIT          ] [/home/mochi-002/Documents/DB - Programmong/competitive] git rev-parse --show-toplevel • not a git repository (or any of the parent directories): .git [43ms]

