2025-07-27 17:42:54.522 [info] [main] Log level: Info
2025-07-27 17:42:54.522 [info] [main] Validating found git in: "git"
2025-07-27 17:42:54.522 [info] [main] Using git "2.50.1" from "git"
2025-07-27 17:42:54.522 [info] [Model][doInitialScan] Initial repository scan started
2025-07-27 17:42:54.522 [info] > git rev-parse --show-toplevel [4ms]
2025-07-27 17:42:54.522 [info] fatal: not a git repository (or any of the parent directories): .git
2025-07-27 17:42:54.523 [info] > git rev-parse --show-toplevel [1ms]
2025-07-27 17:42:54.523 [info] fatal: not a git repository (or any of the parent directories): .git
2025-07-27 17:42:54.532 [info] > git rev-parse --show-toplevel [4ms]
2025-07-27 17:42:54.532 [info] fatal: not a git repository (or any of the parent directories): .git
2025-07-27 17:42:54.540 [info] > git rev-parse --show-toplevel [3ms]
2025-07-27 17:42:54.540 [info] fatal: not a git repository (or any of the parent directories): .git
2025-07-27 17:42:55.283 [info] > git rev-parse --show-toplevel [738ms]
2025-07-27 17:42:55.283 [info] fatal: not a git repository (or any of the parent directories): .git
2025-07-27 17:42:55.509 [info] > git rev-parse --show-toplevel [69ms]
2025-07-27 17:42:55.509 [info] fatal: not a git repository (or any of the parent directories): .git
2025-07-27 17:42:55.514 [info] [Model][doInitialScan] Initial repository scan completed - repositories (0), closed repositories (0), parent repositories (0), unsafe repositories (0)
2025-07-27 17:42:55.533 [info] > git rev-parse --show-toplevel [4ms]
2025-07-27 17:42:55.533 [info] fatal: not a git repository (or any of the parent directories): .git
2025-07-27 17:42:55.556 [info] > git rev-parse --show-toplevel [7ms]
2025-07-27 17:42:55.556 [info] fatal: not a git repository (or any of the parent directories): .git
2025-07-27 17:42:55.574 [info] > git rev-parse --show-toplevel [4ms]
2025-07-27 17:42:55.574 [info] fatal: not a git repository (or any of the parent directories): .git
2025-07-27 17:42:55.591 [info] > git rev-parse --show-toplevel [3ms]
2025-07-27 17:42:55.591 [info] fatal: not a git repository (or any of the parent directories): .git
2025-07-27 17:42:56.050 [info] > git rev-parse --show-toplevel [7ms]
2025-07-27 17:42:56.050 [info] fatal: not a git repository (or any of the parent directories): .git
2025-07-27 17:42:56.137 [info] > git rev-parse --show-toplevel [8ms]
2025-07-27 17:42:56.137 [info] fatal: not a git repository (or any of the parent directories): .git
2025-07-27 17:42:56.149 [info] > git rev-parse --show-toplevel [2ms]
2025-07-27 17:42:56.149 [info] fatal: not a git repository (or any of the parent directories): .git
2025-07-27 17:42:56.212 [info] > git rev-parse --show-toplevel [1ms]
2025-07-27 17:42:56.212 [info] fatal: not a git repository (or any of the parent directories): .git
2025-07-27 17:43:02.063 [info] > git rev-parse --show-toplevel [8ms]
2025-07-27 17:43:02.063 [info] fatal: not a git repository (or any of the parent directories): .git
2025-07-27 17:44:00.823 [info] > git rev-parse --show-toplevel [2ms]
2025-07-27 17:44:00.823 [info] fatal: not a git repository (or any of the parent directories): .git
2025-07-27 17:44:03.378 [info] > git rev-parse --show-toplevel [4ms]
2025-07-27 17:44:03.378 [info] fatal: not a git repository (or any of the parent directories): .git
2025-07-27 17:44:04.670 [info] > git rev-parse --show-toplevel [3ms]
2025-07-27 17:44:04.670 [info] fatal: not a git repository (or any of the parent directories): .git
2025-07-27 17:44:07.632 [info] > git rev-parse --show-toplevel [1ms]
2025-07-27 17:44:07.632 [info] fatal: not a git repository (or any of the parent directories): .git
2025-07-27 17:44:39.535 [info] > git rev-parse --show-toplevel [2ms]
2025-07-27 17:44:39.535 [info] fatal: not a git repository (or any of the parent directories): .git
2025-07-27 17:44:47.252 [info] > git rev-parse --show-toplevel [1ms]
2025-07-27 17:44:47.252 [info] fatal: not a git repository (or any of the parent directories): .git
2025-07-27 17:44:48.089 [info] > git rev-parse --show-toplevel [2ms]
2025-07-27 17:44:48.089 [info] fatal: not a git repository (or any of the parent directories): .git
2025-07-27 17:44:50.993 [info] > git rev-parse --show-toplevel [1ms]
2025-07-27 17:44:50.993 [info] fatal: not a git repository (or any of the parent directories): .git
2025-07-27 17:45:03.804 [info] > git rev-parse --show-toplevel [4ms]
2025-07-27 17:45:03.804 [info] fatal: not a git repository (or any of the parent directories): .git
2025-07-27 17:45:16.384 [info] > git rev-parse --show-toplevel [1ms]
2025-07-27 17:45:16.384 [info] fatal: not a git repository (or any of the parent directories): .git
2025-07-27 17:45:20.591 [info] > git rev-parse --show-toplevel [1ms]
2025-07-27 17:45:20.591 [info] fatal: not a git repository (or any of the parent directories): .git
2025-07-27 17:45:24.628 [info] > git rev-parse --show-toplevel [1ms]
2025-07-27 17:45:24.628 [info] fatal: not a git repository (or any of the parent directories): .git
2025-07-27 17:45:25.877 [info] > git rev-parse --show-toplevel [0ms]
2025-07-27 17:45:25.877 [info] fatal: not a git repository (or any of the parent directories): .git
2025-07-27 17:45:29.014 [info] > git rev-parse --show-toplevel [1ms]
2025-07-27 17:45:29.014 [info] fatal: not a git repository (or any of the parent directories): .git
2025-07-27 17:45:30.466 [info] > git rev-parse --show-toplevel [1ms]
2025-07-27 17:45:30.466 [info] fatal: not a git repository (or any of the parent directories): .git
2025-07-27 17:45:59.686 [info] > git rev-parse --show-toplevel [1ms]
2025-07-27 17:45:59.686 [info] fatal: not a git repository (or any of the parent directories): .git
2025-07-27 17:46:01.592 [info] > git rev-parse --show-toplevel [0ms]
2025-07-27 17:46:01.592 [info] fatal: not a git repository (or any of the parent directories): .git
2025-07-27 17:46:03.580 [info] > git rev-parse --show-toplevel [3ms]
2025-07-27 17:46:03.580 [info] fatal: not a git repository (or any of the parent directories): .git
2025-07-27 17:46:07.207 [info] > git rev-parse --show-toplevel [1ms]
2025-07-27 17:46:07.207 [info] fatal: not a git repository (or any of the parent directories): .git
2025-07-27 17:46:33.063 [info] > git rev-parse --show-toplevel [3ms]
2025-07-27 17:46:33.063 [info] fatal: not a git repository (or any of the parent directories): .git
2025-07-27 17:46:49.826 [info] > git rev-parse --show-toplevel [2ms]
2025-07-27 17:46:49.826 [info] fatal: not a git repository (or any of the parent directories): .git
2025-07-27 17:46:56.656 [info] > git rev-parse --show-toplevel [2ms]
2025-07-27 17:46:56.656 [info] fatal: not a git repository (or any of the parent directories): .git
2025-07-27 17:48:16.945 [info] > git rev-parse --show-toplevel [1ms]
2025-07-27 17:48:16.945 [info] fatal: not a git repository (or any of the parent directories): .git
2025-07-27 17:48:17.834 [info] > git rev-parse --show-toplevel [1ms]
2025-07-27 17:48:17.834 [info] fatal: not a git repository (or any of the parent directories): .git
2025-07-27 17:48:28.285 [info] > git rev-parse --show-toplevel [0ms]
2025-07-27 17:48:28.286 [info] fatal: not a git repository (or any of the parent directories): .git
2025-07-27 17:48:47.769 [info] > git rev-parse --show-toplevel [1ms]
2025-07-27 17:48:47.769 [info] fatal: not a git repository (or any of the parent directories): .git
2025-07-27 17:48:56.042 [info] > git rev-parse --show-toplevel [1ms]
2025-07-27 17:48:56.042 [info] fatal: not a git repository (or any of the parent directories): .git
2025-07-27 17:49:14.899 [info] > git rev-parse --show-toplevel [1ms]
2025-07-27 17:49:14.899 [info] fatal: not a git repository (or any of the parent directories): .git
2025-07-27 17:49:21.152 [info] > git rev-parse --show-toplevel [1ms]
2025-07-27 17:49:21.152 [info] fatal: not a git repository (or any of the parent directories): .git
2025-07-27 17:49:26.840 [info] > git rev-parse --show-toplevel [1ms]
2025-07-27 17:49:26.840 [info] fatal: not a git repository (or any of the parent directories): .git
2025-07-27 17:49:32.759 [info] > git rev-parse --show-toplevel [0ms]
2025-07-27 17:49:32.759 [info] fatal: not a git repository (or any of the parent directories): .git
2025-07-27 17:49:35.958 [info] > git rev-parse --show-toplevel [0ms]
2025-07-27 17:49:35.958 [info] fatal: not a git repository (or any of the parent directories): .git
2025-07-27 17:49:40.119 [info] > git rev-parse --show-toplevel [1ms]
2025-07-27 17:49:40.119 [info] fatal: not a git repository (or any of the parent directories): .git
2025-07-27 17:50:45.670 [info] > git rev-parse --show-toplevel [1ms]
2025-07-27 17:50:45.670 [info] fatal: not a git repository (or any of the parent directories): .git
2025-07-27 17:50:50.619 [info] > git rev-parse --show-toplevel [2ms]
2025-07-27 17:50:50.619 [info] fatal: not a git repository (or any of the parent directories): .git
2025-07-27 17:54:26.084 [info] > git rev-parse --show-toplevel [0ms]
2025-07-27 17:54:26.084 [info] fatal: not a git repository (or any of the parent directories): .git
2025-07-27 17:54:32.008 [info] > git rev-parse --show-toplevel [0ms]
2025-07-27 17:54:32.008 [info] fatal: not a git repository (or any of the parent directories): .git
2025-07-27 17:54:33.884 [info] > git rev-parse --show-toplevel [2ms]
2025-07-27 17:54:33.884 [info] fatal: not a git repository (or any of the parent directories): .git
2025-07-27 17:54:36.473 [info] > git rev-parse --show-toplevel [1ms]
2025-07-27 17:54:36.473 [info] fatal: not a git repository (or any of the parent directories): .git
2025-07-27 17:54:37.589 [info] > git rev-parse --show-toplevel [1ms]
2025-07-27 17:54:37.589 [info] fatal: not a git repository (or any of the parent directories): .git
2025-07-27 17:54:42.231 [info] > git rev-parse --show-toplevel [9ms]
2025-07-27 17:54:42.231 [info] fatal: not a git repository (or any of the parent directories): .git
2025-07-27 17:54:44.968 [info] > git rev-parse --show-toplevel [1ms]
2025-07-27 17:54:44.968 [info] fatal: not a git repository (or any of the parent directories): .git
2025-07-27 17:54:48.229 [info] > git rev-parse --show-toplevel [0ms]
2025-07-27 17:54:48.229 [info] fatal: not a git repository (or any of the parent directories): .git
2025-07-27 17:54:50.311 [info] > git rev-parse --show-toplevel [1ms]
2025-07-27 17:54:50.311 [info] fatal: not a git repository (or any of the parent directories): .git
2025-07-27 17:54:52.938 [info] > git rev-parse --show-toplevel [1ms]
2025-07-27 17:54:52.938 [info] fatal: not a git repository (or any of the parent directories): .git
2025-07-27 17:55:43.168 [info] > git rev-parse --show-toplevel [1ms]
2025-07-27 17:55:43.168 [info] fatal: not a git repository (or any of the parent directories): .git
2025-07-27 17:55:52.096 [info] > git rev-parse --show-toplevel [0ms]
2025-07-27 17:55:52.096 [info] fatal: not a git repository (or any of the parent directories): .git
2025-07-27 17:56:25.007 [info] > git rev-parse --show-toplevel [1ms]
2025-07-27 17:56:25.007 [info] fatal: not a git repository (or any of the parent directories): .git
2025-07-27 17:56:29.737 [info] > git rev-parse --show-toplevel [1ms]
2025-07-27 17:56:29.737 [info] fatal: not a git repository (or any of the parent directories): .git
2025-07-27 17:56:32.377 [info] > git rev-parse --show-toplevel [1ms]
2025-07-27 17:56:32.377 [info] fatal: not a git repository (or any of the parent directories): .git
2025-07-27 17:56:42.342 [info] > git rev-parse --show-toplevel [2ms]
2025-07-27 17:56:42.342 [info] fatal: not a git repository (or any of the parent directories): .git
2025-07-27 17:56:49.004 [info] > git rev-parse --show-toplevel [1ms]
2025-07-27 17:56:49.004 [info] fatal: not a git repository (or any of the parent directories): .git
2025-07-27 17:58:11.804 [info] > git rev-parse --show-toplevel [1ms]
2025-07-27 17:58:11.804 [info] fatal: not a git repository (or any of the parent directories): .git
2025-07-27 17:58:49.406 [info] > git rev-parse --show-toplevel [1ms]
2025-07-27 17:58:49.406 [info] fatal: not a git repository (or any of the parent directories): .git
2025-07-27 17:58:58.492 [info] > git rev-parse --show-toplevel [1ms]
2025-07-27 17:58:58.492 [info] fatal: not a git repository (or any of the parent directories): .git
2025-07-27 17:59:48.101 [info] > git rev-parse --show-toplevel [8ms]
2025-07-27 17:59:48.101 [info] fatal: not a git repository (or any of the parent directories): .git
2025-07-27 18:00:27.417 [info] > git rev-parse --show-toplevel [1ms]
2025-07-27 18:00:27.417 [info] fatal: not a git repository (or any of the parent directories): .git
2025-07-27 18:00:30.001 [info] > git rev-parse --show-toplevel [0ms]
2025-07-27 18:00:30.001 [info] fatal: not a git repository (or any of the parent directories): .git
2025-07-27 18:00:35.124 [info] > git rev-parse --show-toplevel [1ms]
2025-07-27 18:00:35.124 [info] fatal: not a git repository (or any of the parent directories): .git
2025-07-27 18:00:44.032 [info] > git rev-parse --show-toplevel [0ms]
2025-07-27 18:00:44.032 [info] fatal: not a git repository (or any of the parent directories): .git
2025-07-27 18:00:52.435 [info] > git rev-parse --show-toplevel [0ms]
2025-07-27 18:00:52.435 [info] fatal: not a git repository (or any of the parent directories): .git
2025-07-27 18:01:02.175 [info] > git rev-parse --show-toplevel [1ms]
2025-07-27 18:01:02.175 [info] fatal: not a git repository (or any of the parent directories): .git
2025-07-27 18:01:28.201 [info] > git rev-parse --show-toplevel [2ms]
2025-07-27 18:01:28.201 [info] fatal: not a git repository (or any of the parent directories): .git
2025-07-27 18:07:11.801 [info] > git rev-parse --show-toplevel [2ms]
2025-07-27 18:07:11.801 [info] fatal: not a git repository (or any of the parent directories): .git
2025-07-27 18:08:10.750 [info] > git rev-parse --show-toplevel [1ms]
2025-07-27 18:08:10.750 [info] fatal: not a git repository (or any of the parent directories): .git
2025-07-27 18:08:13.541 [info] > git rev-parse --show-toplevel [1ms]
2025-07-27 18:08:13.541 [info] fatal: not a git repository (or any of the parent directories): .git
2025-07-27 18:08:15.554 [info] > git rev-parse --show-toplevel [1ms]
2025-07-27 18:08:15.554 [info] fatal: not a git repository (or any of the parent directories): .git
2025-07-27 18:08:16.618 [info] > git rev-parse --show-toplevel [1ms]
2025-07-27 18:08:16.618 [info] fatal: not a git repository (or any of the parent directories): .git
2025-07-27 18:08:18.066 [info] > git rev-parse --show-toplevel [1ms]
2025-07-27 18:08:18.066 [info] fatal: not a git repository (or any of the parent directories): .git
2025-07-27 18:08:19.427 [info] > git rev-parse --show-toplevel [2ms]
2025-07-27 18:08:19.427 [info] fatal: not a git repository (or any of the parent directories): .git
2025-07-27 18:08:24.912 [info] > git rev-parse --show-toplevel [1ms]
2025-07-27 18:08:24.912 [info] fatal: not a git repository (or any of the parent directories): .git
2025-07-27 18:08:27.703 [info] > git rev-parse --show-toplevel [1ms]
2025-07-27 18:08:27.703 [info] fatal: not a git repository (or any of the parent directories): .git
2025-07-27 18:08:32.213 [info] > git rev-parse --show-toplevel [1ms]
2025-07-27 18:08:32.213 [info] fatal: not a git repository (or any of the parent directories): .git
2025-07-27 18:08:35.827 [info] > git rev-parse --show-toplevel [1ms]
2025-07-27 18:08:35.827 [info] fatal: not a git repository (or any of the parent directories): .git
2025-07-27 18:08:37.681 [info] > git rev-parse --show-toplevel [1ms]
2025-07-27 18:08:37.681 [info] fatal: not a git repository (or any of the parent directories): .git
2025-07-27 18:08:38.367 [info] > git rev-parse --show-toplevel [4ms]
2025-07-27 18:08:38.367 [info] fatal: not a git repository (or any of the parent directories): .git
2025-07-27 18:08:41.872 [info] > git rev-parse --show-toplevel [1ms]
2025-07-27 18:08:41.872 [info] fatal: not a git repository (or any of the parent directories): .git
2025-07-27 18:09:00.767 [info] > git rev-parse --show-toplevel [2ms]
2025-07-27 18:09:00.767 [info] fatal: not a git repository (or any of the parent directories): .git
2025-07-27 18:09:01.800 [info] > git rev-parse --show-toplevel [1ms]
2025-07-27 18:09:01.800 [info] fatal: not a git repository (or any of the parent directories): .git
2025-07-27 18:09:05.180 [info] > git rev-parse --show-toplevel [0ms]
2025-07-27 18:09:05.180 [info] fatal: not a git repository (or any of the parent directories): .git
2025-07-27 18:09:06.626 [info] > git rev-parse --show-toplevel [0ms]
2025-07-27 18:09:06.626 [info] fatal: not a git repository (or any of the parent directories): .git
2025-07-27 18:09:11.289 [info] > git rev-parse --show-toplevel [1ms]
2025-07-27 18:09:11.289 [info] fatal: not a git repository (or any of the parent directories): .git
2025-07-27 18:09:14.586 [info] > git rev-parse --show-toplevel [1ms]
2025-07-27 18:09:14.586 [info] fatal: not a git repository (or any of the parent directories): .git
2025-07-27 18:09:17.213 [info] > git rev-parse --show-toplevel [1ms]
2025-07-27 18:09:17.213 [info] fatal: not a git repository (or any of the parent directories): .git
2025-07-27 18:09:20.753 [info] > git rev-parse --show-toplevel [1ms]
2025-07-27 18:09:20.753 [info] fatal: not a git repository (or any of the parent directories): .git
2025-07-27 18:09:31.788 [info] > git rev-parse --show-toplevel [0ms]
2025-07-27 18:09:31.789 [info] fatal: not a git repository (or any of the parent directories): .git
2025-07-27 18:09:36.864 [info] > git rev-parse --show-toplevel [1ms]
2025-07-27 18:09:36.864 [info] fatal: not a git repository (or any of the parent directories): .git
2025-07-27 18:09:39.503 [info] > git rev-parse --show-toplevel [0ms]
2025-07-27 18:09:39.504 [info] fatal: not a git repository (or any of the parent directories): .git
2025-07-27 18:09:44.590 [info] > git rev-parse --show-toplevel [1ms]
2025-07-27 18:09:44.590 [info] fatal: not a git repository (or any of the parent directories): .git
2025-07-27 18:09:54.216 [info] > git rev-parse --show-toplevel [1ms]
2025-07-27 18:09:54.216 [info] fatal: not a git repository (or any of the parent directories): .git
2025-07-27 18:10:03.446 [info] > git rev-parse --show-toplevel [1ms]
2025-07-27 18:10:03.446 [info] fatal: not a git repository (or any of the parent directories): .git
2025-07-27 18:10:06.211 [info] > git rev-parse --show-toplevel [1ms]
2025-07-27 18:10:06.211 [info] fatal: not a git repository (or any of the parent directories): .git
2025-07-27 18:10:07.379 [info] > git rev-parse --show-toplevel [1ms]
2025-07-27 18:10:07.379 [info] fatal: not a git repository (or any of the parent directories): .git
2025-07-27 18:10:08.633 [info] > git rev-parse --show-toplevel [1ms]
2025-07-27 18:10:08.633 [info] fatal: not a git repository (or any of the parent directories): .git
2025-07-27 18:10:13.628 [info] > git rev-parse --show-toplevel [1ms]
2025-07-27 18:10:13.628 [info] fatal: not a git repository (or any of the parent directories): .git
2025-07-27 18:10:15.167 [info] > git rev-parse --show-toplevel [1ms]
2025-07-27 18:10:15.167 [info] fatal: not a git repository (or any of the parent directories): .git
2025-07-27 18:10:19.356 [info] > git rev-parse --show-toplevel [1ms]
2025-07-27 18:10:19.356 [info] fatal: not a git repository (or any of the parent directories): .git
2025-07-27 18:10:22.883 [info] > git rev-parse --show-toplevel [1ms]
2025-07-27 18:10:22.883 [info] fatal: not a git repository (or any of the parent directories): .git
2025-07-27 18:10:29.076 [info] > git rev-parse --show-toplevel [1ms]
2025-07-27 18:10:29.076 [info] fatal: not a git repository (or any of the parent directories): .git
2025-07-27 18:10:36.965 [info] > git rev-parse --show-toplevel [1ms]
2025-07-27 18:10:36.965 [info] fatal: not a git repository (or any of the parent directories): .git
2025-07-27 18:10:38.180 [info] > git rev-parse --show-toplevel [1ms]
2025-07-27 18:10:38.180 [info] fatal: not a git repository (or any of the parent directories): .git
2025-07-27 18:10:41.926 [info] > git rev-parse --show-toplevel [1ms]
2025-07-27 18:10:41.926 [info] fatal: not a git repository (or any of the parent directories): .git
2025-07-27 18:10:49.689 [info] > git rev-parse --show-toplevel [1ms]
2025-07-27 18:10:49.689 [info] fatal: not a git repository (or any of the parent directories): .git
2025-07-27 18:11:05.104 [info] > git rev-parse --show-toplevel [0ms]
2025-07-27 18:11:05.104 [info] fatal: not a git repository (or any of the parent directories): .git
2025-07-27 18:11:17.114 [info] > git rev-parse --show-toplevel [0ms]
2025-07-27 18:11:17.114 [info] fatal: not a git repository (or any of the parent directories): .git
2025-07-27 18:11:18.386 [info] > git rev-parse --show-toplevel [1ms]
2025-07-27 18:11:18.386 [info] fatal: not a git repository (or any of the parent directories): .git
2025-07-27 18:11:28.554 [info] > git rev-parse --show-toplevel [1ms]
2025-07-27 18:11:28.554 [info] fatal: not a git repository (or any of the parent directories): .git
2025-07-27 18:11:33.429 [info] > git rev-parse --show-toplevel [1ms]
2025-07-27 18:11:33.429 [info] fatal: not a git repository (or any of the parent directories): .git
2025-07-27 18:11:39.096 [info] > git rev-parse --show-toplevel [0ms]
2025-07-27 18:11:39.096 [info] fatal: not a git repository (or any of the parent directories): .git
2025-07-27 18:11:41.712 [info] > git rev-parse --show-toplevel [1ms]
2025-07-27 18:11:41.712 [info] fatal: not a git repository (or any of the parent directories): .git
2025-07-27 18:11:50.063 [info] > git rev-parse --show-toplevel [0ms]
2025-07-27 18:11:50.063 [info] fatal: not a git repository (or any of the parent directories): .git
2025-07-27 18:11:53.888 [info] > git rev-parse --show-toplevel [0ms]
2025-07-27 18:11:53.888 [info] fatal: not a git repository (or any of the parent directories): .git
2025-07-27 18:11:56.202 [info] > git rev-parse --show-toplevel [1ms]
2025-07-27 18:11:56.202 [info] fatal: not a git repository (or any of the parent directories): .git
2025-07-27 18:11:58.509 [info] > git rev-parse --show-toplevel [1ms]
2025-07-27 18:11:58.509 [info] fatal: not a git repository (or any of the parent directories): .git
2025-07-27 18:12:03.543 [info] > git rev-parse --show-toplevel [1ms]
2025-07-27 18:12:03.543 [info] fatal: not a git repository (or any of the parent directories): .git
2025-07-27 18:12:04.664 [info] > git rev-parse --show-toplevel [1ms]
2025-07-27 18:12:04.664 [info] fatal: not a git repository (or any of the parent directories): .git
2025-07-27 18:12:06.000 [info] > git rev-parse --show-toplevel [1ms]
2025-07-27 18:12:06.000 [info] fatal: not a git repository (or any of the parent directories): .git
2025-07-27 18:12:08.278 [info] > git rev-parse --show-toplevel [1ms]
2025-07-27 18:12:08.278 [info] fatal: not a git repository (or any of the parent directories): .git
2025-07-27 18:12:13.459 [info] > git rev-parse --show-toplevel [1ms]
2025-07-27 18:12:13.459 [info] fatal: not a git repository (or any of the parent directories): .git
2025-07-27 18:12:19.384 [info] > git rev-parse --show-toplevel [2ms]
2025-07-27 18:12:19.384 [info] fatal: not a git repository (or any of the parent directories): .git
2025-07-27 18:12:47.012 [info] > git rev-parse --show-toplevel [0ms]
2025-07-27 18:12:47.013 [info] fatal: not a git repository (or any of the parent directories): .git
2025-07-27 18:12:48.153 [info] > git rev-parse --show-toplevel [1ms]
2025-07-27 18:12:48.153 [info] fatal: not a git repository (or any of the parent directories): .git
2025-07-27 18:12:54.335 [info] > git rev-parse --show-toplevel [1ms]
2025-07-27 18:12:54.335 [info] fatal: not a git repository (or any of the parent directories): .git
2025-07-27 18:12:56.366 [info] > git rev-parse --show-toplevel [1ms]
2025-07-27 18:12:56.366 [info] fatal: not a git repository (or any of the parent directories): .git
2025-07-27 18:13:14.092 [info] > git rev-parse --show-toplevel [1ms]
2025-07-27 18:13:14.092 [info] fatal: not a git repository (or any of the parent directories): .git
2025-07-27 18:13:23.413 [info] > git rev-parse --show-toplevel [0ms]
2025-07-27 18:13:23.413 [info] fatal: not a git repository (or any of the parent directories): .git
2025-07-27 18:13:30.024 [info] > git rev-parse --show-toplevel [1ms]
2025-07-27 18:13:30.024 [info] fatal: not a git repository (or any of the parent directories): .git
2025-07-27 18:13:31.728 [info] > git rev-parse --show-toplevel [1ms]
2025-07-27 18:13:31.728 [info] fatal: not a git repository (or any of the parent directories): .git
2025-07-27 18:13:32.986 [info] > git rev-parse --show-toplevel [1ms]
2025-07-27 18:13:32.986 [info] fatal: not a git repository (or any of the parent directories): .git
2025-07-27 18:13:40.043 [info] > git rev-parse --show-toplevel [2ms]
2025-07-27 18:13:40.043 [info] fatal: not a git repository (or any of the parent directories): .git
2025-07-27 18:13:43.284 [info] > git rev-parse --show-toplevel [0ms]
2025-07-27 18:13:43.284 [info] fatal: not a git repository (or any of the parent directories): .git
2025-07-27 18:13:57.240 [info] > git rev-parse --show-toplevel [1ms]
2025-07-27 18:13:57.240 [info] fatal: not a git repository (or any of the parent directories): .git
2025-07-27 18:14:10.542 [info] > git rev-parse --show-toplevel [1ms]
2025-07-27 18:14:10.542 [info] fatal: not a git repository (or any of the parent directories): .git
2025-07-27 18:14:12.458 [info] > git rev-parse --show-toplevel [1ms]
2025-07-27 18:14:12.458 [info] fatal: not a git repository (or any of the parent directories): .git
2025-07-27 18:14:14.767 [info] > git rev-parse --show-toplevel [0ms]
2025-07-27 18:14:14.767 [info] fatal: not a git repository (or any of the parent directories): .git
2025-07-27 18:14:24.238 [info] > git rev-parse --show-toplevel [0ms]
2025-07-27 18:14:24.238 [info] fatal: not a git repository (or any of the parent directories): .git
2025-07-27 18:15:15.869 [info] > git rev-parse --show-toplevel [1ms]
2025-07-27 18:15:15.869 [info] fatal: not a git repository (or any of the parent directories): .git
2025-07-27 18:15:20.184 [info] > git rev-parse --show-toplevel [0ms]
2025-07-27 18:15:20.184 [info] fatal: not a git repository (or any of the parent directories): .git
2025-07-27 18:15:22.951 [info] > git rev-parse --show-toplevel [1ms]
2025-07-27 18:15:22.951 [info] fatal: not a git repository (or any of the parent directories): .git
2025-07-27 18:15:25.183 [info] > git rev-parse --show-toplevel [2ms]
2025-07-27 18:15:25.183 [info] fatal: not a git repository (or any of the parent directories): .git
2025-07-27 18:15:31.472 [info] > git rev-parse --show-toplevel [0ms]
2025-07-27 18:15:31.472 [info] fatal: not a git repository (or any of the parent directories): .git
2025-07-27 18:15:35.907 [info] > git rev-parse --show-toplevel [1ms]
2025-07-27 18:15:35.907 [info] fatal: not a git repository (or any of the parent directories): .git
2025-07-27 18:15:37.266 [info] > git rev-parse --show-toplevel [2ms]
2025-07-27 18:15:37.266 [info] fatal: not a git repository (or any of the parent directories): .git
2025-07-27 18:15:39.328 [info] > git rev-parse --show-toplevel [1ms]
2025-07-27 18:15:39.328 [info] fatal: not a git repository (or any of the parent directories): .git
2025-07-27 18:15:40.548 [info] > git rev-parse --show-toplevel [1ms]
2025-07-27 18:15:40.548 [info] fatal: not a git repository (or any of the parent directories): .git
2025-07-27 18:15:42.201 [info] > git rev-parse --show-toplevel [0ms]
2025-07-27 18:15:42.201 [info] fatal: not a git repository (or any of the parent directories): .git
2025-07-27 18:15:45.748 [info] > git rev-parse --show-toplevel [1ms]
2025-07-27 18:15:45.748 [info] fatal: not a git repository (or any of the parent directories): .git
2025-07-27 18:15:48.418 [info] > git rev-parse --show-toplevel [1ms]
2025-07-27 18:15:48.418 [info] fatal: not a git repository (or any of the parent directories): .git
2025-07-27 18:15:52.907 [info] > git rev-parse --show-toplevel [1ms]
2025-07-27 18:15:52.907 [info] fatal: not a git repository (or any of the parent directories): .git
2025-07-27 18:15:56.374 [info] > git rev-parse --show-toplevel [1ms]
2025-07-27 18:15:56.374 [info] fatal: not a git repository (or any of the parent directories): .git
2025-07-27 18:16:48.139 [info] > git rev-parse --show-toplevel [1ms]
2025-07-27 18:16:48.139 [info] fatal: not a git repository (or any of the parent directories): .git
2025-07-27 18:16:49.879 [info] > git rev-parse --show-toplevel [0ms]
2025-07-27 18:16:49.879 [info] fatal: not a git repository (or any of the parent directories): .git
2025-07-27 18:16:52.397 [info] > git rev-parse --show-toplevel [1ms]
2025-07-27 18:16:52.397 [info] fatal: not a git repository (or any of the parent directories): .git
2025-07-27 18:16:56.805 [info] > git rev-parse --show-toplevel [1ms]
2025-07-27 18:16:56.805 [info] fatal: not a git repository (or any of the parent directories): .git
2025-07-27 18:17:08.078 [info] > git rev-parse --show-toplevel [0ms]
2025-07-27 18:17:08.078 [info] fatal: not a git repository (or any of the parent directories): .git
2025-07-27 18:17:10.641 [info] > git rev-parse --show-toplevel [1ms]
2025-07-27 18:17:10.641 [info] fatal: not a git repository (or any of the parent directories): .git
2025-07-27 18:17:34.457 [info] > git rev-parse --show-toplevel [2ms]
2025-07-27 18:17:34.457 [info] fatal: not a git repository (or any of the parent directories): .git
2025-07-27 18:17:34.475 [info] > git rev-parse --show-toplevel [1ms]
2025-07-27 18:17:34.475 [info] fatal: not a git repository (or any of the parent directories): .git
2025-07-27 18:17:46.029 [info] > git rev-parse --show-toplevel [1ms]
2025-07-27 18:17:46.029 [info] fatal: not a git repository (or any of the parent directories): .git
2025-07-27 18:17:52.748 [info] > git rev-parse --show-toplevel [2ms]
2025-07-27 18:17:52.748 [info] fatal: not a git repository (or any of the parent directories): .git
2025-07-27 18:17:54.793 [info] > git rev-parse --show-toplevel [1ms]
2025-07-27 18:17:54.793 [info] fatal: not a git repository (or any of the parent directories): .git
2025-07-27 18:17:57.227 [info] > git rev-parse --show-toplevel [2ms]
2025-07-27 18:17:57.227 [info] fatal: not a git repository (or any of the parent directories): .git
2025-07-27 18:17:59.001 [info] > git rev-parse --show-toplevel [1ms]
2025-07-27 18:17:59.001 [info] fatal: not a git repository (or any of the parent directories): .git
2025-07-27 18:18:00.617 [info] > git rev-parse --show-toplevel [2ms]
2025-07-27 18:18:00.617 [info] fatal: not a git repository (or any of the parent directories): .git
2025-07-27 18:18:06.389 [info] > git rev-parse --show-toplevel [2ms]
2025-07-27 18:18:06.389 [info] fatal: not a git repository (or any of the parent directories): .git
2025-07-27 18:18:10.181 [info] > git rev-parse --show-toplevel [2ms]
2025-07-27 18:18:10.181 [info] fatal: not a git repository (or any of the parent directories): .git
2025-07-27 18:18:14.799 [info] > git rev-parse --show-toplevel [1ms]
2025-07-27 18:18:14.799 [info] fatal: not a git repository (or any of the parent directories): .git
2025-07-27 18:18:17.842 [info] > git rev-parse --show-toplevel [3ms]
2025-07-27 18:18:17.842 [info] fatal: not a git repository (or any of the parent directories): .git
2025-07-27 18:18:18.900 [info] > git rev-parse --show-toplevel [2ms]
2025-07-27 18:18:18.900 [info] fatal: not a git repository (or any of the parent directories): .git
2025-07-27 18:18:30.234 [info] > git rev-parse --show-toplevel [2ms]
2025-07-27 18:18:30.234 [info] fatal: not a git repository (or any of the parent directories): .git
2025-07-27 18:18:38.328 [info] > git rev-parse --show-toplevel [1ms]
2025-07-27 18:18:38.328 [info] fatal: not a git repository (or any of the parent directories): .git
2025-07-27 18:18:50.853 [info] > git rev-parse --show-toplevel [1ms]
2025-07-27 18:18:50.853 [info] fatal: not a git repository (or any of the parent directories): .git
2025-07-27 18:18:56.974 [info] > git rev-parse --show-toplevel [2ms]
2025-07-27 18:18:56.974 [info] fatal: not a git repository (or any of the parent directories): .git
2025-07-27 18:18:59.480 [info] > git rev-parse --show-toplevel [1ms]
2025-07-27 18:18:59.480 [info] fatal: not a git repository (or any of the parent directories): .git
2025-07-27 18:19:00.906 [info] > git rev-parse --show-toplevel [1ms]
2025-07-27 18:19:00.906 [info] fatal: not a git repository (or any of the parent directories): .git
2025-07-27 18:19:03.471 [info] > git rev-parse --show-toplevel [1ms]
2025-07-27 18:19:03.471 [info] fatal: not a git repository (or any of the parent directories): .git
2025-07-27 18:19:09.381 [info] > git rev-parse --show-toplevel [1ms]
2025-07-27 18:19:09.381 [info] fatal: not a git repository (or any of the parent directories): .git
2025-07-27 18:19:11.845 [info] > git rev-parse --show-toplevel [1ms]
2025-07-27 18:19:11.845 [info] fatal: not a git repository (or any of the parent directories): .git
2025-07-27 18:19:27.132 [info] > git rev-parse --show-toplevel [1ms]
2025-07-27 18:19:27.132 [info] fatal: not a git repository (or any of the parent directories): .git
2025-07-27 18:19:29.390 [info] > git rev-parse --show-toplevel [1ms]
2025-07-27 18:19:29.390 [info] fatal: not a git repository (or any of the parent directories): .git
2025-07-27 18:19:34.535 [info] > git rev-parse --show-toplevel [1ms]
2025-07-27 18:19:34.535 [info] fatal: not a git repository (or any of the parent directories): .git
2025-07-27 18:19:41.360 [info] > git rev-parse --show-toplevel [1ms]
2025-07-27 18:19:41.360 [info] fatal: not a git repository (or any of the parent directories): .git
2025-07-27 18:19:41.436 [info] > git rev-parse --show-toplevel [2ms]
2025-07-27 18:19:41.436 [info] fatal: not a git repository (or any of the parent directories): .git
2025-07-27 18:20:52.006 [info] > git rev-parse --show-toplevel [1ms]
2025-07-27 18:20:52.006 [info] fatal: not a git repository (or any of the parent directories): .git
2025-07-27 18:20:55.466 [info] > git rev-parse --show-toplevel [1ms]
2025-07-27 18:20:55.466 [info] fatal: not a git repository (or any of the parent directories): .git
2025-07-27 18:23:43.231 [info] > git rev-parse --show-toplevel [0ms]
2025-07-27 18:23:43.231 [info] fatal: not a git repository (or any of the parent directories): .git
2025-07-27 18:23:45.233 [info] > git rev-parse --show-toplevel [8ms]
2025-07-27 18:23:45.233 [info] fatal: not a git repository (or any of the parent directories): .git
2025-07-27 18:23:46.444 [info] > git rev-parse --show-toplevel [1ms]
2025-07-27 18:23:46.444 [info] fatal: not a git repository (or any of the parent directories): .git
2025-07-27 18:25:26.047 [info] > git rev-parse --show-toplevel [0ms]
2025-07-27 18:25:26.047 [info] fatal: not a git repository (or any of the parent directories): .git
2025-07-27 18:25:28.298 [info] > git rev-parse --show-toplevel [1ms]
2025-07-27 18:25:28.298 [info] fatal: not a git repository (or any of the parent directories): .git
2025-07-27 18:26:13.947 [info] > git rev-parse --show-toplevel [1ms]
2025-07-27 18:26:13.947 [info] fatal: not a git repository (or any of the parent directories): .git
2025-07-27 18:26:16.409 [info] > git rev-parse --show-toplevel [1ms]
2025-07-27 18:26:16.409 [info] fatal: not a git repository (or any of the parent directories): .git
2025-07-27 18:26:17.595 [info] > git rev-parse --show-toplevel [0ms]
2025-07-27 18:26:17.595 [info] fatal: not a git repository (or any of the parent directories): .git
2025-07-27 18:26:59.662 [info] > git rev-parse --show-toplevel [3ms]
2025-07-27 18:26:59.662 [info] fatal: not a git repository (or any of the parent directories): .git
2025-07-27 18:27:02.691 [info] > git rev-parse --show-toplevel [0ms]
2025-07-27 18:27:02.691 [info] fatal: not a git repository (or any of the parent directories): .git
2025-07-27 18:27:04.738 [info] > git rev-parse --show-toplevel [0ms]
2025-07-27 18:27:04.738 [info] fatal: not a git repository (or any of the parent directories): .git
2025-07-27 18:27:58.039 [info] > git rev-parse --show-toplevel [1ms]
2025-07-27 18:27:58.039 [info] fatal: not a git repository (or any of the parent directories): .git
2025-07-27 18:28:02.810 [info] > git rev-parse --show-toplevel [1ms]
2025-07-27 18:28:02.810 [info] fatal: not a git repository (or any of the parent directories): .git
2025-07-27 18:28:05.106 [info] > git rev-parse --show-toplevel [0ms]
2025-07-27 18:28:05.106 [info] fatal: not a git repository (or any of the parent directories): .git
2025-07-27 18:28:07.648 [info] > git rev-parse --show-toplevel [0ms]
2025-07-27 18:28:07.648 [info] fatal: not a git repository (or any of the parent directories): .git
2025-07-27 18:28:09.263 [info] > git rev-parse --show-toplevel [1ms]
2025-07-27 18:28:09.263 [info] fatal: not a git repository (or any of the parent directories): .git
2025-07-27 18:28:13.046 [info] > git rev-parse --show-toplevel [1ms]
2025-07-27 18:28:13.046 [info] fatal: not a git repository (or any of the parent directories): .git
2025-07-27 18:28:17.122 [info] > git rev-parse --show-toplevel [0ms]
2025-07-27 18:28:17.122 [info] fatal: not a git repository (or any of the parent directories): .git
2025-07-27 18:28:18.380 [info] > git rev-parse --show-toplevel [1ms]
2025-07-27 18:28:18.380 [info] fatal: not a git repository (or any of the parent directories): .git
2025-07-27 18:28:21.736 [info] > git rev-parse --show-toplevel [0ms]
2025-07-27 18:28:21.736 [info] fatal: not a git repository (or any of the parent directories): .git
2025-07-27 18:28:24.232 [info] > git rev-parse --show-toplevel [1ms]
2025-07-27 18:28:24.232 [info] fatal: not a git repository (or any of the parent directories): .git
2025-07-27 18:28:29.690 [info] > git rev-parse --show-toplevel [1ms]
2025-07-27 18:28:29.690 [info] fatal: not a git repository (or any of the parent directories): .git
2025-07-27 18:28:32.454 [info] > git rev-parse --show-toplevel [2ms]
2025-07-27 18:28:32.454 [info] fatal: not a git repository (or any of the parent directories): .git
2025-07-27 18:28:45.313 [info] > git rev-parse --show-toplevel [0ms]
2025-07-27 18:28:45.313 [info] fatal: not a git repository (or any of the parent directories): .git
2025-07-27 18:28:54.621 [info] > git rev-parse --show-toplevel [1ms]
2025-07-27 18:28:54.621 [info] fatal: not a git repository (or any of the parent directories): .git
2025-07-27 18:29:01.601 [info] > git rev-parse --show-toplevel [1ms]
2025-07-27 18:29:01.601 [info] fatal: not a git repository (or any of the parent directories): .git
2025-07-27 18:29:05.015 [info] > git rev-parse --show-toplevel [1ms]
2025-07-27 18:29:05.015 [info] fatal: not a git repository (or any of the parent directories): .git
2025-07-27 18:29:41.141 [info] > git rev-parse --show-toplevel [1ms]
2025-07-27 18:29:41.141 [info] fatal: not a git repository (or any of the parent directories): .git
2025-07-27 18:29:44.330 [info] > git rev-parse --show-toplevel [1ms]
2025-07-27 18:29:44.330 [info] fatal: not a git repository (or any of the parent directories): .git
2025-07-27 18:29:46.869 [info] > git rev-parse --show-toplevel [1ms]
2025-07-27 18:29:46.869 [info] fatal: not a git repository (or any of the parent directories): .git
2025-07-27 18:29:47.957 [info] > git rev-parse --show-toplevel [1ms]
2025-07-27 18:29:47.957 [info] fatal: not a git repository (or any of the parent directories): .git
2025-07-27 18:29:49.969 [info] > git rev-parse --show-toplevel [0ms]
2025-07-27 18:29:49.969 [info] fatal: not a git repository (or any of the parent directories): .git
2025-07-27 18:30:01.624 [info] > git rev-parse --show-toplevel [1ms]
2025-07-27 18:30:01.624 [info] fatal: not a git repository (or any of the parent directories): .git
2025-07-27 18:30:06.451 [info] > git rev-parse --show-toplevel [1ms]
2025-07-27 18:30:06.451 [info] fatal: not a git repository (or any of the parent directories): .git
2025-07-27 18:30:12.763 [info] > git rev-parse --show-toplevel [1ms]
2025-07-27 18:30:12.763 [info] fatal: not a git repository (or any of the parent directories): .git
2025-07-27 18:30:43.478 [info] > git rev-parse --show-toplevel [1ms]
2025-07-27 18:30:43.478 [info] fatal: not a git repository (or any of the parent directories): .git
2025-07-27 18:30:49.352 [info] > git rev-parse --show-toplevel [1ms]
2025-07-27 18:30:49.352 [info] fatal: not a git repository (or any of the parent directories): .git
2025-07-27 18:30:51.082 [info] > git rev-parse --show-toplevel [1ms]
2025-07-27 18:30:51.082 [info] fatal: not a git repository (or any of the parent directories): .git
2025-07-27 18:30:53.385 [info] > git rev-parse --show-toplevel [1ms]
2025-07-27 18:30:53.385 [info] fatal: not a git repository (or any of the parent directories): .git
2025-07-27 18:30:56.472 [info] > git rev-parse --show-toplevel [1ms]
2025-07-27 18:30:56.472 [info] fatal: not a git repository (or any of the parent directories): .git
2025-07-27 18:30:57.671 [info] > git rev-parse --show-toplevel [1ms]
2025-07-27 18:30:57.671 [info] fatal: not a git repository (or any of the parent directories): .git
2025-07-27 18:32:33.752 [info] > git rev-parse --show-toplevel [1ms]
2025-07-27 18:32:33.752 [info] fatal: not a git repository (or any of the parent directories): .git
2025-07-27 18:47:06.206 [info] > git rev-parse --show-toplevel [2ms]
2025-07-27 18:47:06.206 [info] fatal: not a git repository (or any of the parent directories): .git
2025-07-27 18:47:26.526 [info] > git rev-parse --show-toplevel [3ms]
2025-07-27 18:47:26.526 [info] fatal: not a git repository (or any of the parent directories): .git
2025-07-27 18:47:34.958 [info] > git rev-parse --show-toplevel [0ms]
2025-07-27 18:47:34.958 [info] fatal: not a git repository (or any of the parent directories): .git
2025-07-27 18:47:36.320 [info] > git rev-parse --show-toplevel [2ms]
2025-07-27 18:47:36.320 [info] fatal: not a git repository (or any of the parent directories): .git
2025-07-27 18:47:43.243 [info] > git rev-parse --show-toplevel [1ms]
2025-07-27 18:47:43.243 [info] fatal: not a git repository (or any of the parent directories): .git
2025-07-27 18:47:52.575 [info] > git rev-parse --show-toplevel [1ms]
2025-07-27 18:47:52.575 [info] fatal: not a git repository (or any of the parent directories): .git
2025-07-27 18:47:56.639 [info] > git rev-parse --show-toplevel [1ms]
2025-07-27 18:47:56.639 [info] fatal: not a git repository (or any of the parent directories): .git
2025-07-27 18:47:58.296 [info] > git rev-parse --show-toplevel [1ms]
2025-07-27 18:47:58.297 [info] fatal: not a git repository (or any of the parent directories): .git
2025-07-27 18:48:00.122 [info] > git rev-parse --show-toplevel [0ms]
2025-07-27 18:48:00.122 [info] fatal: not a git repository (or any of the parent directories): .git
2025-07-27 18:48:04.629 [info] > git rev-parse --show-toplevel [1ms]
2025-07-27 18:48:04.629 [info] fatal: not a git repository (or any of the parent directories): .git
2025-07-27 18:48:05.463 [info] > git rev-parse --show-toplevel [2ms]
2025-07-27 18:48:05.463 [info] fatal: not a git repository (or any of the parent directories): .git
2025-07-27 18:48:11.968 [info] > git rev-parse --show-toplevel [1ms]
2025-07-27 18:48:11.968 [info] fatal: not a git repository (or any of the parent directories): .git
2025-07-27 18:48:55.133 [info] > git rev-parse --show-toplevel [1ms]
2025-07-27 18:48:55.133 [info] fatal: not a git repository (or any of the parent directories): .git
2025-07-27 18:48:57.801 [info] > git rev-parse --show-toplevel [0ms]
2025-07-27 18:48:57.801 [info] fatal: not a git repository (or any of the parent directories): .git
2025-07-27 18:48:59.101 [info] > git rev-parse --show-toplevel [1ms]
2025-07-27 18:48:59.101 [info] fatal: not a git repository (or any of the parent directories): .git
2025-07-27 18:49:01.047 [info] > git rev-parse --show-toplevel [0ms]
2025-07-27 18:49:01.047 [info] fatal: not a git repository (or any of the parent directories): .git
2025-07-27 18:49:02.621 [info] > git rev-parse --show-toplevel [1ms]
2025-07-27 18:49:02.621 [info] fatal: not a git repository (or any of the parent directories): .git
2025-07-27 18:50:35.990 [info] > git rev-parse --show-toplevel [0ms]
2025-07-27 18:50:35.990 [info] fatal: not a git repository (or any of the parent directories): .git
2025-07-27 18:52:27.334 [info] > git rev-parse --show-toplevel [1ms]
2025-07-27 18:52:27.334 [info] fatal: not a git repository (or any of the parent directories): .git
2025-07-27 18:53:29.757 [info] > git rev-parse --show-toplevel [45ms]
2025-07-27 18:53:29.757 [info] fatal: not a git repository (or any of the parent directories): .git
2025-07-27 18:53:35.686 [info] > git rev-parse --show-toplevel [1ms]
2025-07-27 18:53:35.686 [info] fatal: not a git repository (or any of the parent directories): .git
2025-07-27 18:54:09.579 [info] > git rev-parse --show-toplevel [2ms]
2025-07-27 18:54:09.579 [info] fatal: not a git repository (or any of the parent directories): .git
2025-07-27 18:54:12.069 [info] > git rev-parse --show-toplevel [0ms]
2025-07-27 18:54:12.069 [info] fatal: not a git repository (or any of the parent directories): .git
2025-07-27 18:54:13.343 [info] > git rev-parse --show-toplevel [1ms]
2025-07-27 18:54:13.343 [info] fatal: not a git repository (or any of the parent directories): .git
2025-07-27 18:54:27.917 [info] > git rev-parse --show-toplevel [1ms]
2025-07-27 18:54:27.917 [info] fatal: not a git repository (or any of the parent directories): .git
2025-07-27 18:54:28.916 [info] > git rev-parse --show-toplevel [1ms]
2025-07-27 18:54:28.916 [info] fatal: not a git repository (or any of the parent directories): .git
2025-07-27 18:55:46.743 [info] > git rev-parse --show-toplevel [1ms]
2025-07-27 18:55:46.743 [info] fatal: not a git repository (or any of the parent directories): .git
2025-07-27 18:56:40.426 [info] > git rev-parse --show-toplevel [1ms]
2025-07-27 18:56:40.426 [info] fatal: not a git repository (or any of the parent directories): .git
2025-07-27 18:57:52.655 [info] > git rev-parse --show-toplevel [1ms]
2025-07-27 18:57:52.655 [info] fatal: not a git repository (or any of the parent directories): .git
2025-07-27 18:58:08.821 [info] > git rev-parse --show-toplevel [1ms]
2025-07-27 18:58:08.821 [info] fatal: not a git repository (or any of the parent directories): .git
2025-07-27 18:58:10.791 [info] > git rev-parse --show-toplevel [2ms]
2025-07-27 18:58:10.791 [info] fatal: not a git repository (or any of the parent directories): .git
2025-07-27 18:58:15.075 [info] > git rev-parse --show-toplevel [1ms]
2025-07-27 18:58:15.075 [info] fatal: not a git repository (or any of the parent directories): .git
2025-07-27 18:59:32.668 [info] > git rev-parse --show-toplevel [3ms]
2025-07-27 18:59:32.668 [info] fatal: not a git repository (or any of the parent directories): .git
2025-07-27 18:59:37.957 [info] > git rev-parse --show-toplevel [2ms]
2025-07-27 18:59:37.957 [info] fatal: not a git repository (or any of the parent directories): .git
2025-07-27 19:00:25.892 [info] > git rev-parse --show-toplevel [3ms]
2025-07-27 19:00:25.892 [info] fatal: not a git repository (or any of the parent directories): .git
2025-07-27 19:00:32.143 [info] > git rev-parse --show-toplevel [1ms]
2025-07-27 19:00:32.143 [info] fatal: not a git repository (or any of the parent directories): .git
2025-07-27 19:00:37.862 [info] > git rev-parse --show-toplevel [1ms]
2025-07-27 19:00:37.862 [info] fatal: not a git repository (or any of the parent directories): .git
2025-07-27 19:00:42.971 [info] > git rev-parse --show-toplevel [1ms]
2025-07-27 19:00:42.971 [info] fatal: not a git repository (or any of the parent directories): .git
2025-07-27 19:00:45.248 [info] > git rev-parse --show-toplevel [1ms]
2025-07-27 19:00:45.248 [info] fatal: not a git repository (or any of the parent directories): .git
2025-07-27 19:00:46.254 [info] > git rev-parse --show-toplevel [1ms]
2025-07-27 19:00:46.254 [info] fatal: not a git repository (or any of the parent directories): .git
2025-07-27 19:00:52.990 [info] > git rev-parse --show-toplevel [2ms]
2025-07-27 19:00:52.990 [info] fatal: not a git repository (or any of the parent directories): .git
2025-07-27 19:01:01.395 [info] > git rev-parse --show-toplevel [1ms]
2025-07-27 19:01:01.395 [info] fatal: not a git repository (or any of the parent directories): .git
2025-07-27 19:02:00.761 [info] > git rev-parse --show-toplevel [1ms]
2025-07-27 19:02:00.761 [info] fatal: not a git repository (or any of the parent directories): .git
2025-07-27 19:02:14.039 [info] > git rev-parse --show-toplevel [3ms]
2025-07-27 19:02:14.039 [info] fatal: not a git repository (or any of the parent directories): .git
2025-07-27 19:02:16.481 [info] > git rev-parse --show-toplevel [0ms]
2025-07-27 19:02:16.481 [info] fatal: not a git repository (or any of the parent directories): .git
2025-07-27 19:02:25.136 [info] > git rev-parse --show-toplevel [0ms]
2025-07-27 19:02:25.136 [info] fatal: not a git repository (or any of the parent directories): .git
2025-07-27 19:03:41.788 [info] > git rev-parse --show-toplevel [1ms]
2025-07-27 19:03:41.788 [info] fatal: not a git repository (or any of the parent directories): .git
2025-07-27 19:04:26.567 [info] > git rev-parse --show-toplevel [1ms]
2025-07-27 19:04:26.567 [info] fatal: not a git repository (or any of the parent directories): .git
2025-07-27 19:05:48.152 [info] > git rev-parse --show-toplevel [1ms]
2025-07-27 19:05:48.153 [info] fatal: not a git repository (or any of the parent directories): .git
2025-07-27 19:05:49.946 [info] > git rev-parse --show-toplevel [0ms]
2025-07-27 19:05:49.946 [info] fatal: not a git repository (or any of the parent directories): .git
2025-07-27 19:05:50.050 [info] > git rev-parse --show-toplevel [3ms]
2025-07-27 19:05:50.050 [info] fatal: not a git repository (or any of the parent directories): .git
2025-07-27 19:05:52.635 [info] > git rev-parse --show-toplevel [0ms]
2025-07-27 19:05:52.635 [info] fatal: not a git repository (or any of the parent directories): .git
2025-07-27 19:06:43.215 [info] > git rev-parse --show-toplevel [2ms]
2025-07-27 19:06:43.215 [info] fatal: not a git repository (or any of the parent directories): .git
2025-07-27 19:06:45.362 [info] > git rev-parse --show-toplevel [1ms]
2025-07-27 19:06:45.362 [info] fatal: not a git repository (or any of the parent directories): .git
2025-07-27 19:06:48.012 [info] > git rev-parse --show-toplevel [1ms]
2025-07-27 19:06:48.012 [info] fatal: not a git repository (or any of the parent directories): .git
2025-07-27 19:07:25.444 [info] > git rev-parse --show-toplevel [2ms]
2025-07-27 19:07:25.444 [info] fatal: not a git repository (or any of the parent directories): .git
2025-07-27 19:07:30.743 [info] > git rev-parse --show-toplevel [1ms]
2025-07-27 19:07:30.743 [info] fatal: not a git repository (or any of the parent directories): .git
2025-07-27 19:08:45.543 [info] > git rev-parse --show-toplevel [1ms]
2025-07-27 19:08:45.543 [info] fatal: not a git repository (or any of the parent directories): .git
2025-07-27 19:08:46.759 [info] > git rev-parse --show-toplevel [1ms]
2025-07-27 19:08:46.759 [info] fatal: not a git repository (or any of the parent directories): .git
2025-07-27 19:11:20.390 [info] > git rev-parse --show-toplevel [1ms]
2025-07-27 19:11:20.390 [info] fatal: not a git repository (or any of the parent directories): .git
