["INFO" - 10:37:18 PM] Existing installation id found, no need to create a new one.
"4ba01e22-c615-4b10-98cd-dd6127b9e9bf"
["DEBUG" - 10:37:19 PM] Error fetching feature flags
{}
["DEBUG" - 10:37:19 PM] Initializing db
"/home/mochi-002/.config/Code/User/workspaceStorage/f05d9f8bf3ab0367f8cae74ebe9dcbe4/Codium.codium"
["DEBUG" - 10:37:19 PM] Registered uninstall hook.
["DEBUG" - 10:37:19 PM] FileSystem - Registered URI scheme: qodoMcpEditdiff
["DEBUG" - 10:37:19 PM] FileSystem - Registered URI scheme: qodoToolsDiff
["DEBUG" - 10:37:22 PM] Terminal - Creating new TerminalManager instance
["DEBUG" - 10:37:22 PM] 🚀 ~ init ~ featureFlags:
{
  "items": [
    {
      "feature_id": "code_completion",
      "enabled": true,
      "masked": false
    },
    {
      "feature_id": "extend_test_suite",
      "enabled": false,
      "masked": false
    },
    {
      "feature_id": "pre_pr",
      "enabled": true,
      "masked": false
    }
  ]
}
["DEBUG" - 10:37:22 PM] Registering Codium provider
"2025-07-27T19:37:22.464Z"
["DEBUG" - 10:37:22 PM] Initializing Git commit tracker
["DEBUG" - 10:37:22 PM] Git commit tracking is disabled by feature flag.
["INFO" - 10:37:22 PM] Terminal - Initializing Terminal server
["DEBUG" - 10:37:22 PM] Terminal - Listing Terminal server tools
["DEBUG" - 10:37:23 PM] request (3c07731f-a701-4eea-bc91-8bda3bd7c0a0) for endpoint tags_health failed with error AxiosError: Request failed with status code 503
["DEBUG" - 11:38:29 PM] Deactivating Codium provider
"2025-07-27T20:38:29.755Z"
["DEBUG" - 11:38:29 PM] Git commit tracker is not active. Nothing to dispose.
